[ 2015-08-05T13:25:30+08:00 ] 203.100.95.139 /admin.php
INFO: [ app_init ] --START--
INFO: Run Behavior\BuildLiteBehavior [ RunTime:0.000013s ]
INFO: [ app_init ] --END-- [ RunTime:0.000261s ]
INFO: [ app_begin ] --START--
INFO: Run Behavior\ReadHtmlCacheBehavior [ RunTime:0.000331s ]
INFO: [ app_begin ] --END-- [ RunTime:0.000389s ]
NOTIC: [8] Undefined index: userid /usr/www/appserver/admin/Home/Controller/IndexController.class.php 第 6 行.
INFO: [ view_parse ] --START--
INFO: [ template_filter ] --START--
INFO: Run Behavior\ContentReplaceBehavior [ RunTime:0.000054s ]
INFO: [ template_filter ] --END-- [ RunTime:0.000144s ]
INFO: Run Behavior\ParseTemplateBehavior [ RunTime:0.005347s ]
INFO: [ view_parse ] --END-- [ RunTime:0.005403s ]
INFO: [ view_filter ] --START--
INFO: Run Behavior\WriteHtmlCacheBehavior [ RunTime:0.000139s ]
INFO: [ view_filter ] --END-- [ RunTime:0.000180s ]

[ 2015-08-05T13:25:33+08:00 ] 203.100.95.139 /admin.php?m=admin&c=login
INFO: [ app_init ] --START--
INFO: Run Behavior\BuildLiteBehavior [ RunTime:0.000013s ]
INFO: [ app_init ] --END-- [ RunTime:0.000275s ]
INFO: [ app_begin ] --START--
INFO: Run Behavior\ReadHtmlCacheBehavior [ RunTime:0.000319s ]
INFO: [ app_begin ] --END-- [ RunTime:0.000371s ]
NOTIC: [8] Undefined index: submit /usr/www/appserver/admin/Home/Controller/LoginController.class.php 第 11 行.
INFO: [ view_parse ] --START--
INFO: [ template_filter ] --START--
INFO: Run Behavior\ContentReplaceBehavior [ RunTime:0.000058s ]
INFO: [ template_filter ] --END-- [ RunTime:0.000115s ]
INFO: Run Behavior\ParseTemplateBehavior [ RunTime:0.005248s ]
INFO: [ view_parse ] --END-- [ RunTime:0.005298s ]
INFO: [ view_filter ] --START--
INFO: Run Behavior\WriteHtmlCacheBehavior [ RunTime:0.000101s ]
INFO: [ view_filter ] --END-- [ RunTime:0.000141s ]
INFO: [ app_end ] --START--
INFO: Run Behavior\ShowPageTraceBehavior [ RunTime:0.000370s ]
INFO: [ app_end ] --END-- [ RunTime:0.000416s ]

[ 2015-08-05T13:25:41+08:00 ] 203.100.95.139 /admin.php?m=admin&c=login
INFO: [ app_init ] --START--
INFO: Run Behavior\BuildLiteBehavior [ RunTime:0.000013s ]
INFO: [ app_init ] --END-- [ RunTime:0.000252s ]
INFO: [ app_begin ] --START--
INFO: Run Behavior\ReadHtmlCacheBehavior [ RunTime:0.000280s ]
INFO: [ app_begin ] --END-- [ RunTime:0.000329s ]
SQL: SHOW COLUMNS FROM `admin_user` [ RunTime:0.0010s ]
SQL: SELECT COUNT(*) AS tp_count FROM `admin_user` WHERE ( username='han' ) LIMIT 1   [ RunTime:0.0003s ]
SQL: SELECT * FROM `admin_user` WHERE ( username='han' and password='075afa2c290b0c2398909bfef308479d' ) LIMIT 1   [ RunTime:0.0002s ]
INFO: [ view_parse ] --START--
INFO: [ template_filter ] --START--
INFO: Run Behavior\ContentReplaceBehavior [ RunTime:0.000030s ]
INFO: [ template_filter ] --END-- [ RunTime:0.000077s ]
INFO: Run Behavior\ParseTemplateBehavior [ RunTime:0.004444s ]
INFO: [ view_parse ] --END-- [ RunTime:0.004493s ]
INFO: [ view_filter ] --START--
INFO: Run Behavior\WriteHtmlCacheBehavior [ RunTime:0.000101s ]
INFO: [ view_filter ] --END-- [ RunTime:0.000145s ]

[ 2015-08-05T13:25:42+08:00 ] 203.100.95.139 /admin.php?m=admin&c=index
INFO: [ app_init ] --START--
INFO: Run Behavior\BuildLiteBehavior [ RunTime:0.000013s ]
INFO: [ app_init ] --END-- [ RunTime:0.000289s ]
INFO: [ app_begin ] --START--
INFO: Run Behavior\ReadHtmlCacheBehavior [ RunTime:0.000284s ]
INFO: [ app_begin ] --END-- [ RunTime:0.000334s ]
NOTIC: [8] Undefined index: appid /usr/www/appserver/admin/Home/Controller/IndexController.class.php 第 10 行.
INFO: [ view_parse ] --START--
INFO: [ template_filter ] --START--
INFO: Run Behavior\ContentReplaceBehavior [ RunTime:0.000028s ]
INFO: [ template_filter ] --END-- [ RunTime:0.000076s ]
INFO: Run Behavior\ParseTemplateBehavior [ RunTime:0.004086s ]
INFO: [ view_parse ] --END-- [ RunTime:0.004134s ]
INFO: [ view_filter ] --START--
INFO: Run Behavior\WriteHtmlCacheBehavior [ RunTime:0.000147s ]
INFO: [ view_filter ] --END-- [ RunTime:0.000189s ]

[ 2015-08-05T13:25:45+08:00 ] 203.100.95.139 /admin.php?m=admin&c=appmanagement&a=applist
INFO: [ app_init ] --START--
INFO: Run Behavior\BuildLiteBehavior [ RunTime:0.000014s ]
INFO: [ app_init ] --END-- [ RunTime:0.000292s ]
INFO: [ app_begin ] --START--
INFO: Run Behavior\ReadHtmlCacheBehavior [ RunTime:0.000291s ]
INFO: [ app_begin ] --END-- [ RunTime:0.000358s ]
SQL: SHOW COLUMNS FROM `apps` [ RunTime:0.0044s ]
SQL: SELECT * FROM `apps` ORDER BY createtime DESC  [ RunTime:0.0002s ]
NOTIC: [8] Undefined index: appid /usr/www/appserver/admin/Home/Controller/AppmanagementController.class.php 第 24 行.
INFO: [ view_parse ] --START--
INFO: [ template_filter ] --START--
INFO: Run Behavior\ContentReplaceBehavior [ RunTime:0.000081s ]
INFO: [ template_filter ] --END-- [ RunTime:0.000133s ]
NOTIC: [8] Undefined index: appname /usr/www/appserver/admin/Runtime/Cache/Home/ffb36f99d95538f85289046c940db68f.php 第 55 行.
INFO: Run Behavior\ParseTemplateBehavior [ RunTime:0.011211s ]
INFO: [ view_parse ] --END-- [ RunTime:0.011267s ]
INFO: [ view_filter ] --START--
INFO: Run Behavior\WriteHtmlCacheBehavior [ RunTime:0.000104s ]
INFO: [ view_filter ] --END-- [ RunTime:0.000172s ]
INFO: [ app_end ] --START--
INFO: Run Behavior\ShowPageTraceBehavior [ RunTime:0.000568s ]
INFO: [ app_end ] --END-- [ RunTime:0.000665s ]

[ 2015-08-05T13:25:46+08:00 ] 203.100.95.139 /admin.php?c=appmanagement&a=selectapp&id=1
INFO: [ app_init ] --START--
INFO: Run Behavior\BuildLiteBehavior [ RunTime:0.000014s ]
INFO: [ app_init ] --END-- [ RunTime:0.000257s ]
INFO: [ app_begin ] --START--
INFO: Run Behavior\ReadHtmlCacheBehavior [ RunTime:0.000286s ]
INFO: [ app_begin ] --END-- [ RunTime:0.000334s ]
SQL: SHOW COLUMNS FROM `apps` [ RunTime:0.0010s ]
SQL: SELECT * FROM `apps` WHERE ( appswitch=1 AND id=1 ) LIMIT 1   [ RunTime:0.0003s ]
INFO: [ view_parse ] --START--
INFO: [ template_filter ] --START--
INFO: Run Behavior\ContentReplaceBehavior [ RunTime:0.000033s ]
INFO: [ template_filter ] --END-- [ RunTime:0.000081s ]
INFO: Run Behavior\ParseTemplateBehavior [ RunTime:0.003995s ]
INFO: [ view_parse ] --END-- [ RunTime:0.004047s ]
INFO: [ view_filter ] --START--
INFO: Run Behavior\WriteHtmlCacheBehavior [ RunTime:0.000105s ]
INFO: [ view_filter ] --END-- [ RunTime:0.000165s ]
INFO: [ app_end ] --START--
INFO: Run Behavior\ShowPageTraceBehavior [ RunTime:0.000296s ]
INFO: [ app_end ] --END-- [ RunTime:0.000340s ]

[ 2015-08-05T13:25:47+08:00 ] 203.100.95.139 /admin.php?m=admin&c=appmanagement&a=applist
INFO: [ app_init ] --START--
INFO: Run Behavior\BuildLiteBehavior [ RunTime:0.000014s ]
INFO: [ app_init ] --END-- [ RunTime:0.000309s ]
INFO: [ app_begin ] --START--
INFO: Run Behavior\ReadHtmlCacheBehavior [ RunTime:0.000350s ]
INFO: [ app_begin ] --END-- [ RunTime:0.000412s ]
SQL: SHOW COLUMNS FROM `apps` [ RunTime:0.0009s ]
SQL: SELECT * FROM `apps` ORDER BY createtime DESC  [ RunTime:0.0002s ]
INFO: [ view_parse ] --START--
INFO: [ template_filter ] --START--
INFO: Run Behavior\ContentReplaceBehavior [ RunTime:0.000088s ]
INFO: [ template_filter ] --END-- [ RunTime:0.000143s ]
INFO: Run Behavior\ParseTemplateBehavior [ RunTime:0.011379s ]
INFO: [ view_parse ] --END-- [ RunTime:0.011450s ]
INFO: [ view_filter ] --START--
INFO: Run Behavior\WriteHtmlCacheBehavior [ RunTime:0.000103s ]
INFO: [ view_filter ] --END-- [ RunTime:0.000144s ]
INFO: [ app_end ] --START--
INFO: Run Behavior\ShowPageTraceBehavior [ RunTime:0.000462s ]
INFO: [ app_end ] --END-- [ RunTime:0.000527s ]

[ 2015-08-05T13:25:55+08:00 ] 203.100.95.139 /admin.php?c=category&a=listcategory
INFO: [ app_init ] --START--
INFO: Run Behavior\BuildLiteBehavior [ RunTime:0.000016s ]
INFO: [ app_init ] --END-- [ RunTime:0.000240s ]
INFO: [ app_begin ] --START--
INFO: Run Behavior\ReadHtmlCacheBehavior [ RunTime:0.000401s ]
INFO: [ app_begin ] --END-- [ RunTime:0.000450s ]
SQL: SHOW COLUMNS FROM `category` [ RunTime:0.0009s ]
SQL: SELECT * FROM `category` WHERE ( appid=1 AND pid=0 )  [ RunTime:0.0004s ]
SQL: SHOW COLUMNS FROM `category` [ RunTime:0.0010s ]
SQL: SELECT * FROM `category` WHERE ( appid=1 ) ORDER BY cate_sort ASC, create_time ASC  [ RunTime:0.0005s ]
INFO: [ view_parse ] --START--
INFO: [ template_filter ] --START--
INFO: Run Behavior\ContentReplaceBehavior [ RunTime:0.000086s ]
INFO: [ template_filter ] --END-- [ RunTime:0.000145s ]
NOTIC: [8] Undefined index: html /usr/www/appserver/admin/Runtime/Cache/Home/5e8ee00813e9f5979c399971351c7114.php 第 379 行.
NOTIC: [8] Undefined index: html /usr/www/appserver/admin/Runtime/Cache/Home/5e8ee00813e9f5979c399971351c7114.php 第 379 行.
INFO: Run Behavior\ParseTemplateBehavior [ RunTime:0.014421s ]
INFO: [ view_parse ] --END-- [ RunTime:0.014488s ]
INFO: [ view_filter ] --START--
INFO: Run Behavior\WriteHtmlCacheBehavior [ RunTime:0.000111s ]
INFO: [ view_filter ] --END-- [ RunTime:0.000153s ]
INFO: [ app_end ] --START--
INFO: Run Behavior\ShowPageTraceBehavior [ RunTime:0.000369s ]
INFO: [ app_end ] --END-- [ RunTime:0.000438s ]

[ 2015-08-05T13:25:57+08:00 ] 203.100.95.139 /admin.php?m=admin&c=Content&a=listcontent&cateid=6
INFO: [ app_init ] --START--
INFO: Run Behavior\BuildLiteBehavior [ RunTime:0.000013s ]
INFO: [ app_init ] --END-- [ RunTime:0.000232s ]
INFO: [ app_begin ] --START--
INFO: Run Behavior\ReadHtmlCacheBehavior [ RunTime:0.000288s ]
INFO: [ app_begin ] --END-- [ RunTime:0.000336s ]

[ 2015-08-05T13:26:10+08:00 ] 203.100.95.139 /admin.php?m=admin&c=Content&a=listcontent&cateid=11
INFO: [ app_init ] --START--
INFO: Run Behavior\BuildLiteBehavior [ RunTime:0.000013s ]
INFO: [ app_init ] --END-- [ RunTime:0.000273s ]
INFO: [ app_begin ] --START--
INFO: Run Behavior\ReadHtmlCacheBehavior [ RunTime:0.000322s ]
INFO: [ app_begin ] --END-- [ RunTime:0.000374s ]

[ 2015-08-05T13:27:05+08:00 ] 203.100.95.139 /admin.php?m=admin&c=Content&a=listcontent&cateid=11
INFO: [ app_init ] --START--
INFO: Run Behavior\BuildLiteBehavior [ RunTime:0.000014s ]
INFO: [ app_init ] --END-- [ RunTime:0.000253s ]
INFO: [ app_begin ] --START--
INFO: Run Behavior\ReadHtmlCacheBehavior [ RunTime:0.000348s ]
INFO: [ app_begin ] --END-- [ RunTime:0.000400s ]
SQL: SHOW COLUMNS FROM `category` [ RunTime:0.0009s ]
SQL: SHOW COLUMNS FROM `content` [ RunTime:0.0007s ]
SQL: SHOW COLUMNS FROM `category` [ RunTime:0.0006s ]
SQL: SELECT * FROM `category` WHERE ( id=11 ) LIMIT 1   [ RunTime:0.0003s ]
SQL: SHOW COLUMNS FROM `part1` [ RunTime:0.0007s ]
SQL: SELECT * FROM `part1` WHERE ( cateid=11 AND appid=1 AND con_del=0 ) ORDER BY con_order ASC,id DESC  [ RunTime:0.0004s ]
SQL: SELECT * FROM `category` WHERE ( id=11 ) LIMIT 1   [ RunTime:0.0002s ]
INFO: [ view_parse ] --START--
INFO: [ template_filter ] --START--
INFO: Run Behavior\ContentReplaceBehavior [ RunTime:0.000098s ]
INFO: [ template_filter ] --END-- [ RunTime:0.000153s ]
NOTIC: [8] Undefined index: html /usr/www/appserver/admin/Runtime/Cache/Home/72809578d79b78e082e2b21f2b6aa023.php 第 362 行.
NOTIC: [8] Undefined index: title /usr/www/appserver/admin/Runtime/Cache/Home/72809578d79b78e082e2b21f2b6aa023.php 第 362 行.
NOTIC: [8] Undefined index: title_e /usr/www/appserver/admin/Runtime/Cache/Home/72809578d79b78e082e2b21f2b6aa023.php 第 363 行.
NOTIC: [8] Undefined index: thumb_img /usr/www/appserver/admin/Runtime/Cache/Home/72809578d79b78e082e2b21f2b6aa023.php 第 365 行.
NOTIC: [8] Undefined index: cate_img /usr/www/appserver/admin/Runtime/Cache/Home/72809578d79b78e082e2b21f2b6aa023.php 第 370 行.
NOTIC: [8] Undefined index: con_show /usr/www/appserver/admin/Runtime/Cache/Home/72809578d79b78e082e2b21f2b6aa023.php 第 397 行.
NOTIC: [8] Undefined index: html /usr/www/appserver/admin/Runtime/Cache/Home/72809578d79b78e082e2b21f2b6aa023.php 第 362 行.
NOTIC: [8] Undefined index: title /usr/www/appserver/admin/Runtime/Cache/Home/72809578d79b78e082e2b21f2b6aa023.php 第 362 行.
NOTIC: [8] Undefined index: title_e /usr/www/appserver/admin/Runtime/Cache/Home/72809578d79b78e082e2b21f2b6aa023.php 第 363 行.
NOTIC: [8] Undefined index: thumb_img /usr/www/appserver/admin/Runtime/Cache/Home/72809578d79b78e082e2b21f2b6aa023.php 第 365 行.
NOTIC: [8] Undefined index: cate_img /usr/www/appserver/admin/Runtime/Cache/Home/72809578d79b78e082e2b21f2b6aa023.php 第 370 行.
NOTIC: [8] Undefined index: con_show /usr/www/appserver/admin/Runtime/Cache/Home/72809578d79b78e082e2b21f2b6aa023.php 第 397 行.
NOTIC: [8] Undefined index: html /usr/www/appserver/admin/Runtime/Cache/Home/72809578d79b78e082e2b21f2b6aa023.php 第 362 行.
NOTIC: [8] Undefined index: title /usr/www/appserver/admin/Runtime/Cache/Home/72809578d79b78e082e2b21f2b6aa023.php 第 362 行.
NOTIC: [8] Undefined index: title_e /usr/www/appserver/admin/Runtime/Cache/Home/72809578d79b78e082e2b21f2b6aa023.php 第 363 行.
NOTIC: [8] Undefined index: thumb_img /usr/www/appserver/admin/Runtime/Cache/Home/72809578d79b78e082e2b21f2b6aa023.php 第 365 行.
NOTIC: [8] Undefined index: cate_img /usr/www/appserver/admin/Runtime/Cache/Home/72809578d79b78e082e2b21f2b6aa023.php 第 370 行.
NOTIC: [8] Undefined index: con_show /usr/www/appserver/admin/Runtime/Cache/Home/72809578d79b78e082e2b21f2b6aa023.php 第 397 行.
NOTIC: [8] Undefined index: html /usr/www/appserver/admin/Runtime/Cache/Home/72809578d79b78e082e2b21f2b6aa023.php 第 362 行.
NOTIC: [8] Undefined index: title /usr/www/appserver/admin/Runtime/Cache/Home/72809578d79b78e082e2b21f2b6aa023.php 第 362 行.
NOTIC: [8] Undefined index: title_e /usr/www/appserver/admin/Runtime/Cache/Home/72809578d79b78e082e2b21f2b6aa023.php 第 363 行.
NOTIC: [8] Undefined index: thumb_img /usr/www/appserver/admin/Runtime/Cache/Home/72809578d79b78e082e2b21f2b6aa023.php 第 365 行.
NOTIC: [8] Undefined index: cate_img /usr/www/appserver/admin/Runtime/Cache/Home/72809578d79b78e082e2b21f2b6aa023.php 第 370 行.
NOTIC: [8] Undefined index: con_show /usr/www/appserver/admin/Runtime/Cache/Home/72809578d79b78e082e2b21f2b6aa023.php 第 397 行.
NOTIC: [8] Undefined index: html /usr/www/appserver/admin/Runtime/Cache/Home/72809578d79b78e082e2b21f2b6aa023.php 第 362 行.
NOTIC: [8] Undefined index: title /usr/www/appserver/admin/Runtime/Cache/Home/72809578d79b78e082e2b21f2b6aa023.php 第 362 行.
NOTIC: [8] Undefined index: title_e /usr/www/appserver/admin/Runtime/Cache/Home/72809578d79b78e082e2b21f2b6aa023.php 第 363 行.
NOTIC: [8] Undefined index: thumb_img /usr/www/appserver/admin/Runtime/Cache/Home/72809578d79b78e082e2b21f2b6aa023.php 第 365 行.
NOTIC: [8] Undefined index: cate_img /usr/www/appserver/admin/Runtime/Cache/Home/72809578d79b78e082e2b21f2b6aa023.php 第 370 行.
NOTIC: [8] Undefined index: con_show /usr/www/appserver/admin/Runtime/Cache/Home/72809578d79b78e082e2b21f2b6aa023.php 第 397 行.
NOTIC: [8] Undefined index: html /usr/www/appserver/admin/Runtime/Cache/Home/72809578d79b78e082e2b21f2b6aa023.php 第 362 行.
NOTIC: [8] Undefined index: title /usr/www/appserver/admin/Runtime/Cache/Home/72809578d79b78e082e2b21f2b6aa023.php 第 362 行.
NOTIC: [8] Undefined index: title_e /usr/www/appserver/admin/Runtime/Cache/Home/72809578d79b78e082e2b21f2b6aa023.php 第 363 行.
NOTIC: [8] Undefined index: thumb_img /usr/www/appserver/admin/Runtime/Cache/Home/72809578d79b78e082e2b21f2b6aa023.php 第 365 行.
NOTIC: [8] Undefined index: cate_img /usr/www/appserver/admin/Runtime/Cache/Home/72809578d79b78e082e2b21f2b6aa023.php 第 370 行.
NOTIC: [8] Undefined index: con_show /usr/www/appserver/admin/Runtime/Cache/Home/72809578d79b78e082e2b21f2b6aa023.php 第 397 行.
INFO: Run Behavior\ParseTemplateBehavior [ RunTime:0.017707s ]
INFO: [ view_parse ] --END-- [ RunTime:0.017759s ]
INFO: [ view_filter ] --START--
INFO: Run Behavior\WriteHtmlCacheBehavior [ RunTime:0.000105s ]
INFO: [ view_filter ] --END-- [ RunTime:0.000146s ]
INFO: [ app_end ] --START--
INFO: Run Behavior\ShowPageTraceBehavior [ RunTime:0.000497s ]
INFO: [ app_end ] --END-- [ RunTime:0.000653s ]

[ 2015-08-05T13:27:09+08:00 ] 203.100.95.139 /admin.php?m=admin&c=Content&a=editcontent&id=27&cateid=11
INFO: [ app_init ] --START--
INFO: Run Behavior\BuildLiteBehavior [ RunTime:0.000013s ]
INFO: [ app_init ] --END-- [ RunTime:0.000230s ]
INFO: [ app_begin ] --START--
INFO: Run Behavior\ReadHtmlCacheBehavior [ RunTime:0.000292s ]
INFO: [ app_begin ] --END-- [ RunTime:0.000340s ]
SQL: SHOW COLUMNS FROM `category` [ RunTime:0.0009s ]
SQL: SHOW COLUMNS FROM `content` [ RunTime:0.0006s ]
SQL: SHOW COLUMNS FROM `category` [ RunTime:0.0006s ]
SQL: SELECT * FROM `category` WHERE ( id=11 ) LIMIT 1   [ RunTime:0.0003s ]
SQL: SELECT * FROM `category` WHERE ( id=11 ) LIMIT 1   [ RunTime:0.0002s ]
SQL: SELECT * FROM `category` WHERE ( appid='1' AND id=11 ) LIMIT 1   [ RunTime:0.0002s ]
SQL: SHOW COLUMNS FROM `part1` [ RunTime:0.0006s ]
SQL: SELECT * FROM `part1` WHERE ( id=27 ) LIMIT 1   [ RunTime:0.0002s ]
INFO: [ view_parse ] --START--
INFO: [ template_filter ] --START--
INFO: Run Behavior\ContentReplaceBehavior [ RunTime:0.000096s ]
INFO: [ template_filter ] --END-- [ RunTime:0.000147s ]
NOTIC: [8] Undefined variable: templatetype /usr/www/appserver/admin/Runtime/Cache/Home/f32051c5a07ccfa90c5effe9a7d1ffe6.php 第 373 行.
NOTIC: [8] Undefined index: con_show /usr/www/appserver/admin/Runtime/Cache/Home/f32051c5a07ccfa90c5effe9a7d1ffe6.php 第 408 行.
NOTIC: [8] Undefined index: con_show /usr/www/appserver/admin/Runtime/Cache/Home/f32051c5a07ccfa90c5effe9a7d1ffe6.php 第 409 行.
NOTIC: [8] Undefined variable: appid /usr/www/appserver/admin/Runtime/Cache/Home/f32051c5a07ccfa90c5effe9a7d1ffe6.php 第 519 行.
INFO: Run Behavior\ParseTemplateBehavior [ RunTime:0.013809s ]
INFO: [ view_parse ] --END-- [ RunTime:0.013865s ]
INFO: [ view_filter ] --START--
INFO: Run Behavior\WriteHtmlCacheBehavior [ RunTime:0.000127s ]
INFO: [ view_filter ] --END-- [ RunTime:0.000169s ]

[ 2015-08-05T13:27:23+08:00 ] 203.100.95.139 /admin.php?c=category&a=listcategory
INFO: [ app_init ] --START--
INFO: Run Behavior\BuildLiteBehavior [ RunTime:0.000016s ]
INFO: [ app_init ] --END-- [ RunTime:0.000314s ]
INFO: [ app_begin ] --START--
INFO: Run Behavior\ReadHtmlCacheBehavior [ RunTime:0.000337s ]
INFO: [ app_begin ] --END-- [ RunTime:0.000390s ]
SQL: SHOW COLUMNS FROM `category` [ RunTime:0.0009s ]
SQL: SELECT * FROM `category` WHERE ( appid=1 AND pid=0 )  [ RunTime:0.0004s ]
SQL: SHOW COLUMNS FROM `category` [ RunTime:0.0006s ]
SQL: SELECT * FROM `category` WHERE ( appid=1 ) ORDER BY cate_sort ASC, create_time ASC  [ RunTime:0.0004s ]
INFO: [ view_parse ] --START--
INFO: [ template_filter ] --START--
INFO: Run Behavior\ContentReplaceBehavior [ RunTime:0.000112s ]
INFO: [ template_filter ] --END-- [ RunTime:0.000185s ]
NOTIC: [8] Undefined index: html /usr/www/appserver/admin/Runtime/Cache/Home/5e8ee00813e9f5979c399971351c7114.php 第 379 行.
NOTIC: [8] Undefined index: html /usr/www/appserver/admin/Runtime/Cache/Home/5e8ee00813e9f5979c399971351c7114.php 第 379 行.
INFO: Run Behavior\ParseTemplateBehavior [ RunTime:0.014877s ]
INFO: [ view_parse ] --END-- [ RunTime:0.014939s ]
INFO: [ view_filter ] --START--
INFO: Run Behavior\WriteHtmlCacheBehavior [ RunTime:0.000120s ]
INFO: [ view_filter ] --END-- [ RunTime:0.000163s ]
INFO: [ app_end ] --START--
INFO: Run Behavior\ShowPageTraceBehavior [ RunTime:0.000594s ]
INFO: [ app_end ] --END-- [ RunTime:0.000721s ]

[ 2015-08-05T13:27:24+08:00 ] 203.100.95.139 /admin.php?m=admin&c=Content&a=listcontent&cateid=6
INFO: [ app_init ] --START--
INFO: Run Behavior\BuildLiteBehavior [ RunTime:0.000013s ]
INFO: [ app_init ] --END-- [ RunTime:0.000241s ]
INFO: [ app_begin ] --START--
INFO: Run Behavior\ReadHtmlCacheBehavior [ RunTime:0.000285s ]
INFO: [ app_begin ] --END-- [ RunTime:0.000333s ]
SQL: SHOW COLUMNS FROM `category` [ RunTime:0.0009s ]
SQL: SHOW COLUMNS FROM `content` [ RunTime:0.0007s ]
SQL: SHOW COLUMNS FROM `category` [ RunTime:0.0006s ]
SQL: SELECT * FROM `category` WHERE ( id=6 ) LIMIT 1   [ RunTime:0.0003s ]
SQL: SHOW COLUMNS FROM `part1` [ RunTime:0.0006s ]
SQL: SELECT * FROM `part1` WHERE ( cateid=6 AND appid=1 AND con_del=0 ) ORDER BY con_order ASC,id DESC  [ RunTime:0.0004s ]
SQL: SELECT * FROM `category` WHERE ( id=6 ) LIMIT 1   [ RunTime:0.0002s ]
INFO: [ view_parse ] --START--
INFO: [ template_filter ] --START--
INFO: Run Behavior\ContentReplaceBehavior [ RunTime:0.000093s ]
INFO: [ template_filter ] --END-- [ RunTime:0.000143s ]
NOTIC: [8] Undefined index: html /usr/www/appserver/admin/Runtime/Cache/Home/72809578d79b78e082e2b21f2b6aa023.php 第 362 行.
NOTIC: [8] Undefined index: title /usr/www/appserver/admin/Runtime/Cache/Home/72809578d79b78e082e2b21f2b6aa023.php 第 362 行.
NOTIC: [8] Undefined index: title_e /usr/www/appserver/admin/Runtime/Cache/Home/72809578d79b78e082e2b21f2b6aa023.php 第 363 行.
NOTIC: [8] Undefined index: thumb_img /usr/www/appserver/admin/Runtime/Cache/Home/72809578d79b78e082e2b21f2b6aa023.php 第 365 行.
NOTIC: [8] Undefined index: cate_img /usr/www/appserver/admin/Runtime/Cache/Home/72809578d79b78e082e2b21f2b6aa023.php 第 370 行.
NOTIC: [8] Undefined index: con_show /usr/www/appserver/admin/Runtime/Cache/Home/72809578d79b78e082e2b21f2b6aa023.php 第 397 行.
NOTIC: [8] Undefined index: html /usr/www/appserver/admin/Runtime/Cache/Home/72809578d79b78e082e2b21f2b6aa023.php 第 362 行.
NOTIC: [8] Undefined index: title /usr/www/appserver/admin/Runtime/Cache/Home/72809578d79b78e082e2b21f2b6aa023.php 第 362 行.
NOTIC: [8] Undefined index: title_e /usr/www/appserver/admin/Runtime/Cache/Home/72809578d79b78e082e2b21f2b6aa023.php 第 363 行.
NOTIC: [8] Undefined index: thumb_img /usr/www/appserver/admin/Runtime/Cache/Home/72809578d79b78e082e2b21f2b6aa023.php 第 365 行.
NOTIC: [8] Undefined index: cate_img /usr/www/appserver/admin/Runtime/Cache/Home/72809578d79b78e082e2b21f2b6aa023.php 第 370 行.
NOTIC: [8] Undefined index: con_show /usr/www/appserver/admin/Runtime/Cache/Home/72809578d79b78e082e2b21f2b6aa023.php 第 397 行.
NOTIC: [8] Undefined index: html /usr/www/appserver/admin/Runtime/Cache/Home/72809578d79b78e082e2b21f2b6aa023.php 第 362 行.
NOTIC: [8] Undefined index: title /usr/www/appserver/admin/Runtime/Cache/Home/72809578d79b78e082e2b21f2b6aa023.php 第 362 行.
NOTIC: [8] Undefined index: title_e /usr/www/appserver/admin/Runtime/Cache/Home/72809578d79b78e082e2b21f2b6aa023.php 第 363 行.
NOTIC: [8] Undefined index: thumb_img /usr/www/appserver/admin/Runtime/Cache/Home/72809578d79b78e082e2b21f2b6aa023.php 第 365 行.
NOTIC: [8] Undefined index: cate_img /usr/www/appserver/admin/Runtime/Cache/Home/72809578d79b78e082e2b21f2b6aa023.php 第 370 行.
NOTIC: [8] Undefined index: con_show /usr/www/appserver/admin/Runtime/Cache/Home/72809578d79b78e082e2b21f2b6aa023.php 第 397 行.
NOTIC: [8] Undefined index: html /usr/www/appserver/admin/Runtime/Cache/Home/72809578d79b78e082e2b21f2b6aa023.php 第 362 行.
NOTIC: [8] Undefined index: title /usr/www/appserver/admin/Runtime/Cache/Home/72809578d79b78e082e2b21f2b6aa023.php 第 362 行.
NOTIC: [8] Undefined index: title_e /usr/www/appserver/admin/Runtime/Cache/Home/72809578d79b78e082e2b21f2b6aa023.php 第 363 行.
NOTIC: [8] Undefined index: thumb_img /usr/www/appserver/admin/Runtime/Cache/Home/72809578d79b78e082e2b21f2b6aa023.php 第 365 行.
NOTIC: [8] Undefined index: cate_img /usr/www/appserver/admin/Runtime/Cache/Home/72809578d79b78e082e2b21f2b6aa023.php 第 370 行.
NOTIC: [8] Undefined index: con_show /usr/www/appserver/admin/Runtime/Cache/Home/72809578d79b78e082e2b21f2b6aa023.php 第 397 行.
NOTIC: [8] Undefined index: html /usr/www/appserver/admin/Runtime/Cache/Home/72809578d79b78e082e2b21f2b6aa023.php 第 362 行.
NOTIC: [8] Undefined index: title /usr/www/appserver/admin/Runtime/Cache/Home/72809578d79b78e082e2b21f2b6aa023.php 第 362 行.
NOTIC: [8] Undefined index: title_e /usr/www/appserver/admin/Runtime/Cache/Home/72809578d79b78e082e2b21f2b6aa023.php 第 363 行.
NOTIC: [8] Undefined index: thumb_img /usr/www/appserver/admin/Runtime/Cache/Home/72809578d79b78e082e2b21f2b6aa023.php 第 365 行.
NOTIC: [8] Undefined index: cate_img /usr/www/appserver/admin/Runtime/Cache/Home/72809578d79b78e082e2b21f2b6aa023.php 第 370 行.
NOTIC: [8] Undefined index: con_show /usr/www/appserver/admin/Runtime/Cache/Home/72809578d79b78e082e2b21f2b6aa023.php 第 397 行.
INFO: Run Behavior\ParseTemplateBehavior [ RunTime:0.014125s ]
INFO: [ view_parse ] --END-- [ RunTime:0.014170s ]
INFO: [ view_filter ] --START--
INFO: Run Behavior\WriteHtmlCacheBehavior [ RunTime:0.000136s ]
INFO: [ view_filter ] --END-- [ RunTime:0.000181s ]
INFO: [ app_end ] --START--
INFO: Run Behavior\ShowPageTraceBehavior [ RunTime:0.000345s ]
INFO: [ app_end ] --END-- [ RunTime:0.000391s ]

[ 2015-08-05T13:27:27+08:00 ] 203.100.95.139 /admin.php?m=admin&c=Content&a=editcontent&id=1&cateid=6
INFO: [ app_init ] --START--
INFO: Run Behavior\BuildLiteBehavior [ RunTime:0.000014s ]
INFO: [ app_init ] --END-- [ RunTime:0.000256s ]
INFO: [ app_begin ] --START--
INFO: Run Behavior\ReadHtmlCacheBehavior [ RunTime:0.000281s ]
INFO: [ app_begin ] --END-- [ RunTime:0.000329s ]
SQL: SHOW COLUMNS FROM `category` [ RunTime:0.0009s ]
SQL: SHOW COLUMNS FROM `content` [ RunTime:0.0007s ]
SQL: SHOW COLUMNS FROM `category` [ RunTime:0.0006s ]
SQL: SELECT * FROM `category` WHERE ( id=6 ) LIMIT 1   [ RunTime:0.0003s ]
SQL: SELECT * FROM `category` WHERE ( id=6 ) LIMIT 1   [ RunTime:0.0002s ]
SQL: SELECT * FROM `category` WHERE ( appid='1' AND id=6 ) LIMIT 1   [ RunTime:0.0002s ]
SQL: SHOW COLUMNS FROM `part1` [ RunTime:0.0007s ]
SQL: SELECT * FROM `part1` WHERE ( id=1 ) LIMIT 1   [ RunTime:0.0002s ]
INFO: [ view_parse ] --START--
INFO: [ template_filter ] --START--
INFO: Run Behavior\ContentReplaceBehavior [ RunTime:0.000096s ]
INFO: [ template_filter ] --END-- [ RunTime:0.000156s ]
NOTIC: [8] Undefined variable: templatetype /usr/www/appserver/admin/Runtime/Cache/Home/f32051c5a07ccfa90c5effe9a7d1ffe6.php 第 373 行.
NOTIC: [8] Undefined index: con_show /usr/www/appserver/admin/Runtime/Cache/Home/f32051c5a07ccfa90c5effe9a7d1ffe6.php 第 408 行.
NOTIC: [8] Undefined index: con_show /usr/www/appserver/admin/Runtime/Cache/Home/f32051c5a07ccfa90c5effe9a7d1ffe6.php 第 409 行.
NOTIC: [8] Undefined variable: appid /usr/www/appserver/admin/Runtime/Cache/Home/f32051c5a07ccfa90c5effe9a7d1ffe6.php 第 519 行.
INFO: Run Behavior\ParseTemplateBehavior [ RunTime:0.013726s ]
INFO: [ view_parse ] --END-- [ RunTime:0.013778s ]
INFO: [ view_filter ] --START--
INFO: Run Behavior\WriteHtmlCacheBehavior [ RunTime:0.000101s ]
INFO: [ view_filter ] --END-- [ RunTime:0.000141s ]

[ 2015-08-05T13:28:26+08:00 ] 203.100.95.139 /admin.php?m=admin&c=Content&a=insertcont&id=1&cateid=6
INFO: [ app_init ] --START--
INFO: Run Behavior\BuildLiteBehavior [ RunTime:0.000014s ]
INFO: [ app_init ] --END-- [ RunTime:0.000259s ]
INFO: [ app_begin ] --START--
INFO: Run Behavior\ReadHtmlCacheBehavior [ RunTime:0.000348s ]
INFO: [ app_begin ] --END-- [ RunTime:0.000404s ]
SQL: SHOW COLUMNS FROM `category` [ RunTime:0.0009s ]
SQL: SHOW COLUMNS FROM `content` [ RunTime:0.0006s ]
SQL: SHOW COLUMNS FROM `category` [ RunTime:0.0006s ]
SQL: SELECT * FROM `category` WHERE ( id=6 ) LIMIT 1   [ RunTime:0.0003s ]
SQL: SELECT * FROM `category` WHERE ( id=6 ) LIMIT 1   [ RunTime:0.0002s ]
SQL: SHOW COLUMNS FROM `part1` [ RunTime:0.0007s ]
NOTIC: [8] Undefined index: problemAudioCheckbox /usr/www/appserver/admin/Home/Controller/ContentController.class.php 第 202 行.
NOTIC: [2] call_user_func() expects parameter 1 to be a valid callback, no array or string given /usr/www/appserver/ThinkPHP/Library/Think/Upload.class.php 第 170 行.
NOTIC: [8] Undefined index: answersAudioCheckbox /usr/www/appserver/admin/Home/Controller/ContentController.class.php 第 210 行.
SQL: UPDATE `part1` SET `cateid`='6',`appid`='1',`con_hard`='1',`con_top`='0',`con_new`='0',`con_order`='1',`problem`='Does your name have any special meaning?',`problem_audio`='./Public/Uploads/2015-08-05/55c19efab083d.mp3',`answers`='I was named Eve. I don\'t like it. I can\'t stand it for religious reasons. I don\'t like being named after the woman who picked the apple in the Garden of Eden. The only thing I like about it is that it\'s short and easy to pronounce and spell.',`answers_audio`='',`chinese`='我叫Eve，我不喜欢这个名字。我不能忍受这个名字是因为宗教的关系。我不喜欢以一个在伊甸园里摘了苹果的女人而命名。我唯一喜欢这个名字的是它够短，方便读，方便拼写。',`upload_time`='1438752506',`create_name`='admin' WHERE ( id=1 ) [ RunTime:0.0267s ]
INFO: [ view_parse ] --START--
INFO: [ template_filter ] --START--
INFO: Run Behavior\ContentReplaceBehavior [ RunTime:0.000040s ]
INFO: [ template_filter ] --END-- [ RunTime:0.000113s ]
INFO: Run Behavior\ParseTemplateBehavior [ RunTime:0.005437s ]
INFO: [ view_parse ] --END-- [ RunTime:0.005499s ]
INFO: [ view_filter ] --START--
INFO: Run Behavior\WriteHtmlCacheBehavior [ RunTime:0.000129s ]
INFO: [ view_filter ] --END-- [ RunTime:0.000177s ]
INFO: [ app_end ] --START--
INFO: Run Behavior\ShowPageTraceBehavior [ RunTime:0.000341s ]
INFO: [ app_end ] --END-- [ RunTime:0.000387s ]

[ 2015-08-05T13:28:28+08:00 ] 203.100.95.139 /admin.php?m=admin&c=Content&a=listcontent&cateid=6
INFO: [ app_init ] --START--
INFO: Run Behavior\BuildLiteBehavior [ RunTime:0.000015s ]
INFO: [ app_init ] --END-- [ RunTime:0.000239s ]
INFO: [ app_begin ] --START--
INFO: Run Behavior\ReadHtmlCacheBehavior [ RunTime:0.000287s ]
INFO: [ app_begin ] --END-- [ RunTime:0.000335s ]
SQL: SHOW COLUMNS FROM `category` [ RunTime:0.0009s ]
SQL: SHOW COLUMNS FROM `content` [ RunTime:0.0007s ]
SQL: SHOW COLUMNS FROM `category` [ RunTime:0.0006s ]
SQL: SELECT * FROM `category` WHERE ( id=6 ) LIMIT 1   [ RunTime:0.0003s ]
SQL: SHOW COLUMNS FROM `part1` [ RunTime:0.0006s ]
SQL: SELECT * FROM `part1` WHERE ( cateid=6 AND appid=1 AND con_del=0 ) ORDER BY con_order ASC,id DESC  [ RunTime:0.0006s ]
SQL: SELECT * FROM `category` WHERE ( id=6 ) LIMIT 1   [ RunTime:0.0002s ]
INFO: [ view_parse ] --START--
INFO: [ template_filter ] --START--
INFO: Run Behavior\ContentReplaceBehavior [ RunTime:0.000092s ]
INFO: [ template_filter ] --END-- [ RunTime:0.000151s ]
NOTIC: [8] Undefined index: html /usr/www/appserver/admin/Runtime/Cache/Home/72809578d79b78e082e2b21f2b6aa023.php 第 362 行.
NOTIC: [8] Undefined index: title /usr/www/appserver/admin/Runtime/Cache/Home/72809578d79b78e082e2b21f2b6aa023.php 第 362 行.
NOTIC: [8] Undefined index: title_e /usr/www/appserver/admin/Runtime/Cache/Home/72809578d79b78e082e2b21f2b6aa023.php 第 363 行.
NOTIC: [8] Undefined index: thumb_img /usr/www/appserver/admin/Runtime/Cache/Home/72809578d79b78e082e2b21f2b6aa023.php 第 365 行.
NOTIC: [8] Undefined index: cate_img /usr/www/appserver/admin/Runtime/Cache/Home/72809578d79b78e082e2b21f2b6aa023.php 第 370 行.
NOTIC: [8] Undefined index: con_show /usr/www/appserver/admin/Runtime/Cache/Home/72809578d79b78e082e2b21f2b6aa023.php 第 397 行.
NOTIC: [8] Undefined index: html /usr/www/appserver/admin/Runtime/Cache/Home/72809578d79b78e082e2b21f2b6aa023.php 第 362 行.
NOTIC: [8] Undefined index: title /usr/www/appserver/admin/Runtime/Cache/Home/72809578d79b78e082e2b21f2b6aa023.php 第 362 行.
NOTIC: [8] Undefined index: title_e /usr/www/appserver/admin/Runtime/Cache/Home/72809578d79b78e082e2b21f2b6aa023.php 第 363 行.
NOTIC: [8] Undefined index: thumb_img /usr/www/appserver/admin/Runtime/Cache/Home/72809578d79b78e082e2b21f2b6aa023.php 第 365 行.
NOTIC: [8] Undefined index: cate_img /usr/www/appserver/admin/Runtime/Cache/Home/72809578d79b78e082e2b21f2b6aa023.php 第 370 行.
NOTIC: [8] Undefined index: con_show /usr/www/appserver/admin/Runtime/Cache/Home/72809578d79b78e082e2b21f2b6aa023.php 第 397 行.
NOTIC: [8] Undefined index: html /usr/www/appserver/admin/Runtime/Cache/Home/72809578d79b78e082e2b21f2b6aa023.php 第 362 行.
NOTIC: [8] Undefined index: title /usr/www/appserver/admin/Runtime/Cache/Home/72809578d79b78e082e2b21f2b6aa023.php 第 362 行.
NOTIC: [8] Undefined index: title_e /usr/www/appserver/admin/Runtime/Cache/Home/72809578d79b78e082e2b21f2b6aa023.php 第 363 行.
NOTIC: [8] Undefined index: thumb_img /usr/www/appserver/admin/Runtime/Cache/Home/72809578d79b78e082e2b21f2b6aa023.php 第 365 行.
NOTIC: [8] Undefined index: cate_img /usr/www/appserver/admin/Runtime/Cache/Home/72809578d79b78e082e2b21f2b6aa023.php 第 370 行.
NOTIC: [8] Undefined index: con_show /usr/www/appserver/admin/Runtime/Cache/Home/72809578d79b78e082e2b21f2b6aa023.php 第 397 行.
NOTIC: [8] Undefined index: html /usr/www/appserver/admin/Runtime/Cache/Home/72809578d79b78e082e2b21f2b6aa023.php 第 362 行.
NOTIC: [8] Undefined index: title /usr/www/appserver/admin/Runtime/Cache/Home/72809578d79b78e082e2b21f2b6aa023.php 第 362 行.
NOTIC: [8] Undefined index: title_e /usr/www/appserver/admin/Runtime/Cache/Home/72809578d79b78e082e2b21f2b6aa023.php 第 363 行.
NOTIC: [8] Undefined index: thumb_img /usr/www/appserver/admin/Runtime/Cache/Home/72809578d79b78e082e2b21f2b6aa023.php 第 365 行.
NOTIC: [8] Undefined index: cate_img /usr/www/appserver/admin/Runtime/Cache/Home/72809578d79b78e082e2b21f2b6aa023.php 第 370 行.
NOTIC: [8] Undefined index: con_show /usr/www/appserver/admin/Runtime/Cache/Home/72809578d79b78e082e2b21f2b6aa023.php 第 397 行.
NOTIC: [8] Undefined index: html /usr/www/appserver/admin/Runtime/Cache/Home/72809578d79b78e082e2b21f2b6aa023.php 第 362 行.
NOTIC: [8] Undefined index: title /usr/www/appserver/admin/Runtime/Cache/Home/72809578d79b78e082e2b21f2b6aa023.php 第 362 行.
NOTIC: [8] Undefined index: title_e /usr/www/appserver/admin/Runtime/Cache/Home/72809578d79b78e082e2b21f2b6aa023.php 第 363 行.
NOTIC: [8] Undefined index: thumb_img /usr/www/appserver/admin/Runtime/Cache/Home/72809578d79b78e082e2b21f2b6aa023.php 第 365 行.
NOTIC: [8] Undefined index: cate_img /usr/www/appserver/admin/Runtime/Cache/Home/72809578d79b78e082e2b21f2b6aa023.php 第 370 行.
NOTIC: [8] Undefined index: con_show /usr/www/appserver/admin/Runtime/Cache/Home/72809578d79b78e082e2b21f2b6aa023.php 第 397 行.
INFO: Run Behavior\ParseTemplateBehavior [ RunTime:0.014603s ]
INFO: [ view_parse ] --END-- [ RunTime:0.014651s ]
INFO: [ view_filter ] --START--
INFO: Run Behavior\WriteHtmlCacheBehavior [ RunTime:0.000108s ]
INFO: [ view_filter ] --END-- [ RunTime:0.000149s ]
INFO: [ app_end ] --START--
INFO: Run Behavior\ShowPageTraceBehavior [ RunTime:0.000545s ]
INFO: [ app_end ] --END-- [ RunTime:0.000654s ]

[ 2015-08-05T13:28:31+08:00 ] 203.100.95.139 /admin.php?m=admin&c=Content&a=editcontent&id=1&cateid=6
INFO: [ app_init ] --START--
INFO: Run Behavior\BuildLiteBehavior [ RunTime:0.000014s ]
INFO: [ app_init ] --END-- [ RunTime:0.000240s ]
INFO: [ app_begin ] --START--
INFO: Run Behavior\ReadHtmlCacheBehavior [ RunTime:0.000307s ]
INFO: [ app_begin ] --END-- [ RunTime:0.000355s ]
SQL: SHOW COLUMNS FROM `category` [ RunTime:0.0009s ]
SQL: SHOW COLUMNS FROM `content` [ RunTime:0.0010s ]
SQL: SHOW COLUMNS FROM `category` [ RunTime:0.0007s ]
SQL: SELECT * FROM `category` WHERE ( id=6 ) LIMIT 1   [ RunTime:0.0003s ]
SQL: SELECT * FROM `category` WHERE ( id=6 ) LIMIT 1   [ RunTime:0.0002s ]
SQL: SELECT * FROM `category` WHERE ( appid='1' AND id=6 ) LIMIT 1   [ RunTime:0.0002s ]
SQL: SHOW COLUMNS FROM `part1` [ RunTime:0.0006s ]
SQL: SELECT * FROM `part1` WHERE ( id=1 ) LIMIT 1   [ RunTime:0.0002s ]
INFO: [ view_parse ] --START--
INFO: [ template_filter ] --START--
INFO: Run Behavior\ContentReplaceBehavior [ RunTime:0.000098s ]
INFO: [ template_filter ] --END-- [ RunTime:0.000158s ]
NOTIC: [8] Undefined variable: templatetype /usr/www/appserver/admin/Runtime/Cache/Home/f32051c5a07ccfa90c5effe9a7d1ffe6.php 第 373 行.
NOTIC: [8] Undefined index: con_show /usr/www/appserver/admin/Runtime/Cache/Home/f32051c5a07ccfa90c5effe9a7d1ffe6.php 第 408 行.
NOTIC: [8] Undefined index: con_show /usr/www/appserver/admin/Runtime/Cache/Home/f32051c5a07ccfa90c5effe9a7d1ffe6.php 第 409 行.
NOTIC: [8] Undefined variable: appid /usr/www/appserver/admin/Runtime/Cache/Home/f32051c5a07ccfa90c5effe9a7d1ffe6.php 第 519 行.
INFO: Run Behavior\ParseTemplateBehavior [ RunTime:0.013579s ]
INFO: [ view_parse ] --END-- [ RunTime:0.013627s ]
INFO: [ view_filter ] --START--
INFO: Run Behavior\WriteHtmlCacheBehavior [ RunTime:0.000125s ]
INFO: [ view_filter ] --END-- [ RunTime:0.000171s ]

[ 2015-08-05T13:29:30+08:00 ] 203.100.95.139 /admin.php?m=admin&c=Content&a=insertcont&id=1&cateid=6
INFO: [ app_init ] --START--
INFO: Run Behavior\BuildLiteBehavior [ RunTime:0.000014s ]
INFO: [ app_init ] --END-- [ RunTime:0.000251s ]
INFO: [ app_begin ] --START--
INFO: Run Behavior\ReadHtmlCacheBehavior [ RunTime:0.000320s ]
INFO: [ app_begin ] --END-- [ RunTime:0.000376s ]
SQL: SHOW COLUMNS FROM `category` [ RunTime:0.0009s ]
SQL: SHOW COLUMNS FROM `content` [ RunTime:0.0007s ]
SQL: SHOW COLUMNS FROM `category` [ RunTime:0.0006s ]
SQL: SELECT * FROM `category` WHERE ( id=6 ) LIMIT 1   [ RunTime:0.0003s ]
SQL: SELECT * FROM `category` WHERE ( id=6 ) LIMIT 1   [ RunTime:0.0002s ]
SQL: SHOW COLUMNS FROM `part1` [ RunTime:0.0006s ]
NOTIC: [8] Undefined index: answersAudioCheckbox /usr/www/appserver/admin/Home/Controller/ContentController.class.php 第 210 行.
SQL: UPDATE `part1` SET `cateid`='6',`appid`='1',`con_hard`='1',`con_top`='0',`con_new`='0',`con_order`='1',`problem`='Does your name have any special meaning?',`problem_audio`='',`answers`='I was named Eve. I don\'t like it. I can\'t stand it for religious reasons. I don\'t like being named after the woman who picked the apple in the Garden of Eden. The only thing I like about it is that it\'s short and easy to pronounce and spell.',`answers_audio`='',`chinese`='我叫Eve，我不喜欢这个名字。我不能忍受这个名字是因为宗教的关系。我不喜欢以一个在伊甸园里摘了苹果的女人而命名。我唯一喜欢这个名字的是它够短，方便读，方便拼写。',`upload_time`='1438752570',`create_name`='admin' WHERE ( id=1 ) [ RunTime:0.0072s ]
INFO: [ view_parse ] --START--
INFO: [ template_filter ] --START--
INFO: Run Behavior\ContentReplaceBehavior [ RunTime:0.000044s ]
INFO: [ template_filter ] --END-- [ RunTime:0.000105s ]
INFO: Run Behavior\ParseTemplateBehavior [ RunTime:0.005119s ]
INFO: [ view_parse ] --END-- [ RunTime:0.005176s ]
INFO: [ view_filter ] --START--
INFO: Run Behavior\WriteHtmlCacheBehavior [ RunTime:0.000115s ]
INFO: [ view_filter ] --END-- [ RunTime:0.000161s ]
INFO: [ app_end ] --START--
INFO: Run Behavior\ShowPageTraceBehavior [ RunTime:0.000362s ]
INFO: [ app_end ] --END-- [ RunTime:0.000413s ]

[ 2015-08-05T13:29:32+08:00 ] 203.100.95.139 /admin.php?m=admin&c=Content&a=listcontent&cateid=6
INFO: [ app_init ] --START--
INFO: Run Behavior\BuildLiteBehavior [ RunTime:0.000016s ]
INFO: [ app_init ] --END-- [ RunTime:0.000267s ]
INFO: [ app_begin ] --START--
INFO: Run Behavior\ReadHtmlCacheBehavior [ RunTime:0.000350s ]
INFO: [ app_begin ] --END-- [ RunTime:0.000402s ]
SQL: SHOW COLUMNS FROM `category` [ RunTime:0.0009s ]
SQL: SHOW COLUMNS FROM `content` [ RunTime:0.0006s ]
SQL: SHOW COLUMNS FROM `category` [ RunTime:0.0006s ]
SQL: SELECT * FROM `category` WHERE ( id=6 ) LIMIT 1   [ RunTime:0.0003s ]
SQL: SHOW COLUMNS FROM `part1` [ RunTime:0.0007s ]
SQL: SELECT * FROM `part1` WHERE ( cateid=6 AND appid=1 AND con_del=0 ) ORDER BY con_order ASC,id DESC  [ RunTime:0.0004s ]
SQL: SELECT * FROM `category` WHERE ( id=6 ) LIMIT 1   [ RunTime:0.0002s ]
INFO: [ view_parse ] --START--
INFO: [ template_filter ] --START--
INFO: Run Behavior\ContentReplaceBehavior [ RunTime:0.000096s ]
INFO: [ template_filter ] --END-- [ RunTime:0.000148s ]
NOTIC: [8] Undefined index: html /usr/www/appserver/admin/Runtime/Cache/Home/72809578d79b78e082e2b21f2b6aa023.php 第 362 行.
NOTIC: [8] Undefined index: title /usr/www/appserver/admin/Runtime/Cache/Home/72809578d79b78e082e2b21f2b6aa023.php 第 362 行.
NOTIC: [8] Undefined index: title_e /usr/www/appserver/admin/Runtime/Cache/Home/72809578d79b78e082e2b21f2b6aa023.php 第 363 行.
NOTIC: [8] Undefined index: thumb_img /usr/www/appserver/admin/Runtime/Cache/Home/72809578d79b78e082e2b21f2b6aa023.php 第 365 行.
NOTIC: [8] Undefined index: cate_img /usr/www/appserver/admin/Runtime/Cache/Home/72809578d79b78e082e2b21f2b6aa023.php 第 370 行.
NOTIC: [8] Undefined index: con_show /usr/www/appserver/admin/Runtime/Cache/Home/72809578d79b78e082e2b21f2b6aa023.php 第 397 行.
NOTIC: [8] Undefined index: html /usr/www/appserver/admin/Runtime/Cache/Home/72809578d79b78e082e2b21f2b6aa023.php 第 362 行.
NOTIC: [8] Undefined index: title /usr/www/appserver/admin/Runtime/Cache/Home/72809578d79b78e082e2b21f2b6aa023.php 第 362 行.
NOTIC: [8] Undefined index: title_e /usr/www/appserver/admin/Runtime/Cache/Home/72809578d79b78e082e2b21f2b6aa023.php 第 363 行.
NOTIC: [8] Undefined index: thumb_img /usr/www/appserver/admin/Runtime/Cache/Home/72809578d79b78e082e2b21f2b6aa023.php 第 365 行.
NOTIC: [8] Undefined index: cate_img /usr/www/appserver/admin/Runtime/Cache/Home/72809578d79b78e082e2b21f2b6aa023.php 第 370 行.
NOTIC: [8] Undefined index: con_show /usr/www/appserver/admin/Runtime/Cache/Home/72809578d79b78e082e2b21f2b6aa023.php 第 397 行.
NOTIC: [8] Undefined index: html /usr/www/appserver/admin/Runtime/Cache/Home/72809578d79b78e082e2b21f2b6aa023.php 第 362 行.
NOTIC: [8] Undefined index: title /usr/www/appserver/admin/Runtime/Cache/Home/72809578d79b78e082e2b21f2b6aa023.php 第 362 行.
NOTIC: [8] Undefined index: title_e /usr/www/appserver/admin/Runtime/Cache/Home/72809578d79b78e082e2b21f2b6aa023.php 第 363 行.
NOTIC: [8] Undefined index: thumb_img /usr/www/appserver/admin/Runtime/Cache/Home/72809578d79b78e082e2b21f2b6aa023.php 第 365 行.
NOTIC: [8] Undefined index: cate_img /usr/www/appserver/admin/Runtime/Cache/Home/72809578d79b78e082e2b21f2b6aa023.php 第 370 行.
NOTIC: [8] Undefined index: con_show /usr/www/appserver/admin/Runtime/Cache/Home/72809578d79b78e082e2b21f2b6aa023.php 第 397 行.
NOTIC: [8] Undefined index: html /usr/www/appserver/admin/Runtime/Cache/Home/72809578d79b78e082e2b21f2b6aa023.php 第 362 行.
NOTIC: [8] Undefined index: title /usr/www/appserver/admin/Runtime/Cache/Home/72809578d79b78e082e2b21f2b6aa023.php 第 362 行.
NOTIC: [8] Undefined index: title_e /usr/www/appserver/admin/Runtime/Cache/Home/72809578d79b78e082e2b21f2b6aa023.php 第 363 行.
NOTIC: [8] Undefined index: thumb_img /usr/www/appserver/admin/Runtime/Cache/Home/72809578d79b78e082e2b21f2b6aa023.php 第 365 行.
NOTIC: [8] Undefined index: cate_img /usr/www/appserver/admin/Runtime/Cache/Home/72809578d79b78e082e2b21f2b6aa023.php 第 370 行.
NOTIC: [8] Undefined index: con_show /usr/www/appserver/admin/Runtime/Cache/Home/72809578d79b78e082e2b21f2b6aa023.php 第 397 行.
NOTIC: [8] Undefined index: html /usr/www/appserver/admin/Runtime/Cache/Home/72809578d79b78e082e2b21f2b6aa023.php 第 362 行.
NOTIC: [8] Undefined index: title /usr/www/appserver/admin/Runtime/Cache/Home/72809578d79b78e082e2b21f2b6aa023.php 第 362 行.
NOTIC: [8] Undefined index: title_e /usr/www/appserver/admin/Runtime/Cache/Home/72809578d79b78e082e2b21f2b6aa023.php 第 363 行.
NOTIC: [8] Undefined index: thumb_img /usr/www/appserver/admin/Runtime/Cache/Home/72809578d79b78e082e2b21f2b6aa023.php 第 365 行.
NOTIC: [8] Undefined index: cate_img /usr/www/appserver/admin/Runtime/Cache/Home/72809578d79b78e082e2b21f2b6aa023.php 第 370 行.
NOTIC: [8] Undefined index: con_show /usr/www/appserver/admin/Runtime/Cache/Home/72809578d79b78e082e2b21f2b6aa023.php 第 397 行.
INFO: Run Behavior\ParseTemplateBehavior [ RunTime:0.014733s ]
INFO: [ view_parse ] --END-- [ RunTime:0.014783s ]
INFO: [ view_filter ] --START--
INFO: Run Behavior\WriteHtmlCacheBehavior [ RunTime:0.000103s ]
INFO: [ view_filter ] --END-- [ RunTime:0.000146s ]
INFO: [ app_end ] --START--
INFO: Run Behavior\ShowPageTraceBehavior [ RunTime:0.000776s ]
INFO: [ app_end ] --END-- [ RunTime:0.000918s ]

[ 2015-08-05T13:29:34+08:00 ] 203.100.95.139 /admin.php?m=admin&c=Content&a=editcontent&id=1&cateid=6
INFO: [ app_init ] --START--
INFO: Run Behavior\BuildLiteBehavior [ RunTime:0.000012s ]
INFO: [ app_init ] --END-- [ RunTime:0.000252s ]
INFO: [ app_begin ] --START--
INFO: Run Behavior\ReadHtmlCacheBehavior [ RunTime:0.000360s ]
INFO: [ app_begin ] --END-- [ RunTime:0.000433s ]
SQL: SHOW COLUMNS FROM `category` [ RunTime:0.0009s ]
SQL: SHOW COLUMNS FROM `content` [ RunTime:0.0007s ]
SQL: SHOW COLUMNS FROM `category` [ RunTime:0.0006s ]
SQL: SELECT * FROM `category` WHERE ( id=6 ) LIMIT 1   [ RunTime:0.0003s ]
SQL: SELECT * FROM `category` WHERE ( id=6 ) LIMIT 1   [ RunTime:0.0002s ]
SQL: SELECT * FROM `category` WHERE ( appid='1' AND id=6 ) LIMIT 1   [ RunTime:0.0002s ]
SQL: SHOW COLUMNS FROM `part1` [ RunTime:0.0006s ]
SQL: SELECT * FROM `part1` WHERE ( id=1 ) LIMIT 1   [ RunTime:0.0002s ]
INFO: [ view_parse ] --START--
INFO: [ template_filter ] --START--
INFO: Run Behavior\ContentReplaceBehavior [ RunTime:0.000092s ]
INFO: [ template_filter ] --END-- [ RunTime:0.000141s ]
NOTIC: [8] Undefined variable: templatetype /usr/www/appserver/admin/Runtime/Cache/Home/f32051c5a07ccfa90c5effe9a7d1ffe6.php 第 373 行.
NOTIC: [8] Undefined index: con_show /usr/www/appserver/admin/Runtime/Cache/Home/f32051c5a07ccfa90c5effe9a7d1ffe6.php 第 408 行.
NOTIC: [8] Undefined index: con_show /usr/www/appserver/admin/Runtime/Cache/Home/f32051c5a07ccfa90c5effe9a7d1ffe6.php 第 409 行.
NOTIC: [8] Undefined variable: appid /usr/www/appserver/admin/Runtime/Cache/Home/f32051c5a07ccfa90c5effe9a7d1ffe6.php 第 519 行.
INFO: Run Behavior\ParseTemplateBehavior [ RunTime:0.013208s ]
INFO: [ view_parse ] --END-- [ RunTime:0.013279s ]
INFO: [ view_filter ] --START--
INFO: Run Behavior\WriteHtmlCacheBehavior [ RunTime:0.000102s ]
INFO: [ view_filter ] --END-- [ RunTime:0.000143s ]

