[ 2015-08-13T10:00:48+08:00 ] 203.100.95.139 /admin.php
INFO: [ app_init ] --START--
INFO: Run Behavior\BuildLiteBehavior [ RunTime:0.000014s ]
INFO: [ app_init ] --END-- [ RunTime:0.000235s ]
INFO: [ app_begin ] --START--
INFO: Run Behavior\ReadHtmlCacheBehavior [ RunTime:0.000309s ]
INFO: [ app_begin ] --END-- [ RunTime:0.000390s ]
NOTIC: [8] Undefined index: userid /usr/www/appserver/admin/Home/Controller/IndexController.class.php 第 6 行.
INFO: [ view_parse ] --START--
INFO: [ template_filter ] --START--
INFO: Run Behavior\ContentReplaceBehavior [ RunTime:0.000029s ]
INFO: [ template_filter ] --END-- [ RunTime:0.000077s ]
INFO: Run Behavior\ParseTemplateBehavior [ RunTime:0.004598s ]
INFO: [ view_parse ] --END-- [ RunTime:0.004655s ]
INFO: [ view_filter ] --START--
INFO: Run Behavior\WriteHtmlCacheBehavior [ RunTime:0.000108s ]
INFO: [ view_filter ] --END-- [ RunTime:0.000148s ]

[ 2015-08-13T10:00:51+08:00 ] 203.100.95.139 /admin.php?m=admin&c=login
INFO: [ app_init ] --START--
INFO: Run Behavior\BuildLiteBehavior [ RunTime:0.000013s ]
INFO: [ app_init ] --END-- [ RunTime:0.000229s ]
INFO: [ app_begin ] --START--
INFO: Run Behavior\ReadHtmlCacheBehavior [ RunTime:0.000285s ]
INFO: [ app_begin ] --END-- [ RunTime:0.000332s ]
NOTIC: [8] Undefined index: submit /usr/www/appserver/admin/Home/Controller/LoginController.class.php 第 11 行.
INFO: [ view_parse ] --START--
INFO: [ template_filter ] --START--
INFO: Run Behavior\ContentReplaceBehavior [ RunTime:0.000052s ]
INFO: [ template_filter ] --END-- [ RunTime:0.000100s ]
INFO: Run Behavior\ParseTemplateBehavior [ RunTime:0.004931s ]
INFO: [ view_parse ] --END-- [ RunTime:0.004976s ]
INFO: [ view_filter ] --START--
INFO: Run Behavior\WriteHtmlCacheBehavior [ RunTime:0.000103s ]
INFO: [ view_filter ] --END-- [ RunTime:0.000141s ]
INFO: [ app_end ] --START--
INFO: Run Behavior\ShowPageTraceBehavior [ RunTime:0.000301s ]
INFO: [ app_end ] --END-- [ RunTime:0.000343s ]

[ 2015-08-13T10:00:58+08:00 ] 203.100.95.139 /admin.php?m=admin&c=login
INFO: [ app_init ] --START--
INFO: Run Behavior\BuildLiteBehavior [ RunTime:0.000020s ]
INFO: [ app_init ] --END-- [ RunTime:0.000344s ]
INFO: [ app_begin ] --START--
INFO: Run Behavior\ReadHtmlCacheBehavior [ RunTime:0.000305s ]
INFO: [ app_begin ] --END-- [ RunTime:0.000368s ]
SQL: SHOW COLUMNS FROM `admin_user` [ RunTime:0.0012s ]
SQL: SELECT COUNT(*) AS tp_count FROM `admin_user` WHERE ( username='hejianxin' ) LIMIT 1   [ RunTime:0.0003s ]
SQL: SELECT * FROM `admin_user` WHERE ( username='hejianxin' and password='cb2de6a3de3163cfa7d7fdfd2d51bbdf' ) LIMIT 1   [ RunTime:0.0002s ]
INFO: [ view_parse ] --START--
INFO: [ template_filter ] --START--
INFO: Run Behavior\ContentReplaceBehavior [ RunTime:0.000033s ]
INFO: [ template_filter ] --END-- [ RunTime:0.000087s ]
INFO: Run Behavior\ParseTemplateBehavior [ RunTime:0.004763s ]
INFO: [ view_parse ] --END-- [ RunTime:0.004824s ]
INFO: [ view_filter ] --START--
INFO: Run Behavior\WriteHtmlCacheBehavior [ RunTime:0.000112s ]
INFO: [ view_filter ] --END-- [ RunTime:0.000179s ]

[ 2015-08-13T10:00:59+08:00 ] 203.100.95.139 /admin.php?m=admin&c=index
INFO: [ app_init ] --START--
INFO: Run Behavior\BuildLiteBehavior [ RunTime:0.000014s ]
INFO: [ app_init ] --END-- [ RunTime:0.000266s ]
INFO: [ app_begin ] --START--
INFO: Run Behavior\ReadHtmlCacheBehavior [ RunTime:0.000284s ]
INFO: [ app_begin ] --END-- [ RunTime:0.000332s ]
NOTIC: [8] Undefined index: appid /usr/www/appserver/admin/Home/Controller/IndexController.class.php 第 10 行.
INFO: [ view_parse ] --START--
INFO: [ template_filter ] --START--
INFO: Run Behavior\ContentReplaceBehavior [ RunTime:0.000046s ]
INFO: [ template_filter ] --END-- [ RunTime:0.000153s ]
INFO: Run Behavior\ParseTemplateBehavior [ RunTime:0.005522s ]
INFO: [ view_parse ] --END-- [ RunTime:0.005588s ]
INFO: [ view_filter ] --START--
INFO: Run Behavior\WriteHtmlCacheBehavior [ RunTime:0.000130s ]
INFO: [ view_filter ] --END-- [ RunTime:0.000185s ]

[ 2015-08-13T10:01:02+08:00 ] 203.100.95.139 /admin.php?m=admin&c=appmanagement&a=applist
INFO: [ app_init ] --START--
INFO: Run Behavior\BuildLiteBehavior [ RunTime:0.000014s ]
INFO: [ app_init ] --END-- [ RunTime:0.000236s ]
INFO: [ app_begin ] --START--
INFO: Run Behavior\ReadHtmlCacheBehavior [ RunTime:0.000289s ]
INFO: [ app_begin ] --END-- [ RunTime:0.000342s ]
SQL: SHOW COLUMNS FROM `apps` [ RunTime:0.0013s ]
SQL: SELECT * FROM `apps` ORDER BY createtime DESC  [ RunTime:0.0003s ]
NOTIC: [8] Undefined index: appid /usr/www/appserver/admin/Home/Controller/AppmanagementController.class.php 第 25 行.
INFO: [ view_parse ] --START--
INFO: [ template_filter ] --START--
INFO: Run Behavior\ContentReplaceBehavior [ RunTime:0.000095s ]
INFO: [ template_filter ] --END-- [ RunTime:0.000153s ]
NOTIC: [8] Undefined index: appname /usr/www/appserver/admin/Runtime/Cache/Home/ffb36f99d95538f85289046c940db68f.php 第 55 行.
INFO: Run Behavior\ParseTemplateBehavior [ RunTime:0.011655s ]
INFO: [ view_parse ] --END-- [ RunTime:0.011702s ]
INFO: [ view_filter ] --START--
INFO: Run Behavior\WriteHtmlCacheBehavior [ RunTime:0.000110s ]
INFO: [ view_filter ] --END-- [ RunTime:0.000159s ]
INFO: [ app_end ] --START--
INFO: Run Behavior\ShowPageTraceBehavior [ RunTime:0.000399s ]
INFO: [ app_end ] --END-- [ RunTime:0.000471s ]

[ 2015-08-13T10:01:04+08:00 ] 203.100.95.139 /admin.php?c=appmanagement&a=selectapp&id=1
INFO: [ app_init ] --START--
INFO: Run Behavior\BuildLiteBehavior [ RunTime:0.000014s ]
INFO: [ app_init ] --END-- [ RunTime:0.000266s ]
INFO: [ app_begin ] --START--
INFO: Run Behavior\ReadHtmlCacheBehavior [ RunTime:0.000301s ]
INFO: [ app_begin ] --END-- [ RunTime:0.000350s ]
SQL: SHOW COLUMNS FROM `apps` [ RunTime:0.0012s ]
SQL: SELECT * FROM `apps` WHERE ( appswitch=1 AND id=1 ) LIMIT 1   [ RunTime:0.0003s ]
INFO: [ view_parse ] --START--
INFO: [ template_filter ] --START--
INFO: Run Behavior\ContentReplaceBehavior [ RunTime:0.000035s ]
INFO: [ template_filter ] --END-- [ RunTime:0.000085s ]
INFO: Run Behavior\ParseTemplateBehavior [ RunTime:0.003953s ]
INFO: [ view_parse ] --END-- [ RunTime:0.004003s ]
INFO: [ view_filter ] --START--
INFO: Run Behavior\WriteHtmlCacheBehavior [ RunTime:0.000101s ]
INFO: [ view_filter ] --END-- [ RunTime:0.000141s ]
INFO: [ app_end ] --START--
INFO: Run Behavior\ShowPageTraceBehavior [ RunTime:0.000293s ]
INFO: [ app_end ] --END-- [ RunTime:0.000337s ]

[ 2015-08-13T10:01:05+08:00 ] 203.100.95.139 /admin.php?m=admin&c=appmanagement&a=applist
INFO: [ app_init ] --START--
INFO: Run Behavior\BuildLiteBehavior [ RunTime:0.000014s ]
INFO: [ app_init ] --END-- [ RunTime:0.000234s ]
INFO: [ app_begin ] --START--
INFO: Run Behavior\ReadHtmlCacheBehavior [ RunTime:0.000294s ]
INFO: [ app_begin ] --END-- [ RunTime:0.000344s ]
SQL: SHOW COLUMNS FROM `apps` [ RunTime:0.0012s ]
SQL: SELECT * FROM `apps` ORDER BY createtime DESC  [ RunTime:0.0003s ]
INFO: [ view_parse ] --START--
INFO: [ template_filter ] --START--
INFO: Run Behavior\ContentReplaceBehavior [ RunTime:0.000097s ]
INFO: [ template_filter ] --END-- [ RunTime:0.000148s ]
INFO: Run Behavior\ParseTemplateBehavior [ RunTime:0.011049s ]
INFO: [ view_parse ] --END-- [ RunTime:0.011097s ]
INFO: [ view_filter ] --START--
INFO: Run Behavior\WriteHtmlCacheBehavior [ RunTime:0.000100s ]
INFO: [ view_filter ] --END-- [ RunTime:0.000140s ]
INFO: [ app_end ] --START--
INFO: Run Behavior\ShowPageTraceBehavior [ RunTime:0.000493s ]
INFO: [ app_end ] --END-- [ RunTime:0.000576s ]

[ 2015-08-13T10:01:15+08:00 ] 203.100.95.139 /admin.php?m=admin&c=user&a=listuser
INFO: [ app_init ] --START--
INFO: Run Behavior\BuildLiteBehavior [ RunTime:0.000013s ]
INFO: [ app_init ] --END-- [ RunTime:0.000234s ]
INFO: [ app_begin ] --START--
INFO: Run Behavior\ReadHtmlCacheBehavior [ RunTime:0.000304s ]
INFO: [ app_begin ] --END-- [ RunTime:0.000353s ]
SQL: SHOW COLUMNS FROM `category` [ RunTime:0.0012s ]
SQL: SELECT * FROM `category` WHERE ( appid=1 AND pid=0 )  [ RunTime:0.0004s ]
SQL: SHOW COLUMNS FROM `app_user` [ RunTime:0.0008s ]
SQL: SELECT COUNT(*) AS tp_count FROM `app_user` WHERE ( devtype='ios' ) LIMIT 1   [ RunTime:0.0003s ]
SQL: SELECT COUNT(*) AS tp_count FROM `app_user` WHERE ( devtype='android' ) LIMIT 1   [ RunTime:0.0002s ]
SQL: SELECT COUNT(*) AS tp_count FROM `app_user` WHERE ( devtype!='ios' and devtype!='android' or devtype is null ) LIMIT 1   [ RunTime:0.0002s ]
SQL: SELECT COUNT(*) AS tp_count FROM `app_user` LIMIT 1   [ RunTime:0.0002s ]
NOTIC: [8] Undefined index: current_time /usr/www/appserver/admin/Home/Controller/UserController.class.php 第 38 行.
NOTIC: [8] Undefined index: old_time /usr/www/appserver/admin/Home/Controller/UserController.class.php 第 39 行.
SQL: SELECT * FROM `app_user` ORDER BY id DESC LIMIT 0,30   [ RunTime:0.0004s ]
SQL: UPDATE `app_user` SET `user_location`='湖北' WHERE ( id=146 ) [ RunTime:0.0090s ]
SQL: UPDATE `app_user` SET `user_location`='安徽' WHERE ( id=145 ) [ RunTime:0.0044s ]
SQL: UPDATE `app_user` SET `user_location`='浙江' WHERE ( id=144 ) [ RunTime:0.0043s ]
SQL: UPDATE `app_user` SET `user_location`='北京' WHERE ( id=143 ) [ RunTime:0.0044s ]
SQL: UPDATE `app_user` SET `user_location`='江苏' WHERE ( id=142 ) [ RunTime:0.0044s ]
SQL: UPDATE `app_user` SET `user_location`='福建' WHERE ( id=141 ) [ RunTime:0.0044s ]
SQL: UPDATE `app_user` SET `user_location`='四川' WHERE ( id=140 ) [ RunTime:0.0048s ]
SQL: UPDATE `app_user` SET `user_location`='上海' WHERE ( id=139 ) [ RunTime:0.0090s ]
SQL: UPDATE `app_user` SET `user_location`='陕西' WHERE ( id=138 ) [ RunTime:0.0247s ]
SQL: UPDATE `app_user` SET `user_location`='陕西' WHERE ( id=137 ) [ RunTime:0.0051s ]
SQL: UPDATE `app_user` SET `user_location`='河南' WHERE ( id=136 ) [ RunTime:0.0063s ]
SQL: UPDATE `app_user` SET `user_location`='上海' WHERE ( id=135 ) [ RunTime:0.0047s ]
SQL: UPDATE `app_user` SET `user_location`='北京' WHERE ( id=134 ) [ RunTime:0.0046s ]
SQL: UPDATE `app_user` SET `user_location`='北京' WHERE ( id=133 ) [ RunTime:0.0043s ]
SQL: UPDATE `app_user` SET `user_location`='福建' WHERE ( id=132 ) [ RunTime:0.0043s ]
SQL: UPDATE `app_user` SET `user_location`='上海' WHERE ( id=131 ) [ RunTime:0.0049s ]
SQL: UPDATE `app_user` SET `user_location`='山东' WHERE ( id=130 ) [ RunTime:0.0076s ]
SQL: UPDATE `app_user` SET `user_location`='江苏' WHERE ( id=129 ) [ RunTime:0.0043s ]
SQL: UPDATE `app_user` SET `user_location`='江西' WHERE ( id=128 ) [ RunTime:0.0045s ]
SQL: UPDATE `app_user` SET `user_location`='海南' WHERE ( id=127 ) [ RunTime:0.0045s ]
SQL: UPDATE `app_user` SET `user_location`='上海' WHERE ( id=126 ) [ RunTime:0.0050s ]
SQL: UPDATE `app_user` SET `user_location`='浙江' WHERE ( id=125 ) [ RunTime:0.0056s ]
SQL: UPDATE `app_user` SET `user_location`='浙江' WHERE ( id=124 ) [ RunTime:0.0048s ]
SQL: UPDATE `app_user` SET `user_location`='江苏' WHERE ( id=123 ) [ RunTime:0.0047s ]
SQL: UPDATE `app_user` SET `user_location`='广东' WHERE ( id=122 ) [ RunTime:0.0064s ]
SQL: UPDATE `app_user` SET `user_location`='湖北' WHERE ( id=121 ) [ RunTime:0.0043s ]
SQL: UPDATE `app_user` SET `user_location`='河北' WHERE ( id=120 ) [ RunTime:0.0058s ]
SQL: UPDATE `app_user` SET `user_location`='山东' WHERE ( id=119 ) [ RunTime:0.0047s ]
SQL: UPDATE `app_user` SET `user_location`='广东' WHERE ( id=118 ) [ RunTime:0.0283s ]
SQL: UPDATE `app_user` SET `user_location`='新疆' WHERE ( id=117 ) [ RunTime:0.0044s ]
INFO: [ view_parse ] --START--
INFO: [ template_filter ] --START--
INFO: Run Behavior\ContentReplaceBehavior [ RunTime:0.000131s ]
INFO: [ template_filter ] --END-- [ RunTime:0.000188s ]
INFO: Run Behavior\ParseTemplateBehavior [ RunTime:0.012541s ]
INFO: [ view_parse ] --END-- [ RunTime:0.012595s ]
INFO: [ view_filter ] --START--
INFO: Run Behavior\WriteHtmlCacheBehavior [ RunTime:0.000109s ]
INFO: [ view_filter ] --END-- [ RunTime:0.000150s ]
INFO: [ app_end ] --START--
INFO: Run Behavior\ShowPageTraceBehavior [ RunTime:0.000399s ]
INFO: [ app_end ] --END-- [ RunTime:0.000465s ]

[ 2015-08-13T13:36:54+08:00 ] 203.100.95.139 /admin.php
INFO: [ app_init ] --START--
INFO: Run Behavior\BuildLiteBehavior [ RunTime:0.000014s ]
INFO: [ app_init ] --END-- [ RunTime:0.000229s ]
INFO: [ app_begin ] --START--
INFO: Run Behavior\ReadHtmlCacheBehavior [ RunTime:0.000299s ]
INFO: [ app_begin ] --END-- [ RunTime:0.000346s ]
NOTIC: [8] Undefined index: userid /usr/www/appserver/admin/Home/Controller/IndexController.class.php 第 6 行.
INFO: [ view_parse ] --START--
INFO: [ template_filter ] --START--
INFO: Run Behavior\ContentReplaceBehavior [ RunTime:0.000029s ]
INFO: [ template_filter ] --END-- [ RunTime:0.000078s ]
INFO: Run Behavior\ParseTemplateBehavior [ RunTime:0.004589s ]
INFO: [ view_parse ] --END-- [ RunTime:0.004634s ]
INFO: [ view_filter ] --START--
INFO: Run Behavior\WriteHtmlCacheBehavior [ RunTime:0.000105s ]
INFO: [ view_filter ] --END-- [ RunTime:0.000145s ]

[ 2015-08-13T13:36:58+08:00 ] 203.100.95.139 /admin.php?m=admin&c=login
INFO: [ app_init ] --START--
INFO: Run Behavior\BuildLiteBehavior [ RunTime:0.000014s ]
INFO: [ app_init ] --END-- [ RunTime:0.000259s ]
INFO: [ app_begin ] --START--
INFO: Run Behavior\ReadHtmlCacheBehavior [ RunTime:0.000296s ]
INFO: [ app_begin ] --END-- [ RunTime:0.000343s ]
NOTIC: [8] Undefined index: submit /usr/www/appserver/admin/Home/Controller/LoginController.class.php 第 11 行.
INFO: [ view_parse ] --START--
INFO: [ template_filter ] --START--
INFO: Run Behavior\ContentReplaceBehavior [ RunTime:0.000056s ]
INFO: [ template_filter ] --END-- [ RunTime:0.000113s ]
INFO: Run Behavior\ParseTemplateBehavior [ RunTime:0.004999s ]
INFO: [ view_parse ] --END-- [ RunTime:0.005045s ]
INFO: [ view_filter ] --START--
INFO: Run Behavior\WriteHtmlCacheBehavior [ RunTime:0.000100s ]
INFO: [ view_filter ] --END-- [ RunTime:0.000140s ]
INFO: [ app_end ] --START--
INFO: Run Behavior\ShowPageTraceBehavior [ RunTime:0.000350s ]
INFO: [ app_end ] --END-- [ RunTime:0.000394s ]

[ 2015-08-13T13:37:03+08:00 ] 203.100.95.139 /admin.php?m=admin&c=login
INFO: [ app_init ] --START--
INFO: Run Behavior\BuildLiteBehavior [ RunTime:0.000014s ]
INFO: [ app_init ] --END-- [ RunTime:0.000236s ]
INFO: [ app_begin ] --START--
INFO: Run Behavior\ReadHtmlCacheBehavior [ RunTime:0.000304s ]
INFO: [ app_begin ] --END-- [ RunTime:0.000353s ]
SQL: SHOW COLUMNS FROM `admin_user` [ RunTime:0.0048s ]
SQL: SELECT COUNT(*) AS tp_count FROM `admin_user` WHERE ( username='hejianxin' ) LIMIT 1   [ RunTime:0.0004s ]
SQL: SELECT * FROM `admin_user` WHERE ( username='hejianxin' and password='cb2de6a3de3163cfa7d7fdfd2d51bbdf' ) LIMIT 1   [ RunTime:0.0003s ]
INFO: [ view_parse ] --START--
INFO: [ template_filter ] --START--
INFO: Run Behavior\ContentReplaceBehavior [ RunTime:0.000037s ]
INFO: [ template_filter ] --END-- [ RunTime:0.000089s ]
INFO: Run Behavior\ParseTemplateBehavior [ RunTime:0.004999s ]
INFO: [ view_parse ] --END-- [ RunTime:0.005064s ]
INFO: [ view_filter ] --START--
INFO: Run Behavior\WriteHtmlCacheBehavior [ RunTime:0.000107s ]
INFO: [ view_filter ] --END-- [ RunTime:0.000172s ]

[ 2015-08-13T13:37:04+08:00 ] 203.100.95.139 /admin.php?m=admin&c=index
INFO: [ app_init ] --START--
INFO: Run Behavior\BuildLiteBehavior [ RunTime:0.000014s ]
INFO: [ app_init ] --END-- [ RunTime:0.000282s ]
INFO: [ app_begin ] --START--
INFO: Run Behavior\ReadHtmlCacheBehavior [ RunTime:0.000310s ]
INFO: [ app_begin ] --END-- [ RunTime:0.000357s ]
NOTIC: [8] Undefined index: appid /usr/www/appserver/admin/Home/Controller/IndexController.class.php 第 10 行.
INFO: [ view_parse ] --START--
INFO: [ template_filter ] --START--
INFO: Run Behavior\ContentReplaceBehavior [ RunTime:0.000031s ]
INFO: [ template_filter ] --END-- [ RunTime:0.000088s ]
INFO: Run Behavior\ParseTemplateBehavior [ RunTime:0.004457s ]
INFO: [ view_parse ] --END-- [ RunTime:0.004506s ]
INFO: [ view_filter ] --START--
INFO: Run Behavior\WriteHtmlCacheBehavior [ RunTime:0.000115s ]
INFO: [ view_filter ] --END-- [ RunTime:0.000159s ]

[ 2015-08-13T13:37:07+08:00 ] 203.100.95.139 /admin.php?m=admin&c=appmanagement&a=applist
INFO: [ app_init ] --START--
INFO: Run Behavior\BuildLiteBehavior [ RunTime:0.000014s ]
INFO: [ app_init ] --END-- [ RunTime:0.000252s ]
INFO: [ app_begin ] --START--
INFO: Run Behavior\ReadHtmlCacheBehavior [ RunTime:0.000282s ]
INFO: [ app_begin ] --END-- [ RunTime:0.000330s ]
SQL: SHOW COLUMNS FROM `apps` [ RunTime:0.0012s ]
SQL: SELECT * FROM `apps` ORDER BY createtime DESC  [ RunTime:0.0003s ]
NOTIC: [8] Undefined index: appid /usr/www/appserver/admin/Home/Controller/AppmanagementController.class.php 第 25 行.
INFO: [ view_parse ] --START--
INFO: [ template_filter ] --START--
INFO: Run Behavior\ContentReplaceBehavior [ RunTime:0.000087s ]
INFO: [ template_filter ] --END-- [ RunTime:0.000137s ]
NOTIC: [8] Undefined index: appname /usr/www/appserver/admin/Runtime/Cache/Home/ffb36f99d95538f85289046c940db68f.php 第 55 行.
INFO: Run Behavior\ParseTemplateBehavior [ RunTime:0.011308s ]
INFO: [ view_parse ] --END-- [ RunTime:0.011354s ]
INFO: [ view_filter ] --START--
INFO: Run Behavior\WriteHtmlCacheBehavior [ RunTime:0.000105s ]
INFO: [ view_filter ] --END-- [ RunTime:0.000152s ]
INFO: [ app_end ] --START--
INFO: Run Behavior\ShowPageTraceBehavior [ RunTime:0.000519s ]
INFO: [ app_end ] --END-- [ RunTime:0.000624s ]

[ 2015-08-13T13:37:08+08:00 ] 203.100.95.139 /admin.php?c=appmanagement&a=selectapp&id=1
INFO: [ app_init ] --START--
INFO: Run Behavior\BuildLiteBehavior [ RunTime:0.000013s ]
INFO: [ app_init ] --END-- [ RunTime:0.000237s ]
INFO: [ app_begin ] --START--
INFO: Run Behavior\ReadHtmlCacheBehavior [ RunTime:0.000316s ]
INFO: [ app_begin ] --END-- [ RunTime:0.000365s ]
SQL: SHOW COLUMNS FROM `apps` [ RunTime:0.0012s ]
SQL: SELECT * FROM `apps` WHERE ( appswitch=1 AND id=1 ) LIMIT 1   [ RunTime:0.0003s ]
INFO: [ view_parse ] --START--
INFO: [ template_filter ] --START--
INFO: Run Behavior\ContentReplaceBehavior [ RunTime:0.000034s ]
INFO: [ template_filter ] --END-- [ RunTime:0.000082s ]
INFO: Run Behavior\ParseTemplateBehavior [ RunTime:0.003944s ]
INFO: [ view_parse ] --END-- [ RunTime:0.003991s ]
INFO: [ view_filter ] --START--
INFO: Run Behavior\WriteHtmlCacheBehavior [ RunTime:0.000100s ]
INFO: [ view_filter ] --END-- [ RunTime:0.000139s ]
INFO: [ app_end ] --START--
INFO: Run Behavior\ShowPageTraceBehavior [ RunTime:0.000290s ]
INFO: [ app_end ] --END-- [ RunTime:0.000333s ]

[ 2015-08-13T13:37:09+08:00 ] 203.100.95.139 /admin.php?m=admin&c=appmanagement&a=applist
INFO: [ app_init ] --START--
INFO: Run Behavior\BuildLiteBehavior [ RunTime:0.000013s ]
INFO: [ app_init ] --END-- [ RunTime:0.000233s ]
INFO: [ app_begin ] --START--
INFO: Run Behavior\ReadHtmlCacheBehavior [ RunTime:0.000303s ]
INFO: [ app_begin ] --END-- [ RunTime:0.000351s ]
SQL: SHOW COLUMNS FROM `apps` [ RunTime:0.0012s ]
SQL: SELECT * FROM `apps` ORDER BY createtime DESC  [ RunTime:0.0003s ]
INFO: [ view_parse ] --START--
INFO: [ template_filter ] --START--
INFO: Run Behavior\ContentReplaceBehavior [ RunTime:0.000079s ]
INFO: [ template_filter ] --END-- [ RunTime:0.000127s ]
INFO: Run Behavior\ParseTemplateBehavior [ RunTime:0.010922s ]
INFO: [ view_parse ] --END-- [ RunTime:0.010972s ]
INFO: [ view_filter ] --START--
INFO: Run Behavior\WriteHtmlCacheBehavior [ RunTime:0.000121s ]
INFO: [ view_filter ] --END-- [ RunTime:0.000163s ]
INFO: [ app_end ] --START--
INFO: Run Behavior\ShowPageTraceBehavior [ RunTime:0.000305s ]
INFO: [ app_end ] --END-- [ RunTime:0.000350s ]

[ 2015-08-13T13:37:11+08:00 ] 203.100.95.139 /admin.php?m=admin&c=message&a=listmessage
INFO: [ app_init ] --START--
INFO: Run Behavior\BuildLiteBehavior [ RunTime:0.000013s ]
INFO: [ app_init ] --END-- [ RunTime:0.000229s ]
INFO: [ app_begin ] --START--
INFO: Run Behavior\ReadHtmlCacheBehavior [ RunTime:0.000307s ]
INFO: [ app_begin ] --END-- [ RunTime:0.000354s ]
SQL: SHOW COLUMNS FROM `message` [ RunTime:0.0012s ]
SQL: SELECT * FROM `message` WHERE (  m_del=0 and appid=1 ) ORDER BY m_order asc,create_time desc  [ RunTime:0.0004s ]
INFO: [ view_parse ] --START--
INFO: [ template_filter ] --START--
INFO: Run Behavior\ContentReplaceBehavior [ RunTime:0.000101s ]
INFO: [ template_filter ] --END-- [ RunTime:0.000151s ]
NOTIC: [8] Undefined index: thumb_img /usr/www/appserver/admin/Runtime/Cache/Home/9530bc6e3bfc793617887577a66057af.php 第 366 行.
NOTIC: [8] Undefined index: cate_img /usr/www/appserver/admin/Runtime/Cache/Home/9530bc6e3bfc793617887577a66057af.php 第 371 行.
NOTIC: [8] Undefined index: thumb_img /usr/www/appserver/admin/Runtime/Cache/Home/9530bc6e3bfc793617887577a66057af.php 第 366 行.
NOTIC: [8] Undefined index: cate_img /usr/www/appserver/admin/Runtime/Cache/Home/9530bc6e3bfc793617887577a66057af.php 第 371 行.
NOTIC: [8] Undefined index: thumb_img /usr/www/appserver/admin/Runtime/Cache/Home/9530bc6e3bfc793617887577a66057af.php 第 366 行.
NOTIC: [8] Undefined index: cate_img /usr/www/appserver/admin/Runtime/Cache/Home/9530bc6e3bfc793617887577a66057af.php 第 371 行.
NOTIC: [8] Undefined index: thumb_img /usr/www/appserver/admin/Runtime/Cache/Home/9530bc6e3bfc793617887577a66057af.php 第 366 行.
NOTIC: [8] Undefined index: cate_img /usr/www/appserver/admin/Runtime/Cache/Home/9530bc6e3bfc793617887577a66057af.php 第 371 行.
INFO: Run Behavior\ParseTemplateBehavior [ RunTime:0.013165s ]
INFO: [ view_parse ] --END-- [ RunTime:0.013214s ]
INFO: [ view_filter ] --START--
INFO: Run Behavior\WriteHtmlCacheBehavior [ RunTime:0.000108s ]
INFO: [ view_filter ] --END-- [ RunTime:0.000149s ]
INFO: [ app_end ] --START--
INFO: Run Behavior\ShowPageTraceBehavior [ RunTime:0.000370s ]
INFO: [ app_end ] --END-- [ RunTime:0.000472s ]

[ 2015-08-13T13:37:18+08:00 ] 203.100.95.139 /admin.php?m=admin&c=user&a=listuser
INFO: [ app_init ] --START--
INFO: Run Behavior\BuildLiteBehavior [ RunTime:0.000013s ]
INFO: [ app_init ] --END-- [ RunTime:0.000234s ]
INFO: [ app_begin ] --START--
INFO: Run Behavior\ReadHtmlCacheBehavior [ RunTime:0.000288s ]
INFO: [ app_begin ] --END-- [ RunTime:0.000336s ]
SQL: SHOW COLUMNS FROM `category` [ RunTime:0.0012s ]
SQL: SELECT * FROM `category` WHERE ( appid=1 AND pid=0 )  [ RunTime:0.0004s ]
SQL: SHOW COLUMNS FROM `app_user` [ RunTime:0.0008s ]
SQL: SELECT COUNT(*) AS tp_count FROM `app_user` WHERE ( devtype='ios' ) LIMIT 1   [ RunTime:0.0003s ]
SQL: SELECT COUNT(*) AS tp_count FROM `app_user` WHERE ( devtype='android' ) LIMIT 1   [ RunTime:0.0002s ]
SQL: SELECT COUNT(*) AS tp_count FROM `app_user` WHERE ( devtype!='ios' and devtype!='android' or devtype is null ) LIMIT 1   [ RunTime:0.0002s ]
SQL: SELECT COUNT(*) AS tp_count FROM `app_user` LIMIT 1   [ RunTime:0.0002s ]
NOTIC: [8] Undefined index: current_time /usr/www/appserver/admin/Home/Controller/UserController.class.php 第 38 行.
NOTIC: [8] Undefined index: old_time /usr/www/appserver/admin/Home/Controller/UserController.class.php 第 39 行.
SQL: SELECT * FROM `app_user` ORDER BY id DESC LIMIT 0,30   [ RunTime:0.0004s ]
SQL: UPDATE `app_user` SET `user_location`='陕西' WHERE ( id=165 ) [ RunTime:0.0096s ]
SQL: UPDATE `app_user` SET `user_location`='江苏' WHERE ( id=164 ) [ RunTime:0.0257s ]
SQL: UPDATE `app_user` SET `user_location`='四川' WHERE ( id=163 ) [ RunTime:0.0053s ]
SQL: UPDATE `app_user` SET `user_location`='天津' WHERE ( id=162 ) [ RunTime:0.0052s ]
SQL: UPDATE `app_user` SET `user_location`='河南' WHERE ( id=161 ) [ RunTime:0.0054s ]
SQL: UPDATE `app_user` SET `user_location`='辽宁' WHERE ( id=160 ) [ RunTime:0.0047s ]
SQL: UPDATE `app_user` SET `user_location`='重庆' WHERE ( id=159 ) [ RunTime:0.0045s ]
SQL: UPDATE `app_user` SET `user_location`='四川' WHERE ( id=158 ) [ RunTime:0.0047s ]
SQL: UPDATE `app_user` SET `user_location`='广东' WHERE ( id=157 ) [ RunTime:0.0066s ]
SQL: UPDATE `app_user` SET `user_location`='河北' WHERE ( id=156 ) [ RunTime:0.0047s ]
SQL: UPDATE `app_user` SET `user_location`='宁夏' WHERE ( id=155 ) [ RunTime:0.0067s ]
SQL: UPDATE `app_user` SET `user_location`='福建' WHERE ( id=154 ) [ RunTime:0.0062s ]
SQL: UPDATE `app_user` SET `user_location`='湖南' WHERE ( id=153 ) [ RunTime:0.0048s ]
SQL: UPDATE `app_user` SET `user_location`='山东' WHERE ( id=152 ) [ RunTime:0.0048s ]
SQL: UPDATE `app_user` SET `user_location`='北京' WHERE ( id=151 ) [ RunTime:0.0052s ]
SQL: UPDATE `app_user` SET `user_location`='广东' WHERE ( id=150 ) [ RunTime:0.0052s ]
SQL: UPDATE `app_user` SET `user_location`='广东' WHERE ( id=149 ) [ RunTime:0.0061s ]
SQL: UPDATE `app_user` SET `user_location`='湖北' WHERE ( id=148 ) [ RunTime:0.0051s ]
SQL: UPDATE `app_user` SET `user_location`='北京' WHERE ( id=147 ) [ RunTime:0.0067s ]
INFO: [ view_parse ] --START--
INFO: [ template_filter ] --START--
INFO: Run Behavior\ContentReplaceBehavior [ RunTime:0.000097s ]
INFO: [ template_filter ] --END-- [ RunTime:0.000146s ]
INFO: Run Behavior\ParseTemplateBehavior [ RunTime:0.011960s ]
INFO: [ view_parse ] --END-- [ RunTime:0.012012s ]
INFO: [ view_filter ] --START--
INFO: Run Behavior\WriteHtmlCacheBehavior [ RunTime:0.000103s ]
INFO: [ view_filter ] --END-- [ RunTime:0.000146s ]
INFO: [ app_end ] --START--
INFO: Run Behavior\ShowPageTraceBehavior [ RunTime:0.000358s ]
INFO: [ app_end ] --END-- [ RunTime:0.000412s ]

[ 2015-08-13T21:20:50+08:00 ] 111.161.35.123 /admin.php
INFO: [ app_init ] --START--
INFO: Run Behavior\BuildLiteBehavior [ RunTime:0.000013s ]
INFO: [ app_init ] --END-- [ RunTime:0.000230s ]
INFO: [ app_begin ] --START--
INFO: Run Behavior\ReadHtmlCacheBehavior [ RunTime:0.000310s ]
INFO: [ app_begin ] --END-- [ RunTime:0.000357s ]
NOTIC: [8] Undefined index: userid /usr/www/appserver/admin/Home/Controller/IndexController.class.php 第 6 行.
INFO: [ view_parse ] --START--
INFO: [ template_filter ] --START--
INFO: Run Behavior\ContentReplaceBehavior [ RunTime:0.000028s ]
INFO: [ template_filter ] --END-- [ RunTime:0.000075s ]
INFO: Run Behavior\ParseTemplateBehavior [ RunTime:0.004449s ]
INFO: [ view_parse ] --END-- [ RunTime:0.004495s ]
INFO: [ view_filter ] --START--
INFO: Run Behavior\WriteHtmlCacheBehavior [ RunTime:0.000102s ]
INFO: [ view_filter ] --END-- [ RunTime:0.000140s ]

[ 2015-08-13T21:20:53+08:00 ] 111.161.35.123 /admin.php?m=admin&c=login
INFO: [ app_init ] --START--
INFO: Run Behavior\BuildLiteBehavior [ RunTime:0.000014s ]
INFO: [ app_init ] --END-- [ RunTime:0.000237s ]
INFO: [ app_begin ] --START--
INFO: Run Behavior\ReadHtmlCacheBehavior [ RunTime:0.000287s ]
INFO: [ app_begin ] --END-- [ RunTime:0.000333s ]
NOTIC: [8] Undefined index: submit /usr/www/appserver/admin/Home/Controller/LoginController.class.php 第 11 行.
INFO: [ view_parse ] --START--
INFO: [ template_filter ] --START--
INFO: Run Behavior\ContentReplaceBehavior [ RunTime:0.000052s ]
INFO: [ template_filter ] --END-- [ RunTime:0.000102s ]
INFO: Run Behavior\ParseTemplateBehavior [ RunTime:0.004948s ]
INFO: [ view_parse ] --END-- [ RunTime:0.004995s ]
INFO: [ view_filter ] --START--
INFO: Run Behavior\WriteHtmlCacheBehavior [ RunTime:0.000108s ]
INFO: [ view_filter ] --END-- [ RunTime:0.000148s ]
INFO: [ app_end ] --START--
INFO: Run Behavior\ShowPageTraceBehavior [ RunTime:0.000314s ]
INFO: [ app_end ] --END-- [ RunTime:0.000358s ]

[ 2015-08-13T21:21:00+08:00 ] 111.161.35.123 /admin.php?m=admin&c=login
INFO: [ app_init ] --START--
INFO: Run Behavior\BuildLiteBehavior [ RunTime:0.000014s ]
INFO: [ app_init ] --END-- [ RunTime:0.000253s ]
INFO: [ app_begin ] --START--
INFO: Run Behavior\ReadHtmlCacheBehavior [ RunTime:0.000309s ]
INFO: [ app_begin ] --END-- [ RunTime:0.000357s ]
SQL: SHOW COLUMNS FROM `admin_user` [ RunTime:0.0012s ]
SQL: SELECT COUNT(*) AS tp_count FROM `admin_user` WHERE ( username='hejianxin' ) LIMIT 1   [ RunTime:0.0003s ]
SQL: SELECT * FROM `admin_user` WHERE ( username='hejianxin' and password='cb2de6a3de3163cfa7d7fdfd2d51bbdf' ) LIMIT 1   [ RunTime:0.0002s ]
INFO: [ view_parse ] --START--
INFO: [ template_filter ] --START--
INFO: Run Behavior\ContentReplaceBehavior [ RunTime:0.000033s ]
INFO: [ template_filter ] --END-- [ RunTime:0.000080s ]
INFO: Run Behavior\ParseTemplateBehavior [ RunTime:0.004000s ]
INFO: [ view_parse ] --END-- [ RunTime:0.004048s ]
INFO: [ view_filter ] --START--
INFO: Run Behavior\WriteHtmlCacheBehavior [ RunTime:0.000102s ]
INFO: [ view_filter ] --END-- [ RunTime:0.000144s ]

[ 2015-08-13T21:21:01+08:00 ] 111.161.35.123 /admin.php?m=admin&c=index
INFO: [ app_init ] --START--
INFO: Run Behavior\BuildLiteBehavior [ RunTime:0.000013s ]
INFO: [ app_init ] --END-- [ RunTime:0.000329s ]
INFO: [ app_begin ] --START--
INFO: Run Behavior\ReadHtmlCacheBehavior [ RunTime:0.000286s ]
INFO: [ app_begin ] --END-- [ RunTime:0.000333s ]
NOTIC: [8] Undefined index: appid /usr/www/appserver/admin/Home/Controller/IndexController.class.php 第 10 行.
INFO: [ view_parse ] --START--
INFO: [ template_filter ] --START--
INFO: Run Behavior\ContentReplaceBehavior [ RunTime:0.000027s ]
INFO: [ template_filter ] --END-- [ RunTime:0.000074s ]
INFO: Run Behavior\ParseTemplateBehavior [ RunTime:0.003864s ]
INFO: [ view_parse ] --END-- [ RunTime:0.003911s ]
INFO: [ view_filter ] --START--
INFO: Run Behavior\WriteHtmlCacheBehavior [ RunTime:0.000102s ]
INFO: [ view_filter ] --END-- [ RunTime:0.000140s ]

[ 2015-08-13T21:21:04+08:00 ] 111.161.35.123 /admin.php?m=admin&c=appmanagement&a=applist
INFO: [ app_init ] --START--
INFO: Run Behavior\BuildLiteBehavior [ RunTime:0.000013s ]
INFO: [ app_init ] --END-- [ RunTime:0.000254s ]
INFO: [ app_begin ] --START--
INFO: Run Behavior\ReadHtmlCacheBehavior [ RunTime:0.000286s ]
INFO: [ app_begin ] --END-- [ RunTime:0.000335s ]
SQL: SHOW COLUMNS FROM `apps` [ RunTime:0.0013s ]
SQL: SELECT * FROM `apps` ORDER BY createtime DESC  [ RunTime:0.0003s ]
NOTIC: [8] Undefined index: appid /usr/www/appserver/admin/Home/Controller/AppmanagementController.class.php 第 25 行.
INFO: [ view_parse ] --START--
INFO: [ template_filter ] --START--
INFO: Run Behavior\ContentReplaceBehavior [ RunTime:0.000082s ]
INFO: [ template_filter ] --END-- [ RunTime:0.000131s ]
NOTIC: [8] Undefined index: appname /usr/www/appserver/admin/Runtime/Cache/Home/ffb36f99d95538f85289046c940db68f.php 第 55 行.
INFO: Run Behavior\ParseTemplateBehavior [ RunTime:0.011076s ]
INFO: [ view_parse ] --END-- [ RunTime:0.011121s ]
INFO: [ view_filter ] --START--
INFO: Run Behavior\WriteHtmlCacheBehavior [ RunTime:0.000101s ]
INFO: [ view_filter ] --END-- [ RunTime:0.000140s ]
INFO: [ app_end ] --START--
INFO: Run Behavior\ShowPageTraceBehavior [ RunTime:0.000314s ]
INFO: [ app_end ] --END-- [ RunTime:0.000381s ]

[ 2015-08-13T21:21:06+08:00 ] 111.161.35.123 /admin.php?c=appmanagement&a=selectapp&id=1
INFO: [ app_init ] --START--
INFO: Run Behavior\BuildLiteBehavior [ RunTime:0.000017s ]
INFO: [ app_init ] --END-- [ RunTime:0.000310s ]
INFO: [ app_begin ] --START--
INFO: Run Behavior\ReadHtmlCacheBehavior [ RunTime:0.000374s ]
INFO: [ app_begin ] --END-- [ RunTime:0.000428s ]
SQL: SHOW COLUMNS FROM `apps` [ RunTime:0.0013s ]
SQL: SELECT * FROM `apps` WHERE ( appswitch=1 AND id=1 ) LIMIT 1   [ RunTime:0.0003s ]
INFO: [ view_parse ] --START--
INFO: [ template_filter ] --START--
INFO: Run Behavior\ContentReplaceBehavior [ RunTime:0.000032s ]
INFO: [ template_filter ] --END-- [ RunTime:0.000086s ]
INFO: Run Behavior\ParseTemplateBehavior [ RunTime:0.005011s ]
INFO: [ view_parse ] --END-- [ RunTime:0.005067s ]
INFO: [ view_filter ] --START--
INFO: Run Behavior\WriteHtmlCacheBehavior [ RunTime:0.000111s ]
INFO: [ view_filter ] --END-- [ RunTime:0.000150s ]
INFO: [ app_end ] --START--
INFO: Run Behavior\ShowPageTraceBehavior [ RunTime:0.000319s ]
INFO: [ app_end ] --END-- [ RunTime:0.000365s ]

[ 2015-08-13T21:21:07+08:00 ] 111.161.35.123 /admin.php?m=admin&c=appmanagement&a=applist
INFO: [ app_init ] --START--
INFO: Run Behavior\BuildLiteBehavior [ RunTime:0.000013s ]
INFO: [ app_init ] --END-- [ RunTime:0.000249s ]
INFO: [ app_begin ] --START--
INFO: Run Behavior\ReadHtmlCacheBehavior [ RunTime:0.000322s ]
INFO: [ app_begin ] --END-- [ RunTime:0.000370s ]
SQL: SHOW COLUMNS FROM `apps` [ RunTime:0.0013s ]
SQL: SELECT * FROM `apps` ORDER BY createtime DESC  [ RunTime:0.0003s ]
INFO: [ view_parse ] --START--
INFO: [ template_filter ] --START--
INFO: Run Behavior\ContentReplaceBehavior [ RunTime:0.000103s ]
INFO: [ template_filter ] --END-- [ RunTime:0.000162s ]
INFO: Run Behavior\ParseTemplateBehavior [ RunTime:0.011577s ]
INFO: [ view_parse ] --END-- [ RunTime:0.011634s ]
INFO: [ view_filter ] --START--
INFO: Run Behavior\WriteHtmlCacheBehavior [ RunTime:0.000100s ]
INFO: [ view_filter ] --END-- [ RunTime:0.000140s ]
INFO: [ app_end ] --START--
INFO: Run Behavior\ShowPageTraceBehavior [ RunTime:0.000342s ]
INFO: [ app_end ] --END-- [ RunTime:0.000395s ]

[ 2015-08-13T21:21:10+08:00 ] 111.161.35.123 /admin.php?c=category&a=listcategory
INFO: [ app_init ] --START--
INFO: Run Behavior\BuildLiteBehavior [ RunTime:0.000021s ]
INFO: [ app_init ] --END-- [ RunTime:0.000360s ]
INFO: [ app_begin ] --START--
INFO: Run Behavior\ReadHtmlCacheBehavior [ RunTime:0.000384s ]
INFO: [ app_begin ] --END-- [ RunTime:0.000445s ]
SQL: SHOW COLUMNS FROM `category` [ RunTime:0.0013s ]
SQL: SELECT * FROM `category` WHERE ( appid=1 AND pid=0 )  [ RunTime:0.0004s ]
SQL: SHOW COLUMNS FROM `category` [ RunTime:0.0008s ]
SQL: SELECT * FROM `category` WHERE ( appid=1 ) ORDER BY cate_sort ASC, create_time ASC  [ RunTime:0.0005s ]
INFO: [ view_parse ] --START--
INFO: [ template_filter ] --START--
INFO: Run Behavior\ContentReplaceBehavior [ RunTime:0.000096s ]
INFO: [ template_filter ] --END-- [ RunTime:0.000178s ]
NOTIC: [8] Undefined index: html /usr/www/appserver/admin/Runtime/Cache/Home/5e8ee00813e9f5979c399971351c7114.php 第 380 行.
NOTIC: [8] Undefined index: html /usr/www/appserver/admin/Runtime/Cache/Home/5e8ee00813e9f5979c399971351c7114.php 第 380 行.
INFO: Run Behavior\ParseTemplateBehavior [ RunTime:0.014477s ]
INFO: [ view_parse ] --END-- [ RunTime:0.014538s ]
INFO: [ view_filter ] --START--
INFO: Run Behavior\WriteHtmlCacheBehavior [ RunTime:0.000117s ]
INFO: [ view_filter ] --END-- [ RunTime:0.000160s ]
INFO: [ app_end ] --START--
INFO: Run Behavior\ShowPageTraceBehavior [ RunTime:0.000562s ]
INFO: [ app_end ] --END-- [ RunTime:0.000671s ]

[ 2015-08-13T21:21:14+08:00 ] 111.161.35.123 /admin.php?m=admin&c=Content&a=listcontent&cateid=6
INFO: [ app_init ] --START--
INFO: Run Behavior\BuildLiteBehavior [ RunTime:0.000013s ]
INFO: [ app_init ] --END-- [ RunTime:0.000236s ]
INFO: [ app_begin ] --START--
INFO: Run Behavior\ReadHtmlCacheBehavior [ RunTime:0.000309s ]
INFO: [ app_begin ] --END-- [ RunTime:0.000357s ]
SQL: SHOW COLUMNS FROM `category` [ RunTime:0.0012s ]
SQL: SHOW COLUMNS FROM `content` [ RunTime:0.0008s ]
SQL: SHOW COLUMNS FROM `category` [ RunTime:0.0008s ]
SQL: SELECT * FROM `category` WHERE ( id=6 ) LIMIT 1   [ RunTime:0.0003s ]
SQL: SHOW COLUMNS FROM `part1` [ RunTime:0.0008s ]
SQL: SELECT * FROM `part1` WHERE ( cateid=6 AND appid=1 AND con_del=0 ) ORDER BY con_order ASC,id DESC  [ RunTime:0.0004s ]
SQL: SELECT * FROM `category` WHERE ( id=6 ) LIMIT 1   [ RunTime:0.0002s ]
INFO: [ view_parse ] --START--
INFO: [ template_filter ] --START--
INFO: Run Behavior\ContentReplaceBehavior [ RunTime:0.000088s ]
INFO: [ template_filter ] --END-- [ RunTime:0.000140s ]
NOTIC: [8] Undefined index: html /usr/www/appserver/admin/Runtime/Cache/Home/72809578d79b78e082e2b21f2b6aa023.php 第 363 行.
NOTIC: [8] Undefined index: title /usr/www/appserver/admin/Runtime/Cache/Home/72809578d79b78e082e2b21f2b6aa023.php 第 363 行.
NOTIC: [8] Undefined index: title_e /usr/www/appserver/admin/Runtime/Cache/Home/72809578d79b78e082e2b21f2b6aa023.php 第 364 行.
NOTIC: [8] Undefined index: thumb_img /usr/www/appserver/admin/Runtime/Cache/Home/72809578d79b78e082e2b21f2b6aa023.php 第 366 行.
NOTIC: [8] Undefined index: cate_img /usr/www/appserver/admin/Runtime/Cache/Home/72809578d79b78e082e2b21f2b6aa023.php 第 371 行.
NOTIC: [8] Undefined index: con_show /usr/www/appserver/admin/Runtime/Cache/Home/72809578d79b78e082e2b21f2b6aa023.php 第 398 行.
NOTIC: [8] Undefined index: html /usr/www/appserver/admin/Runtime/Cache/Home/72809578d79b78e082e2b21f2b6aa023.php 第 363 行.
NOTIC: [8] Undefined index: title /usr/www/appserver/admin/Runtime/Cache/Home/72809578d79b78e082e2b21f2b6aa023.php 第 363 行.
NOTIC: [8] Undefined index: title_e /usr/www/appserver/admin/Runtime/Cache/Home/72809578d79b78e082e2b21f2b6aa023.php 第 364 行.
NOTIC: [8] Undefined index: thumb_img /usr/www/appserver/admin/Runtime/Cache/Home/72809578d79b78e082e2b21f2b6aa023.php 第 366 行.
NOTIC: [8] Undefined index: cate_img /usr/www/appserver/admin/Runtime/Cache/Home/72809578d79b78e082e2b21f2b6aa023.php 第 371 行.
NOTIC: [8] Undefined index: con_show /usr/www/appserver/admin/Runtime/Cache/Home/72809578d79b78e082e2b21f2b6aa023.php 第 398 行.
NOTIC: [8] Undefined index: html /usr/www/appserver/admin/Runtime/Cache/Home/72809578d79b78e082e2b21f2b6aa023.php 第 363 行.
NOTIC: [8] Undefined index: title /usr/www/appserver/admin/Runtime/Cache/Home/72809578d79b78e082e2b21f2b6aa023.php 第 363 行.
NOTIC: [8] Undefined index: title_e /usr/www/appserver/admin/Runtime/Cache/Home/72809578d79b78e082e2b21f2b6aa023.php 第 364 行.
NOTIC: [8] Undefined index: thumb_img /usr/www/appserver/admin/Runtime/Cache/Home/72809578d79b78e082e2b21f2b6aa023.php 第 366 行.
NOTIC: [8] Undefined index: cate_img /usr/www/appserver/admin/Runtime/Cache/Home/72809578d79b78e082e2b21f2b6aa023.php 第 371 行.
NOTIC: [8] Undefined index: con_show /usr/www/appserver/admin/Runtime/Cache/Home/72809578d79b78e082e2b21f2b6aa023.php 第 398 行.
NOTIC: [8] Undefined index: html /usr/www/appserver/admin/Runtime/Cache/Home/72809578d79b78e082e2b21f2b6aa023.php 第 363 行.
NOTIC: [8] Undefined index: title /usr/www/appserver/admin/Runtime/Cache/Home/72809578d79b78e082e2b21f2b6aa023.php 第 363 行.
NOTIC: [8] Undefined index: title_e /usr/www/appserver/admin/Runtime/Cache/Home/72809578d79b78e082e2b21f2b6aa023.php 第 364 行.
NOTIC: [8] Undefined index: thumb_img /usr/www/appserver/admin/Runtime/Cache/Home/72809578d79b78e082e2b21f2b6aa023.php 第 366 行.
NOTIC: [8] Undefined index: cate_img /usr/www/appserver/admin/Runtime/Cache/Home/72809578d79b78e082e2b21f2b6aa023.php 第 371 行.
NOTIC: [8] Undefined index: con_show /usr/www/appserver/admin/Runtime/Cache/Home/72809578d79b78e082e2b21f2b6aa023.php 第 398 行.
NOTIC: [8] Undefined index: html /usr/www/appserver/admin/Runtime/Cache/Home/72809578d79b78e082e2b21f2b6aa023.php 第 363 行.
NOTIC: [8] Undefined index: title /usr/www/appserver/admin/Runtime/Cache/Home/72809578d79b78e082e2b21f2b6aa023.php 第 363 行.
NOTIC: [8] Undefined index: title_e /usr/www/appserver/admin/Runtime/Cache/Home/72809578d79b78e082e2b21f2b6aa023.php 第 364 行.
NOTIC: [8] Undefined index: thumb_img /usr/www/appserver/admin/Runtime/Cache/Home/72809578d79b78e082e2b21f2b6aa023.php 第 366 行.
NOTIC: [8] Undefined index: cate_img /usr/www/appserver/admin/Runtime/Cache/Home/72809578d79b78e082e2b21f2b6aa023.php 第 371 行.
NOTIC: [8] Undefined index: con_show /usr/www/appserver/admin/Runtime/Cache/Home/72809578d79b78e082e2b21f2b6aa023.php 第 398 行.
INFO: Run Behavior\ParseTemplateBehavior [ RunTime:0.028775s ]
INFO: [ view_parse ] --END-- [ RunTime:0.028823s ]
INFO: [ view_filter ] --START--
INFO: Run Behavior\WriteHtmlCacheBehavior [ RunTime:0.000112s ]
INFO: [ view_filter ] --END-- [ RunTime:0.000155s ]
INFO: [ app_end ] --START--
INFO: Run Behavior\ShowPageTraceBehavior [ RunTime:0.000366s ]
INFO: [ app_end ] --END-- [ RunTime:0.000415s ]

[ 2015-08-13T21:59:23+08:00 ] 111.161.35.123 /admin.php
INFO: [ app_init ] --START--
INFO: Run Behavior\BuildLiteBehavior [ RunTime:0.000013s ]
INFO: [ app_init ] --END-- [ RunTime:0.000236s ]
INFO: [ app_begin ] --START--
INFO: Run Behavior\ReadHtmlCacheBehavior [ RunTime:0.000308s ]
INFO: [ app_begin ] --END-- [ RunTime:0.000357s ]
NOTIC: [8] Undefined index: userid /usr/www/appserver/admin/Home/Controller/IndexController.class.php 第 6 行.
INFO: [ view_parse ] --START--
INFO: [ template_filter ] --START--
INFO: Run Behavior\ContentReplaceBehavior [ RunTime:0.000029s ]
INFO: [ template_filter ] --END-- [ RunTime:0.000076s ]
INFO: Run Behavior\ParseTemplateBehavior [ RunTime:0.004558s ]
INFO: [ view_parse ] --END-- [ RunTime:0.004605s ]
INFO: [ view_filter ] --START--
INFO: Run Behavior\WriteHtmlCacheBehavior [ RunTime:0.000137s ]
INFO: [ view_filter ] --END-- [ RunTime:0.000179s ]

[ 2015-08-13T21:59:27+08:00 ] 111.161.35.123 /admin.php?m=admin&c=login
INFO: [ app_init ] --START--
INFO: Run Behavior\BuildLiteBehavior [ RunTime:0.000017s ]
INFO: [ app_init ] --END-- [ RunTime:0.000260s ]
INFO: [ app_begin ] --START--
INFO: Run Behavior\ReadHtmlCacheBehavior [ RunTime:0.000319s ]
INFO: [ app_begin ] --END-- [ RunTime:0.000368s ]
NOTIC: [8] Undefined index: submit /usr/www/appserver/admin/Home/Controller/LoginController.class.php 第 11 行.
INFO: [ view_parse ] --START--
INFO: [ template_filter ] --START--
INFO: Run Behavior\ContentReplaceBehavior [ RunTime:0.000066s ]
INFO: [ template_filter ] --END-- [ RunTime:0.000128s ]
INFO: Run Behavior\ParseTemplateBehavior [ RunTime:0.005062s ]
INFO: [ view_parse ] --END-- [ RunTime:0.005109s ]
INFO: [ view_filter ] --START--
INFO: Run Behavior\WriteHtmlCacheBehavior [ RunTime:0.000102s ]
INFO: [ view_filter ] --END-- [ RunTime:0.000142s ]
INFO: [ app_end ] --START--
INFO: Run Behavior\ShowPageTraceBehavior [ RunTime:0.000355s ]
INFO: [ app_end ] --END-- [ RunTime:0.000400s ]

[ 2015-08-13T21:59:33+08:00 ] 111.161.35.123 /admin.php?m=admin&c=login
INFO: [ app_init ] --START--
INFO: Run Behavior\BuildLiteBehavior [ RunTime:0.000018s ]
INFO: [ app_init ] --END-- [ RunTime:0.000320s ]
INFO: [ app_begin ] --START--
INFO: Run Behavior\ReadHtmlCacheBehavior [ RunTime:0.000333s ]
INFO: [ app_begin ] --END-- [ RunTime:0.000386s ]
SQL: SHOW COLUMNS FROM `admin_user` [ RunTime:0.0012s ]
SQL: SELECT COUNT(*) AS tp_count FROM `admin_user` WHERE ( username='hejianxin' ) LIMIT 1   [ RunTime:0.0003s ]
SQL: SELECT * FROM `admin_user` WHERE ( username='hejianxin' and password='cb2de6a3de3163cfa7d7fdfd2d51bbdf' ) LIMIT 1   [ RunTime:0.0002s ]
INFO: [ view_parse ] --START--
INFO: [ template_filter ] --START--
INFO: Run Behavior\ContentReplaceBehavior [ RunTime:0.000042s ]
INFO: [ template_filter ] --END-- [ RunTime:0.000096s ]
INFO: Run Behavior\ParseTemplateBehavior [ RunTime:0.004944s ]
INFO: [ view_parse ] --END-- [ RunTime:0.005000s ]
INFO: [ view_filter ] --START--
INFO: Run Behavior\WriteHtmlCacheBehavior [ RunTime:0.000126s ]
INFO: [ view_filter ] --END-- [ RunTime:0.000185s ]

[ 2015-08-13T21:59:34+08:00 ] 111.161.35.123 /admin.php?m=admin&c=index
INFO: [ app_init ] --START--
INFO: Run Behavior\BuildLiteBehavior [ RunTime:0.000014s ]
INFO: [ app_init ] --END-- [ RunTime:0.000260s ]
INFO: [ app_begin ] --START--
INFO: Run Behavior\ReadHtmlCacheBehavior [ RunTime:0.000323s ]
INFO: [ app_begin ] --END-- [ RunTime:0.000372s ]
NOTIC: [8] Undefined index: appid /usr/www/appserver/admin/Home/Controller/IndexController.class.php 第 10 行.
INFO: [ view_parse ] --START--
INFO: [ template_filter ] --START--
INFO: Run Behavior\ContentReplaceBehavior [ RunTime:0.000028s ]
INFO: [ template_filter ] --END-- [ RunTime:0.000076s ]
INFO: Run Behavior\ParseTemplateBehavior [ RunTime:0.004365s ]
INFO: [ view_parse ] --END-- [ RunTime:0.004413s ]
INFO: [ view_filter ] --START--
INFO: Run Behavior\WriteHtmlCacheBehavior [ RunTime:0.000100s ]
INFO: [ view_filter ] --END-- [ RunTime:0.000140s ]

[ 2015-08-13T21:59:37+08:00 ] 111.161.35.123 /admin.php?m=admin&c=appmanagement&a=applist
INFO: [ app_init ] --START--
INFO: Run Behavior\BuildLiteBehavior [ RunTime:0.000022s ]
INFO: [ app_init ] --END-- [ RunTime:0.000336s ]
INFO: [ app_begin ] --START--
INFO: Run Behavior\ReadHtmlCacheBehavior [ RunTime:0.000424s ]
INFO: [ app_begin ] --END-- [ RunTime:0.000487s ]
SQL: SHOW COLUMNS FROM `apps` [ RunTime:0.0140s ]
SQL: SELECT * FROM `apps` ORDER BY createtime DESC  [ RunTime:0.0003s ]
NOTIC: [8] Undefined index: appid /usr/www/appserver/admin/Home/Controller/AppmanagementController.class.php 第 25 行.
INFO: [ view_parse ] --START--
INFO: [ template_filter ] --START--
INFO: Run Behavior\ContentReplaceBehavior [ RunTime:0.000091s ]
INFO: [ template_filter ] --END-- [ RunTime:0.000145s ]
NOTIC: [8] Undefined index: appname /usr/www/appserver/admin/Runtime/Cache/Home/ffb36f99d95538f85289046c940db68f.php 第 55 行.
INFO: Run Behavior\ParseTemplateBehavior [ RunTime:0.011564s ]
INFO: [ view_parse ] --END-- [ RunTime:0.011614s ]
INFO: [ view_filter ] --START--
INFO: Run Behavior\WriteHtmlCacheBehavior [ RunTime:0.000103s ]
INFO: [ view_filter ] --END-- [ RunTime:0.000144s ]
INFO: [ app_end ] --START--
INFO: Run Behavior\ShowPageTraceBehavior [ RunTime:0.000463s ]
INFO: [ app_end ] --END-- [ RunTime:0.000570s ]

[ 2015-08-13T21:59:39+08:00 ] 111.161.35.123 /admin.php?c=appmanagement&a=selectapp&id=1
INFO: [ app_init ] --START--
INFO: Run Behavior\BuildLiteBehavior [ RunTime:0.000015s ]
INFO: [ app_init ] --END-- [ RunTime:0.000255s ]
INFO: [ app_begin ] --START--
INFO: Run Behavior\ReadHtmlCacheBehavior [ RunTime:0.000290s ]
INFO: [ app_begin ] --END-- [ RunTime:0.000339s ]
SQL: SHOW COLUMNS FROM `apps` [ RunTime:0.0013s ]
SQL: SELECT * FROM `apps` WHERE ( appswitch=1 AND id=1 ) LIMIT 1   [ RunTime:0.0004s ]
INFO: [ view_parse ] --START--
INFO: [ template_filter ] --START--
INFO: Run Behavior\ContentReplaceBehavior [ RunTime:0.000037s ]
INFO: [ template_filter ] --END-- [ RunTime:0.000095s ]
INFO: Run Behavior\ParseTemplateBehavior [ RunTime:0.005004s ]
INFO: [ view_parse ] --END-- [ RunTime:0.005063s ]
INFO: [ view_filter ] --START--
INFO: Run Behavior\WriteHtmlCacheBehavior [ RunTime:0.000115s ]
INFO: [ view_filter ] --END-- [ RunTime:0.000157s ]
INFO: [ app_end ] --START--
INFO: Run Behavior\ShowPageTraceBehavior [ RunTime:0.000331s ]
INFO: [ app_end ] --END-- [ RunTime:0.000377s ]

[ 2015-08-13T21:59:40+08:00 ] 111.161.35.123 /admin.php?m=admin&c=appmanagement&a=applist
INFO: [ app_init ] --START--
INFO: Run Behavior\BuildLiteBehavior [ RunTime:0.000015s ]
INFO: [ app_init ] --END-- [ RunTime:0.000233s ]
INFO: [ app_begin ] --START--
INFO: Run Behavior\ReadHtmlCacheBehavior [ RunTime:0.000364s ]
INFO: [ app_begin ] --END-- [ RunTime:0.000439s ]
SQL: SHOW COLUMNS FROM `apps` [ RunTime:0.0013s ]
SQL: SELECT * FROM `apps` ORDER BY createtime DESC  [ RunTime:0.0003s ]
INFO: [ view_parse ] --START--
INFO: [ template_filter ] --START--
INFO: Run Behavior\ContentReplaceBehavior [ RunTime:0.000094s ]
INFO: [ template_filter ] --END-- [ RunTime:0.000148s ]
INFO: Run Behavior\ParseTemplateBehavior [ RunTime:0.011789s ]
INFO: [ view_parse ] --END-- [ RunTime:0.011859s ]
INFO: [ view_filter ] --START--
INFO: Run Behavior\WriteHtmlCacheBehavior [ RunTime:0.000103s ]
INFO: [ view_filter ] --END-- [ RunTime:0.000156s ]
INFO: [ app_end ] --START--
INFO: Run Behavior\ShowPageTraceBehavior [ RunTime:0.000374s ]
INFO: [ app_end ] --END-- [ RunTime:0.000439s ]

[ 2015-08-13T21:59:52+08:00 ] 111.161.35.123 /admin.php?m=admin&c=user&a=listuser
INFO: [ app_init ] --START--
INFO: Run Behavior\BuildLiteBehavior [ RunTime:0.000013s ]
INFO: [ app_init ] --END-- [ RunTime:0.000258s ]
INFO: [ app_begin ] --START--
INFO: Run Behavior\ReadHtmlCacheBehavior [ RunTime:0.000289s ]
INFO: [ app_begin ] --END-- [ RunTime:0.000337s ]
SQL: SHOW COLUMNS FROM `category` [ RunTime:0.0013s ]
SQL: SELECT * FROM `category` WHERE ( appid=1 AND pid=0 )  [ RunTime:0.0004s ]
SQL: SHOW COLUMNS FROM `app_user` [ RunTime:0.0009s ]
SQL: SELECT COUNT(*) AS tp_count FROM `app_user` WHERE ( devtype='ios' ) LIMIT 1   [ RunTime:0.0003s ]
SQL: SELECT COUNT(*) AS tp_count FROM `app_user` WHERE ( devtype='android' ) LIMIT 1   [ RunTime:0.0003s ]
SQL: SELECT COUNT(*) AS tp_count FROM `app_user` WHERE ( devtype!='ios' and devtype!='android' or devtype is null ) LIMIT 1   [ RunTime:0.0003s ]
SQL: SELECT COUNT(*) AS tp_count FROM `app_user` LIMIT 1   [ RunTime:0.0002s ]
NOTIC: [8] Undefined index: current_time /usr/www/appserver/admin/Home/Controller/UserController.class.php 第 38 行.
NOTIC: [8] Undefined index: old_time /usr/www/appserver/admin/Home/Controller/UserController.class.php 第 39 行.
SQL: SELECT * FROM `app_user` ORDER BY id DESC LIMIT 0,30   [ RunTime:0.0003s ]
SQL: UPDATE `app_user` SET `user_location`='天津' WHERE ( id=225 ) [ RunTime:0.0233s ]
SQL: UPDATE `app_user` SET `user_location`='湖北' WHERE ( id=224 ) [ RunTime:0.0062s ]
SQL: UPDATE `app_user` SET `user_location`='上海' WHERE ( id=223 ) [ RunTime:0.0047s ]
SQL: UPDATE `app_user` SET `user_location`='山东' WHERE ( id=222 ) [ RunTime:0.0093s ]
SQL: UPDATE `app_user` SET `user_location`='黑龙江' WHERE ( id=221 ) [ RunTime:0.0054s ]
SQL: UPDATE `app_user` SET `user_location`='湖北' WHERE ( id=220 ) [ RunTime:0.0059s ]
SQL: UPDATE `app_user` SET `user_location`='湖北' WHERE ( id=219 ) [ RunTime:0.0058s ]
SQL: UPDATE `app_user` SET `user_location`='北京' WHERE ( id=218 ) [ RunTime:0.0071s ]
SQL: UPDATE `app_user` SET `user_location`='江苏' WHERE ( id=217 ) [ RunTime:0.0061s ]
SQL: UPDATE `app_user` SET `user_location`='浙江' WHERE ( id=216 ) [ RunTime:0.0061s ]
SQL: UPDATE `app_user` SET `user_location`='浙江' WHERE ( id=215 ) [ RunTime:0.0069s ]
SQL: UPDATE `app_user` SET `user_location`='广东' WHERE ( id=214 ) [ RunTime:0.0048s ]
SQL: UPDATE `app_user` SET `user_location`='湖北' WHERE ( id=213 ) [ RunTime:0.0051s ]
SQL: UPDATE `app_user` SET `user_location`='北京' WHERE ( id=212 ) [ RunTime:0.0052s ]
SQL: UPDATE `app_user` SET `user_location`='福建' WHERE ( id=211 ) [ RunTime:0.0061s ]
SQL: UPDATE `app_user` SET `user_location`='北京' WHERE ( id=210 ) [ RunTime:0.0057s ]
SQL: UPDATE `app_user` SET `user_location`='江苏' WHERE ( id=209 ) [ RunTime:0.0064s ]
SQL: UPDATE `app_user` SET `user_location`='北京' WHERE ( id=208 ) [ RunTime:0.0118s ]
SQL: UPDATE `app_user` SET `user_location`='河南' WHERE ( id=207 ) [ RunTime:0.0057s ]
SQL: UPDATE `app_user` SET `user_location`='天津' WHERE ( id=206 ) [ RunTime:0.0049s ]
SQL: UPDATE `app_user` SET `user_location`='江苏' WHERE ( id=205 ) [ RunTime:0.0060s ]
SQL: UPDATE `app_user` SET `user_location`='浙江' WHERE ( id=204 ) [ RunTime:0.0050s ]
SQL: UPDATE `app_user` SET `user_location`='湖南' WHERE ( id=203 ) [ RunTime:0.0049s ]
SQL: UPDATE `app_user` SET `user_location`='山东' WHERE ( id=202 ) [ RunTime:0.0062s ]
SQL: UPDATE `app_user` SET `user_location`='福建' WHERE ( id=201 ) [ RunTime:0.0055s ]
SQL: UPDATE `app_user` SET `user_location`='广东' WHERE ( id=200 ) [ RunTime:0.0045s ]
SQL: UPDATE `app_user` SET `user_location`='江苏' WHERE ( id=199 ) [ RunTime:0.0048s ]
SQL: UPDATE `app_user` SET `user_location`='北京' WHERE ( id=198 ) [ RunTime:0.0062s ]
SQL: UPDATE `app_user` SET `user_location`='北京' WHERE ( id=197 ) [ RunTime:0.0060s ]
SQL: UPDATE `app_user` SET `user_location`='北京' WHERE ( id=196 ) [ RunTime:0.0050s ]
INFO: [ view_parse ] --START--
INFO: [ template_filter ] --START--
INFO: Run Behavior\ContentReplaceBehavior [ RunTime:0.000104s ]
INFO: [ template_filter ] --END-- [ RunTime:0.000172s ]
INFO: Run Behavior\ParseTemplateBehavior [ RunTime:0.016222s ]
INFO: [ view_parse ] --END-- [ RunTime:0.016283s ]
INFO: [ view_filter ] --START--
INFO: Run Behavior\WriteHtmlCacheBehavior [ RunTime:0.000109s ]
INFO: [ view_filter ] --END-- [ RunTime:0.000151s ]
INFO: [ app_end ] --START--
INFO: Run Behavior\ShowPageTraceBehavior [ RunTime:0.000579s ]
INFO: [ app_end ] --END-- [ RunTime:0.000712s ]

[ 2015-08-13T22:00:29+08:00 ] 111.161.35.123 /admin.php?m=Home&c=User&a=listuser&m=admin&p=2
INFO: [ app_init ] --START--
INFO: Run Behavior\BuildLiteBehavior [ RunTime:0.000014s ]
INFO: [ app_init ] --END-- [ RunTime:0.000270s ]
INFO: [ app_begin ] --START--
INFO: Run Behavior\ReadHtmlCacheBehavior [ RunTime:0.000324s ]
INFO: [ app_begin ] --END-- [ RunTime:0.000380s ]
SQL: SHOW COLUMNS FROM `category` [ RunTime:0.0012s ]
SQL: SELECT * FROM `category` WHERE ( appid=1 AND pid=0 )  [ RunTime:0.0004s ]
SQL: SHOW COLUMNS FROM `app_user` [ RunTime:0.0008s ]
SQL: SELECT COUNT(*) AS tp_count FROM `app_user` WHERE ( devtype='ios' ) LIMIT 1   [ RunTime:0.0003s ]
SQL: SELECT COUNT(*) AS tp_count FROM `app_user` WHERE ( devtype='android' ) LIMIT 1   [ RunTime:0.0002s ]
SQL: SELECT COUNT(*) AS tp_count FROM `app_user` WHERE ( devtype!='ios' and devtype!='android' or devtype is null ) LIMIT 1   [ RunTime:0.0003s ]
SQL: SELECT COUNT(*) AS tp_count FROM `app_user` LIMIT 1   [ RunTime:0.0002s ]
NOTIC: [8] Undefined index: current_time /usr/www/appserver/admin/Home/Controller/UserController.class.php 第 38 行.
NOTIC: [8] Undefined index: old_time /usr/www/appserver/admin/Home/Controller/UserController.class.php 第 39 行.
SQL: SELECT * FROM `app_user` ORDER BY id DESC LIMIT 30,30   [ RunTime:0.0004s ]
SQL: UPDATE `app_user` SET `user_location`='湖北' WHERE ( id=195 ) [ RunTime:0.0082s ]
SQL: UPDATE `app_user` SET `user_location`='浙江' WHERE ( id=194 ) [ RunTime:0.0082s ]
SQL: UPDATE `app_user` SET `user_location`='上海' WHERE ( id=193 ) [ RunTime:0.0046s ]
SQL: UPDATE `app_user` SET `user_location`='山西' WHERE ( id=192 ) [ RunTime:0.0046s ]
SQL: UPDATE `app_user` SET `user_location`='湖北' WHERE ( id=191 ) [ RunTime:0.0054s ]
SQL: UPDATE `app_user` SET `user_location`='四川' WHERE ( id=190 ) [ RunTime:0.0046s ]
SQL: UPDATE `app_user` SET `user_location`='广东' WHERE ( id=189 ) [ RunTime:0.0047s ]
SQL: UPDATE `app_user` SET `user_location`='四川' WHERE ( id=188 ) [ RunTime:0.0049s ]
SQL: UPDATE `app_user` SET `user_location`='湖北' WHERE ( id=187 ) [ RunTime:0.0053s ]
SQL: UPDATE `app_user` SET `user_location`='吉林' WHERE ( id=186 ) [ RunTime:0.0049s ]
SQL: UPDATE `app_user` SET `user_location`='广东' WHERE ( id=185 ) [ RunTime:0.0048s ]
SQL: UPDATE `app_user` SET `user_location`='黑龙江' WHERE ( id=184 ) [ RunTime:0.0066s ]
SQL: UPDATE `app_user` SET `user_location`='浙江' WHERE ( id=183 ) [ RunTime:0.0042s ]
SQL: UPDATE `app_user` SET `user_location`='广东' WHERE ( id=182 ) [ RunTime:0.0070s ]
SQL: UPDATE `app_user` SET `user_location`='上海' WHERE ( id=181 ) [ RunTime:0.0050s ]
SQL: UPDATE `app_user` SET `user_location`='江西' WHERE ( id=180 ) [ RunTime:0.0044s ]
SQL: UPDATE `app_user` SET `user_location`='上海' WHERE ( id=179 ) [ RunTime:0.0067s ]
SQL: UPDATE `app_user` SET `user_location`='河南' WHERE ( id=178 ) [ RunTime:0.0068s ]
SQL: UPDATE `app_user` SET `user_location`='黑龙江' WHERE ( id=177 ) [ RunTime:0.0073s ]
SQL: UPDATE `app_user` SET `user_location`='广东' WHERE ( id=176 ) [ RunTime:0.0072s ]
SQL: UPDATE `app_user` SET `user_location`='辽宁' WHERE ( id=175 ) [ RunTime:0.0051s ]
SQL: UPDATE `app_user` SET `user_location`='北京' WHERE ( id=174 ) [ RunTime:0.0047s ]
SQL: UPDATE `app_user` SET `user_location`='重庆' WHERE ( id=173 ) [ RunTime:0.0071s ]
SQL: UPDATE `app_user` SET `user_location`='河南' WHERE ( id=172 ) [ RunTime:0.0052s ]
SQL: UPDATE `app_user` SET `user_location`='广东' WHERE ( id=171 ) [ RunTime:0.0056s ]
SQL: UPDATE `app_user` SET `user_location`='广东' WHERE ( id=170 ) [ RunTime:0.0075s ]
SQL: UPDATE `app_user` SET `user_location`='江苏' WHERE ( id=169 ) [ RunTime:0.0060s ]
SQL: UPDATE `app_user` SET `user_location`='广东' WHERE ( id=168 ) [ RunTime:0.0046s ]
SQL: UPDATE `app_user` SET `user_location`='山西' WHERE ( id=167 ) [ RunTime:0.0114s ]
SQL: UPDATE `app_user` SET `user_location`='广东' WHERE ( id=166 ) [ RunTime:0.0105s ]
INFO: [ view_parse ] --START--
INFO: [ template_filter ] --START--
INFO: Run Behavior\ContentReplaceBehavior [ RunTime:0.000116s ]
INFO: [ template_filter ] --END-- [ RunTime:0.000199s ]
INFO: Run Behavior\ParseTemplateBehavior [ RunTime:0.013623s ]
INFO: [ view_parse ] --END-- [ RunTime:0.013691s ]
INFO: [ view_filter ] --START--
INFO: Run Behavior\WriteHtmlCacheBehavior [ RunTime:0.000122s ]
INFO: [ view_filter ] --END-- [ RunTime:0.000164s ]
INFO: [ app_end ] --START--
INFO: Run Behavior\ShowPageTraceBehavior [ RunTime:0.000621s ]
INFO: [ app_end ] --END-- [ RunTime:0.000749s ]

[ 2015-08-13T22:00:34+08:00 ] 111.161.35.123 /admin.php?m=Home&c=User&a=listuser&m=admin&p=1
INFO: [ app_init ] --START--
INFO: Run Behavior\BuildLiteBehavior [ RunTime:0.000014s ]
INFO: [ app_init ] --END-- [ RunTime:0.000228s ]
INFO: [ app_begin ] --START--
INFO: Run Behavior\ReadHtmlCacheBehavior [ RunTime:0.000309s ]
INFO: [ app_begin ] --END-- [ RunTime:0.000355s ]
SQL: SHOW COLUMNS FROM `category` [ RunTime:0.0013s ]
SQL: SELECT * FROM `category` WHERE ( appid=1 AND pid=0 )  [ RunTime:0.0004s ]
SQL: SHOW COLUMNS FROM `app_user` [ RunTime:0.0009s ]
SQL: SELECT COUNT(*) AS tp_count FROM `app_user` WHERE ( devtype='ios' ) LIMIT 1   [ RunTime:0.0003s ]
SQL: SELECT COUNT(*) AS tp_count FROM `app_user` WHERE ( devtype='android' ) LIMIT 1   [ RunTime:0.0003s ]
SQL: SELECT COUNT(*) AS tp_count FROM `app_user` WHERE ( devtype!='ios' and devtype!='android' or devtype is null ) LIMIT 1   [ RunTime:0.0003s ]
SQL: SELECT COUNT(*) AS tp_count FROM `app_user` LIMIT 1   [ RunTime:0.0002s ]
NOTIC: [8] Undefined index: current_time /usr/www/appserver/admin/Home/Controller/UserController.class.php 第 38 行.
NOTIC: [8] Undefined index: old_time /usr/www/appserver/admin/Home/Controller/UserController.class.php 第 39 行.
SQL: SELECT * FROM `app_user` ORDER BY id DESC LIMIT 0,30   [ RunTime:0.0004s ]
INFO: [ view_parse ] --START--
INFO: [ template_filter ] --START--
INFO: Run Behavior\ContentReplaceBehavior [ RunTime:0.000097s ]
INFO: [ template_filter ] --END-- [ RunTime:0.000147s ]
INFO: Run Behavior\ParseTemplateBehavior [ RunTime:0.012256s ]
INFO: [ view_parse ] --END-- [ RunTime:0.012309s ]
INFO: [ view_filter ] --START--
INFO: Run Behavior\WriteHtmlCacheBehavior [ RunTime:0.000124s ]
INFO: [ view_filter ] --END-- [ RunTime:0.000167s ]
INFO: [ app_end ] --START--
INFO: Run Behavior\ShowPageTraceBehavior [ RunTime:0.000501s ]
INFO: [ app_end ] --END-- [ RunTime:0.000601s ]

[ 2015-08-13T22:00:36+08:00 ] 111.161.35.123 /admin.php?m=Home&c=User&a=listuser&m=admin&p=3
INFO: [ app_init ] --START--
INFO: Run Behavior\BuildLiteBehavior [ RunTime:0.000012s ]
INFO: [ app_init ] --END-- [ RunTime:0.000222s ]
INFO: [ app_begin ] --START--
INFO: Run Behavior\ReadHtmlCacheBehavior [ RunTime:0.000286s ]
INFO: [ app_begin ] --END-- [ RunTime:0.000334s ]
SQL: SHOW COLUMNS FROM `category` [ RunTime:0.0009s ]
SQL: SELECT * FROM `category` WHERE ( appid=1 AND pid=0 )  [ RunTime:0.0003s ]
SQL: SHOW COLUMNS FROM `app_user` [ RunTime:0.0008s ]
SQL: SELECT COUNT(*) AS tp_count FROM `app_user` WHERE ( devtype='ios' ) LIMIT 1   [ RunTime:0.0003s ]
SQL: SELECT COUNT(*) AS tp_count FROM `app_user` WHERE ( devtype='android' ) LIMIT 1   [ RunTime:0.0002s ]
SQL: SELECT COUNT(*) AS tp_count FROM `app_user` WHERE ( devtype!='ios' and devtype!='android' or devtype is null ) LIMIT 1   [ RunTime:0.0003s ]
SQL: SELECT COUNT(*) AS tp_count FROM `app_user` LIMIT 1   [ RunTime:0.0002s ]
NOTIC: [8] Undefined index: current_time /usr/www/appserver/admin/Home/Controller/UserController.class.php 第 38 行.
NOTIC: [8] Undefined index: old_time /usr/www/appserver/admin/Home/Controller/UserController.class.php 第 39 行.
SQL: SELECT * FROM `app_user` ORDER BY id DESC LIMIT 60,30   [ RunTime:0.0004s ]
INFO: [ view_parse ] --START--
INFO: [ template_filter ] --START--
INFO: Run Behavior\ContentReplaceBehavior [ RunTime:0.000091s ]
INFO: [ template_filter ] --END-- [ RunTime:0.000141s ]
INFO: Run Behavior\ParseTemplateBehavior [ RunTime:0.012158s ]
INFO: [ view_parse ] --END-- [ RunTime:0.012209s ]
INFO: [ view_filter ] --START--
INFO: Run Behavior\WriteHtmlCacheBehavior [ RunTime:0.000107s ]
INFO: [ view_filter ] --END-- [ RunTime:0.000150s ]
INFO: [ app_end ] --START--
INFO: Run Behavior\ShowPageTraceBehavior [ RunTime:0.000331s ]
INFO: [ app_end ] --END-- [ RunTime:0.000379s ]

[ 2015-08-13T22:01:21+08:00 ] 111.161.35.123 /admin.php?m=admin&c=user&a=listuser
INFO: [ app_init ] --START--
INFO: Run Behavior\BuildLiteBehavior [ RunTime:0.000016s ]
INFO: [ app_init ] --END-- [ RunTime:0.000246s ]
INFO: [ app_begin ] --START--
INFO: Run Behavior\ReadHtmlCacheBehavior [ RunTime:0.000289s ]
INFO: [ app_begin ] --END-- [ RunTime:0.000360s ]
SQL: SHOW COLUMNS FROM `category` [ RunTime:0.0012s ]
SQL: SELECT * FROM `category` WHERE ( appid=1 AND pid=0 )  [ RunTime:0.0004s ]
SQL: SHOW COLUMNS FROM `app_user` [ RunTime:0.0008s ]
SQL: SELECT COUNT(*) AS tp_count FROM `app_user` WHERE ( devtype='ios' ) LIMIT 1   [ RunTime:0.0003s ]
SQL: SELECT COUNT(*) AS tp_count FROM `app_user` WHERE ( devtype='android' ) LIMIT 1   [ RunTime:0.0002s ]
SQL: SELECT COUNT(*) AS tp_count FROM `app_user` WHERE ( devtype!='ios' and devtype!='android' or devtype is null ) LIMIT 1   [ RunTime:0.0003s ]
SQL: SELECT COUNT(*) AS tp_count FROM `app_user` LIMIT 1   [ RunTime:0.0002s ]
SQL: SELECT * FROM `app_user` WHERE ( regdate > 1439308800 and regdate < 1439395200 ) ORDER BY id DESC LIMIT 0,30   [ RunTime:0.0005s ]
SQL: UPDATE `app_user` SET `user_location`='贵州' WHERE ( id=116 ) [ RunTime:0.0069s ]
SQL: UPDATE `app_user` SET `user_location`='广东' WHERE ( id=115 ) [ RunTime:0.0073s ]
SQL: UPDATE `app_user` SET `user_location`='河北' WHERE ( id=114 ) [ RunTime:0.0068s ]
SQL: UPDATE `app_user` SET `user_location`='山东' WHERE ( id=113 ) [ RunTime:0.0085s ]
SQL: UPDATE `app_user` SET `user_location`='山东' WHERE ( id=112 ) [ RunTime:0.0058s ]
SQL: UPDATE `app_user` SET `user_location`='上海' WHERE ( id=111 ) [ RunTime:0.0179s ]
SQL: UPDATE `app_user` SET `user_location`='海南' WHERE ( id=110 ) [ RunTime:0.0047s ]
SQL: UPDATE `app_user` SET `user_location`='上海' WHERE ( id=109 ) [ RunTime:0.0074s ]
SQL: UPDATE `app_user` SET `user_location`='天津' WHERE ( id=108 ) [ RunTime:0.0126s ]
SQL: UPDATE `app_user` SET `user_location`='福建' WHERE ( id=106 ) [ RunTime:0.0050s ]
SQL: UPDATE `app_user` SET `user_location`='河北' WHERE ( id=105 ) [ RunTime:0.0042s ]
SQL: UPDATE `app_user` SET `user_location`='湖南' WHERE ( id=104 ) [ RunTime:0.0076s ]
SQL: UPDATE `app_user` SET `user_location`='北京' WHERE ( id=103 ) [ RunTime:0.0058s ]
SQL: UPDATE `app_user` SET `user_location`='北京' WHERE ( id=102 ) [ RunTime:0.0049s ]
SQL: UPDATE `app_user` SET `user_location`='广东' WHERE ( id=101 ) [ RunTime:0.0050s ]
SQL: UPDATE `app_user` SET `user_location`='北京' WHERE ( id=100 ) [ RunTime:0.0083s ]
SQL: UPDATE `app_user` SET `user_location`='甘肃' WHERE ( id=99 ) [ RunTime:0.0051s ]
SQL: UPDATE `app_user` SET `user_location`='北京' WHERE ( id=97 ) [ RunTime:0.0055s ]
SQL: UPDATE `app_user` SET `user_location`='山东' WHERE ( id=96 ) [ RunTime:0.0052s ]
SQL: UPDATE `app_user` SET `user_location`='山东' WHERE ( id=95 ) [ RunTime:0.0100s ]
SQL: UPDATE `app_user` SET `user_location`='北京' WHERE ( id=94 ) [ RunTime:0.0052s ]
SQL: UPDATE `app_user` SET `user_location`='重庆' WHERE ( id=93 ) [ RunTime:0.0068s ]
SQL: UPDATE `app_user` SET `user_location`='辽宁' WHERE ( id=92 ) [ RunTime:0.0047s ]
INFO: [ view_parse ] --START--
INFO: [ template_filter ] --START--
INFO: Run Behavior\ContentReplaceBehavior [ RunTime:0.000097s ]
INFO: [ template_filter ] --END-- [ RunTime:0.000149s ]
INFO: Run Behavior\ParseTemplateBehavior [ RunTime:0.013307s ]
INFO: [ view_parse ] --END-- [ RunTime:0.013367s ]
INFO: [ view_filter ] --START--
INFO: Run Behavior\WriteHtmlCacheBehavior [ RunTime:0.000106s ]
INFO: [ view_filter ] --END-- [ RunTime:0.000172s ]
INFO: [ app_end ] --START--
INFO: Run Behavior\ShowPageTraceBehavior [ RunTime:0.000499s ]
INFO: [ app_end ] --END-- [ RunTime:0.000606s ]

[ 2015-08-13T22:01:37+08:00 ] 111.161.35.123 /admin.php?m=Home&c=User&a=listuser&m=admin&p=8
INFO: [ app_init ] --START--
INFO: Run Behavior\BuildLiteBehavior [ RunTime:0.000013s ]
INFO: [ app_init ] --END-- [ RunTime:0.000234s ]
INFO: [ app_begin ] --START--
INFO: Run Behavior\ReadHtmlCacheBehavior [ RunTime:0.000323s ]
INFO: [ app_begin ] --END-- [ RunTime:0.000371s ]
SQL: SHOW COLUMNS FROM `category` [ RunTime:0.0012s ]
SQL: SELECT * FROM `category` WHERE ( appid=1 AND pid=0 )  [ RunTime:0.0004s ]
SQL: SHOW COLUMNS FROM `app_user` [ RunTime:0.0008s ]
SQL: SELECT COUNT(*) AS tp_count FROM `app_user` WHERE ( devtype='ios' ) LIMIT 1   [ RunTime:0.0003s ]
SQL: SELECT COUNT(*) AS tp_count FROM `app_user` WHERE ( devtype='android' ) LIMIT 1   [ RunTime:0.0003s ]
SQL: SELECT COUNT(*) AS tp_count FROM `app_user` WHERE ( devtype!='ios' and devtype!='android' or devtype is null ) LIMIT 1   [ RunTime:0.0003s ]
SQL: SELECT COUNT(*) AS tp_count FROM `app_user` LIMIT 1   [ RunTime:0.0002s ]
NOTIC: [8] Undefined index: current_time /usr/www/appserver/admin/Home/Controller/UserController.class.php 第 38 行.
NOTIC: [8] Undefined index: old_time /usr/www/appserver/admin/Home/Controller/UserController.class.php 第 39 行.
SQL: SELECT * FROM `app_user` ORDER BY id DESC LIMIT 210,30   [ RunTime:0.0005s ]
INFO: [ view_parse ] --START--
INFO: [ template_filter ] --START--
INFO: Run Behavior\ContentReplaceBehavior [ RunTime:0.000115s ]
INFO: [ template_filter ] --END-- [ RunTime:0.000168s ]
INFO: Run Behavior\ParseTemplateBehavior [ RunTime:0.012496s ]
INFO: [ view_parse ] --END-- [ RunTime:0.012564s ]
INFO: [ view_filter ] --START--
INFO: Run Behavior\WriteHtmlCacheBehavior [ RunTime:0.000103s ]
INFO: [ view_filter ] --END-- [ RunTime:0.000144s ]
INFO: [ app_end ] --START--
INFO: Run Behavior\ShowPageTraceBehavior [ RunTime:0.000396s ]
INFO: [ app_end ] --END-- [ RunTime:0.000465s ]

[ 2015-08-13T22:03:00+08:00 ] 111.161.35.123 /admin.php?m=admin&c=user&a=listuser
INFO: [ app_init ] --START--
INFO: Run Behavior\BuildLiteBehavior [ RunTime:0.000016s ]
INFO: [ app_init ] --END-- [ RunTime:0.000289s ]
INFO: [ app_begin ] --START--
INFO: Run Behavior\ReadHtmlCacheBehavior [ RunTime:0.000326s ]
INFO: [ app_begin ] --END-- [ RunTime:0.000383s ]
SQL: SHOW COLUMNS FROM `category` [ RunTime:0.0012s ]
SQL: SELECT * FROM `category` WHERE ( appid=1 AND pid=0 )  [ RunTime:0.0005s ]
SQL: SHOW COLUMNS FROM `app_user` [ RunTime:0.0012s ]
SQL: SELECT COUNT(*) AS tp_count FROM `app_user` WHERE ( devtype='ios' ) LIMIT 1   [ RunTime:0.0003s ]
SQL: SELECT COUNT(*) AS tp_count FROM `app_user` WHERE ( devtype='android' ) LIMIT 1   [ RunTime:0.0003s ]
SQL: SELECT COUNT(*) AS tp_count FROM `app_user` WHERE ( devtype!='ios' and devtype!='android' or devtype is null ) LIMIT 1   [ RunTime:0.0003s ]
SQL: SELECT COUNT(*) AS tp_count FROM `app_user` LIMIT 1   [ RunTime:0.0002s ]
SQL: SELECT * FROM `app_user` WHERE ( regdate > 1439308800 and regdate < 1439395200 ) ORDER BY id DESC LIMIT 0,30   [ RunTime:0.0006s ]
INFO: [ view_parse ] --START--
INFO: [ template_filter ] --START--
INFO: Run Behavior\ContentReplaceBehavior [ RunTime:0.000093s ]
INFO: [ template_filter ] --END-- [ RunTime:0.000145s ]
INFO: Run Behavior\ParseTemplateBehavior [ RunTime:0.013533s ]
INFO: [ view_parse ] --END-- [ RunTime:0.013608s ]
INFO: [ view_filter ] --START--
INFO: Run Behavior\WriteHtmlCacheBehavior [ RunTime:0.000103s ]
INFO: [ view_filter ] --END-- [ RunTime:0.000145s ]
INFO: [ app_end ] --START--
INFO: Run Behavior\ShowPageTraceBehavior [ RunTime:0.000405s ]
INFO: [ app_end ] --END-- [ RunTime:0.000471s ]

[ 2015-08-13T22:03:35+08:00 ] 111.161.35.123 /admin.php?m=admin&c=user&a=listuser
INFO: [ app_init ] --START--
INFO: Run Behavior\BuildLiteBehavior [ RunTime:0.000014s ]
INFO: [ app_init ] --END-- [ RunTime:0.000238s ]
INFO: [ app_begin ] --START--
INFO: Run Behavior\ReadHtmlCacheBehavior [ RunTime:0.000285s ]
INFO: [ app_begin ] --END-- [ RunTime:0.000342s ]
SQL: SHOW COLUMNS FROM `category` [ RunTime:0.0012s ]
SQL: SELECT * FROM `category` WHERE ( appid=1 AND pid=0 )  [ RunTime:0.0004s ]
SQL: SHOW COLUMNS FROM `app_user` [ RunTime:0.0008s ]
SQL: SELECT COUNT(*) AS tp_count FROM `app_user` WHERE ( devtype='ios' ) LIMIT 1   [ RunTime:0.0003s ]
SQL: SELECT COUNT(*) AS tp_count FROM `app_user` WHERE ( devtype='android' ) LIMIT 1   [ RunTime:0.0002s ]
SQL: SELECT COUNT(*) AS tp_count FROM `app_user` WHERE ( devtype!='ios' and devtype!='android' or devtype is null ) LIMIT 1   [ RunTime:0.0003s ]
SQL: SELECT COUNT(*) AS tp_count FROM `app_user` LIMIT 1   [ RunTime:0.0002s ]
SQL: SELECT * FROM `app_user` WHERE ( regdate > 1439308800 and regdate < 1439395200 ) ORDER BY id DESC LIMIT 0,30   [ RunTime:0.0005s ]
INFO: [ view_parse ] --START--
INFO: [ template_filter ] --START--
INFO: Run Behavior\ContentReplaceBehavior [ RunTime:0.000096s ]
INFO: [ template_filter ] --END-- [ RunTime:0.000149s ]
INFO: Run Behavior\ParseTemplateBehavior [ RunTime:0.013181s ]
INFO: [ view_parse ] --END-- [ RunTime:0.013253s ]
INFO: [ view_filter ] --START--
INFO: Run Behavior\WriteHtmlCacheBehavior [ RunTime:0.000110s ]
INFO: [ view_filter ] --END-- [ RunTime:0.000157s ]
INFO: [ app_end ] --START--
INFO: Run Behavior\ShowPageTraceBehavior [ RunTime:0.000483s ]
INFO: [ app_end ] --END-- [ RunTime:0.000589s ]

[ 2015-08-13T22:03:41+08:00 ] 111.161.35.123 /admin.php?m=Home&c=User&a=listuser&m=admin&p=2
INFO: [ app_init ] --START--
INFO: Run Behavior\BuildLiteBehavior [ RunTime:0.000014s ]
INFO: [ app_init ] --END-- [ RunTime:0.000236s ]
INFO: [ app_begin ] --START--
INFO: Run Behavior\ReadHtmlCacheBehavior [ RunTime:0.000310s ]
INFO: [ app_begin ] --END-- [ RunTime:0.000358s ]
SQL: SHOW COLUMNS FROM `category` [ RunTime:0.0012s ]
SQL: SELECT * FROM `category` WHERE ( appid=1 AND pid=0 )  [ RunTime:0.0004s ]
SQL: SHOW COLUMNS FROM `app_user` [ RunTime:0.0008s ]
SQL: SELECT COUNT(*) AS tp_count FROM `app_user` WHERE ( devtype='ios' ) LIMIT 1   [ RunTime:0.0005s ]
SQL: SELECT COUNT(*) AS tp_count FROM `app_user` WHERE ( devtype='android' ) LIMIT 1   [ RunTime:0.0003s ]
SQL: SELECT COUNT(*) AS tp_count FROM `app_user` WHERE ( devtype!='ios' and devtype!='android' or devtype is null ) LIMIT 1   [ RunTime:0.0003s ]
SQL: SELECT COUNT(*) AS tp_count FROM `app_user` LIMIT 1   [ RunTime:0.0002s ]
NOTIC: [8] Undefined index: current_time /usr/www/appserver/admin/Home/Controller/UserController.class.php 第 38 行.
NOTIC: [8] Undefined index: old_time /usr/www/appserver/admin/Home/Controller/UserController.class.php 第 39 行.
SQL: SELECT * FROM `app_user` ORDER BY id DESC LIMIT 30,30   [ RunTime:0.0004s ]
INFO: [ view_parse ] --START--
INFO: [ template_filter ] --START--
INFO: Run Behavior\ContentReplaceBehavior [ RunTime:0.000096s ]
INFO: [ template_filter ] --END-- [ RunTime:0.000148s ]
INFO: Run Behavior\ParseTemplateBehavior [ RunTime:0.013057s ]
INFO: [ view_parse ] --END-- [ RunTime:0.013111s ]
INFO: [ view_filter ] --START--
INFO: Run Behavior\WriteHtmlCacheBehavior [ RunTime:0.000141s ]
INFO: [ view_filter ] --END-- [ RunTime:0.000184s ]
INFO: [ app_end ] --START--
INFO: Run Behavior\ShowPageTraceBehavior [ RunTime:0.000394s ]
INFO: [ app_end ] --END-- [ RunTime:0.000476s ]

[ 2015-08-13T22:05:43+08:00 ] 111.161.35.123 /admin.php?m=admin&c=user&a=listuser
INFO: [ app_init ] --START--
INFO: Run Behavior\BuildLiteBehavior [ RunTime:0.000015s ]
INFO: [ app_init ] --END-- [ RunTime:0.000380s ]
INFO: [ app_begin ] --START--
INFO: Run Behavior\ReadHtmlCacheBehavior [ RunTime:0.000450s ]
INFO: [ app_begin ] --END-- [ RunTime:0.000547s ]
SQL: SHOW COLUMNS FROM `category` [ RunTime:0.0012s ]
SQL: SELECT * FROM `category` WHERE ( appid=1 AND pid=0 )  [ RunTime:0.0004s ]
SQL: SHOW COLUMNS FROM `app_user` [ RunTime:0.0008s ]
SQL: SELECT COUNT(*) AS tp_count FROM `app_user` WHERE ( devtype='ios' ) LIMIT 1   [ RunTime:0.0003s ]
SQL: SELECT COUNT(*) AS tp_count FROM `app_user` WHERE ( devtype='android' ) LIMIT 1   [ RunTime:0.0003s ]
SQL: SELECT COUNT(*) AS tp_count FROM `app_user` WHERE ( devtype!='ios' and devtype!='android' or devtype is null ) LIMIT 1   [ RunTime:0.0003s ]
SQL: SELECT COUNT(*) AS tp_count FROM `app_user` LIMIT 1   [ RunTime:0.0002s ]
SQL: SELECT * FROM `app_user` WHERE ( regdate > 1439308800 and regdate < 1439395200 ) ORDER BY id DESC LIMIT 0,30   [ RunTime:0.0005s ]
INFO: [ view_parse ] --START--
INFO: [ template_filter ] --START--
INFO: Run Behavior\ContentReplaceBehavior [ RunTime:0.000104s ]
INFO: [ template_filter ] --END-- [ RunTime:0.000162s ]
INFO: Run Behavior\ParseTemplateBehavior [ RunTime:0.013570s ]
INFO: [ view_parse ] --END-- [ RunTime:0.013627s ]
INFO: [ view_filter ] --START--
INFO: Run Behavior\WriteHtmlCacheBehavior [ RunTime:0.000107s ]
INFO: [ view_filter ] --END-- [ RunTime:0.000150s ]
INFO: [ app_end ] --START--
INFO: Run Behavior\ShowPageTraceBehavior [ RunTime:0.000554s ]
INFO: [ app_end ] --END-- [ RunTime:0.000685s ]

[ 2015-08-13T22:05:58+08:00 ] 111.161.35.123 /admin.php?m=admin&c=user&a=listuser
INFO: [ app_init ] --START--
INFO: Run Behavior\BuildLiteBehavior [ RunTime:0.000014s ]
INFO: [ app_init ] --END-- [ RunTime:0.000241s ]
INFO: [ app_begin ] --START--
INFO: Run Behavior\ReadHtmlCacheBehavior [ RunTime:0.000287s ]
INFO: [ app_begin ] --END-- [ RunTime:0.000337s ]
SQL: SHOW COLUMNS FROM `category` [ RunTime:0.0012s ]
SQL: SELECT * FROM `category` WHERE ( appid=1 AND pid=0 )  [ RunTime:0.0004s ]
SQL: SHOW COLUMNS FROM `app_user` [ RunTime:0.0008s ]
SQL: SELECT COUNT(*) AS tp_count FROM `app_user` WHERE ( devtype='ios' ) LIMIT 1   [ RunTime:0.0003s ]
SQL: SELECT COUNT(*) AS tp_count FROM `app_user` WHERE ( devtype='android' ) LIMIT 1   [ RunTime:0.0002s ]
SQL: SELECT COUNT(*) AS tp_count FROM `app_user` WHERE ( devtype!='ios' and devtype!='android' or devtype is null ) LIMIT 1   [ RunTime:0.0003s ]
SQL: SELECT COUNT(*) AS tp_count FROM `app_user` LIMIT 1   [ RunTime:0.0002s ]
SQL: SELECT * FROM `app_user` WHERE ( regdate > 1439308800 and regdate < 1439395200 ) ORDER BY id DESC LIMIT 0,30   [ RunTime:0.0005s ]
INFO: [ view_parse ] --START--
INFO: [ template_filter ] --START--
INFO: Run Behavior\ContentReplaceBehavior [ RunTime:0.000085s ]
INFO: [ template_filter ] --END-- [ RunTime:0.000136s ]
INFO: Run Behavior\ParseTemplateBehavior [ RunTime:0.011957s ]
INFO: [ view_parse ] --END-- [ RunTime:0.012007s ]
INFO: [ view_filter ] --START--
INFO: Run Behavior\WriteHtmlCacheBehavior [ RunTime:0.000124s ]
INFO: [ view_filter ] --END-- [ RunTime:0.000166s ]
INFO: [ app_end ] --START--
INFO: Run Behavior\ShowPageTraceBehavior [ RunTime:0.000355s ]
INFO: [ app_end ] --END-- [ RunTime:0.000407s ]

[ 2015-08-13T22:06:03+08:00 ] 111.161.35.123 /admin.php?m=Home&c=User&a=listuser&m=admin&p=2
INFO: [ app_init ] --START--
INFO: Run Behavior\BuildLiteBehavior [ RunTime:0.000017s ]
INFO: [ app_init ] --END-- [ RunTime:0.000307s ]
INFO: [ app_begin ] --START--
INFO: Run Behavior\ReadHtmlCacheBehavior [ RunTime:0.000336s ]
INFO: [ app_begin ] --END-- [ RunTime:0.000388s ]
SQL: SHOW COLUMNS FROM `category` [ RunTime:0.0012s ]
SQL: SELECT * FROM `category` WHERE ( appid=1 AND pid=0 )  [ RunTime:0.0004s ]
SQL: SHOW COLUMNS FROM `app_user` [ RunTime:0.0008s ]
SQL: SELECT COUNT(*) AS tp_count FROM `app_user` WHERE ( devtype='ios' ) LIMIT 1   [ RunTime:0.0003s ]
SQL: SELECT COUNT(*) AS tp_count FROM `app_user` WHERE ( devtype='android' ) LIMIT 1   [ RunTime:0.0003s ]
SQL: SELECT COUNT(*) AS tp_count FROM `app_user` WHERE ( devtype!='ios' and devtype!='android' or devtype is null ) LIMIT 1   [ RunTime:0.0003s ]
SQL: SELECT COUNT(*) AS tp_count FROM `app_user` LIMIT 1   [ RunTime:0.0003s ]
NOTIC: [8] Undefined index: current_time /usr/www/appserver/admin/Home/Controller/UserController.class.php 第 38 行.
NOTIC: [8] Undefined index: old_time /usr/www/appserver/admin/Home/Controller/UserController.class.php 第 39 行.
SQL: SELECT * FROM `app_user` ORDER BY id DESC LIMIT 30,30   [ RunTime:0.0004s ]
INFO: [ view_parse ] --START--
INFO: [ template_filter ] --START--
INFO: Run Behavior\ContentReplaceBehavior [ RunTime:0.000097s ]
INFO: [ template_filter ] --END-- [ RunTime:0.000163s ]
INFO: Run Behavior\ParseTemplateBehavior [ RunTime:0.013405s ]
INFO: [ view_parse ] --END-- [ RunTime:0.013460s ]
INFO: [ view_filter ] --START--
INFO: Run Behavior\WriteHtmlCacheBehavior [ RunTime:0.000128s ]
INFO: [ view_filter ] --END-- [ RunTime:0.000170s ]
INFO: [ app_end ] --START--
INFO: Run Behavior\ShowPageTraceBehavior [ RunTime:0.000348s ]
INFO: [ app_end ] --END-- [ RunTime:0.000408s ]

[ 2015-08-13T22:06:17+08:00 ] 111.161.35.123 /admin.php?m=admin&c=user&a=listuser
INFO: [ app_init ] --START--
INFO: Run Behavior\BuildLiteBehavior [ RunTime:0.000017s ]
INFO: [ app_init ] --END-- [ RunTime:0.000225s ]
INFO: [ app_begin ] --START--
INFO: Run Behavior\ReadHtmlCacheBehavior [ RunTime:0.000306s ]
INFO: [ app_begin ] --END-- [ RunTime:0.000356s ]
SQL: SHOW COLUMNS FROM `category` [ RunTime:0.0011s ]
SQL: SELECT * FROM `category` WHERE ( appid=1 AND pid=0 )  [ RunTime:0.0003s ]
SQL: SHOW COLUMNS FROM `app_user` [ RunTime:0.0008s ]
SQL: SELECT COUNT(*) AS tp_count FROM `app_user` WHERE ( devtype='ios' ) LIMIT 1   [ RunTime:0.0003s ]
SQL: SELECT COUNT(*) AS tp_count FROM `app_user` WHERE ( devtype='android' ) LIMIT 1   [ RunTime:0.0002s ]
SQL: SELECT COUNT(*) AS tp_count FROM `app_user` WHERE ( devtype!='ios' and devtype!='android' or devtype is null ) LIMIT 1   [ RunTime:0.0003s ]
SQL: SELECT COUNT(*) AS tp_count FROM `app_user` LIMIT 1   [ RunTime:0.0002s ]
SQL: SELECT * FROM `app_user` WHERE ( regdate > 1439308800 and regdate < 1439395200 ) ORDER BY id DESC LIMIT 0,30   [ RunTime:0.0005s ]
INFO: [ view_parse ] --START--
INFO: [ template_filter ] --START--
INFO: Run Behavior\ContentReplaceBehavior [ RunTime:0.000117s ]
INFO: [ template_filter ] --END-- [ RunTime:0.000184s ]
INFO: Run Behavior\ParseTemplateBehavior [ RunTime:0.012485s ]
INFO: [ view_parse ] --END-- [ RunTime:0.012535s ]
INFO: [ view_filter ] --START--
INFO: Run Behavior\WriteHtmlCacheBehavior [ RunTime:0.000105s ]
INFO: [ view_filter ] --END-- [ RunTime:0.000147s ]
INFO: [ app_end ] --START--
INFO: Run Behavior\ShowPageTraceBehavior [ RunTime:0.000359s ]
INFO: [ app_end ] --END-- [ RunTime:0.000421s ]

[ 2015-08-13T22:06:27+08:00 ] 111.161.35.123 /admin.php?m=admin&c=user&a=listuser
INFO: [ app_init ] --START--
INFO: Run Behavior\BuildLiteBehavior [ RunTime:0.000013s ]
INFO: [ app_init ] --END-- [ RunTime:0.000234s ]
INFO: [ app_begin ] --START--
INFO: Run Behavior\ReadHtmlCacheBehavior [ RunTime:0.000282s ]
INFO: [ app_begin ] --END-- [ RunTime:0.000332s ]
SQL: SHOW COLUMNS FROM `category` [ RunTime:0.0012s ]
SQL: SELECT * FROM `category` WHERE ( appid=1 AND pid=0 )  [ RunTime:0.0004s ]
SQL: SHOW COLUMNS FROM `app_user` [ RunTime:0.0008s ]
SQL: SELECT COUNT(*) AS tp_count FROM `app_user` WHERE ( devtype='ios' ) LIMIT 1   [ RunTime:0.0003s ]
SQL: SELECT COUNT(*) AS tp_count FROM `app_user` WHERE ( devtype='android' ) LIMIT 1   [ RunTime:0.0002s ]
SQL: SELECT COUNT(*) AS tp_count FROM `app_user` WHERE ( devtype!='ios' and devtype!='android' or devtype is null ) LIMIT 1   [ RunTime:0.0003s ]
SQL: SELECT COUNT(*) AS tp_count FROM `app_user` LIMIT 1   [ RunTime:0.0002s ]
SQL: SELECT * FROM `app_user` WHERE ( regdate > 1439308800 and regdate < 1439395200 ) ORDER BY id DESC LIMIT 0,30   [ RunTime:0.0005s ]
INFO: [ view_parse ] --START--
INFO: [ template_filter ] --START--
INFO: Run Behavior\ContentReplaceBehavior [ RunTime:0.000112s ]
INFO: [ template_filter ] --END-- [ RunTime:0.000164s ]
INFO: Run Behavior\ParseTemplateBehavior [ RunTime:0.013272s ]
INFO: [ view_parse ] --END-- [ RunTime:0.013326s ]
INFO: [ view_filter ] --START--
INFO: Run Behavior\WriteHtmlCacheBehavior [ RunTime:0.000105s ]
INFO: [ view_filter ] --END-- [ RunTime:0.000162s ]
INFO: [ app_end ] --START--
INFO: Run Behavior\ShowPageTraceBehavior [ RunTime:0.000346s ]
INFO: [ app_end ] --END-- [ RunTime:0.000404s ]

[ 2015-08-13T22:06:34+08:00 ] 111.161.35.123 /admin.php?m=admin&c=user&a=listuser&p=2
INFO: [ app_init ] --START--
INFO: Run Behavior\BuildLiteBehavior [ RunTime:0.000034s ]
INFO: [ app_init ] --END-- [ RunTime:0.000257s ]
INFO: [ app_begin ] --START--
INFO: Run Behavior\ReadHtmlCacheBehavior [ RunTime:0.000287s ]
INFO: [ app_begin ] --END-- [ RunTime:0.000334s ]
SQL: SHOW COLUMNS FROM `category` [ RunTime:0.0012s ]
SQL: SELECT * FROM `category` WHERE ( appid=1 AND pid=0 )  [ RunTime:0.0004s ]
SQL: SHOW COLUMNS FROM `app_user` [ RunTime:0.0008s ]
SQL: SELECT COUNT(*) AS tp_count FROM `app_user` WHERE ( devtype='ios' ) LIMIT 1   [ RunTime:0.0003s ]
SQL: SELECT COUNT(*) AS tp_count FROM `app_user` WHERE ( devtype='android' ) LIMIT 1   [ RunTime:0.0003s ]
SQL: SELECT COUNT(*) AS tp_count FROM `app_user` WHERE ( devtype!='ios' and devtype!='android' or devtype is null ) LIMIT 1   [ RunTime:0.0003s ]
SQL: SELECT COUNT(*) AS tp_count FROM `app_user` LIMIT 1   [ RunTime:0.0002s ]
NOTIC: [8] Undefined index: current_time /usr/www/appserver/admin/Home/Controller/UserController.class.php 第 38 行.
NOTIC: [8] Undefined index: old_time /usr/www/appserver/admin/Home/Controller/UserController.class.php 第 39 行.
SQL: SELECT * FROM `app_user` ORDER BY id DESC LIMIT 30,30   [ RunTime:0.0004s ]
INFO: [ view_parse ] --START--
INFO: [ template_filter ] --START--
INFO: Run Behavior\ContentReplaceBehavior [ RunTime:0.000092s ]
INFO: [ template_filter ] --END-- [ RunTime:0.000147s ]
INFO: Run Behavior\ParseTemplateBehavior [ RunTime:0.013092s ]
INFO: [ view_parse ] --END-- [ RunTime:0.013145s ]
INFO: [ view_filter ] --START--
INFO: Run Behavior\WriteHtmlCacheBehavior [ RunTime:0.000103s ]
INFO: [ view_filter ] --END-- [ RunTime:0.000145s ]
INFO: [ app_end ] --START--
INFO: Run Behavior\ShowPageTraceBehavior [ RunTime:0.000553s ]
INFO: [ app_end ] --END-- [ RunTime:0.000670s ]

