[ 2015-09-06T10:05:01+08:00 ] 203.100.95.139 /admin.php
INFO: [ app_init ] --START--
INFO: Run Behavior\BuildLiteBehavior [ RunTime:0.000018s ]
INFO: [ app_init ] --END-- [ RunTime:0.000306s ]
INFO: [ app_begin ] --START--
INFO: Run Behavior\ReadHtmlCacheBehavior [ RunTime:0.000315s ]
INFO: [ app_begin ] --END-- [ RunTime:0.000370s ]
NOTIC: [8] Undefined index: userid /usr/www/appserver/admin/Home/Controller/IndexController.class.php 第 6 行.
INFO: [ view_parse ] --START--
INFO: [ template_filter ] --START--
INFO: Run Behavior\ContentReplaceBehavior [ RunTime:0.000030s ]
INFO: [ template_filter ] --END-- [ RunTime:0.000081s ]
INFO: Run Behavior\ParseTemplateBehavior [ RunTime:0.004771s ]
INFO: [ view_parse ] --END-- [ RunTime:0.004825s ]
INFO: [ view_filter ] --START--
INFO: Run Behavior\WriteHtmlCacheBehavior [ RunTime:0.000110s ]
INFO: [ view_filter ] --END-- [ RunTime:0.000150s ]

[ 2015-09-06T10:05:05+08:00 ] 203.100.95.139 /admin.php?m=admin&c=login
INFO: [ app_init ] --START--
INFO: Run Behavior\BuildLiteBehavior [ RunTime:0.000018s ]
INFO: [ app_init ] --END-- [ RunTime:0.000282s ]
INFO: [ app_begin ] --START--
INFO: Run Behavior\ReadHtmlCacheBehavior [ RunTime:0.000330s ]
INFO: [ app_begin ] --END-- [ RunTime:0.000377s ]
NOTIC: [8] Undefined index: submit /usr/www/appserver/admin/Home/Controller/LoginController.class.php 第 11 行.
INFO: [ view_parse ] --START--
INFO: [ template_filter ] --START--
INFO: Run Behavior\ContentReplaceBehavior [ RunTime:0.000057s ]
INFO: [ template_filter ] --END-- [ RunTime:0.000113s ]
INFO: Run Behavior\ParseTemplateBehavior [ RunTime:0.004961s ]
INFO: [ view_parse ] --END-- [ RunTime:0.005007s ]
INFO: [ view_filter ] --START--
INFO: Run Behavior\WriteHtmlCacheBehavior [ RunTime:0.000100s ]
INFO: [ view_filter ] --END-- [ RunTime:0.000141s ]
INFO: [ app_end ] --START--
INFO: Run Behavior\ShowPageTraceBehavior [ RunTime:0.000352s ]
INFO: [ app_end ] --END-- [ RunTime:0.000396s ]

[ 2015-09-06T10:05:14+08:00 ] 203.100.95.139 /admin.php?m=admin&c=login
INFO: [ app_init ] --START--
INFO: Run Behavior\BuildLiteBehavior [ RunTime:0.000018s ]
INFO: [ app_init ] --END-- [ RunTime:0.000316s ]
INFO: [ app_begin ] --START--
INFO: Run Behavior\ReadHtmlCacheBehavior [ RunTime:0.000379s ]
INFO: [ app_begin ] --END-- [ RunTime:0.000438s ]
SQL: SHOW COLUMNS FROM `admin_user` [ RunTime:0.0009s ]
SQL: SELECT COUNT(*) AS tp_count FROM `admin_user` WHERE ( username='hejianxin' ) LIMIT 1   [ RunTime:0.0003s ]
SQL: SELECT * FROM `admin_user` WHERE ( username='hejianxin' and password='cb2de6a3de3163cfa7d7fdfd2d51bbdf' ) LIMIT 1   [ RunTime:0.0002s ]
INFO: [ view_parse ] --START--
INFO: [ template_filter ] --START--
INFO: Run Behavior\ContentReplaceBehavior [ RunTime:0.000039s ]
INFO: [ template_filter ] --END-- [ RunTime:0.000097s ]
INFO: Run Behavior\ParseTemplateBehavior [ RunTime:0.005029s ]
INFO: [ view_parse ] --END-- [ RunTime:0.005087s ]
INFO: [ view_filter ] --START--
INFO: Run Behavior\WriteHtmlCacheBehavior [ RunTime:0.000113s ]
INFO: [ view_filter ] --END-- [ RunTime:0.000154s ]

[ 2015-09-06T10:05:16+08:00 ] 203.100.95.139 /admin.php?m=admin&c=index
INFO: [ app_init ] --START--
INFO: Run Behavior\BuildLiteBehavior [ RunTime:0.000013s ]
INFO: [ app_init ] --END-- [ RunTime:0.000240s ]
INFO: [ app_begin ] --START--
INFO: Run Behavior\ReadHtmlCacheBehavior [ RunTime:0.000286s ]
INFO: [ app_begin ] --END-- [ RunTime:0.000333s ]
NOTIC: [8] Undefined index: appid /usr/www/appserver/admin/Home/Controller/IndexController.class.php 第 10 行.
INFO: [ view_parse ] --START--
INFO: [ template_filter ] --START--
INFO: Run Behavior\ContentReplaceBehavior [ RunTime:0.000028s ]
INFO: [ template_filter ] --END-- [ RunTime:0.000074s ]
INFO: Run Behavior\ParseTemplateBehavior [ RunTime:0.003972s ]
INFO: [ view_parse ] --END-- [ RunTime:0.004019s ]
INFO: [ view_filter ] --START--
INFO: Run Behavior\WriteHtmlCacheBehavior [ RunTime:0.000118s ]
INFO: [ view_filter ] --END-- [ RunTime:0.000158s ]

[ 2015-09-06T10:05:21+08:00 ] 203.100.95.139 /admin.php?m=admin&c=appmanagement&a=applist
INFO: [ app_init ] --START--
INFO: Run Behavior\BuildLiteBehavior [ RunTime:0.000013s ]
INFO: [ app_init ] --END-- [ RunTime:0.000249s ]
INFO: [ app_begin ] --START--
INFO: Run Behavior\ReadHtmlCacheBehavior [ RunTime:0.000288s ]
INFO: [ app_begin ] --END-- [ RunTime:0.000338s ]
SQL: SHOW COLUMNS FROM `apps` [ RunTime:0.0009s ]
SQL: SELECT * FROM `apps` ORDER BY createtime DESC  [ RunTime:0.0003s ]
NOTIC: [8] Undefined index: appid /usr/www/appserver/admin/Home/Controller/AppmanagementController.class.php 第 25 行.
INFO: [ view_parse ] --START--
INFO: [ template_filter ] --START--
INFO: Run Behavior\ContentReplaceBehavior [ RunTime:0.000089s ]
INFO: [ template_filter ] --END-- [ RunTime:0.000144s ]
NOTIC: [8] Undefined index: appname /usr/www/appserver/admin/Runtime/Cache/Home/ffb36f99d95538f85289046c940db68f.php 第 55 行.
INFO: Run Behavior\ParseTemplateBehavior [ RunTime:0.012395s ]
INFO: [ view_parse ] --END-- [ RunTime:0.012443s ]
INFO: [ view_filter ] --START--
INFO: Run Behavior\WriteHtmlCacheBehavior [ RunTime:0.000102s ]
INFO: [ view_filter ] --END-- [ RunTime:0.000143s ]
INFO: [ app_end ] --START--
INFO: Run Behavior\ShowPageTraceBehavior [ RunTime:0.000595s ]
INFO: [ app_end ] --END-- [ RunTime:0.000703s ]

[ 2015-09-06T10:05:24+08:00 ] 203.100.95.139 /admin.php?c=appmanagement&a=selectapp&id=1
INFO: [ app_init ] --START--
INFO: Run Behavior\BuildLiteBehavior [ RunTime:0.000037s ]
INFO: [ app_init ] --END-- [ RunTime:0.000315s ]
INFO: [ app_begin ] --START--
INFO: Run Behavior\ReadHtmlCacheBehavior [ RunTime:0.000508s ]
INFO: [ app_begin ] --END-- [ RunTime:0.000620s ]
SQL: SHOW COLUMNS FROM `apps` [ RunTime:0.0009s ]
SQL: SELECT * FROM `apps` WHERE ( appswitch=1 AND id=1 ) LIMIT 1   [ RunTime:0.0003s ]
INFO: [ view_parse ] --START--
INFO: [ template_filter ] --START--
INFO: Run Behavior\ContentReplaceBehavior [ RunTime:0.000033s ]
INFO: [ template_filter ] --END-- [ RunTime:0.000088s ]
INFO: Run Behavior\ParseTemplateBehavior [ RunTime:0.004903s ]
INFO: [ view_parse ] --END-- [ RunTime:0.004960s ]
INFO: [ view_filter ] --START--
INFO: Run Behavior\WriteHtmlCacheBehavior [ RunTime:0.000114s ]
INFO: [ view_filter ] --END-- [ RunTime:0.000157s ]
INFO: [ app_end ] --START--
INFO: Run Behavior\ShowPageTraceBehavior [ RunTime:0.000326s ]
INFO: [ app_end ] --END-- [ RunTime:0.000373s ]

[ 2015-09-06T10:05:27+08:00 ] 203.100.95.139 /admin.php?m=admin&c=appmanagement&a=applist
INFO: [ app_init ] --START--
INFO: Run Behavior\BuildLiteBehavior [ RunTime:0.000013s ]
INFO: [ app_init ] --END-- [ RunTime:0.000234s ]
INFO: [ app_begin ] --START--
INFO: Run Behavior\ReadHtmlCacheBehavior [ RunTime:0.000291s ]
INFO: [ app_begin ] --END-- [ RunTime:0.000340s ]
SQL: SHOW COLUMNS FROM `apps` [ RunTime:0.0009s ]
SQL: SELECT * FROM `apps` ORDER BY createtime DESC  [ RunTime:0.0003s ]
INFO: [ view_parse ] --START--
INFO: [ template_filter ] --START--
INFO: Run Behavior\ContentReplaceBehavior [ RunTime:0.000097s ]
INFO: [ template_filter ] --END-- [ RunTime:0.000152s ]
INFO: Run Behavior\ParseTemplateBehavior [ RunTime:0.011695s ]
INFO: [ view_parse ] --END-- [ RunTime:0.011750s ]
INFO: [ view_filter ] --START--
INFO: Run Behavior\WriteHtmlCacheBehavior [ RunTime:0.000101s ]
INFO: [ view_filter ] --END-- [ RunTime:0.000141s ]
INFO: [ app_end ] --START--
INFO: Run Behavior\ShowPageTraceBehavior [ RunTime:0.000568s ]
INFO: [ app_end ] --END-- [ RunTime:0.000678s ]

[ 2015-09-06T10:05:42+08:00 ] 203.100.95.139 /admin.php?m=admin&c=user&a=listuser
INFO: [ app_init ] --START--
INFO: Run Behavior\BuildLiteBehavior [ RunTime:0.000016s ]
INFO: [ app_init ] --END-- [ RunTime:0.000295s ]
INFO: [ app_begin ] --START--
INFO: Run Behavior\ReadHtmlCacheBehavior [ RunTime:0.000329s ]
INFO: [ app_begin ] --END-- [ RunTime:0.000381s ]
SQL: SHOW COLUMNS FROM `category` [ RunTime:0.0008s ]
SQL: SELECT * FROM `category` WHERE ( appid=1 AND pid=0 )  [ RunTime:0.0004s ]
SQL: SHOW COLUMNS FROM `app_user` [ RunTime:0.0006s ]
SQL: SELECT COUNT(*) AS tp_count FROM `app_user` WHERE ( devtype='ios' ) LIMIT 1   [ RunTime:0.0012s ]
SQL: SELECT COUNT(*) AS tp_count FROM `app_user` WHERE ( devtype='android' ) LIMIT 1   [ RunTime:0.0010s ]
SQL: SELECT COUNT(*) AS tp_count FROM `app_user` WHERE ( devtype!='ios' and devtype!='android' or devtype is null ) LIMIT 1   [ RunTime:0.0012s ]
NOTIC: [8] Undefined index: current_time /usr/www/appserver/admin/Home/Controller/UserController.class.php 第 37 行.
NOTIC: [8] Undefined index: old_time /usr/www/appserver/admin/Home/Controller/UserController.class.php 第 38 行.
NOTIC: [8] Undefined index: mobile /usr/www/appserver/admin/Home/Controller/UserController.class.php 第 49 行.
NOTIC: [8] Undefined variable: where /usr/www/appserver/admin/Home/Controller/UserController.class.php 第 57 行.
SQL: SELECT COUNT(*) AS tp_count FROM `app_user` LIMIT 1   [ RunTime:0.0006s ]
NOTIC: [8] Undefined variable: where /usr/www/appserver/admin/Home/Controller/UserController.class.php 第 60 行.
SQL: SELECT * FROM `app_user` ORDER BY id DESC LIMIT 0,30   [ RunTime:0.0004s ]
SQL: UPDATE `app_user` SET `user_location`='上海' WHERE ( id=2389 ) [ RunTime:0.0094s ]
SQL: UPDATE `app_user` SET `user_location`='辽宁' WHERE ( id=2388 ) [ RunTime:0.0065s ]
SQL: UPDATE `app_user` SET `user_location`='广东' WHERE ( id=2387 ) [ RunTime:0.0054s ]
SQL: UPDATE `app_user` SET `user_location`='广东' WHERE ( id=2386 ) [ RunTime:0.0053s ]
SQL: UPDATE `app_user` SET `user_location`='辽宁' WHERE ( id=2385 ) [ RunTime:0.0045s ]
SQL: UPDATE `app_user` SET `user_location`='浙江' WHERE ( id=2384 ) [ RunTime:0.0053s ]
SQL: UPDATE `app_user` SET `user_location`='浙江' WHERE ( id=2383 ) [ RunTime:0.0076s ]
SQL: UPDATE `app_user` SET `user_location`='河南' WHERE ( id=2382 ) [ RunTime:0.0072s ]
SQL: UPDATE `app_user` SET `user_location`='安徽' WHERE ( id=2381 ) [ RunTime:0.0107s ]
SQL: UPDATE `app_user` SET `user_location`='北京' WHERE ( id=2380 ) [ RunTime:0.0040s ]
SQL: UPDATE `app_user` SET `user_location`='河南' WHERE ( id=2379 ) [ RunTime:0.0049s ]
SQL: UPDATE `app_user` SET `user_location`='内蒙古' WHERE ( id=2378 ) [ RunTime:0.0066s ]
SQL: UPDATE `app_user` SET `user_location`='北京' WHERE ( id=2377 ) [ RunTime:0.0074s ]
SQL: UPDATE `app_user` SET `user_location`='广东' WHERE ( id=2376 ) [ RunTime:0.0052s ]
SQL: UPDATE `app_user` SET `user_location`='山东' WHERE ( id=2375 ) [ RunTime:0.0049s ]
SQL: UPDATE `app_user` SET `user_location`='新疆' WHERE ( id=2374 ) [ RunTime:0.0048s ]
SQL: UPDATE `app_user` SET `user_location`='福建' WHERE ( id=2373 ) [ RunTime:0.0042s ]
SQL: UPDATE `app_user` SET `user_location`='上海' WHERE ( id=2372 ) [ RunTime:0.0069s ]
SQL: UPDATE `app_user` SET `user_location`='青海' WHERE ( id=2371 ) [ RunTime:0.0050s ]
SQL: UPDATE `app_user` SET `user_location`='山东' WHERE ( id=2370 ) [ RunTime:0.0062s ]
SQL: UPDATE `app_user` SET `user_location`='陕西' WHERE ( id=2369 ) [ RunTime:0.0063s ]
SQL: UPDATE `app_user` SET `user_location`='山西' WHERE ( id=2368 ) [ RunTime:0.0042s ]
SQL: UPDATE `app_user` SET `user_location`='吉林' WHERE ( id=2367 ) [ RunTime:0.0046s ]
SQL: UPDATE `app_user` SET `user_location`='北京' WHERE ( id=2366 ) [ RunTime:0.0038s ]
SQL: UPDATE `app_user` SET `user_location`='安徽' WHERE ( id=2365 ) [ RunTime:0.0053s ]
SQL: UPDATE `app_user` SET `user_location`='福建' WHERE ( id=2364 ) [ RunTime:0.0056s ]
SQL: UPDATE `app_user` SET `user_location`='云南' WHERE ( id=2363 ) [ RunTime:0.0051s ]
SQL: UPDATE `app_user` SET `user_location`='上海' WHERE ( id=2362 ) [ RunTime:0.0047s ]
SQL: UPDATE `app_user` SET `user_location`='新疆' WHERE ( id=2361 ) [ RunTime:0.0076s ]
SQL: UPDATE `app_user` SET `user_location`='广东' WHERE ( id=2360 ) [ RunTime:0.0043s ]
INFO: [ view_parse ] --START--
INFO: [ template_filter ] --START--
INFO: Run Behavior\ContentReplaceBehavior [ RunTime:0.000127s ]
INFO: [ template_filter ] --END-- [ RunTime:0.000186s ]
INFO: Run Behavior\ParseTemplateBehavior [ RunTime:0.014122s ]
INFO: [ view_parse ] --END-- [ RunTime:0.014180s ]
INFO: [ view_filter ] --START--
INFO: Run Behavior\WriteHtmlCacheBehavior [ RunTime:0.000108s ]
INFO: [ view_filter ] --END-- [ RunTime:0.000151s ]
INFO: [ app_end ] --START--
INFO: Run Behavior\ShowPageTraceBehavior [ RunTime:0.000492s ]
INFO: [ app_end ] --END-- [ RunTime:0.000597s ]

[ 2015-09-06T11:35:44+08:00 ] 203.100.95.139 /admin.php?m=admin&c=activity&a=listactivity
INFO: [ app_init ] --START--
INFO: Run Behavior\BuildLiteBehavior [ RunTime:0.000016s ]
INFO: [ app_init ] --END-- [ RunTime:0.000322s ]
INFO: [ app_begin ] --START--
INFO: Run Behavior\ReadHtmlCacheBehavior [ RunTime:0.000368s ]
INFO: [ app_begin ] --END-- [ RunTime:0.000420s ]
NOTIC: [8] Undefined index: userid /usr/www/appserver/admin/Home/Controller/ActivityController.class.php 第 6 行.
INFO: [ view_parse ] --START--
INFO: [ template_filter ] --START--
INFO: Run Behavior\ContentReplaceBehavior [ RunTime:0.000029s ]
INFO: [ template_filter ] --END-- [ RunTime:0.000081s ]
INFO: Run Behavior\ParseTemplateBehavior [ RunTime:0.004937s ]
INFO: [ view_parse ] --END-- [ RunTime:0.004996s ]
INFO: [ view_filter ] --START--
INFO: Run Behavior\WriteHtmlCacheBehavior [ RunTime:0.000139s ]
INFO: [ view_filter ] --END-- [ RunTime:0.000179s ]

[ 2015-09-06T11:35:47+08:00 ] 203.100.95.139 /admin.php?m=admin&c=login
INFO: [ app_init ] --START--
INFO: Run Behavior\BuildLiteBehavior [ RunTime:0.000013s ]
INFO: [ app_init ] --END-- [ RunTime:0.000255s ]
INFO: [ app_begin ] --START--
INFO: Run Behavior\ReadHtmlCacheBehavior [ RunTime:0.000386s ]
INFO: [ app_begin ] --END-- [ RunTime:0.000438s ]
NOTIC: [8] Undefined index: submit /usr/www/appserver/admin/Home/Controller/LoginController.class.php 第 11 行.
INFO: [ view_parse ] --START--
INFO: [ template_filter ] --START--
INFO: Run Behavior\ContentReplaceBehavior [ RunTime:0.000056s ]
INFO: [ template_filter ] --END-- [ RunTime:0.000115s ]
INFO: Run Behavior\ParseTemplateBehavior [ RunTime:0.005370s ]
INFO: [ view_parse ] --END-- [ RunTime:0.005421s ]
INFO: [ view_filter ] --START--
INFO: Run Behavior\WriteHtmlCacheBehavior [ RunTime:0.000104s ]
INFO: [ view_filter ] --END-- [ RunTime:0.000144s ]
INFO: [ app_end ] --START--
INFO: Run Behavior\ShowPageTraceBehavior [ RunTime:0.000360s ]
INFO: [ app_end ] --END-- [ RunTime:0.000404s ]

[ 2015-09-06T11:35:58+08:00 ] 203.100.95.139 /admin.php?m=admin&c=login
INFO: [ app_init ] --START--
INFO: Run Behavior\BuildLiteBehavior [ RunTime:0.000014s ]
INFO: [ app_init ] --END-- [ RunTime:0.000283s ]
INFO: [ app_begin ] --START--
INFO: Run Behavior\ReadHtmlCacheBehavior [ RunTime:0.000319s ]
INFO: [ app_begin ] --END-- [ RunTime:0.000375s ]
SQL: SHOW COLUMNS FROM `admin_user` [ RunTime:0.0008s ]
SQL: SELECT COUNT(*) AS tp_count FROM `admin_user` WHERE ( username='hejianxin' ) LIMIT 1   [ RunTime:0.0003s ]
SQL: SELECT * FROM `admin_user` WHERE ( username='hejianxin' and password='cb2de6a3de3163cfa7d7fdfd2d51bbdf' ) LIMIT 1   [ RunTime:0.0002s ]
INFO: [ view_parse ] --START--
INFO: [ template_filter ] --START--
INFO: Run Behavior\ContentReplaceBehavior [ RunTime:0.000034s ]
INFO: [ template_filter ] --END-- [ RunTime:0.000100s ]
INFO: Run Behavior\ParseTemplateBehavior [ RunTime:0.005553s ]
INFO: [ view_parse ] --END-- [ RunTime:0.005616s ]
INFO: [ view_filter ] --START--
INFO: Run Behavior\WriteHtmlCacheBehavior [ RunTime:0.000159s ]
INFO: [ view_filter ] --END-- [ RunTime:0.000204s ]

[ 2015-09-06T11:35:59+08:00 ] 203.100.95.139 /admin.php?m=admin&c=index
INFO: [ app_init ] --START--
INFO: Run Behavior\BuildLiteBehavior [ RunTime:0.000013s ]
INFO: [ app_init ] --END-- [ RunTime:0.000262s ]
INFO: [ app_begin ] --START--
INFO: Run Behavior\ReadHtmlCacheBehavior [ RunTime:0.000348s ]
INFO: [ app_begin ] --END-- [ RunTime:0.000399s ]
NOTIC: [8] Undefined index: appid /usr/www/appserver/admin/Home/Controller/IndexController.class.php 第 10 行.
INFO: [ view_parse ] --START--
INFO: [ template_filter ] --START--
INFO: Run Behavior\ContentReplaceBehavior [ RunTime:0.000030s ]
INFO: [ template_filter ] --END-- [ RunTime:0.000086s ]
INFO: Run Behavior\ParseTemplateBehavior [ RunTime:0.004338s ]
INFO: [ view_parse ] --END-- [ RunTime:0.004392s ]
INFO: [ view_filter ] --START--
INFO: Run Behavior\WriteHtmlCacheBehavior [ RunTime:0.000108s ]
INFO: [ view_filter ] --END-- [ RunTime:0.000172s ]

[ 2015-09-06T11:36:02+08:00 ] 203.100.95.139 /admin.php?m=admin&c=appmanagement&a=applist
INFO: [ app_init ] --START--
INFO: Run Behavior\BuildLiteBehavior [ RunTime:0.000014s ]
INFO: [ app_init ] --END-- [ RunTime:0.000315s ]
INFO: [ app_begin ] --START--
INFO: Run Behavior\ReadHtmlCacheBehavior [ RunTime:0.000357s ]
INFO: [ app_begin ] --END-- [ RunTime:0.000421s ]
SQL: SHOW COLUMNS FROM `apps` [ RunTime:0.0008s ]
SQL: SELECT * FROM `apps` ORDER BY createtime DESC  [ RunTime:0.0003s ]
NOTIC: [8] Undefined index: appid /usr/www/appserver/admin/Home/Controller/AppmanagementController.class.php 第 25 行.
INFO: [ view_parse ] --START--
INFO: [ template_filter ] --START--
INFO: Run Behavior\ContentReplaceBehavior [ RunTime:0.000097s ]
INFO: [ template_filter ] --END-- [ RunTime:0.000178s ]
NOTIC: [8] Undefined index: appname /usr/www/appserver/admin/Runtime/Cache/Home/ffb36f99d95538f85289046c940db68f.php 第 55 行.
INFO: Run Behavior\ParseTemplateBehavior [ RunTime:0.012272s ]
INFO: [ view_parse ] --END-- [ RunTime:0.012322s ]
INFO: [ view_filter ] --START--
INFO: Run Behavior\WriteHtmlCacheBehavior [ RunTime:0.000121s ]
INFO: [ view_filter ] --END-- [ RunTime:0.000164s ]
INFO: [ app_end ] --START--
INFO: Run Behavior\ShowPageTraceBehavior [ RunTime:0.000625s ]
INFO: [ app_end ] --END-- [ RunTime:0.000747s ]

[ 2015-09-06T11:36:04+08:00 ] 203.100.95.139 /admin.php?c=appmanagement&a=selectapp&id=1
INFO: [ app_init ] --START--
INFO: Run Behavior\BuildLiteBehavior [ RunTime:0.000034s ]
INFO: [ app_init ] --END-- [ RunTime:0.000297s ]
INFO: [ app_begin ] --START--
INFO: Run Behavior\ReadHtmlCacheBehavior [ RunTime:0.000335s ]
INFO: [ app_begin ] --END-- [ RunTime:0.000387s ]
SQL: SHOW COLUMNS FROM `apps` [ RunTime:0.0009s ]
SQL: SELECT * FROM `apps` WHERE ( appswitch=1 AND id=1 ) LIMIT 1   [ RunTime:0.0003s ]
INFO: [ view_parse ] --START--
INFO: [ template_filter ] --START--
INFO: Run Behavior\ContentReplaceBehavior [ RunTime:0.000035s ]
INFO: [ template_filter ] --END-- [ RunTime:0.000092s ]
INFO: Run Behavior\ParseTemplateBehavior [ RunTime:0.004958s ]
INFO: [ view_parse ] --END-- [ RunTime:0.005061s ]
INFO: [ view_filter ] --START--
INFO: Run Behavior\WriteHtmlCacheBehavior [ RunTime:0.000210s ]
INFO: [ view_filter ] --END-- [ RunTime:0.000268s ]
INFO: [ app_end ] --START--
INFO: Run Behavior\ShowPageTraceBehavior [ RunTime:0.000403s ]
INFO: [ app_end ] --END-- [ RunTime:0.000454s ]

[ 2015-09-06T11:36:05+08:00 ] 203.100.95.139 /admin.php?m=admin&c=appmanagement&a=applist
INFO: [ app_init ] --START--
INFO: Run Behavior\BuildLiteBehavior [ RunTime:0.000012s ]
INFO: [ app_init ] --END-- [ RunTime:0.000255s ]
INFO: [ app_begin ] --START--
INFO: Run Behavior\ReadHtmlCacheBehavior [ RunTime:0.000341s ]
INFO: [ app_begin ] --END-- [ RunTime:0.000393s ]
SQL: SHOW COLUMNS FROM `apps` [ RunTime:0.0007s ]
SQL: SELECT * FROM `apps` ORDER BY createtime DESC  [ RunTime:0.0003s ]
INFO: [ view_parse ] --START--
INFO: [ template_filter ] --START--
INFO: Run Behavior\ContentReplaceBehavior [ RunTime:0.000095s ]
INFO: [ template_filter ] --END-- [ RunTime:0.000150s ]
INFO: Run Behavior\ParseTemplateBehavior [ RunTime:0.011773s ]
INFO: [ view_parse ] --END-- [ RunTime:0.011830s ]
INFO: [ view_filter ] --START--
INFO: Run Behavior\WriteHtmlCacheBehavior [ RunTime:0.000105s ]
INFO: [ view_filter ] --END-- [ RunTime:0.000156s ]
INFO: [ app_end ] --START--
INFO: Run Behavior\ShowPageTraceBehavior [ RunTime:0.000371s ]
INFO: [ app_end ] --END-- [ RunTime:0.000419s ]

[ 2015-09-06T11:36:06+08:00 ] 58.132.173.6 /admin.php?m=admin&c=activity&a=listactivity
INFO: [ app_init ] --START--
INFO: Run Behavior\BuildLiteBehavior [ RunTime:0.000013s ]
INFO: [ app_init ] --END-- [ RunTime:0.000237s ]
INFO: [ app_begin ] --START--
INFO: Run Behavior\ReadHtmlCacheBehavior [ RunTime:0.000291s ]
INFO: [ app_begin ] --END-- [ RunTime:0.000341s ]
SQL: SHOW COLUMNS FROM `activity_count` [ RunTime:0.0010s ]
SQL: SELECT * FROM `activity_count`  [ RunTime:0.0003s ]
INFO: [ view_parse ] --START--
INFO: [ template_filter ] --START--
INFO: Run Behavior\ContentReplaceBehavior [ RunTime:0.000092s ]
INFO: [ template_filter ] --END-- [ RunTime:0.000161s ]
NOTIC: [2] date() expects parameter 2 to be long, string given /usr/www/appserver/admin/Runtime/Cache/Home/4a1990044b7a30301eaf19a735db5574.php 第 364 行.
NOTIC: [2] date() expects parameter 2 to be long, string given /usr/www/appserver/admin/Runtime/Cache/Home/4a1990044b7a30301eaf19a735db5574.php 第 364 行.
NOTIC: [2] date() expects parameter 2 to be long, string given /usr/www/appserver/admin/Runtime/Cache/Home/4a1990044b7a30301eaf19a735db5574.php 第 364 行.
NOTIC: [2] date() expects parameter 2 to be long, string given /usr/www/appserver/admin/Runtime/Cache/Home/4a1990044b7a30301eaf19a735db5574.php 第 364 行.
NOTIC: [2] date() expects parameter 2 to be long, string given /usr/www/appserver/admin/Runtime/Cache/Home/4a1990044b7a30301eaf19a735db5574.php 第 364 行.
INFO: Run Behavior\ParseTemplateBehavior [ RunTime:0.014071s ]
INFO: [ view_parse ] --END-- [ RunTime:0.014150s ]
INFO: [ view_filter ] --START--
INFO: Run Behavior\WriteHtmlCacheBehavior [ RunTime:0.000103s ]
INFO: [ view_filter ] --END-- [ RunTime:0.000144s ]
INFO: [ app_end ] --START--
INFO: Run Behavior\ShowPageTraceBehavior [ RunTime:0.000355s ]
INFO: [ app_end ] --END-- [ RunTime:0.000404s ]

[ 2015-09-06T11:36:36+08:00 ] 58.132.173.6 /admin.php?m=admin&c=activity&a=editactivity&id=3
INFO: [ app_init ] --START--
INFO: Run Behavior\BuildLiteBehavior [ RunTime:0.000015s ]
INFO: [ app_init ] --END-- [ RunTime:0.000390s ]
INFO: [ app_begin ] --START--
INFO: Run Behavior\ReadHtmlCacheBehavior [ RunTime:0.000340s ]
INFO: [ app_begin ] --END-- [ RunTime:0.000392s ]
SQL: SHOW COLUMNS FROM `activity_count` [ RunTime:0.0008s ]
SQL: SELECT * FROM `activity_count` WHERE ( id=3 ) LIMIT 1   [ RunTime:0.0002s ]
NOTIC: [2048] Non-static method Home\Controller\PublicController::getAppInfo() should not be called statically, assuming $this from incompatible context /usr/www/appserver/admin/Home/Controller/ActivityController.class.php 第 88 行.
NOTIC: [2] Missing argument 1 for Home\Controller\PublicController::getAppInfo(), called in /usr/www/appserver/admin/Home/Controller/ActivityController.class.php on line 88 and defined /usr/www/appserver/admin/Home/Controller/PublicController.class.php 第 74 行.
SQL: SHOW COLUMNS FROM `apps` [ RunTime:0.0006s ]
NOTIC: [8] Undefined variable: appid /usr/www/appserver/admin/Home/Controller/PublicController.class.php 第 76 行.
SQL: SELECT * FROM `apps` WHERE ( id=1 ) LIMIT 1   [ RunTime:0.0002s ]
INFO: [ view_parse ] --START--
INFO: [ template_filter ] --START--
INFO: Run Behavior\ContentReplaceBehavior [ RunTime:0.000116s ]
INFO: [ template_filter ] --END-- [ RunTime:0.000173s ]
NOTIC: [8] Undefined variable: appinfo /usr/www/appserver/admin/Runtime/Cache/Home/019f22303bfabcf84d14c824d245584a.php 第 355 行.
NOTIC: [2] date() expects parameter 2 to be long, string given /usr/www/appserver/admin/Runtime/Cache/Home/019f22303bfabcf84d14c824d245584a.php 第 369 行.
INFO: Run Behavior\ParseTemplateBehavior [ RunTime:0.027348s ]
INFO: [ view_parse ] --END-- [ RunTime:0.027398s ]
INFO: [ view_filter ] --START--
INFO: Run Behavior\WriteHtmlCacheBehavior [ RunTime:0.000104s ]
INFO: [ view_filter ] --END-- [ RunTime:0.000145s ]
INFO: [ app_end ] --START--
INFO: Run Behavior\ShowPageTraceBehavior [ RunTime:0.000340s ]
INFO: [ app_end ] --END-- [ RunTime:0.000396s ]

[ 2015-09-06T11:36:41+08:00 ] 58.132.173.6 /admin.php?m=admin&c=activity&a=runeditactivity
INFO: [ app_init ] --START--
INFO: Run Behavior\BuildLiteBehavior [ RunTime:0.000015s ]
INFO: [ app_init ] --END-- [ RunTime:0.000275s ]
INFO: [ app_begin ] --START--
INFO: Run Behavior\ReadHtmlCacheBehavior [ RunTime:0.000319s ]
INFO: [ app_begin ] --END-- [ RunTime:0.000375s ]
SQL: SHOW COLUMNS FROM `activity_count` [ RunTime:0.0009s ]
SQL: UPDATE `activity_count` SET `activity_name`='专人规划',`appid`='0',`end_time`='',`activity_code`='zrgh',`total`='15',`count`='0',`uri`='',`activity_desc`='<font face=\"Arial, Verdana\"><span style=\"font-size: 13.3333330154419px;\">专人规划</span></font>',`activity_switch`='1' WHERE ( id=3 ) [ RunTime:0.0096s ]
INFO: [ view_parse ] --START--
INFO: [ template_filter ] --START--
INFO: Run Behavior\ContentReplaceBehavior [ RunTime:0.000044s ]
INFO: [ template_filter ] --END-- [ RunTime:0.000107s ]
INFO: Run Behavior\ParseTemplateBehavior [ RunTime:0.005060s ]
INFO: [ view_parse ] --END-- [ RunTime:0.005128s ]
INFO: [ view_filter ] --START--
INFO: Run Behavior\WriteHtmlCacheBehavior [ RunTime:0.000121s ]
INFO: [ view_filter ] --END-- [ RunTime:0.000164s ]
INFO: [ app_end ] --START--
INFO: Run Behavior\ShowPageTraceBehavior [ RunTime:0.000346s ]
INFO: [ app_end ] --END-- [ RunTime:0.000404s ]

[ 2015-09-06T11:36:42+08:00 ] 58.132.173.6 /admin.php?m=admin&c=activity&a=listactivity
INFO: [ app_init ] --START--
INFO: Run Behavior\BuildLiteBehavior [ RunTime:0.000014s ]
INFO: [ app_init ] --END-- [ RunTime:0.000258s ]
INFO: [ app_begin ] --START--
INFO: Run Behavior\ReadHtmlCacheBehavior [ RunTime:0.000367s ]
INFO: [ app_begin ] --END-- [ RunTime:0.000420s ]
SQL: SHOW COLUMNS FROM `activity_count` [ RunTime:0.0008s ]
SQL: SELECT * FROM `activity_count`  [ RunTime:0.0003s ]
INFO: [ view_parse ] --START--
INFO: [ template_filter ] --START--
INFO: Run Behavior\ContentReplaceBehavior [ RunTime:0.000091s ]
INFO: [ template_filter ] --END-- [ RunTime:0.000143s ]
NOTIC: [2] date() expects parameter 2 to be long, string given /usr/www/appserver/admin/Runtime/Cache/Home/4a1990044b7a30301eaf19a735db5574.php 第 364 行.
NOTIC: [2] date() expects parameter 2 to be long, string given /usr/www/appserver/admin/Runtime/Cache/Home/4a1990044b7a30301eaf19a735db5574.php 第 364 行.
NOTIC: [2] date() expects parameter 2 to be long, string given /usr/www/appserver/admin/Runtime/Cache/Home/4a1990044b7a30301eaf19a735db5574.php 第 364 行.
NOTIC: [2] date() expects parameter 2 to be long, string given /usr/www/appserver/admin/Runtime/Cache/Home/4a1990044b7a30301eaf19a735db5574.php 第 364 行.
NOTIC: [2] date() expects parameter 2 to be long, string given /usr/www/appserver/admin/Runtime/Cache/Home/4a1990044b7a30301eaf19a735db5574.php 第 364 行.
INFO: Run Behavior\ParseTemplateBehavior [ RunTime:0.012066s ]
INFO: [ view_parse ] --END-- [ RunTime:0.012119s ]
INFO: [ view_filter ] --START--
INFO: Run Behavior\WriteHtmlCacheBehavior [ RunTime:0.000105s ]
INFO: [ view_filter ] --END-- [ RunTime:0.000146s ]
INFO: [ app_end ] --START--
INFO: Run Behavior\ShowPageTraceBehavior [ RunTime:0.000339s ]
INFO: [ app_end ] --END-- [ RunTime:0.000409s ]

[ 2015-09-06T11:36:44+08:00 ] 58.132.173.6 /admin.php?m=admin&c=activity&a=editactivity&id=5
INFO: [ app_init ] --START--
INFO: Run Behavior\BuildLiteBehavior [ RunTime:0.000017s ]
INFO: [ app_init ] --END-- [ RunTime:0.000309s ]
INFO: [ app_begin ] --START--
INFO: Run Behavior\ReadHtmlCacheBehavior [ RunTime:0.000329s ]
INFO: [ app_begin ] --END-- [ RunTime:0.000381s ]
SQL: SHOW COLUMNS FROM `activity_count` [ RunTime:0.0008s ]
SQL: SELECT * FROM `activity_count` WHERE ( id=5 ) LIMIT 1   [ RunTime:0.0005s ]
NOTIC: [2048] Non-static method Home\Controller\PublicController::getAppInfo() should not be called statically, assuming $this from incompatible context /usr/www/appserver/admin/Home/Controller/ActivityController.class.php 第 83 行.
SQL: SHOW COLUMNS FROM `apps` [ RunTime:0.0007s ]
SQL: SELECT * FROM `apps` WHERE ( id=2 ) LIMIT 1   [ RunTime:0.0003s ]
INFO: [ view_parse ] --START--
INFO: [ template_filter ] --START--
INFO: Run Behavior\ContentReplaceBehavior [ RunTime:0.000133s ]
INFO: [ template_filter ] --END-- [ RunTime:0.000193s ]
NOTIC: [2] date() expects parameter 2 to be long, string given /usr/www/appserver/admin/Runtime/Cache/Home/019f22303bfabcf84d14c824d245584a.php 第 369 行.
INFO: Run Behavior\ParseTemplateBehavior [ RunTime:0.012669s ]
INFO: [ view_parse ] --END-- [ RunTime:0.012723s ]
INFO: [ view_filter ] --START--
INFO: Run Behavior\WriteHtmlCacheBehavior [ RunTime:0.000126s ]
INFO: [ view_filter ] --END-- [ RunTime:0.000166s ]
INFO: [ app_end ] --START--
INFO: Run Behavior\ShowPageTraceBehavior [ RunTime:0.000392s ]
INFO: [ app_end ] --END-- [ RunTime:0.000453s ]

[ 2015-09-06T11:36:47+08:00 ] 58.132.173.6 /admin.php?m=admin&c=activity&a=runeditactivity
INFO: [ app_init ] --START--
INFO: Run Behavior\BuildLiteBehavior [ RunTime:0.000014s ]
INFO: [ app_init ] --END-- [ RunTime:0.000254s ]
INFO: [ app_begin ] --START--
INFO: Run Behavior\ReadHtmlCacheBehavior [ RunTime:0.000287s ]
INFO: [ app_begin ] --END-- [ RunTime:0.000337s ]
SQL: SHOW COLUMNS FROM `activity_count` [ RunTime:0.0008s ]
SQL: UPDATE `activity_count` SET `activity_name`='专人规划',`appid`='2',`end_time`='',`activity_code`='zrgh',`total`='15',`count`='0',`uri`='',`activity_desc`='<font face=\"Arial, Verdana\"><span style=\"font-size: 13.3333330154419px;\">专人规划</span></font>',`activity_switch`='1' WHERE ( id=5 ) [ RunTime:0.0064s ]
INFO: [ view_parse ] --START--
INFO: [ template_filter ] --START--
INFO: Run Behavior\ContentReplaceBehavior [ RunTime:0.000039s ]
INFO: [ template_filter ] --END-- [ RunTime:0.000131s ]
INFO: Run Behavior\ParseTemplateBehavior [ RunTime:0.004311s ]
INFO: [ view_parse ] --END-- [ RunTime:0.004390s ]
INFO: [ view_filter ] --START--
INFO: Run Behavior\WriteHtmlCacheBehavior [ RunTime:0.000107s ]
INFO: [ view_filter ] --END-- [ RunTime:0.000147s ]
INFO: [ app_end ] --START--
INFO: Run Behavior\ShowPageTraceBehavior [ RunTime:0.000322s ]
INFO: [ app_end ] --END-- [ RunTime:0.000370s ]

[ 2015-09-06T11:36:48+08:00 ] 58.132.173.6 /admin.php?m=admin&c=activity&a=listactivity
INFO: [ app_init ] --START--
INFO: Run Behavior\BuildLiteBehavior [ RunTime:0.000014s ]
INFO: [ app_init ] --END-- [ RunTime:0.000231s ]
INFO: [ app_begin ] --START--
INFO: Run Behavior\ReadHtmlCacheBehavior [ RunTime:0.000311s ]
INFO: [ app_begin ] --END-- [ RunTime:0.000358s ]
SQL: SHOW COLUMNS FROM `activity_count` [ RunTime:0.0008s ]
SQL: SELECT * FROM `activity_count`  [ RunTime:0.0002s ]
INFO: [ view_parse ] --START--
INFO: [ template_filter ] --START--
INFO: Run Behavior\ContentReplaceBehavior [ RunTime:0.000087s ]
INFO: [ template_filter ] --END-- [ RunTime:0.000136s ]
NOTIC: [2] date() expects parameter 2 to be long, string given /usr/www/appserver/admin/Runtime/Cache/Home/4a1990044b7a30301eaf19a735db5574.php 第 364 行.
NOTIC: [2] date() expects parameter 2 to be long, string given /usr/www/appserver/admin/Runtime/Cache/Home/4a1990044b7a30301eaf19a735db5574.php 第 364 行.
NOTIC: [2] date() expects parameter 2 to be long, string given /usr/www/appserver/admin/Runtime/Cache/Home/4a1990044b7a30301eaf19a735db5574.php 第 364 行.
NOTIC: [2] date() expects parameter 2 to be long, string given /usr/www/appserver/admin/Runtime/Cache/Home/4a1990044b7a30301eaf19a735db5574.php 第 364 行.
NOTIC: [2] date() expects parameter 2 to be long, string given /usr/www/appserver/admin/Runtime/Cache/Home/4a1990044b7a30301eaf19a735db5574.php 第 364 行.
INFO: Run Behavior\ParseTemplateBehavior [ RunTime:0.011947s ]
INFO: [ view_parse ] --END-- [ RunTime:0.011999s ]
INFO: [ view_filter ] --START--
INFO: Run Behavior\WriteHtmlCacheBehavior [ RunTime:0.000103s ]
INFO: [ view_filter ] --END-- [ RunTime:0.000146s ]
INFO: [ app_end ] --START--
INFO: Run Behavior\ShowPageTraceBehavior [ RunTime:0.000329s ]
INFO: [ app_end ] --END-- [ RunTime:0.000376s ]

[ 2015-09-06T11:36:50+08:00 ] 203.100.95.139 /admin.php?m=admin&c=activity&a=editactivity&id=2
INFO: [ app_init ] --START--
INFO: Run Behavior\BuildLiteBehavior [ RunTime:0.000016s ]
INFO: [ app_init ] --END-- [ RunTime:0.000317s ]
INFO: [ app_begin ] --START--
INFO: Run Behavior\ReadHtmlCacheBehavior [ RunTime:0.000320s ]
INFO: [ app_begin ] --END-- [ RunTime:0.000376s ]
SQL: SHOW COLUMNS FROM `activity_count` [ RunTime:0.0008s ]
SQL: SELECT * FROM `activity_count` WHERE ( id=2 ) LIMIT 1   [ RunTime:0.0003s ]
NOTIC: [2048] Non-static method Home\Controller\PublicController::getAppInfo() should not be called statically, assuming $this from incompatible context /usr/www/appserver/admin/Home/Controller/ActivityController.class.php 第 88 行.
NOTIC: [2] Missing argument 1 for Home\Controller\PublicController::getAppInfo(), called in /usr/www/appserver/admin/Home/Controller/ActivityController.class.php on line 88 and defined /usr/www/appserver/admin/Home/Controller/PublicController.class.php 第 74 行.
SQL: SHOW COLUMNS FROM `apps` [ RunTime:0.0006s ]
NOTIC: [8] Undefined variable: appid /usr/www/appserver/admin/Home/Controller/PublicController.class.php 第 76 行.
SQL: SELECT * FROM `apps` WHERE ( id=1 ) LIMIT 1   [ RunTime:0.0002s ]
INFO: [ view_parse ] --START--
INFO: [ template_filter ] --START--
INFO: Run Behavior\ContentReplaceBehavior [ RunTime:0.000110s ]
INFO: [ template_filter ] --END-- [ RunTime:0.000164s ]
NOTIC: [8] Undefined variable: appinfo /usr/www/appserver/admin/Runtime/Cache/Home/019f22303bfabcf84d14c824d245584a.php 第 355 行.
NOTIC: [2] date() expects parameter 2 to be long, string given /usr/www/appserver/admin/Runtime/Cache/Home/019f22303bfabcf84d14c824d245584a.php 第 369 行.
INFO: Run Behavior\ParseTemplateBehavior [ RunTime:0.012417s ]
INFO: [ view_parse ] --END-- [ RunTime:0.012476s ]
INFO: [ view_filter ] --START--
INFO: Run Behavior\WriteHtmlCacheBehavior [ RunTime:0.000108s ]
INFO: [ view_filter ] --END-- [ RunTime:0.000150s ]
INFO: [ app_end ] --START--
INFO: Run Behavior\ShowPageTraceBehavior [ RunTime:0.000423s ]
INFO: [ app_end ] --END-- [ RunTime:0.000521s ]

[ 2015-09-06T11:36:53+08:00 ] 58.132.173.6 /admin.php?m=admin&c=activity&a=runeditactivity
INFO: [ app_init ] --START--
INFO: Run Behavior\BuildLiteBehavior [ RunTime:0.000014s ]
INFO: [ app_init ] --END-- [ RunTime:0.000234s ]
INFO: [ app_begin ] --START--
INFO: Run Behavior\ReadHtmlCacheBehavior [ RunTime:0.000305s ]
INFO: [ app_begin ] --END-- [ RunTime:0.000356s ]
SQL: SHOW COLUMNS FROM `activity_count` [ RunTime:0.0008s ]
SQL: UPDATE `activity_count` SET `activity_name`='口语模考',`appid`='0',`end_time`='',`activity_code`='kymk',`total`='15',`count`='0',`uri`='',`activity_desc`='<font face=\"Arial, Verdana\"><span style=\"font-size: 13.3333330154419px;\">口语模考数量50</span></font>',`activity_switch`='1' WHERE ( id=2 ) [ RunTime:0.0062s ]
INFO: [ view_parse ] --START--
INFO: [ template_filter ] --START--
INFO: Run Behavior\ContentReplaceBehavior [ RunTime:0.000058s ]
INFO: [ template_filter ] --END-- [ RunTime:0.000120s ]
INFO: Run Behavior\ParseTemplateBehavior [ RunTime:0.004293s ]
INFO: [ view_parse ] --END-- [ RunTime:0.004347s ]
INFO: [ view_filter ] --START--
INFO: Run Behavior\WriteHtmlCacheBehavior [ RunTime:0.000101s ]
INFO: [ view_filter ] --END-- [ RunTime:0.000141s ]
INFO: [ app_end ] --START--
INFO: Run Behavior\ShowPageTraceBehavior [ RunTime:0.000340s ]
INFO: [ app_end ] --END-- [ RunTime:0.000397s ]

[ 2015-09-06T11:36:54+08:00 ] 58.132.173.6 /admin.php?m=admin&c=activity&a=listactivity
INFO: [ app_init ] --START--
INFO: Run Behavior\BuildLiteBehavior [ RunTime:0.000014s ]
INFO: [ app_init ] --END-- [ RunTime:0.000260s ]
INFO: [ app_begin ] --START--
INFO: Run Behavior\ReadHtmlCacheBehavior [ RunTime:0.000286s ]
INFO: [ app_begin ] --END-- [ RunTime:0.000334s ]
SQL: SHOW COLUMNS FROM `activity_count` [ RunTime:0.0008s ]
SQL: SELECT * FROM `activity_count`  [ RunTime:0.0002s ]
INFO: [ view_parse ] --START--
INFO: [ template_filter ] --START--
INFO: Run Behavior\ContentReplaceBehavior [ RunTime:0.000101s ]
INFO: [ template_filter ] --END-- [ RunTime:0.000160s ]
NOTIC: [2] date() expects parameter 2 to be long, string given /usr/www/appserver/admin/Runtime/Cache/Home/4a1990044b7a30301eaf19a735db5574.php 第 364 行.
NOTIC: [2] date() expects parameter 2 to be long, string given /usr/www/appserver/admin/Runtime/Cache/Home/4a1990044b7a30301eaf19a735db5574.php 第 364 行.
NOTIC: [2] date() expects parameter 2 to be long, string given /usr/www/appserver/admin/Runtime/Cache/Home/4a1990044b7a30301eaf19a735db5574.php 第 364 行.
NOTIC: [2] date() expects parameter 2 to be long, string given /usr/www/appserver/admin/Runtime/Cache/Home/4a1990044b7a30301eaf19a735db5574.php 第 364 行.
NOTIC: [2] date() expects parameter 2 to be long, string given /usr/www/appserver/admin/Runtime/Cache/Home/4a1990044b7a30301eaf19a735db5574.php 第 364 行.
INFO: Run Behavior\ParseTemplateBehavior [ RunTime:0.012443s ]
INFO: [ view_parse ] --END-- [ RunTime:0.012533s ]
INFO: [ view_filter ] --START--
INFO: Run Behavior\WriteHtmlCacheBehavior [ RunTime:0.000102s ]
INFO: [ view_filter ] --END-- [ RunTime:0.000144s ]
INFO: [ app_end ] --START--
INFO: Run Behavior\ShowPageTraceBehavior [ RunTime:0.000352s ]
INFO: [ app_end ] --END-- [ RunTime:0.000399s ]

[ 2015-09-06T11:36:57+08:00 ] 58.132.173.6 /admin.php?m=admin&c=activity&a=editactivity&id=1
INFO: [ app_init ] --START--
INFO: Run Behavior\BuildLiteBehavior [ RunTime:0.000014s ]
INFO: [ app_init ] --END-- [ RunTime:0.000247s ]
INFO: [ app_begin ] --START--
INFO: Run Behavior\ReadHtmlCacheBehavior [ RunTime:0.000294s ]
INFO: [ app_begin ] --END-- [ RunTime:0.000342s ]
SQL: SHOW COLUMNS FROM `activity_count` [ RunTime:0.0008s ]
SQL: SELECT * FROM `activity_count` WHERE ( id=1 ) LIMIT 1   [ RunTime:0.0003s ]
NOTIC: [2048] Non-static method Home\Controller\PublicController::getAppInfo() should not be called statically, assuming $this from incompatible context /usr/www/appserver/admin/Home/Controller/ActivityController.class.php 第 88 行.
NOTIC: [2] Missing argument 1 for Home\Controller\PublicController::getAppInfo(), called in /usr/www/appserver/admin/Home/Controller/ActivityController.class.php on line 88 and defined /usr/www/appserver/admin/Home/Controller/PublicController.class.php 第 74 行.
SQL: SHOW COLUMNS FROM `apps` [ RunTime:0.0006s ]
NOTIC: [8] Undefined variable: appid /usr/www/appserver/admin/Home/Controller/PublicController.class.php 第 76 行.
SQL: SELECT * FROM `apps` WHERE ( id=1 ) LIMIT 1   [ RunTime:0.0002s ]
INFO: [ view_parse ] --START--
INFO: [ template_filter ] --START--
INFO: Run Behavior\ContentReplaceBehavior [ RunTime:0.000110s ]
INFO: [ template_filter ] --END-- [ RunTime:0.000163s ]
NOTIC: [8] Undefined variable: appinfo /usr/www/appserver/admin/Runtime/Cache/Home/019f22303bfabcf84d14c824d245584a.php 第 355 行.
NOTIC: [2] date() expects parameter 2 to be long, string given /usr/www/appserver/admin/Runtime/Cache/Home/019f22303bfabcf84d14c824d245584a.php 第 369 行.
INFO: Run Behavior\ParseTemplateBehavior [ RunTime:0.011960s ]
INFO: [ view_parse ] --END-- [ RunTime:0.012015s ]
INFO: [ view_filter ] --START--
INFO: Run Behavior\WriteHtmlCacheBehavior [ RunTime:0.000099s ]
INFO: [ view_filter ] --END-- [ RunTime:0.000163s ]
INFO: [ app_end ] --START--
INFO: Run Behavior\ShowPageTraceBehavior [ RunTime:0.000337s ]
INFO: [ app_end ] --END-- [ RunTime:0.000388s ]

[ 2015-09-06T11:36:59+08:00 ] 58.132.173.6 /admin.php?m=admin&c=activity&a=runeditactivity
INFO: [ app_init ] --START--
INFO: Run Behavior\BuildLiteBehavior [ RunTime:0.000032s ]
INFO: [ app_init ] --END-- [ RunTime:0.000252s ]
INFO: [ app_begin ] --START--
INFO: Run Behavior\ReadHtmlCacheBehavior [ RunTime:0.000282s ]
INFO: [ app_begin ] --END-- [ RunTime:0.000331s ]
SQL: SHOW COLUMNS FROM `activity_count` [ RunTime:0.0008s ]
SQL: UPDATE `activity_count` SET `activity_name`='考题预测',`appid`='0',`end_time`='',`activity_code`='ktyc',`total`='15',`count`='0',`uri`='',`activity_desc`='<font face=\"Arial, Verdana\"><span style=\"font-size: 13.3333330154419px;\">考题预测名额50个</span></font>',`activity_switch`='1' WHERE ( id=1 ) [ RunTime:0.0072s ]
INFO: [ view_parse ] --START--
INFO: [ template_filter ] --START--
INFO: Run Behavior\ContentReplaceBehavior [ RunTime:0.000032s ]
INFO: [ template_filter ] --END-- [ RunTime:0.000091s ]
INFO: Run Behavior\ParseTemplateBehavior [ RunTime:0.004204s ]
INFO: [ view_parse ] --END-- [ RunTime:0.004256s ]
INFO: [ view_filter ] --START--
INFO: Run Behavior\WriteHtmlCacheBehavior [ RunTime:0.000098s ]
INFO: [ view_filter ] --END-- [ RunTime:0.000139s ]
INFO: [ app_end ] --START--
INFO: Run Behavior\ShowPageTraceBehavior [ RunTime:0.000310s ]
INFO: [ app_end ] --END-- [ RunTime:0.000359s ]

[ 2015-09-06T11:37:00+08:00 ] 58.132.173.6 /admin.php?m=admin&c=activity&a=listactivity
INFO: [ app_init ] --START--
INFO: Run Behavior\BuildLiteBehavior [ RunTime:0.000015s ]
INFO: [ app_init ] --END-- [ RunTime:0.000286s ]
INFO: [ app_begin ] --START--
INFO: Run Behavior\ReadHtmlCacheBehavior [ RunTime:0.000337s ]
INFO: [ app_begin ] --END-- [ RunTime:0.000387s ]
SQL: SHOW COLUMNS FROM `activity_count` [ RunTime:0.0009s ]
SQL: SELECT * FROM `activity_count`  [ RunTime:0.0002s ]
INFO: [ view_parse ] --START--
INFO: [ template_filter ] --START--
INFO: Run Behavior\ContentReplaceBehavior [ RunTime:0.000120s ]
INFO: [ template_filter ] --END-- [ RunTime:0.000207s ]
NOTIC: [2] date() expects parameter 2 to be long, string given /usr/www/appserver/admin/Runtime/Cache/Home/4a1990044b7a30301eaf19a735db5574.php 第 364 行.
NOTIC: [2] date() expects parameter 2 to be long, string given /usr/www/appserver/admin/Runtime/Cache/Home/4a1990044b7a30301eaf19a735db5574.php 第 364 行.
NOTIC: [2] date() expects parameter 2 to be long, string given /usr/www/appserver/admin/Runtime/Cache/Home/4a1990044b7a30301eaf19a735db5574.php 第 364 行.
NOTIC: [2] date() expects parameter 2 to be long, string given /usr/www/appserver/admin/Runtime/Cache/Home/4a1990044b7a30301eaf19a735db5574.php 第 364 行.
NOTIC: [2] date() expects parameter 2 to be long, string given /usr/www/appserver/admin/Runtime/Cache/Home/4a1990044b7a30301eaf19a735db5574.php 第 364 行.
INFO: Run Behavior\ParseTemplateBehavior [ RunTime:0.012582s ]
INFO: [ view_parse ] --END-- [ RunTime:0.012640s ]
INFO: [ view_filter ] --START--
INFO: Run Behavior\WriteHtmlCacheBehavior [ RunTime:0.000115s ]
INFO: [ view_filter ] --END-- [ RunTime:0.000167s ]
INFO: [ app_end ] --START--
INFO: Run Behavior\ShowPageTraceBehavior [ RunTime:0.000427s ]
INFO: [ app_end ] --END-- [ RunTime:0.000478s ]

[ 2015-09-06T11:37:03+08:00 ] 58.132.173.6 /admin.php?m=admin&c=activity&a=editactivity&id=4
INFO: [ app_init ] --START--
INFO: Run Behavior\BuildLiteBehavior [ RunTime:0.000013s ]
INFO: [ app_init ] --END-- [ RunTime:0.000231s ]
INFO: [ app_begin ] --START--
INFO: Run Behavior\ReadHtmlCacheBehavior [ RunTime:0.000306s ]
INFO: [ app_begin ] --END-- [ RunTime:0.000354s ]
SQL: SHOW COLUMNS FROM `activity_count` [ RunTime:0.0008s ]
SQL: SELECT * FROM `activity_count` WHERE ( id=4 ) LIMIT 1   [ RunTime:0.0003s ]
NOTIC: [2048] Non-static method Home\Controller\PublicController::getAppInfo() should not be called statically, assuming $this from incompatible context /usr/www/appserver/admin/Home/Controller/ActivityController.class.php 第 88 行.
NOTIC: [2] Missing argument 1 for Home\Controller\PublicController::getAppInfo(), called in /usr/www/appserver/admin/Home/Controller/ActivityController.class.php on line 88 and defined /usr/www/appserver/admin/Home/Controller/PublicController.class.php 第 74 行.
SQL: SHOW COLUMNS FROM `apps` [ RunTime:0.0006s ]
NOTIC: [8] Undefined variable: appid /usr/www/appserver/admin/Home/Controller/PublicController.class.php 第 76 行.
SQL: SELECT * FROM `apps` WHERE ( id=1 ) LIMIT 1   [ RunTime:0.0002s ]
INFO: [ view_parse ] --START--
INFO: [ template_filter ] --START--
INFO: Run Behavior\ContentReplaceBehavior [ RunTime:0.000142s ]
INFO: [ template_filter ] --END-- [ RunTime:0.000205s ]
NOTIC: [8] Undefined variable: appinfo /usr/www/appserver/admin/Runtime/Cache/Home/019f22303bfabcf84d14c824d245584a.php 第 355 行.
NOTIC: [2] date() expects parameter 2 to be long, string given /usr/www/appserver/admin/Runtime/Cache/Home/019f22303bfabcf84d14c824d245584a.php 第 369 行.
INFO: Run Behavior\ParseTemplateBehavior [ RunTime:0.012147s ]
INFO: [ view_parse ] --END-- [ RunTime:0.012194s ]
INFO: [ view_filter ] --START--
INFO: Run Behavior\WriteHtmlCacheBehavior [ RunTime:0.000103s ]
INFO: [ view_filter ] --END-- [ RunTime:0.000145s ]
INFO: [ app_end ] --START--
INFO: Run Behavior\ShowPageTraceBehavior [ RunTime:0.000330s ]
INFO: [ app_end ] --END-- [ RunTime:0.000387s ]

[ 2015-09-06T11:37:06+08:00 ] 58.132.173.6 /admin.php?m=admin&c=activity&a=runeditactivity
INFO: [ app_init ] --START--
INFO: Run Behavior\BuildLiteBehavior [ RunTime:0.000013s ]
INFO: [ app_init ] --END-- [ RunTime:0.000276s ]
INFO: [ app_begin ] --START--
INFO: Run Behavior\ReadHtmlCacheBehavior [ RunTime:0.000297s ]
INFO: [ app_begin ] --END-- [ RunTime:0.000346s ]
SQL: SHOW COLUMNS FROM `activity_count` [ RunTime:0.0008s ]
SQL: UPDATE `activity_count` SET `activity_name`='语音纠正',`appid`='0',`end_time`='',`activity_code`='yyjz',`total`='15',`count`='0',`uri`='',`activity_desc`='<font face=\"Arial, Verdana\"><span style=\"font-size: 13.3333330154419px;\">语音纠正</span></font>',`activity_switch`='1' WHERE ( id=4 ) [ RunTime:0.0085s ]
INFO: [ view_parse ] --START--
INFO: [ template_filter ] --START--
INFO: Run Behavior\ContentReplaceBehavior [ RunTime:0.000058s ]
INFO: [ template_filter ] --END-- [ RunTime:0.000195s ]
INFO: Run Behavior\ParseTemplateBehavior [ RunTime:0.005500s ]
INFO: [ view_parse ] --END-- [ RunTime:0.005576s ]
INFO: [ view_filter ] --START--
INFO: Run Behavior\WriteHtmlCacheBehavior [ RunTime:0.000139s ]
INFO: [ view_filter ] --END-- [ RunTime:0.000227s ]
INFO: [ app_end ] --START--
INFO: Run Behavior\ShowPageTraceBehavior [ RunTime:0.000456s ]
INFO: [ app_end ] --END-- [ RunTime:0.000531s ]

[ 2015-09-06T11:37:07+08:00 ] 58.132.173.6 /admin.php?m=admin&c=activity&a=listactivity
INFO: [ app_init ] --START--
INFO: Run Behavior\BuildLiteBehavior [ RunTime:0.000014s ]
INFO: [ app_init ] --END-- [ RunTime:0.000233s ]
INFO: [ app_begin ] --START--
INFO: Run Behavior\ReadHtmlCacheBehavior [ RunTime:0.000285s ]
INFO: [ app_begin ] --END-- [ RunTime:0.000333s ]
SQL: SHOW COLUMNS FROM `activity_count` [ RunTime:0.0008s ]
SQL: SELECT * FROM `activity_count`  [ RunTime:0.0003s ]
INFO: [ view_parse ] --START--
INFO: [ template_filter ] --START--
INFO: Run Behavior\ContentReplaceBehavior [ RunTime:0.000100s ]
INFO: [ template_filter ] --END-- [ RunTime:0.000172s ]
NOTIC: [2] date() expects parameter 2 to be long, string given /usr/www/appserver/admin/Runtime/Cache/Home/4a1990044b7a30301eaf19a735db5574.php 第 364 行.
NOTIC: [2] date() expects parameter 2 to be long, string given /usr/www/appserver/admin/Runtime/Cache/Home/4a1990044b7a30301eaf19a735db5574.php 第 364 行.
NOTIC: [2] date() expects parameter 2 to be long, string given /usr/www/appserver/admin/Runtime/Cache/Home/4a1990044b7a30301eaf19a735db5574.php 第 364 行.
NOTIC: [2] date() expects parameter 2 to be long, string given /usr/www/appserver/admin/Runtime/Cache/Home/4a1990044b7a30301eaf19a735db5574.php 第 364 行.
NOTIC: [2] date() expects parameter 2 to be long, string given /usr/www/appserver/admin/Runtime/Cache/Home/4a1990044b7a30301eaf19a735db5574.php 第 364 行.
INFO: Run Behavior\ParseTemplateBehavior [ RunTime:0.012989s ]
INFO: [ view_parse ] --END-- [ RunTime:0.013044s ]
INFO: [ view_filter ] --START--
INFO: Run Behavior\WriteHtmlCacheBehavior [ RunTime:0.000102s ]
INFO: [ view_filter ] --END-- [ RunTime:0.000143s ]
INFO: [ app_end ] --START--
INFO: Run Behavior\ShowPageTraceBehavior [ RunTime:0.000353s ]
INFO: [ app_end ] --END-- [ RunTime:0.000400s ]

[ 2015-09-06T11:38:37+08:00 ] 203.100.95.139 /admin.php?m=admin&c=activity&a=listactivity
INFO: [ app_init ] --START--
INFO: Run Behavior\BuildLiteBehavior [ RunTime:0.000013s ]
INFO: [ app_init ] --END-- [ RunTime:0.000279s ]
INFO: [ app_begin ] --START--
INFO: Run Behavior\ReadHtmlCacheBehavior [ RunTime:0.000328s ]
INFO: [ app_begin ] --END-- [ RunTime:0.000380s ]
SQL: SHOW COLUMNS FROM `activity_count` [ RunTime:0.0008s ]
SQL: SELECT * FROM `activity_count`  [ RunTime:0.0003s ]
INFO: [ view_parse ] --START--
INFO: [ template_filter ] --START--
INFO: Run Behavior\ContentReplaceBehavior [ RunTime:0.000096s ]
INFO: [ template_filter ] --END-- [ RunTime:0.000151s ]
NOTIC: [2] date() expects parameter 2 to be long, string given /usr/www/appserver/admin/Runtime/Cache/Home/4a1990044b7a30301eaf19a735db5574.php 第 364 行.
NOTIC: [2] date() expects parameter 2 to be long, string given /usr/www/appserver/admin/Runtime/Cache/Home/4a1990044b7a30301eaf19a735db5574.php 第 364 行.
NOTIC: [2] date() expects parameter 2 to be long, string given /usr/www/appserver/admin/Runtime/Cache/Home/4a1990044b7a30301eaf19a735db5574.php 第 364 行.
NOTIC: [2] date() expects parameter 2 to be long, string given /usr/www/appserver/admin/Runtime/Cache/Home/4a1990044b7a30301eaf19a735db5574.php 第 364 行.
NOTIC: [2] date() expects parameter 2 to be long, string given /usr/www/appserver/admin/Runtime/Cache/Home/4a1990044b7a30301eaf19a735db5574.php 第 364 行.
INFO: Run Behavior\ParseTemplateBehavior [ RunTime:0.012177s ]
INFO: [ view_parse ] --END-- [ RunTime:0.012231s ]
INFO: [ view_filter ] --START--
INFO: Run Behavior\WriteHtmlCacheBehavior [ RunTime:0.000105s ]
INFO: [ view_filter ] --END-- [ RunTime:0.000147s ]
INFO: [ app_end ] --START--
INFO: Run Behavior\ShowPageTraceBehavior [ RunTime:0.000744s ]
INFO: [ app_end ] --END-- [ RunTime:0.000895s ]

[ 2015-09-06T11:56:23+08:00 ] 203.100.95.139 /admin.php
INFO: [ app_init ] --START--
INFO: Run Behavior\BuildLiteBehavior [ RunTime:0.000014s ]
INFO: [ app_init ] --END-- [ RunTime:0.000232s ]
INFO: [ app_begin ] --START--
INFO: Run Behavior\ReadHtmlCacheBehavior [ RunTime:0.000311s ]
INFO: [ app_begin ] --END-- [ RunTime:0.000358s ]
NOTIC: [8] Undefined index: userid /usr/www/appserver/admin/Home/Controller/IndexController.class.php 第 6 行.
INFO: [ view_parse ] --START--
INFO: [ template_filter ] --START--
INFO: Run Behavior\ContentReplaceBehavior [ RunTime:0.000030s ]
INFO: [ template_filter ] --END-- [ RunTime:0.000087s ]
INFO: Run Behavior\ParseTemplateBehavior [ RunTime:0.004827s ]
INFO: [ view_parse ] --END-- [ RunTime:0.004884s ]
INFO: [ view_filter ] --START--
INFO: Run Behavior\WriteHtmlCacheBehavior [ RunTime:0.000112s ]
INFO: [ view_filter ] --END-- [ RunTime:0.000176s ]

[ 2015-09-06T11:56:26+08:00 ] 203.100.95.139 /admin.php?m=admin&c=login
INFO: [ app_init ] --START--
INFO: Run Behavior\BuildLiteBehavior [ RunTime:0.000014s ]
INFO: [ app_init ] --END-- [ RunTime:0.000233s ]
INFO: [ app_begin ] --START--
INFO: Run Behavior\ReadHtmlCacheBehavior [ RunTime:0.000305s ]
INFO: [ app_begin ] --END-- [ RunTime:0.000353s ]
NOTIC: [8] Undefined index: submit /usr/www/appserver/admin/Home/Controller/LoginController.class.php 第 11 行.
INFO: [ view_parse ] --START--
INFO: [ template_filter ] --START--
INFO: Run Behavior\ContentReplaceBehavior [ RunTime:0.000053s ]
INFO: [ template_filter ] --END-- [ RunTime:0.000115s ]
INFO: Run Behavior\ParseTemplateBehavior [ RunTime:0.005076s ]
INFO: [ view_parse ] --END-- [ RunTime:0.005122s ]
INFO: [ view_filter ] --START--
INFO: Run Behavior\WriteHtmlCacheBehavior [ RunTime:0.000105s ]
INFO: [ view_filter ] --END-- [ RunTime:0.000166s ]
INFO: [ app_end ] --START--
INFO: Run Behavior\ShowPageTraceBehavior [ RunTime:0.000351s ]
INFO: [ app_end ] --END-- [ RunTime:0.000395s ]

[ 2015-09-06T11:56:35+08:00 ] 58.132.173.6 /admin.php?m=admin&c=login
INFO: [ app_init ] --START--
INFO: Run Behavior\BuildLiteBehavior [ RunTime:0.000016s ]
INFO: [ app_init ] --END-- [ RunTime:0.000308s ]
INFO: [ app_begin ] --START--
INFO: Run Behavior\ReadHtmlCacheBehavior [ RunTime:0.000321s ]
INFO: [ app_begin ] --END-- [ RunTime:0.000374s ]
SQL: SHOW COLUMNS FROM `admin_user` [ RunTime:0.0011s ]
SQL: SELECT COUNT(*) AS tp_count FROM `admin_user` WHERE ( username='han' ) LIMIT 1   [ RunTime:0.0003s ]
SQL: SELECT * FROM `admin_user` WHERE ( username='han' and password='075afa2c290b0c2398909bfef308479d' ) LIMIT 1   [ RunTime:0.0003s ]
INFO: [ view_parse ] --START--
INFO: [ template_filter ] --START--
INFO: Run Behavior\ContentReplaceBehavior [ RunTime:0.000040s ]
INFO: [ template_filter ] --END-- [ RunTime:0.000103s ]
INFO: Run Behavior\ParseTemplateBehavior [ RunTime:0.005221s ]
INFO: [ view_parse ] --END-- [ RunTime:0.005292s ]
INFO: [ view_filter ] --START--
INFO: Run Behavior\WriteHtmlCacheBehavior [ RunTime:0.000134s ]
INFO: [ view_filter ] --END-- [ RunTime:0.000178s ]

[ 2015-09-06T11:56:36+08:00 ] 58.132.173.6 /admin.php?m=admin&c=index
INFO: [ app_init ] --START--
INFO: Run Behavior\BuildLiteBehavior [ RunTime:0.000013s ]
INFO: [ app_init ] --END-- [ RunTime:0.000232s ]
INFO: [ app_begin ] --START--
INFO: Run Behavior\ReadHtmlCacheBehavior [ RunTime:0.000309s ]
INFO: [ app_begin ] --END-- [ RunTime:0.000359s ]
NOTIC: [8] Undefined index: appid /usr/www/appserver/admin/Home/Controller/IndexController.class.php 第 10 行.
INFO: [ view_parse ] --START--
INFO: [ template_filter ] --START--
INFO: Run Behavior\ContentReplaceBehavior [ RunTime:0.000038s ]
INFO: [ template_filter ] --END-- [ RunTime:0.000114s ]
INFO: Run Behavior\ParseTemplateBehavior [ RunTime:0.004384s ]
INFO: [ view_parse ] --END-- [ RunTime:0.004431s ]
INFO: [ view_filter ] --START--
INFO: Run Behavior\WriteHtmlCacheBehavior [ RunTime:0.000151s ]
INFO: [ view_filter ] --END-- [ RunTime:0.000192s ]

[ 2015-09-06T11:56:39+08:00 ] 58.132.173.6 /admin.php?m=admin&c=appmanagement&a=applist
INFO: [ app_init ] --START--
INFO: Run Behavior\BuildLiteBehavior [ RunTime:0.000013s ]
INFO: [ app_init ] --END-- [ RunTime:0.000235s ]
INFO: [ app_begin ] --START--
INFO: Run Behavior\ReadHtmlCacheBehavior [ RunTime:0.000308s ]
INFO: [ app_begin ] --END-- [ RunTime:0.000356s ]
SQL: SHOW COLUMNS FROM `apps` [ RunTime:0.0008s ]
SQL: SELECT * FROM `apps` ORDER BY createtime DESC  [ RunTime:0.0003s ]
NOTIC: [8] Undefined index: appid /usr/www/appserver/admin/Home/Controller/AppmanagementController.class.php 第 25 行.
INFO: [ view_parse ] --START--
INFO: [ template_filter ] --START--
INFO: Run Behavior\ContentReplaceBehavior [ RunTime:0.000086s ]
INFO: [ template_filter ] --END-- [ RunTime:0.000139s ]
NOTIC: [8] Undefined index: appname /usr/www/appserver/admin/Runtime/Cache/Home/ffb36f99d95538f85289046c940db68f.php 第 55 行.
INFO: Run Behavior\ParseTemplateBehavior [ RunTime:0.011722s ]
INFO: [ view_parse ] --END-- [ RunTime:0.011773s ]
INFO: [ view_filter ] --START--
INFO: Run Behavior\WriteHtmlCacheBehavior [ RunTime:0.000099s ]
INFO: [ view_filter ] --END-- [ RunTime:0.000140s ]
INFO: [ app_end ] --START--
INFO: Run Behavior\ShowPageTraceBehavior [ RunTime:0.000383s ]
INFO: [ app_end ] --END-- [ RunTime:0.000439s ]

[ 2015-09-06T11:56:41+08:00 ] 203.100.95.139 /admin.php?c=appmanagement&a=selectapp&id=1
INFO: [ app_init ] --START--
INFO: Run Behavior\BuildLiteBehavior [ RunTime:0.000016s ]
INFO: [ app_init ] --END-- [ RunTime:0.000284s ]
INFO: [ app_begin ] --START--
INFO: Run Behavior\ReadHtmlCacheBehavior [ RunTime:0.000338s ]
INFO: [ app_begin ] --END-- [ RunTime:0.000390s ]
SQL: SHOW COLUMNS FROM `apps` [ RunTime:0.0009s ]
SQL: SELECT * FROM `apps` WHERE ( appswitch=1 AND id=1 ) LIMIT 1   [ RunTime:0.0003s ]
INFO: [ view_parse ] --START--
INFO: [ template_filter ] --START--
INFO: Run Behavior\ContentReplaceBehavior [ RunTime:0.000034s ]
INFO: [ template_filter ] --END-- [ RunTime:0.000094s ]
INFO: Run Behavior\ParseTemplateBehavior [ RunTime:0.004990s ]
INFO: [ view_parse ] --END-- [ RunTime:0.005052s ]
INFO: [ view_filter ] --START--
INFO: Run Behavior\WriteHtmlCacheBehavior [ RunTime:0.000115s ]
INFO: [ view_filter ] --END-- [ RunTime:0.000155s ]
INFO: [ app_end ] --START--
INFO: Run Behavior\ShowPageTraceBehavior [ RunTime:0.000331s ]
INFO: [ app_end ] --END-- [ RunTime:0.000377s ]

[ 2015-09-06T11:56:42+08:00 ] 203.100.95.139 /admin.php?m=admin&c=appmanagement&a=applist
INFO: [ app_init ] --START--
INFO: Run Behavior\BuildLiteBehavior [ RunTime:0.000014s ]
INFO: [ app_init ] --END-- [ RunTime:0.000319s ]
INFO: [ app_begin ] --START--
INFO: Run Behavior\ReadHtmlCacheBehavior [ RunTime:0.000296s ]
INFO: [ app_begin ] --END-- [ RunTime:0.000344s ]
SQL: SHOW COLUMNS FROM `apps` [ RunTime:0.0010s ]
SQL: SELECT * FROM `apps` ORDER BY createtime DESC  [ RunTime:0.0003s ]
INFO: [ view_parse ] --START--
INFO: [ template_filter ] --START--
INFO: Run Behavior\ContentReplaceBehavior [ RunTime:0.000113s ]
INFO: [ template_filter ] --END-- [ RunTime:0.000175s ]
INFO: Run Behavior\ParseTemplateBehavior [ RunTime:0.013122s ]
INFO: [ view_parse ] --END-- [ RunTime:0.013180s ]
INFO: [ view_filter ] --START--
INFO: Run Behavior\WriteHtmlCacheBehavior [ RunTime:0.000111s ]
INFO: [ view_filter ] --END-- [ RunTime:0.000152s ]
INFO: [ app_end ] --START--
INFO: Run Behavior\ShowPageTraceBehavior [ RunTime:0.000435s ]
INFO: [ app_end ] --END-- [ RunTime:0.000513s ]

[ 2015-09-06T11:56:44+08:00 ] 203.100.95.139 /admin.php?m=admin&c=activity&a=listactivity
INFO: [ app_init ] --START--
INFO: Run Behavior\BuildLiteBehavior [ RunTime:0.000023s ]
INFO: [ app_init ] --END-- [ RunTime:0.000399s ]
INFO: [ app_begin ] --START--
INFO: Run Behavior\ReadHtmlCacheBehavior [ RunTime:0.000379s ]
INFO: [ app_begin ] --END-- [ RunTime:0.000435s ]
SQL: SHOW COLUMNS FROM `activity_count` [ RunTime:0.0008s ]
SQL: SELECT * FROM `activity_count`  [ RunTime:0.0002s ]
INFO: [ view_parse ] --START--
INFO: [ template_filter ] --START--
INFO: Run Behavior\ContentReplaceBehavior [ RunTime:0.000089s ]
INFO: [ template_filter ] --END-- [ RunTime:0.000140s ]
NOTIC: [2] date() expects parameter 2 to be long, string given /usr/www/appserver/admin/Runtime/Cache/Home/4a1990044b7a30301eaf19a735db5574.php 第 364 行.
NOTIC: [2] date() expects parameter 2 to be long, string given /usr/www/appserver/admin/Runtime/Cache/Home/4a1990044b7a30301eaf19a735db5574.php 第 364 行.
NOTIC: [2] date() expects parameter 2 to be long, string given /usr/www/appserver/admin/Runtime/Cache/Home/4a1990044b7a30301eaf19a735db5574.php 第 364 行.
NOTIC: [2] date() expects parameter 2 to be long, string given /usr/www/appserver/admin/Runtime/Cache/Home/4a1990044b7a30301eaf19a735db5574.php 第 364 行.
NOTIC: [2] date() expects parameter 2 to be long, string given /usr/www/appserver/admin/Runtime/Cache/Home/4a1990044b7a30301eaf19a735db5574.php 第 364 行.
INFO: Run Behavior\ParseTemplateBehavior [ RunTime:0.012561s ]
INFO: [ view_parse ] --END-- [ RunTime:0.012615s ]
INFO: [ view_filter ] --START--
INFO: Run Behavior\WriteHtmlCacheBehavior [ RunTime:0.000107s ]
INFO: [ view_filter ] --END-- [ RunTime:0.000149s ]
INFO: [ app_end ] --START--
INFO: Run Behavior\ShowPageTraceBehavior [ RunTime:0.000409s ]
INFO: [ app_end ] --END-- [ RunTime:0.000484s ]

[ 2015-09-06T12:58:37+08:00 ] 203.100.95.139 /admin.php?m=admin&c=activity&a=listactivity
INFO: [ app_init ] --START--
INFO: Run Behavior\BuildLiteBehavior [ RunTime:0.000013s ]
INFO: [ app_init ] --END-- [ RunTime:0.000259s ]
INFO: [ app_begin ] --START--
INFO: Run Behavior\ReadHtmlCacheBehavior [ RunTime:0.000299s ]
INFO: [ app_begin ] --END-- [ RunTime:0.000357s ]
NOTIC: [8] Undefined index: userid /usr/www/appserver/admin/Home/Controller/ActivityController.class.php 第 6 行.
INFO: [ view_parse ] --START--
INFO: [ template_filter ] --START--
INFO: Run Behavior\ContentReplaceBehavior [ RunTime:0.000029s ]
INFO: [ template_filter ] --END-- [ RunTime:0.000075s ]
INFO: Run Behavior\ParseTemplateBehavior [ RunTime:0.004513s ]
INFO: [ view_parse ] --END-- [ RunTime:0.004561s ]
INFO: [ view_filter ] --START--
INFO: Run Behavior\WriteHtmlCacheBehavior [ RunTime:0.000110s ]
INFO: [ view_filter ] --END-- [ RunTime:0.000171s ]

[ 2015-09-06T12:58:40+08:00 ] 203.100.95.139 /admin.php?m=admin&c=login
INFO: [ app_init ] --START--
INFO: Run Behavior\BuildLiteBehavior [ RunTime:0.000014s ]
INFO: [ app_init ] --END-- [ RunTime:0.000233s ]
INFO: [ app_begin ] --START--
INFO: Run Behavior\ReadHtmlCacheBehavior [ RunTime:0.000287s ]
INFO: [ app_begin ] --END-- [ RunTime:0.000335s ]
NOTIC: [8] Undefined index: submit /usr/www/appserver/admin/Home/Controller/LoginController.class.php 第 11 行.
INFO: [ view_parse ] --START--
INFO: [ template_filter ] --START--
INFO: Run Behavior\ContentReplaceBehavior [ RunTime:0.000052s ]
INFO: [ template_filter ] --END-- [ RunTime:0.000100s ]
INFO: Run Behavior\ParseTemplateBehavior [ RunTime:0.004873s ]
INFO: [ view_parse ] --END-- [ RunTime:0.004919s ]
INFO: [ view_filter ] --START--
INFO: Run Behavior\WriteHtmlCacheBehavior [ RunTime:0.000100s ]
INFO: [ view_filter ] --END-- [ RunTime:0.000140s ]
INFO: [ app_end ] --START--
INFO: Run Behavior\ShowPageTraceBehavior [ RunTime:0.000314s ]
INFO: [ app_end ] --END-- [ RunTime:0.000358s ]

