[ 2015-07-15T13:08:52+08:00 ] 192.168.0.181 /appserver/admin.php
INFO: [ app_init ] --START--
INFO: Run Behavior\BuildLiteBehavior [ RunTime:0.000028s ]
INFO: [ app_init ] --END-- [ RunTime:0.000607s ]
INFO: [ app_begin ] --START--
INFO: Run Behavior\ReadHtmlCacheBehavior [ RunTime:0.000755s ]
INFO: [ app_begin ] --END-- [ RunTime:0.000851s ]
INFO: [ view_parse ] --START--
INFO: [ template_filter ] --START--
INFO: Run Behavior\ContentReplaceBehavior [ RunTime:0.000229s ]
INFO: [ template_filter ] --END-- [ RunTime:0.000318s ]
NOTIC: [8] Undefined index: appname /usr/www/appserver/admin/Runtime/Cache/Home/5ae49521f4b4d9eb82c877f5df4cc67d.php 第 55 行.
INFO: Run Behavior\ParseTemplateBehavior [ RunTime:0.031281s ]
INFO: [ view_parse ] --END-- [ RunTime:0.031362s ]
INFO: [ view_filter ] --START--
INFO: Run Behavior\WriteHtmlCacheBehavior [ RunTime:0.000271s ]
INFO: [ view_filter ] --END-- [ RunTime:0.000334s ]
INFO: [ app_end ] --START--
INFO: Run Behavior\ShowPageTraceBehavior [ RunTime:0.001150s ]
INFO: [ app_end ] --END-- [ RunTime:0.001242s ]

[ 2015-07-15T13:14:51+08:00 ] 192.168.0.181 /appserver/admin.php?c=appmanagement&a=applist
INFO: [ app_init ] --START--
INFO: Run Behavior\BuildLiteBehavior [ RunTime:0.000028s ]
INFO: [ app_init ] --END-- [ RunTime:0.000609s ]
INFO: [ app_begin ] --START--
INFO: Run Behavior\ReadHtmlCacheBehavior [ RunTime:0.000757s ]
INFO: [ app_begin ] --END-- [ RunTime:0.000852s ]
SQL: SHOW COLUMNS FROM `apps` [ RunTime:0.0022s ]
SQL: SELECT * FROM `apps` ORDER BY createtime DESC  [ RunTime:0.0006s ]
NOTIC: [8] Undefined index: appid /usr/www/appserver/admin/Home/Controller/AppmanagementController.class.php 第 18 行.
INFO: [ view_parse ] --START--
INFO: [ template_filter ] --START--
INFO: Run Behavior\ContentReplaceBehavior [ RunTime:0.000184s ]
INFO: [ template_filter ] --END-- [ RunTime:0.000265s ]
NOTIC: [8] Undefined index: appname /usr/www/appserver/admin/Runtime/Cache/Home/ffb36f99d95538f85289046c940db68f.php 第 55 行.
INFO: Run Behavior\ParseTemplateBehavior [ RunTime:0.020077s ]
INFO: [ view_parse ] --END-- [ RunTime:0.020149s ]
INFO: [ view_filter ] --START--
INFO: Run Behavior\WriteHtmlCacheBehavior [ RunTime:0.000248s ]
INFO: [ view_filter ] --END-- [ RunTime:0.000310s ]
INFO: [ app_end ] --START--
INFO: Run Behavior\ShowPageTraceBehavior [ RunTime:0.000864s ]
INFO: [ app_end ] --END-- [ RunTime:0.000947s ]

[ 2015-07-15T13:15:01+08:00 ] 192.168.0.181 /appserver/admin.php?c=appmanagement&a=editapp
INFO: [ app_init ] --START--
INFO: Run Behavior\BuildLiteBehavior [ RunTime:0.000029s ]
INFO: [ app_init ] --END-- [ RunTime:0.000842s ]
INFO: [ app_begin ] --START--
INFO: Run Behavior\ReadHtmlCacheBehavior [ RunTime:0.000984s ]
INFO: [ app_begin ] --END-- [ RunTime:0.001083s ]
INFO: [ view_parse ] --START--
INFO: [ template_filter ] --START--
INFO: Run Behavior\ContentReplaceBehavior [ RunTime:0.000200s ]
INFO: [ template_filter ] --END-- [ RunTime:0.000302s ]
NOTIC: [8] Undefined index: appname /usr/www/appserver/admin/Runtime/Cache/Home/6e2ffe688fd0b7275e22aad6152c7d6c.php 第 55 行.
INFO: Run Behavior\ParseTemplateBehavior [ RunTime:0.035236s ]
INFO: [ view_parse ] --END-- [ RunTime:0.035326s ]
INFO: [ view_filter ] --START--
INFO: Run Behavior\WriteHtmlCacheBehavior [ RunTime:0.000288s ]
INFO: [ view_filter ] --END-- [ RunTime:0.000363s ]
INFO: [ app_end ] --START--
INFO: Run Behavior\ShowPageTraceBehavior [ RunTime:0.000843s ]
INFO: [ app_end ] --END-- [ RunTime:0.000939s ]

[ 2015-07-15T13:15:30+08:00 ] 192.168.0.181 /appserver/admin.php?c=appmanagement&a=insertapp
INFO: [ app_init ] --START--
INFO: Run Behavior\BuildLiteBehavior [ RunTime:0.000028s ]
INFO: [ app_init ] --END-- [ RunTime:0.000598s ]
INFO: [ app_begin ] --START--
INFO: Run Behavior\ReadHtmlCacheBehavior [ RunTime:0.000741s ]
INFO: [ app_begin ] --END-- [ RunTime:0.000837s ]
SQL: SHOW COLUMNS FROM `apps` [ RunTime:0.0021s ]
SQL: SHOW COLUMNS FROM `apps` [ RunTime:0.0013s ]
SQL: INSERT INTO `apps` (`appname`,`createtime`,`apptype`,`appswitch`,`appdesc`,`createname`) VALUES ('听力','1436889600','3','1','笨鸟雅思听力','admin') [ RunTime:0.0029s ]
INFO: [ view_parse ] --START--
INFO: [ template_filter ] --START--
INFO: Run Behavior\ContentReplaceBehavior [ RunTime:0.000050s ]
INFO: [ template_filter ] --END-- [ RunTime:0.000139s ]
INFO: Run Behavior\ParseTemplateBehavior [ RunTime:0.007686s ]
INFO: [ view_parse ] --END-- [ RunTime:0.007767s ]
INFO: [ view_filter ] --START--
INFO: Run Behavior\WriteHtmlCacheBehavior [ RunTime:0.000242s ]
INFO: [ view_filter ] --END-- [ RunTime:0.000305s ]
INFO: [ app_end ] --START--
INFO: Run Behavior\ShowPageTraceBehavior [ RunTime:0.000669s ]
INFO: [ app_end ] --END-- [ RunTime:0.000735s ]

[ 2015-07-15T13:15:31+08:00 ] 192.168.0.181 /appserver/admin.php?c=appmanagement&a=applist
INFO: [ app_init ] --START--
INFO: Run Behavior\BuildLiteBehavior [ RunTime:0.000023s ]
INFO: [ app_init ] --END-- [ RunTime:0.000592s ]
INFO: [ app_begin ] --START--
INFO: Run Behavior\ReadHtmlCacheBehavior [ RunTime:0.000620s ]
INFO: [ app_begin ] --END-- [ RunTime:0.000698s ]
SQL: SHOW COLUMNS FROM `apps` [ RunTime:0.0017s ]
SQL: SELECT * FROM `apps` ORDER BY createtime DESC  [ RunTime:0.0007s ]
NOTIC: [8] Undefined index: appid /usr/www/appserver/admin/Home/Controller/AppmanagementController.class.php 第 18 行.
INFO: [ view_parse ] --START--
INFO: [ template_filter ] --START--
INFO: Run Behavior\ContentReplaceBehavior [ RunTime:0.000207s ]
INFO: [ template_filter ] --END-- [ RunTime:0.000308s ]
NOTIC: [8] Undefined index: appname /usr/www/appserver/admin/Runtime/Cache/Home/ffb36f99d95538f85289046c940db68f.php 第 55 行.
INFO: Run Behavior\ParseTemplateBehavior [ RunTime:0.021288s ]
INFO: [ view_parse ] --END-- [ RunTime:0.021370s ]
INFO: [ view_filter ] --START--
INFO: Run Behavior\WriteHtmlCacheBehavior [ RunTime:0.000291s ]
INFO: [ view_filter ] --END-- [ RunTime:0.000368s ]
INFO: [ app_end ] --START--
INFO: Run Behavior\ShowPageTraceBehavior [ RunTime:0.002374s ]
INFO: [ app_end ] --END-- [ RunTime:0.002475s ]

[ 2015-07-15T13:15:34+08:00 ] 192.168.0.181 /appserver/admin.php?c=appmanagement&a=selectapp&id=3
INFO: [ app_init ] --START--
INFO: Run Behavior\BuildLiteBehavior [ RunTime:0.000028s ]
INFO: [ app_init ] --END-- [ RunTime:0.000598s ]
INFO: [ app_begin ] --START--
INFO: Run Behavior\ReadHtmlCacheBehavior [ RunTime:0.000749s ]
INFO: [ app_begin ] --END-- [ RunTime:0.000845s ]
SQL: SHOW COLUMNS FROM `apps` [ RunTime:0.0016s ]
SQL: SELECT * FROM `apps` WHERE ( appswitch=1 AND id=3 ) LIMIT 1   [ RunTime:0.0006s ]
INFO: [ view_parse ] --START--
INFO: [ template_filter ] --START--
INFO: Run Behavior\ContentReplaceBehavior [ RunTime:0.000048s ]
INFO: [ template_filter ] --END-- [ RunTime:0.000121s ]
INFO: Run Behavior\ParseTemplateBehavior [ RunTime:0.007707s ]
INFO: [ view_parse ] --END-- [ RunTime:0.007794s ]
INFO: [ view_filter ] --START--
INFO: Run Behavior\WriteHtmlCacheBehavior [ RunTime:0.000245s ]
INFO: [ view_filter ] --END-- [ RunTime:0.000306s ]
INFO: [ app_end ] --START--
INFO: Run Behavior\ShowPageTraceBehavior [ RunTime:0.000679s ]
INFO: [ app_end ] --END-- [ RunTime:0.000973s ]

[ 2015-07-15T13:15:35+08:00 ] 192.168.0.181 /appserver/admin.php?c=appmanagement&a=applist
INFO: [ app_init ] --START--
INFO: Run Behavior\BuildLiteBehavior [ RunTime:0.000029s ]
INFO: [ app_init ] --END-- [ RunTime:0.000598s ]
INFO: [ app_begin ] --START--
INFO: Run Behavior\ReadHtmlCacheBehavior [ RunTime:0.000752s ]
INFO: [ app_begin ] --END-- [ RunTime:0.000845s ]
SQL: SHOW COLUMNS FROM `apps` [ RunTime:0.0020s ]
SQL: SELECT * FROM `apps` ORDER BY createtime DESC  [ RunTime:0.0007s ]
INFO: [ view_parse ] --START--
INFO: [ template_filter ] --START--
INFO: Run Behavior\ContentReplaceBehavior [ RunTime:0.000225s ]
INFO: [ template_filter ] --END-- [ RunTime:0.000321s ]
INFO: Run Behavior\ParseTemplateBehavior [ RunTime:0.023694s ]
INFO: [ view_parse ] --END-- [ RunTime:0.023798s ]
INFO: [ view_filter ] --START--
INFO: Run Behavior\WriteHtmlCacheBehavior [ RunTime:0.000479s ]
INFO: [ view_filter ] --END-- [ RunTime:0.000580s ]
INFO: [ app_end ] --START--
INFO: Run Behavior\ShowPageTraceBehavior [ RunTime:0.000984s ]
INFO: [ app_end ] --END-- [ RunTime:0.001104s ]

[ 2015-07-15T13:15:38+08:00 ] 192.168.0.181 /appserver/admin.php?c=category&a=listcategory
INFO: [ app_init ] --START--
INFO: Run Behavior\BuildLiteBehavior [ RunTime:0.000027s ]
INFO: [ app_init ] --END-- [ RunTime:0.000597s ]
INFO: [ app_begin ] --START--
INFO: Run Behavior\ReadHtmlCacheBehavior [ RunTime:0.000748s ]
INFO: [ app_begin ] --END-- [ RunTime:0.000842s ]
SQL: SHOW COLUMNS FROM `category` [ RunTime:0.0018s ]
SQL: SELECT * FROM `category` WHERE ( appid=3 AND pid=0 )  [ RunTime:0.0009s ]
SQL: SHOW COLUMNS FROM `category` [ RunTime:0.0015s ]
SQL: SELECT * FROM `category` WHERE ( appid=3 ) ORDER BY cate_sort ASC, create_time ASC  [ RunTime:0.0007s ]
INFO: [ view_parse ] --START--
INFO: [ template_filter ] --START--
INFO: Run Behavior\ContentReplaceBehavior [ RunTime:0.000180s ]
INFO: [ template_filter ] --END-- [ RunTime:0.000260s ]
INFO: Run Behavior\ParseTemplateBehavior [ RunTime:0.022287s ]
INFO: [ view_parse ] --END-- [ RunTime:0.022377s ]
INFO: [ view_filter ] --START--
INFO: Run Behavior\WriteHtmlCacheBehavior [ RunTime:0.000235s ]
INFO: [ view_filter ] --END-- [ RunTime:0.000299s ]
INFO: [ app_end ] --START--
INFO: Run Behavior\ShowPageTraceBehavior [ RunTime:0.000709s ]
INFO: [ app_end ] --END-- [ RunTime:0.000789s ]

[ 2015-07-15T13:15:41+08:00 ] 192.168.0.181 /appserver/admin.php?c=category&a=editcategory
INFO: [ app_init ] --START--
INFO: Run Behavior\BuildLiteBehavior [ RunTime:0.000027s ]
INFO: [ app_init ] --END-- [ RunTime:0.000605s ]
INFO: [ app_begin ] --START--
INFO: Run Behavior\ReadHtmlCacheBehavior [ RunTime:0.000766s ]
INFO: [ app_begin ] --END-- [ RunTime:0.000862s ]
SQL: SHOW COLUMNS FROM `category` [ RunTime:0.0017s ]
SQL: SELECT * FROM `category` WHERE ( appid=3 AND pid=0 )  [ RunTime:0.0008s ]
SQL: SHOW COLUMNS FROM `category` [ RunTime:0.0016s ]
SQL: SELECT * FROM `category` WHERE ( appid='3' AND pid=0 )  [ RunTime:0.0008s ]
INFO: [ view_parse ] --START--
INFO: [ template_filter ] --START--
INFO: Run Behavior\ContentReplaceBehavior [ RunTime:0.000272s ]
INFO: [ template_filter ] --END-- [ RunTime:0.000373s ]
INFO: Run Behavior\ParseTemplateBehavior [ RunTime:0.040695s ]
INFO: [ view_parse ] --END-- [ RunTime:0.040795s ]
INFO: [ view_filter ] --START--
INFO: Run Behavior\WriteHtmlCacheBehavior [ RunTime:0.000281s ]
INFO: [ view_filter ] --END-- [ RunTime:0.000358s ]
INFO: [ app_end ] --START--
INFO: Run Behavior\ShowPageTraceBehavior [ RunTime:0.000855s ]
INFO: [ app_end ] --END-- [ RunTime:0.000950s ]

[ 2015-07-15T13:16:39+08:00 ] 192.168.0.181 /appserver/admin.php?c=category&a=insertcategory
INFO: [ app_init ] --START--
INFO: Run Behavior\BuildLiteBehavior [ RunTime:0.000028s ]
INFO: [ app_init ] --END-- [ RunTime:0.000600s ]
INFO: [ app_begin ] --START--
INFO: Run Behavior\ReadHtmlCacheBehavior [ RunTime:0.000744s ]
INFO: [ app_begin ] --END-- [ RunTime:0.000843s ]
SQL: SHOW COLUMNS FROM `category` [ RunTime:0.0019s ]
SQL: SELECT * FROM `category` WHERE ( appid=3 AND pid=0 )  [ RunTime:0.0008s ]
NOTIC: [8] Undefined index: cate_desc /usr/www/appserver/admin/Home/Controller/CategoryController.class.php 第 55 行.
NOTIC: [8] Undefined index: cate_sort /usr/www/appserver/admin/Home/Controller/CategoryController.class.php 第 56 行.
NOTIC: [8] Undefined index: user /usr/www/appserver/admin/Home/Controller/CategoryController.class.php 第 58 行.
SQL: SHOW COLUMNS FROM `category` [ RunTime:0.0014s ]
SQL: INSERT INTO `category` (`pid`,`appid`,`template`,`cate_top`,`cate_new`,`thumb_img`,`cate_img`,`categoryname`,`categoryname_e`,`cate_sort`,`create_time`,`create_name`,`cate_hard`) VALUES ('0','3','content','0','0','','','剑桥雅思4To9','','0','1436937399','admin','0') [ RunTime:0.0026s ]
INFO: [ view_parse ] --START--
INFO: [ template_filter ] --START--
INFO: Run Behavior\ContentReplaceBehavior [ RunTime:0.000047s ]
INFO: [ template_filter ] --END-- [ RunTime:0.000121s ]
INFO: Run Behavior\ParseTemplateBehavior [ RunTime:0.007468s ]
INFO: [ view_parse ] --END-- [ RunTime:0.007553s ]
INFO: [ view_filter ] --START--
INFO: Run Behavior\WriteHtmlCacheBehavior [ RunTime:0.000234s ]
INFO: [ view_filter ] --END-- [ RunTime:0.000293s ]
INFO: [ app_end ] --START--
INFO: Run Behavior\ShowPageTraceBehavior [ RunTime:0.000699s ]
INFO: [ app_end ] --END-- [ RunTime:0.000773s ]

[ 2015-07-15T13:16:40+08:00 ] 192.168.0.181 /appserver/admin.php?c=category&a=editcategory
INFO: [ app_init ] --START--
INFO: Run Behavior\BuildLiteBehavior [ RunTime:0.000028s ]
INFO: [ app_init ] --END-- [ RunTime:0.000601s ]
INFO: [ app_begin ] --START--
INFO: Run Behavior\ReadHtmlCacheBehavior [ RunTime:0.000759s ]
INFO: [ app_begin ] --END-- [ RunTime:0.000855s ]
SQL: SHOW COLUMNS FROM `category` [ RunTime:0.0018s ]
SQL: SELECT * FROM `category` WHERE ( appid=3 AND pid=0 )  [ RunTime:0.0008s ]
SQL: SHOW COLUMNS FROM `category` [ RunTime:0.0015s ]
SQL: SELECT * FROM `category` WHERE ( appid='3' AND pid=0 )  [ RunTime:0.0008s ]
INFO: [ view_parse ] --START--
INFO: [ template_filter ] --START--
INFO: Run Behavior\ContentReplaceBehavior [ RunTime:0.000218s ]
INFO: [ template_filter ] --END-- [ RunTime:0.000317s ]
INFO: Run Behavior\ParseTemplateBehavior [ RunTime:0.023828s ]
INFO: [ view_parse ] --END-- [ RunTime:0.023922s ]
INFO: [ view_filter ] --START--
INFO: Run Behavior\WriteHtmlCacheBehavior [ RunTime:0.000290s ]
INFO: [ view_filter ] --END-- [ RunTime:0.000365s ]
INFO: [ app_end ] --START--
INFO: Run Behavior\ShowPageTraceBehavior [ RunTime:0.001361s ]
INFO: [ app_end ] --END-- [ RunTime:0.001457s ]

[ 2015-07-15T13:16:43+08:00 ] 192.168.0.181 /appserver/admin.php?c=category&a=selectcate
INFO: [ app_init ] --START--
INFO: Run Behavior\BuildLiteBehavior [ RunTime:0.000022s ]
INFO: [ app_init ] --END-- [ RunTime:0.000492s ]
INFO: [ app_begin ] --START--
INFO: Run Behavior\ReadHtmlCacheBehavior [ RunTime:0.000608s ]
INFO: [ app_begin ] --END-- [ RunTime:0.000684s ]
SQL: SHOW COLUMNS FROM `category` [ RunTime:0.0020s ]
SQL: SELECT * FROM `category` WHERE ( appid=3 AND pid=0 )  [ RunTime:0.0008s ]
NOTIC: [8] Undefined index: cateinfo_id /usr/www/appserver/admin/Home/Controller/CategoryController.class.php 第 192 行.
NOTIC: [8] Undefined index: categoryname /usr/www/appserver/admin/Home/Controller/CategoryController.class.php 第 193 行.
SQL: SHOW COLUMNS FROM `category` [ RunTime:0.0014s ]
SQL: SELECT * FROM `category` WHERE ( appid=3 AND pid=123 )  [ RunTime:0.0008s ]
NOTIC: [8] Undefined variable: str /usr/www/appserver/admin/Home/Controller/CategoryController.class.php 第 216 行.
INFO: [ app_end ] --START--
INFO: Run Behavior\ShowPageTraceBehavior [ RunTime:0.000807s ]
INFO: [ app_end ] --END-- [ RunTime:0.000879s ]

[ 2015-07-15T13:16:49+08:00 ] 192.168.0.181 /appserver/admin.php?c=category&a=insertcategory
INFO: [ app_init ] --START--
INFO: Run Behavior\BuildLiteBehavior [ RunTime:0.000023s ]
INFO: [ app_init ] --END-- [ RunTime:0.000497s ]
INFO: [ app_begin ] --START--
INFO: Run Behavior\ReadHtmlCacheBehavior [ RunTime:0.000614s ]
INFO: [ app_begin ] --END-- [ RunTime:0.000696s ]
SQL: SHOW COLUMNS FROM `category` [ RunTime:0.0018s ]
SQL: SELECT * FROM `category` WHERE ( appid=3 AND pid=0 )  [ RunTime:0.0008s ]
NOTIC: [8] Undefined index: cate_desc /usr/www/appserver/admin/Home/Controller/CategoryController.class.php 第 55 行.
NOTIC: [8] Undefined index: cate_sort /usr/www/appserver/admin/Home/Controller/CategoryController.class.php 第 56 行.
NOTIC: [8] Undefined index: user /usr/www/appserver/admin/Home/Controller/CategoryController.class.php 第 58 行.
SQL: SHOW COLUMNS FROM `category` [ RunTime:0.0014s ]
SQL: INSERT INTO `category` (`pid`,`appid`,`template`,`cate_top`,`cate_new`,`thumb_img`,`cate_img`,`categoryname`,`categoryname_e`,`cate_sort`,`create_time`,`create_name`,`cate_hard`) VALUES ('123','3','content','0','0','','','4','4','0','1436937409','admin','0') [ RunTime:0.0022s ]
INFO: [ view_parse ] --START--
INFO: [ template_filter ] --START--
INFO: Run Behavior\ContentReplaceBehavior [ RunTime:0.000048s ]
INFO: [ template_filter ] --END-- [ RunTime:0.000123s ]
INFO: Run Behavior\ParseTemplateBehavior [ RunTime:0.007490s ]
INFO: [ view_parse ] --END-- [ RunTime:0.007579s ]
INFO: [ view_filter ] --START--
INFO: Run Behavior\WriteHtmlCacheBehavior [ RunTime:0.000235s ]
INFO: [ view_filter ] --END-- [ RunTime:0.000294s ]
INFO: [ app_end ] --START--
INFO: Run Behavior\ShowPageTraceBehavior [ RunTime:0.001000s ]
INFO: [ app_end ] --END-- [ RunTime:0.001087s ]

[ 2015-07-15T13:16:50+08:00 ] 192.168.0.181 /appserver/admin.php?c=category&a=editcategory
INFO: [ app_init ] --START--
INFO: Run Behavior\BuildLiteBehavior [ RunTime:0.000027s ]
INFO: [ app_init ] --END-- [ RunTime:0.000598s ]
INFO: [ app_begin ] --START--
INFO: Run Behavior\ReadHtmlCacheBehavior [ RunTime:0.000744s ]
INFO: [ app_begin ] --END-- [ RunTime:0.000838s ]
SQL: SHOW COLUMNS FROM `category` [ RunTime:0.0017s ]
SQL: SELECT * FROM `category` WHERE ( appid=3 AND pid=0 )  [ RunTime:0.0008s ]
SQL: SHOW COLUMNS FROM `category` [ RunTime:0.0016s ]
SQL: SELECT * FROM `category` WHERE ( appid='3' AND pid=0 )  [ RunTime:0.0008s ]
INFO: [ view_parse ] --START--
INFO: [ template_filter ] --START--
INFO: Run Behavior\ContentReplaceBehavior [ RunTime:0.000222s ]
INFO: [ template_filter ] --END-- [ RunTime:0.000317s ]
INFO: Run Behavior\ParseTemplateBehavior [ RunTime:0.021004s ]
INFO: [ view_parse ] --END-- [ RunTime:0.021100s ]
INFO: [ view_filter ] --START--
INFO: Run Behavior\WriteHtmlCacheBehavior [ RunTime:0.000289s ]
INFO: [ view_filter ] --END-- [ RunTime:0.000366s ]
INFO: [ app_end ] --START--
INFO: Run Behavior\ShowPageTraceBehavior [ RunTime:0.001739s ]
INFO: [ app_end ] --END-- [ RunTime:0.001842s ]

[ 2015-07-15T13:16:52+08:00 ] 192.168.0.181 /appserver/admin.php?c=category&a=selectcate
INFO: [ app_init ] --START--
INFO: Run Behavior\BuildLiteBehavior [ RunTime:0.000029s ]
INFO: [ app_init ] --END-- [ RunTime:0.000599s ]
INFO: [ app_begin ] --START--
INFO: Run Behavior\ReadHtmlCacheBehavior [ RunTime:0.000742s ]
INFO: [ app_begin ] --END-- [ RunTime:0.000834s ]
SQL: SHOW COLUMNS FROM `category` [ RunTime:0.0018s ]
SQL: SELECT * FROM `category` WHERE ( appid=3 AND pid=0 )  [ RunTime:0.0008s ]
NOTIC: [8] Undefined index: cateinfo_id /usr/www/appserver/admin/Home/Controller/CategoryController.class.php 第 192 行.
NOTIC: [8] Undefined index: categoryname /usr/www/appserver/admin/Home/Controller/CategoryController.class.php 第 193 行.
SQL: SHOW COLUMNS FROM `category` [ RunTime:0.0016s ]
SQL: SELECT * FROM `category` WHERE ( appid=3 AND pid=123 )  [ RunTime:0.0008s ]
INFO: [ app_end ] --START--
INFO: Run Behavior\ShowPageTraceBehavior [ RunTime:0.000745s ]
INFO: [ app_end ] --END-- [ RunTime:0.000827s ]

[ 2015-07-15T13:16:57+08:00 ] 192.168.0.181 /appserver/admin.php?c=category&a=insertcategory
INFO: [ app_init ] --START--
INFO: Run Behavior\BuildLiteBehavior [ RunTime:0.000025s ]
INFO: [ app_init ] --END-- [ RunTime:0.000503s ]
INFO: [ app_begin ] --START--
INFO: Run Behavior\ReadHtmlCacheBehavior [ RunTime:0.000615s ]
INFO: [ app_begin ] --END-- [ RunTime:0.000697s ]
SQL: SHOW COLUMNS FROM `category` [ RunTime:0.0018s ]
SQL: SELECT * FROM `category` WHERE ( appid=3 AND pid=0 )  [ RunTime:0.0008s ]
NOTIC: [8] Undefined index: cate_desc /usr/www/appserver/admin/Home/Controller/CategoryController.class.php 第 55 行.
NOTIC: [8] Undefined index: cate_sort /usr/www/appserver/admin/Home/Controller/CategoryController.class.php 第 56 行.
NOTIC: [8] Undefined index: user /usr/www/appserver/admin/Home/Controller/CategoryController.class.php 第 58 行.
SQL: SHOW COLUMNS FROM `category` [ RunTime:0.0014s ]
SQL: INSERT INTO `category` (`pid`,`appid`,`template`,`cate_top`,`cate_new`,`thumb_img`,`cate_img`,`categoryname`,`categoryname_e`,`cate_sort`,`create_time`,`create_name`,`cate_hard`) VALUES ('123','3','content','0','0','','','5','5','0','1436937417','admin','0') [ RunTime:0.0200s ]
INFO: [ view_parse ] --START--
INFO: [ template_filter ] --START--
INFO: Run Behavior\ContentReplaceBehavior [ RunTime:0.000059s ]
INFO: [ template_filter ] --END-- [ RunTime:0.000150s ]
INFO: Run Behavior\ParseTemplateBehavior [ RunTime:0.009394s ]
INFO: [ view_parse ] --END-- [ RunTime:0.009505s ]
INFO: [ view_filter ] --START--
INFO: Run Behavior\WriteHtmlCacheBehavior [ RunTime:0.000291s ]
INFO: [ view_filter ] --END-- [ RunTime:0.000364s ]
INFO: [ app_end ] --START--
INFO: Run Behavior\ShowPageTraceBehavior [ RunTime:0.000867s ]
INFO: [ app_end ] --END-- [ RunTime:0.000958s ]

[ 2015-07-15T13:16:58+08:00 ] 192.168.0.181 /appserver/admin.php?c=category&a=editcategory
INFO: [ app_init ] --START--
INFO: Run Behavior\BuildLiteBehavior [ RunTime:0.000027s ]
INFO: [ app_init ] --END-- [ RunTime:0.000599s ]
INFO: [ app_begin ] --START--
INFO: Run Behavior\ReadHtmlCacheBehavior [ RunTime:0.000755s ]
INFO: [ app_begin ] --END-- [ RunTime:0.000848s ]
SQL: SHOW COLUMNS FROM `category` [ RunTime:0.0020s ]
SQL: SELECT * FROM `category` WHERE ( appid=3 AND pid=0 )  [ RunTime:0.0008s ]
SQL: SHOW COLUMNS FROM `category` [ RunTime:0.0014s ]
SQL: SELECT * FROM `category` WHERE ( appid='3' AND pid=0 )  [ RunTime:0.0008s ]
INFO: [ view_parse ] --START--
INFO: [ template_filter ] --START--
INFO: Run Behavior\ContentReplaceBehavior [ RunTime:0.000177s ]
INFO: [ template_filter ] --END-- [ RunTime:0.000258s ]
INFO: Run Behavior\ParseTemplateBehavior [ RunTime:0.020325s ]
INFO: [ view_parse ] --END-- [ RunTime:0.020409s ]
INFO: [ view_filter ] --START--
INFO: Run Behavior\WriteHtmlCacheBehavior [ RunTime:0.000242s ]
INFO: [ view_filter ] --END-- [ RunTime:0.000305s ]
INFO: [ app_end ] --START--
INFO: Run Behavior\ShowPageTraceBehavior [ RunTime:0.002480s ]
INFO: [ app_end ] --END-- [ RunTime:0.002567s ]

[ 2015-07-15T13:17:00+08:00 ] 192.168.0.181 /appserver/admin.php?c=category&a=selectcate
INFO: [ app_init ] --START--
INFO: Run Behavior\BuildLiteBehavior [ RunTime:0.000028s ]
INFO: [ app_init ] --END-- [ RunTime:0.000596s ]
INFO: [ app_begin ] --START--
INFO: Run Behavior\ReadHtmlCacheBehavior [ RunTime:0.000741s ]
INFO: [ app_begin ] --END-- [ RunTime:0.000832s ]
SQL: SHOW COLUMNS FROM `category` [ RunTime:0.0021s ]
SQL: SELECT * FROM `category` WHERE ( appid=3 AND pid=0 )  [ RunTime:0.0012s ]
NOTIC: [8] Undefined index: cateinfo_id /usr/www/appserver/admin/Home/Controller/CategoryController.class.php 第 192 行.
NOTIC: [8] Undefined index: categoryname /usr/www/appserver/admin/Home/Controller/CategoryController.class.php 第 193 行.
SQL: SHOW COLUMNS FROM `category` [ RunTime:0.0020s ]
SQL: SELECT * FROM `category` WHERE ( appid=3 AND pid=123 )  [ RunTime:0.0010s ]
INFO: [ app_end ] --START--
INFO: Run Behavior\ShowPageTraceBehavior [ RunTime:0.000861s ]
INFO: [ app_end ] --END-- [ RunTime:0.000953s ]

[ 2015-07-15T13:17:03+08:00 ] 192.168.0.181 /appserver/admin.php?c=category&a=insertcategory
INFO: [ app_init ] --START--
INFO: Run Behavior\BuildLiteBehavior [ RunTime:0.000028s ]
INFO: [ app_init ] --END-- [ RunTime:0.000606s ]
INFO: [ app_begin ] --START--
INFO: Run Behavior\ReadHtmlCacheBehavior [ RunTime:0.000746s ]
INFO: [ app_begin ] --END-- [ RunTime:0.000846s ]
SQL: SHOW COLUMNS FROM `category` [ RunTime:0.0021s ]
SQL: SELECT * FROM `category` WHERE ( appid=3 AND pid=0 )  [ RunTime:0.0008s ]
NOTIC: [8] Undefined index: cate_desc /usr/www/appserver/admin/Home/Controller/CategoryController.class.php 第 55 行.
NOTIC: [8] Undefined index: cate_sort /usr/www/appserver/admin/Home/Controller/CategoryController.class.php 第 56 行.
NOTIC: [8] Undefined index: user /usr/www/appserver/admin/Home/Controller/CategoryController.class.php 第 58 行.
SQL: SHOW COLUMNS FROM `category` [ RunTime:0.0016s ]
SQL: INSERT INTO `category` (`pid`,`appid`,`template`,`cate_top`,`cate_new`,`thumb_img`,`cate_img`,`categoryname`,`categoryname_e`,`cate_sort`,`create_time`,`create_name`,`cate_hard`) VALUES ('123','3','content','0','0','','','6','6','0','1436937423','admin','0') [ RunTime:0.0021s ]
INFO: [ view_parse ] --START--
INFO: [ template_filter ] --START--
INFO: Run Behavior\ContentReplaceBehavior [ RunTime:0.000048s ]
INFO: [ template_filter ] --END-- [ RunTime:0.000122s ]
INFO: Run Behavior\ParseTemplateBehavior [ RunTime:0.007610s ]
INFO: [ view_parse ] --END-- [ RunTime:0.007829s ]
INFO: [ view_filter ] --START--
INFO: Run Behavior\WriteHtmlCacheBehavior [ RunTime:0.000251s ]
INFO: [ view_filter ] --END-- [ RunTime:0.000313s ]
INFO: [ app_end ] --START--
INFO: Run Behavior\ShowPageTraceBehavior [ RunTime:0.000710s ]
INFO: [ app_end ] --END-- [ RunTime:0.000786s ]

[ 2015-07-15T13:17:04+08:00 ] 192.168.0.181 /appserver/admin.php?c=category&a=editcategory
INFO: [ app_init ] --START--
INFO: Run Behavior\BuildLiteBehavior [ RunTime:0.000026s ]
INFO: [ app_init ] --END-- [ RunTime:0.000594s ]
INFO: [ app_begin ] --START--
INFO: Run Behavior\ReadHtmlCacheBehavior [ RunTime:0.000746s ]
INFO: [ app_begin ] --END-- [ RunTime:0.000839s ]
SQL: SHOW COLUMNS FROM `category` [ RunTime:0.0017s ]
SQL: SELECT * FROM `category` WHERE ( appid=3 AND pid=0 )  [ RunTime:0.0008s ]
SQL: SHOW COLUMNS FROM `category` [ RunTime:0.0014s ]
SQL: SELECT * FROM `category` WHERE ( appid='3' AND pid=0 )  [ RunTime:0.0008s ]
INFO: [ view_parse ] --START--
INFO: [ template_filter ] --START--
INFO: Run Behavior\ContentReplaceBehavior [ RunTime:0.000222s ]
INFO: [ template_filter ] --END-- [ RunTime:0.000320s ]
INFO: Run Behavior\ParseTemplateBehavior [ RunTime:0.023957s ]
INFO: [ view_parse ] --END-- [ RunTime:0.024052s ]
INFO: [ view_filter ] --START--
INFO: Run Behavior\WriteHtmlCacheBehavior [ RunTime:0.000290s ]
INFO: [ view_filter ] --END-- [ RunTime:0.000366s ]
INFO: [ app_end ] --START--
INFO: Run Behavior\ShowPageTraceBehavior [ RunTime:0.002846s ]
INFO: [ app_end ] --END-- [ RunTime:0.002949s ]

[ 2015-07-15T13:17:05+08:00 ] 192.168.0.181 /appserver/admin.php?c=category&a=selectcate
INFO: [ app_init ] --START--
INFO: Run Behavior\BuildLiteBehavior [ RunTime:0.000028s ]
INFO: [ app_init ] --END-- [ RunTime:0.000608s ]
INFO: [ app_begin ] --START--
INFO: Run Behavior\ReadHtmlCacheBehavior [ RunTime:0.000749s ]
INFO: [ app_begin ] --END-- [ RunTime:0.000841s ]
SQL: SHOW COLUMNS FROM `category` [ RunTime:0.0022s ]
SQL: SELECT * FROM `category` WHERE ( appid=3 AND pid=0 )  [ RunTime:0.0010s ]
NOTIC: [8] Undefined index: cateinfo_id /usr/www/appserver/admin/Home/Controller/CategoryController.class.php 第 192 行.
NOTIC: [8] Undefined index: categoryname /usr/www/appserver/admin/Home/Controller/CategoryController.class.php 第 193 行.
SQL: SHOW COLUMNS FROM `category` [ RunTime:0.0017s ]
SQL: SELECT * FROM `category` WHERE ( appid=3 AND pid=123 )  [ RunTime:0.0009s ]
INFO: [ app_end ] --START--
INFO: Run Behavior\ShowPageTraceBehavior [ RunTime:0.000970s ]
INFO: [ app_end ] --END-- [ RunTime:0.001063s ]

[ 2015-07-15T13:17:09+08:00 ] 192.168.0.181 /appserver/admin.php?c=category&a=insertcategory
INFO: [ app_init ] --START--
INFO: Run Behavior\BuildLiteBehavior [ RunTime:0.000028s ]
INFO: [ app_init ] --END-- [ RunTime:0.000602s ]
INFO: [ app_begin ] --START--
INFO: Run Behavior\ReadHtmlCacheBehavior [ RunTime:0.000747s ]
INFO: [ app_begin ] --END-- [ RunTime:0.000847s ]
SQL: SHOW COLUMNS FROM `category` [ RunTime:0.0017s ]
SQL: SELECT * FROM `category` WHERE ( appid=3 AND pid=0 )  [ RunTime:0.0008s ]
NOTIC: [8] Undefined index: cate_desc /usr/www/appserver/admin/Home/Controller/CategoryController.class.php 第 55 行.
NOTIC: [8] Undefined index: cate_sort /usr/www/appserver/admin/Home/Controller/CategoryController.class.php 第 56 行.
NOTIC: [8] Undefined index: user /usr/www/appserver/admin/Home/Controller/CategoryController.class.php 第 58 行.
SQL: SHOW COLUMNS FROM `category` [ RunTime:0.0015s ]
SQL: INSERT INTO `category` (`pid`,`appid`,`template`,`cate_top`,`cate_new`,`thumb_img`,`cate_img`,`categoryname`,`categoryname_e`,`cate_sort`,`create_time`,`create_name`,`cate_hard`) VALUES ('123','3','content','0','0','','','7','7','0','1436937429','admin','0') [ RunTime:0.0024s ]
INFO: [ view_parse ] --START--
INFO: [ template_filter ] --START--
INFO: Run Behavior\ContentReplaceBehavior [ RunTime:0.000057s ]
INFO: [ template_filter ] --END-- [ RunTime:0.000147s ]
INFO: Run Behavior\ParseTemplateBehavior [ RunTime:0.008681s ]
INFO: [ view_parse ] --END-- [ RunTime:0.008786s ]
INFO: [ view_filter ] --START--
INFO: Run Behavior\WriteHtmlCacheBehavior [ RunTime:0.000284s ]
INFO: [ view_filter ] --END-- [ RunTime:0.000355s ]
INFO: [ app_end ] --START--
INFO: Run Behavior\ShowPageTraceBehavior [ RunTime:0.000868s ]
INFO: [ app_end ] --END-- [ RunTime:0.000956s ]

[ 2015-07-15T13:17:10+08:00 ] 192.168.0.181 /appserver/admin.php?c=category&a=editcategory
INFO: [ app_init ] --START--
INFO: Run Behavior\BuildLiteBehavior [ RunTime:0.000028s ]
INFO: [ app_init ] --END-- [ RunTime:0.000605s ]
INFO: [ app_begin ] --START--
INFO: Run Behavior\ReadHtmlCacheBehavior [ RunTime:0.000874s ]
INFO: [ app_begin ] --END-- [ RunTime:0.001175s ]
SQL: SHOW COLUMNS FROM `category` [ RunTime:0.0020s ]
SQL: SELECT * FROM `category` WHERE ( appid=3 AND pid=0 )  [ RunTime:0.0010s ]
SQL: SHOW COLUMNS FROM `category` [ RunTime:0.0017s ]
SQL: SELECT * FROM `category` WHERE ( appid='3' AND pid=0 )  [ RunTime:0.0009s ]
INFO: [ view_parse ] --START--
INFO: [ template_filter ] --START--
INFO: Run Behavior\ContentReplaceBehavior [ RunTime:0.000176s ]
INFO: [ template_filter ] --END-- [ RunTime:0.000254s ]
INFO: Run Behavior\ParseTemplateBehavior [ RunTime:0.021543s ]
INFO: [ view_parse ] --END-- [ RunTime:0.021633s ]
INFO: [ view_filter ] --START--
INFO: Run Behavior\WriteHtmlCacheBehavior [ RunTime:0.000240s ]
INFO: [ view_filter ] --END-- [ RunTime:0.000304s ]
INFO: [ app_end ] --START--
INFO: Run Behavior\ShowPageTraceBehavior [ RunTime:0.001220s ]
INFO: [ app_end ] --END-- [ RunTime:0.001304s ]

[ 2015-07-15T13:17:12+08:00 ] 192.168.0.181 /appserver/admin.php?c=category&a=selectcate
INFO: [ app_init ] --START--
INFO: Run Behavior\BuildLiteBehavior [ RunTime:0.000027s ]
INFO: [ app_init ] --END-- [ RunTime:0.000599s ]
INFO: [ app_begin ] --START--
INFO: Run Behavior\ReadHtmlCacheBehavior [ RunTime:0.000741s ]
INFO: [ app_begin ] --END-- [ RunTime:0.000831s ]
SQL: SHOW COLUMNS FROM `category` [ RunTime:0.0021s ]
SQL: SELECT * FROM `category` WHERE ( appid=3 AND pid=0 )  [ RunTime:0.0010s ]
NOTIC: [8] Undefined index: cateinfo_id /usr/www/appserver/admin/Home/Controller/CategoryController.class.php 第 192 行.
NOTIC: [8] Undefined index: categoryname /usr/www/appserver/admin/Home/Controller/CategoryController.class.php 第 193 行.
SQL: SHOW COLUMNS FROM `category` [ RunTime:0.0018s ]
SQL: SELECT * FROM `category` WHERE ( appid=3 AND pid=123 )  [ RunTime:0.0010s ]
INFO: [ app_end ] --START--
INFO: Run Behavior\ShowPageTraceBehavior [ RunTime:0.001004s ]
INFO: [ app_end ] --END-- [ RunTime:0.001096s ]

[ 2015-07-15T13:17:14+08:00 ] 192.168.0.181 /appserver/admin.php?c=category&a=insertcategory
INFO: [ app_init ] --START--
INFO: Run Behavior\BuildLiteBehavior [ RunTime:0.000023s ]
INFO: [ app_init ] --END-- [ RunTime:0.000494s ]
INFO: [ app_begin ] --START--
INFO: Run Behavior\ReadHtmlCacheBehavior [ RunTime:0.000618s ]
INFO: [ app_begin ] --END-- [ RunTime:0.000701s ]
SQL: SHOW COLUMNS FROM `category` [ RunTime:0.0017s ]
SQL: SELECT * FROM `category` WHERE ( appid=3 AND pid=0 )  [ RunTime:0.0008s ]
NOTIC: [8] Undefined index: cate_desc /usr/www/appserver/admin/Home/Controller/CategoryController.class.php 第 55 行.
NOTIC: [8] Undefined index: cate_sort /usr/www/appserver/admin/Home/Controller/CategoryController.class.php 第 56 行.
NOTIC: [8] Undefined index: user /usr/www/appserver/admin/Home/Controller/CategoryController.class.php 第 58 行.
SQL: SHOW COLUMNS FROM `category` [ RunTime:0.0015s ]
SQL: INSERT INTO `category` (`pid`,`appid`,`template`,`cate_top`,`cate_new`,`thumb_img`,`cate_img`,`categoryname`,`categoryname_e`,`cate_sort`,`create_time`,`create_name`,`cate_hard`) VALUES ('123','3','content','0','0','','','8','8','0','1436937434','admin','0') [ RunTime:0.0022s ]
INFO: [ view_parse ] --START--
INFO: [ template_filter ] --START--
INFO: Run Behavior\ContentReplaceBehavior [ RunTime:0.000050s ]
INFO: [ template_filter ] --END-- [ RunTime:0.000125s ]
INFO: Run Behavior\ParseTemplateBehavior [ RunTime:0.007666s ]
INFO: [ view_parse ] --END-- [ RunTime:0.007756s ]
INFO: [ view_filter ] --START--
INFO: Run Behavior\WriteHtmlCacheBehavior [ RunTime:0.000297s ]
INFO: [ view_filter ] --END-- [ RunTime:0.000500s ]
INFO: [ app_end ] --START--
INFO: Run Behavior\ShowPageTraceBehavior [ RunTime:0.000721s ]
INFO: [ app_end ] --END-- [ RunTime:0.000793s ]

[ 2015-07-15T13:17:15+08:00 ] 192.168.0.181 /appserver/admin.php?c=category&a=editcategory
INFO: [ app_init ] --START--
INFO: Run Behavior\BuildLiteBehavior [ RunTime:0.000015s ]
INFO: [ app_init ] --END-- [ RunTime:0.000294s ]
INFO: [ app_begin ] --START--
INFO: Run Behavior\ReadHtmlCacheBehavior [ RunTime:0.000356s ]
INFO: [ app_begin ] --END-- [ RunTime:0.000403s ]
SQL: SHOW COLUMNS FROM `category` [ RunTime:0.0011s ]
SQL: SELECT * FROM `category` WHERE ( appid=3 AND pid=0 )  [ RunTime:0.0005s ]
SQL: SHOW COLUMNS FROM `category` [ RunTime:0.0009s ]
SQL: SELECT * FROM `category` WHERE ( appid='3' AND pid=0 )  [ RunTime:0.0006s ]
INFO: [ view_parse ] --START--
INFO: [ template_filter ] --START--
INFO: Run Behavior\ContentReplaceBehavior [ RunTime:0.000100s ]
INFO: [ template_filter ] --END-- [ RunTime:0.000148s ]
INFO: Run Behavior\ParseTemplateBehavior [ RunTime:0.010998s ]
INFO: [ view_parse ] --END-- [ RunTime:0.011048s ]
INFO: [ view_filter ] --START--
INFO: Run Behavior\WriteHtmlCacheBehavior [ RunTime:0.000152s ]
INFO: [ view_filter ] --END-- [ RunTime:0.000191s ]
INFO: [ app_end ] --START--
INFO: Run Behavior\ShowPageTraceBehavior [ RunTime:0.000416s ]
INFO: [ app_end ] --END-- [ RunTime:0.000465s ]

[ 2015-07-15T13:17:17+08:00 ] 192.168.0.181 /appserver/admin.php?c=category&a=selectcate
INFO: [ app_init ] --START--
INFO: Run Behavior\BuildLiteBehavior [ RunTime:0.000022s ]
INFO: [ app_init ] --END-- [ RunTime:0.000489s ]
INFO: [ app_begin ] --START--
INFO: Run Behavior\ReadHtmlCacheBehavior [ RunTime:0.000607s ]
INFO: [ app_begin ] --END-- [ RunTime:0.000683s ]
SQL: SHOW COLUMNS FROM `category` [ RunTime:0.0018s ]
SQL: SELECT * FROM `category` WHERE ( appid=3 AND pid=0 )  [ RunTime:0.0008s ]
NOTIC: [8] Undefined index: cateinfo_id /usr/www/appserver/admin/Home/Controller/CategoryController.class.php 第 192 行.
NOTIC: [8] Undefined index: categoryname /usr/www/appserver/admin/Home/Controller/CategoryController.class.php 第 193 行.
SQL: SHOW COLUMNS FROM `category` [ RunTime:0.0014s ]
SQL: SELECT * FROM `category` WHERE ( appid=3 AND pid=123 )  [ RunTime:0.0008s ]
INFO: [ app_end ] --START--
INFO: Run Behavior\ShowPageTraceBehavior [ RunTime:0.000678s ]
INFO: [ app_end ] --END-- [ RunTime:0.000755s ]

[ 2015-07-15T13:17:20+08:00 ] 192.168.0.181 /appserver/admin.php?c=category&a=insertcategory
INFO: [ app_init ] --START--
INFO: Run Behavior\BuildLiteBehavior [ RunTime:0.000027s ]
INFO: [ app_init ] --END-- [ RunTime:0.000593s ]
INFO: [ app_begin ] --START--
INFO: Run Behavior\ReadHtmlCacheBehavior [ RunTime:0.000739s ]
INFO: [ app_begin ] --END-- [ RunTime:0.000835s ]
SQL: SHOW COLUMNS FROM `category` [ RunTime:0.0023s ]
SQL: SELECT * FROM `category` WHERE ( appid=3 AND pid=0 )  [ RunTime:0.0011s ]
NOTIC: [8] Undefined index: cate_desc /usr/www/appserver/admin/Home/Controller/CategoryController.class.php 第 55 行.
NOTIC: [8] Undefined index: cate_sort /usr/www/appserver/admin/Home/Controller/CategoryController.class.php 第 56 行.
NOTIC: [8] Undefined index: user /usr/www/appserver/admin/Home/Controller/CategoryController.class.php 第 58 行.
SQL: SHOW COLUMNS FROM `category` [ RunTime:0.0019s ]
SQL: INSERT INTO `category` (`pid`,`appid`,`template`,`cate_top`,`cate_new`,`thumb_img`,`cate_img`,`categoryname`,`categoryname_e`,`cate_sort`,`create_time`,`create_name`,`cate_hard`) VALUES ('123','3','content','0','0','','','9','9','0','1436937440','admin','0') [ RunTime:0.0026s ]
INFO: [ view_parse ] --START--
INFO: [ template_filter ] --START--
INFO: Run Behavior\ContentReplaceBehavior [ RunTime:0.000058s ]
INFO: [ template_filter ] --END-- [ RunTime:0.000150s ]
INFO: Run Behavior\ParseTemplateBehavior [ RunTime:0.011199s ]
INFO: [ view_parse ] --END-- [ RunTime:0.011311s ]
INFO: [ view_filter ] --START--
INFO: Run Behavior\WriteHtmlCacheBehavior [ RunTime:0.000287s ]
INFO: [ view_filter ] --END-- [ RunTime:0.000358s ]
INFO: [ app_end ] --START--
INFO: Run Behavior\ShowPageTraceBehavior [ RunTime:0.001103s ]
INFO: [ app_end ] --END-- [ RunTime:0.001202s ]

[ 2015-07-15T13:17:21+08:00 ] 192.168.0.181 /appserver/admin.php?c=category&a=editcategory
INFO: [ app_init ] --START--
INFO: Run Behavior\BuildLiteBehavior [ RunTime:0.000023s ]
INFO: [ app_init ] --END-- [ RunTime:0.000488s ]
INFO: [ app_begin ] --START--
INFO: Run Behavior\ReadHtmlCacheBehavior [ RunTime:0.000629s ]
INFO: [ app_begin ] --END-- [ RunTime:0.000711s ]
SQL: SHOW COLUMNS FROM `category` [ RunTime:0.0017s ]
SQL: SELECT * FROM `category` WHERE ( appid=3 AND pid=0 )  [ RunTime:0.0009s ]
SQL: SHOW COLUMNS FROM `category` [ RunTime:0.0016s ]
SQL: SELECT * FROM `category` WHERE ( appid='3' AND pid=0 )  [ RunTime:0.0008s ]
INFO: [ view_parse ] --START--
INFO: [ template_filter ] --START--
INFO: Run Behavior\ContentReplaceBehavior [ RunTime:0.000218s ]
INFO: [ template_filter ] --END-- [ RunTime:0.000316s ]
INFO: Run Behavior\ParseTemplateBehavior [ RunTime:0.021766s ]
INFO: [ view_parse ] --END-- [ RunTime:0.021860s ]
INFO: [ view_filter ] --START--
INFO: Run Behavior\WriteHtmlCacheBehavior [ RunTime:0.000280s ]
INFO: [ view_filter ] --END-- [ RunTime:0.000355s ]
INFO: [ app_end ] --START--
INFO: Run Behavior\ShowPageTraceBehavior [ RunTime:0.000844s ]
INFO: [ app_end ] --END-- [ RunTime:0.000936s ]

[ 2015-07-15T14:12:21+08:00 ] 192.168.0.181 /appserver/admin.php?c=appmanagement&a=applist
INFO: [ app_init ] --START--
INFO: Run Behavior\BuildLiteBehavior [ RunTime:0.000027s ]
INFO: [ app_init ] --END-- [ RunTime:0.000605s ]
INFO: [ app_begin ] --START--
INFO: Run Behavior\ReadHtmlCacheBehavior [ RunTime:0.000752s ]
INFO: [ app_begin ] --END-- [ RunTime:0.000846s ]
SQL: SHOW COLUMNS FROM `apps` [ RunTime:0.0022s ]
SQL: SELECT * FROM `apps` ORDER BY createtime DESC  [ RunTime:0.0006s ]
INFO: [ view_parse ] --START--
INFO: [ template_filter ] --START--
INFO: Run Behavior\ContentReplaceBehavior [ RunTime:0.000152s ]
INFO: [ template_filter ] --END-- [ RunTime:0.000230s ]
INFO: Run Behavior\ParseTemplateBehavior [ RunTime:0.019317s ]
INFO: [ view_parse ] --END-- [ RunTime:0.019507s ]
INFO: [ view_filter ] --START--
INFO: Run Behavior\WriteHtmlCacheBehavior [ RunTime:0.000282s ]
INFO: [ view_filter ] --END-- [ RunTime:0.000348s ]
INFO: [ app_end ] --START--
INFO: Run Behavior\ShowPageTraceBehavior [ RunTime:0.000760s ]
INFO: [ app_end ] --END-- [ RunTime:0.000841s ]

[ 2015-07-15T14:12:57+08:00 ] 192.168.0.181 /appserver/admin.php?c=category&a=listcategory
INFO: [ app_init ] --START--
INFO: Run Behavior\BuildLiteBehavior [ RunTime:0.000023s ]
INFO: [ app_init ] --END-- [ RunTime:0.000500s ]
INFO: [ app_begin ] --START--
INFO: Run Behavior\ReadHtmlCacheBehavior [ RunTime:0.000632s ]
INFO: [ app_begin ] --END-- [ RunTime:0.000713s ]
SQL: SHOW COLUMNS FROM `category` [ RunTime:0.0019s ]
SQL: SELECT * FROM `category` WHERE ( appid=3 AND pid=0 )  [ RunTime:0.0008s ]
SQL: SHOW COLUMNS FROM `category` [ RunTime:0.0014s ]
SQL: SELECT * FROM `category` WHERE ( appid=3 ) ORDER BY cate_sort ASC, create_time ASC  [ RunTime:0.0008s ]
INFO: [ view_parse ] --START--
INFO: [ template_filter ] --START--
INFO: Run Behavior\ContentReplaceBehavior [ RunTime:0.000405s ]
INFO: [ template_filter ] --END-- [ RunTime:0.000538s ]
NOTIC: [8] Undefined index: html /usr/www/appserver/admin/Runtime/Cache/Home/5e8ee00813e9f5979c399971351c7114.php 第 379 行.
INFO: Run Behavior\ParseTemplateBehavior [ RunTime:0.026202s ]
INFO: [ view_parse ] --END-- [ RunTime:0.026289s ]
INFO: [ view_filter ] --START--
INFO: Run Behavior\WriteHtmlCacheBehavior [ RunTime:0.000301s ]
INFO: [ view_filter ] --END-- [ RunTime:0.000376s ]
INFO: [ app_end ] --START--
INFO: Run Behavior\ShowPageTraceBehavior [ RunTime:0.002486s ]
INFO: [ app_end ] --END-- [ RunTime:0.002590s ]

[ 2015-07-15T14:13:25+08:00 ] 192.168.0.181 /appserver/admin.php?c=category&a=updateCategory&id=123
INFO: [ app_init ] --START--
INFO: Run Behavior\BuildLiteBehavior [ RunTime:0.000023s ]
INFO: [ app_init ] --END-- [ RunTime:0.000486s ]
INFO: [ app_begin ] --START--
INFO: Run Behavior\ReadHtmlCacheBehavior [ RunTime:0.000613s ]
INFO: [ app_begin ] --END-- [ RunTime:0.000691s ]
SQL: SHOW COLUMNS FROM `category` [ RunTime:0.0019s ]
SQL: SELECT * FROM `category` WHERE ( appid=3 AND pid=0 )  [ RunTime:0.0008s ]
SQL: SELECT * FROM `category` WHERE ( appid='3' AND id=123 ) LIMIT 1   [ RunTime:0.0006s ]
SQL: SELECT * FROM `category` WHERE ( id!=123 and appid='3' AND pid=0 )  [ RunTime:0.0011s ]
NOTIC: [8] Undefined variable: p /usr/www/appserver/admin/Home/Controller/CategoryController.class.php 第 83 行.
NOTIC: [8] Undefined variable: p /usr/www/appserver/admin/Home/Controller/CategoryController.class.php 第 83 行.
NOTIC: [8] Undefined variable: p /usr/www/appserver/admin/Home/Controller/CategoryController.class.php 第 85 行.
INFO: [ view_parse ] --START--
INFO: [ template_filter ] --START--
INFO: Run Behavior\ContentReplaceBehavior [ RunTime:0.000308s ]
INFO: [ template_filter ] --END-- [ RunTime:0.000411s ]
INFO: Run Behavior\ParseTemplateBehavior [ RunTime:0.082822s ]
INFO: [ view_parse ] --END-- [ RunTime:0.082919s ]
INFO: [ view_filter ] --START--
INFO: Run Behavior\WriteHtmlCacheBehavior [ RunTime:0.000292s ]
INFO: [ view_filter ] --END-- [ RunTime:0.000369s ]
INFO: [ app_end ] --START--
INFO: Run Behavior\ShowPageTraceBehavior [ RunTime:0.000861s ]
INFO: [ app_end ] --END-- [ RunTime:0.000956s ]

[ 2015-07-15T15:36:07+08:00 ] 192.168.0.181 /appserver/admin.php?c=appmanagement&a=applist
INFO: [ app_init ] --START--
INFO: Run Behavior\BuildLiteBehavior [ RunTime:0.000028s ]
INFO: [ app_init ] --END-- [ RunTime:0.000603s ]
INFO: [ app_begin ] --START--
INFO: Run Behavior\ReadHtmlCacheBehavior [ RunTime:0.000751s ]
INFO: [ app_begin ] --END-- [ RunTime:0.000846s ]
SQL: SHOW COLUMNS FROM `apps` [ RunTime:0.0019s ]
SQL: SELECT * FROM `apps` ORDER BY createtime DESC  [ RunTime:0.0006s ]
INFO: [ view_parse ] --START--
INFO: [ template_filter ] --START--
INFO: Run Behavior\ContentReplaceBehavior [ RunTime:0.000237s ]
INFO: [ template_filter ] --END-- [ RunTime:0.000341s ]
INFO: Run Behavior\ParseTemplateBehavior [ RunTime:0.023767s ]
INFO: [ view_parse ] --END-- [ RunTime:0.023861s ]
INFO: [ view_filter ] --START--
INFO: Run Behavior\WriteHtmlCacheBehavior [ RunTime:0.000302s ]
INFO: [ view_filter ] --END-- [ RunTime:0.000377s ]
INFO: [ app_end ] --START--
INFO: Run Behavior\ShowPageTraceBehavior [ RunTime:0.000909s ]
INFO: [ app_end ] --END-- [ RunTime:0.001006s ]

[ 2015-07-15T17:24:26+08:00 ] 192.168.0.190 /appserver/admin.php
INFO: [ app_init ] --START--
INFO: Run Behavior\BuildLiteBehavior [ RunTime:0.000028s ]
INFO: [ app_init ] --END-- [ RunTime:0.000603s ]
INFO: [ app_begin ] --START--
INFO: Run Behavior\ReadHtmlCacheBehavior [ RunTime:0.001130s ]
INFO: [ app_begin ] --END-- [ RunTime:0.001241s ]
INFO: [ view_parse ] --START--
INFO: [ template_filter ] --START--
INFO: Run Behavior\ContentReplaceBehavior [ RunTime:0.000266s ]
INFO: [ template_filter ] --END-- [ RunTime:0.000373s ]
NOTIC: [8] Undefined index: appname /usr/www/appserver/admin/Runtime/Cache/Home/5ae49521f4b4d9eb82c877f5df4cc67d.php 第 55 行.
INFO: Run Behavior\ParseTemplateBehavior [ RunTime:0.032188s ]
INFO: [ view_parse ] --END-- [ RunTime:0.032278s ]
INFO: [ view_filter ] --START--
INFO: Run Behavior\WriteHtmlCacheBehavior [ RunTime:0.000293s ]
INFO: [ view_filter ] --END-- [ RunTime:0.000366s ]
INFO: [ app_end ] --START--
INFO: Run Behavior\ShowPageTraceBehavior [ RunTime:0.000843s ]
INFO: [ app_end ] --END-- [ RunTime:0.000942s ]

[ 2015-07-15T17:24:28+08:00 ] 192.168.0.190 /appserver/admin.php?c=appmanagement&a=applist
INFO: [ app_init ] --START--
INFO: Run Behavior\BuildLiteBehavior [ RunTime:0.000028s ]
INFO: [ app_init ] --END-- [ RunTime:0.000599s ]
INFO: [ app_begin ] --START--
INFO: Run Behavior\ReadHtmlCacheBehavior [ RunTime:0.000751s ]
INFO: [ app_begin ] --END-- [ RunTime:0.000848s ]
SQL: SHOW COLUMNS FROM `apps` [ RunTime:0.0019s ]
SQL: SELECT * FROM `apps` ORDER BY createtime DESC  [ RunTime:0.0006s ]
NOTIC: [8] Undefined index: appid /usr/www/appserver/admin/Home/Controller/AppmanagementController.class.php 第 18 行.
INFO: [ view_parse ] --START--
INFO: [ template_filter ] --START--
INFO: Run Behavior\ContentReplaceBehavior [ RunTime:0.000182s ]
INFO: [ template_filter ] --END-- [ RunTime:0.000264s ]
NOTIC: [8] Undefined index: appname /usr/www/appserver/admin/Runtime/Cache/Home/ffb36f99d95538f85289046c940db68f.php 第 55 行.
INFO: Run Behavior\ParseTemplateBehavior [ RunTime:0.019289s ]
INFO: [ view_parse ] --END-- [ RunTime:0.019359s ]
INFO: [ view_filter ] --START--
INFO: Run Behavior\WriteHtmlCacheBehavior [ RunTime:0.000246s ]
INFO: [ view_filter ] --END-- [ RunTime:0.000310s ]
INFO: [ app_end ] --START--
INFO: Run Behavior\ShowPageTraceBehavior [ RunTime:0.000728s ]
INFO: [ app_end ] --END-- [ RunTime:0.000808s ]

[ 2015-07-15T17:24:34+08:00 ] 192.168.0.190 /appserver/admin.php?c=appmanagement&a=selectapp&id=3
INFO: [ app_init ] --START--
INFO: Run Behavior\BuildLiteBehavior [ RunTime:0.000023s ]
INFO: [ app_init ] --END-- [ RunTime:0.000495s ]
INFO: [ app_begin ] --START--
INFO: Run Behavior\ReadHtmlCacheBehavior [ RunTime:0.000673s ]
INFO: [ app_begin ] --END-- [ RunTime:0.000761s ]
SQL: SHOW COLUMNS FROM `apps` [ RunTime:0.0016s ]
SQL: SELECT * FROM `apps` WHERE ( appswitch=1 AND id=3 ) LIMIT 1   [ RunTime:0.0011s ]
INFO: [ view_parse ] --START--
INFO: [ template_filter ] --START--
INFO: Run Behavior\ContentReplaceBehavior [ RunTime:0.000059s ]
INFO: [ template_filter ] --END-- [ RunTime:0.000149s ]
INFO: Run Behavior\ParseTemplateBehavior [ RunTime:0.009863s ]
INFO: [ view_parse ] --END-- [ RunTime:0.009967s ]
INFO: [ view_filter ] --START--
INFO: Run Behavior\WriteHtmlCacheBehavior [ RunTime:0.000292s ]
INFO: [ view_filter ] --END-- [ RunTime:0.000364s ]
INFO: [ app_end ] --START--
INFO: Run Behavior\ShowPageTraceBehavior [ RunTime:0.000819s ]
INFO: [ app_end ] --END-- [ RunTime:0.000900s ]

[ 2015-07-15T17:24:35+08:00 ] 192.168.0.190 /appserver/admin.php?c=appmanagement&a=applist
INFO: [ app_init ] --START--
INFO: Run Behavior\BuildLiteBehavior [ RunTime:0.000026s ]
INFO: [ app_init ] --END-- [ RunTime:0.000702s ]
INFO: [ app_begin ] --START--
INFO: Run Behavior\ReadHtmlCacheBehavior [ RunTime:0.000632s ]
INFO: [ app_begin ] --END-- [ RunTime:0.000709s ]
SQL: SHOW COLUMNS FROM `apps` [ RunTime:0.0016s ]
SQL: SELECT * FROM `apps` ORDER BY createtime DESC  [ RunTime:0.0007s ]
INFO: [ view_parse ] --START--
INFO: [ template_filter ] --START--
INFO: Run Behavior\ContentReplaceBehavior [ RunTime:0.000206s ]
INFO: [ template_filter ] --END-- [ RunTime:0.000305s ]
INFO: Run Behavior\ParseTemplateBehavior [ RunTime:0.023899s ]
INFO: [ view_parse ] --END-- [ RunTime:0.024003s ]
INFO: [ view_filter ] --START--
INFO: Run Behavior\WriteHtmlCacheBehavior [ RunTime:0.000292s ]
INFO: [ view_filter ] --END-- [ RunTime:0.000368s ]
INFO: [ app_end ] --START--
INFO: Run Behavior\ShowPageTraceBehavior [ RunTime:0.000897s ]
INFO: [ app_end ] --END-- [ RunTime:0.000996s ]

[ 2015-07-15T17:25:52+08:00 ] 192.168.0.190 /appserver/admin.php?c=category&a=listcategory
INFO: [ app_init ] --START--
INFO: Run Behavior\BuildLiteBehavior [ RunTime:0.000029s ]
INFO: [ app_init ] --END-- [ RunTime:0.000607s ]
INFO: [ app_begin ] --START--
INFO: Run Behavior\ReadHtmlCacheBehavior [ RunTime:0.000902s ]
INFO: [ app_begin ] --END-- [ RunTime:0.000993s ]
SQL: SHOW COLUMNS FROM `category` [ RunTime:0.0019s ]
SQL: SELECT * FROM `category` WHERE ( appid=3 AND pid=0 )  [ RunTime:0.0009s ]
SQL: SHOW COLUMNS FROM `category` [ RunTime:0.0016s ]
SQL: SELECT * FROM `category` WHERE ( appid=3 ) ORDER BY cate_sort ASC, create_time ASC  [ RunTime:0.0008s ]
INFO: [ view_parse ] --START--
INFO: [ template_filter ] --START--
INFO: Run Behavior\ContentReplaceBehavior [ RunTime:0.000223s ]
INFO: [ template_filter ] --END-- [ RunTime:0.000326s ]
NOTIC: [8] Undefined index: html /usr/www/appserver/admin/Runtime/Cache/Home/5e8ee00813e9f5979c399971351c7114.php 第 379 行.
INFO: Run Behavior\ParseTemplateBehavior [ RunTime:0.025128s ]
INFO: [ view_parse ] --END-- [ RunTime:0.025215s ]
INFO: [ view_filter ] --START--
INFO: Run Behavior\WriteHtmlCacheBehavior [ RunTime:0.000295s ]
INFO: [ view_filter ] --END-- [ RunTime:0.000371s ]
INFO: [ app_end ] --START--
INFO: Run Behavior\ShowPageTraceBehavior [ RunTime:0.000872s ]
INFO: [ app_end ] --END-- [ RunTime:0.000970s ]

[ 2015-07-15T17:25:57+08:00 ] 192.168.0.190 /appserver/admin.php?m=admin&c=activity&a=listactivity
INFO: [ app_init ] --START--
INFO: Run Behavior\BuildLiteBehavior [ RunTime:0.000028s ]
INFO: [ app_init ] --END-- [ RunTime:0.000604s ]
INFO: [ app_begin ] --START--
INFO: Run Behavior\ReadHtmlCacheBehavior [ RunTime:0.000747s ]
INFO: [ app_begin ] --END-- [ RunTime:0.000842s ]
SQL: SHOW COLUMNS FROM `activity_count` [ RunTime:0.0017s ]
SQL: SELECT * FROM `activity_count`  [ RunTime:0.0006s ]
INFO: [ view_parse ] --START--
INFO: [ template_filter ] --START--
INFO: Run Behavior\ContentReplaceBehavior [ RunTime:0.000240s ]
INFO: [ template_filter ] --END-- [ RunTime:0.000340s ]
NOTIC: [2] date() expects parameter 2 to be long, string given /usr/www/appserver/admin/Runtime/Cache/Home/4a1990044b7a30301eaf19a735db5574.php 第 357 行.
NOTIC: [2] date() expects parameter 2 to be long, string given /usr/www/appserver/admin/Runtime/Cache/Home/4a1990044b7a30301eaf19a735db5574.php 第 357 行.
NOTIC: [2] date() expects parameter 2 to be long, string given /usr/www/appserver/admin/Runtime/Cache/Home/4a1990044b7a30301eaf19a735db5574.php 第 357 行.
INFO: Run Behavior\ParseTemplateBehavior [ RunTime:0.024198s ]
INFO: [ view_parse ] --END-- [ RunTime:0.024275s ]
INFO: [ view_filter ] --START--
INFO: Run Behavior\WriteHtmlCacheBehavior [ RunTime:0.000298s ]
INFO: [ view_filter ] --END-- [ RunTime:0.000373s ]
INFO: [ app_end ] --START--
INFO: Run Behavior\ShowPageTraceBehavior [ RunTime:0.000880s ]
INFO: [ app_end ] --END-- [ RunTime:0.000977s ]

[ 2015-07-15T17:26:00+08:00 ] 192.168.0.190 /appserver/admin.php?c=appmanagement&a=applist
INFO: [ app_init ] --START--
INFO: Run Behavior\BuildLiteBehavior [ RunTime:0.000023s ]
INFO: [ app_init ] --END-- [ RunTime:0.000494s ]
INFO: [ app_begin ] --START--
INFO: Run Behavior\ReadHtmlCacheBehavior [ RunTime:0.000618s ]
INFO: [ app_begin ] --END-- [ RunTime:0.000698s ]
SQL: SHOW COLUMNS FROM `apps` [ RunTime:0.0017s ]
SQL: SELECT * FROM `apps` ORDER BY createtime DESC  [ RunTime:0.0006s ]
INFO: [ view_parse ] --START--
INFO: [ template_filter ] --START--
INFO: Run Behavior\ContentReplaceBehavior [ RunTime:0.000189s ]
INFO: [ template_filter ] --END-- [ RunTime:0.000288s ]
INFO: Run Behavior\ParseTemplateBehavior [ RunTime:0.023103s ]
INFO: [ view_parse ] --END-- [ RunTime:0.023201s ]
INFO: [ view_filter ] --START--
INFO: Run Behavior\WriteHtmlCacheBehavior [ RunTime:0.000295s ]
INFO: [ view_filter ] --END-- [ RunTime:0.000370s ]
INFO: [ app_end ] --START--
INFO: Run Behavior\ShowPageTraceBehavior [ RunTime:0.001628s ]
INFO: [ app_end ] --END-- [ RunTime:0.001872s ]

[ 2015-07-15T17:26:23+08:00 ] 192.168.0.190 /appserver/admin.php?c=appmanagement&a=applist
INFO: [ app_init ] --START--
INFO: Run Behavior\BuildLiteBehavior [ RunTime:0.000028s ]
INFO: [ app_init ] --END-- [ RunTime:0.000595s ]
INFO: [ app_begin ] --START--
INFO: Run Behavior\ReadHtmlCacheBehavior [ RunTime:0.000747s ]
INFO: [ app_begin ] --END-- [ RunTime:0.000840s ]
SQL: SHOW COLUMNS FROM `apps` [ RunTime:0.0021s ]
SQL: SELECT * FROM `apps` ORDER BY createtime DESC  [ RunTime:0.0007s ]
INFO: [ view_parse ] --START--
INFO: [ template_filter ] --START--
INFO: Run Behavior\ContentReplaceBehavior [ RunTime:0.000203s ]
INFO: [ template_filter ] --END-- [ RunTime:0.000304s ]
INFO: Run Behavior\ParseTemplateBehavior [ RunTime:0.024732s ]
INFO: [ view_parse ] --END-- [ RunTime:0.024834s ]
INFO: [ view_filter ] --START--
INFO: Run Behavior\WriteHtmlCacheBehavior [ RunTime:0.000294s ]
INFO: [ view_filter ] --END-- [ RunTime:0.000371s ]
INFO: [ app_end ] --START--
INFO: Run Behavior\ShowPageTraceBehavior [ RunTime:0.001687s ]
INFO: [ app_end ] --END-- [ RunTime:0.001886s ]

[ 2015-07-15T17:32:00+08:00 ] 192.168.0.190 /appserver/admin.php?c=appmanagement&a=applist
INFO: [ app_init ] --START--
INFO: Run Behavior\BuildLiteBehavior [ RunTime:0.000023s ]
INFO: [ app_init ] --END-- [ RunTime:0.000500s ]
INFO: [ app_begin ] --START--
INFO: Run Behavior\ReadHtmlCacheBehavior [ RunTime:0.000619s ]
INFO: [ app_begin ] --END-- [ RunTime:0.000698s ]
SQL: SHOW COLUMNS FROM `apps` [ RunTime:0.0021s ]
SQL: SELECT * FROM `apps` ORDER BY createtime DESC  [ RunTime:0.0006s ]
INFO: [ view_parse ] --START--
INFO: [ template_filter ] --START--
INFO: Run Behavior\ContentReplaceBehavior [ RunTime:0.000208s ]
INFO: [ template_filter ] --END-- [ RunTime:0.000309s ]
INFO: Run Behavior\ParseTemplateBehavior [ RunTime:0.022049s ]
INFO: [ view_parse ] --END-- [ RunTime:0.022148s ]
INFO: [ view_filter ] --START--
INFO: Run Behavior\WriteHtmlCacheBehavior [ RunTime:0.000301s ]
INFO: [ view_filter ] --END-- [ RunTime:0.000376s ]
INFO: [ app_end ] --START--
INFO: Run Behavior\ShowPageTraceBehavior [ RunTime:0.001649s ]
INFO: [ app_end ] --END-- [ RunTime:0.001827s ]

