[ 2015-07-28T11:54:02+08:00 ] 203.100.95.139 /admin.php?c=category&a=listcategory
INFO: [ app_init ] --START--
INFO: Run Behavior\BuildLiteBehavior [ RunTime:0.000014s ]
INFO: [ app_init ] --END-- [ RunTime:0.000261s ]
INFO: [ app_begin ] --START--
INFO: Run Behavior\ReadHtmlCacheBehavior [ RunTime:0.000327s ]
INFO: [ app_begin ] --END-- [ RunTime:0.000384s ]
NOTIC: [8] Undefined index: appid /usr/www/appserver/admin/Home/Controller/CategoryController.class.php 第 8 行.
INFO: [ view_parse ] --START--
INFO: [ template_filter ] --START--
INFO: Run Behavior\ContentReplaceBehavior [ RunTime:0.000029s ]
INFO: [ template_filter ] --END-- [ RunTime:0.000087s ]
INFO: Run Behavior\ParseTemplateBehavior [ RunTime:0.005066s ]
INFO: [ view_parse ] --END-- [ RunTime:0.005156s ]
INFO: [ view_filter ] --START--
INFO: Run Behavior\WriteHtmlCacheBehavior [ RunTime:0.000167s ]
INFO: [ view_filter ] --END-- [ RunTime:0.000211s ]

[ 2015-07-28T11:54:02+08:00 ] 203.100.95.139 /admin.php?c=category&a=listcategory
INFO: [ app_init ] --START--
INFO: Run Behavior\BuildLiteBehavior [ RunTime:0.000013s ]
INFO: [ app_init ] --END-- [ RunTime:0.000256s ]
INFO: [ app_begin ] --START--
INFO: Run Behavior\ReadHtmlCacheBehavior [ RunTime:0.000351s ]
INFO: [ app_begin ] --END-- [ RunTime:0.000409s ]
NOTIC: [8] Undefined index: appid /usr/www/appserver/admin/Home/Controller/CategoryController.class.php 第 8 行.
INFO: [ view_parse ] --START--
INFO: [ template_filter ] --START--
INFO: Run Behavior\ContentReplaceBehavior [ RunTime:0.000029s ]
INFO: [ template_filter ] --END-- [ RunTime:0.000086s ]
INFO: Run Behavior\ParseTemplateBehavior [ RunTime:0.004336s ]
INFO: [ view_parse ] --END-- [ RunTime:0.004409s ]
INFO: [ view_filter ] --START--
INFO: Run Behavior\WriteHtmlCacheBehavior [ RunTime:0.000106s ]
INFO: [ view_filter ] --END-- [ RunTime:0.000146s ]

[ 2015-07-28T13:06:00+08:00 ] 58.132.173.6 /admin.php
INFO: [ app_init ] --START--
INFO: Run Behavior\BuildLiteBehavior [ RunTime:0.000016s ]
INFO: [ app_init ] --END-- [ RunTime:0.000328s ]
INFO: [ app_begin ] --START--
INFO: Run Behavior\ReadHtmlCacheBehavior [ RunTime:0.000329s ]
INFO: [ app_begin ] --END-- [ RunTime:0.000387s ]
INFO: [ view_parse ] --START--
INFO: [ template_filter ] --START--
INFO: Run Behavior\ContentReplaceBehavior [ RunTime:0.000164s ]
INFO: [ template_filter ] --END-- [ RunTime:0.000229s ]
NOTIC: [8] Undefined index: appname /usr/www/appserver/admin/Runtime/Cache/Home/5ae49521f4b4d9eb82c877f5df4cc67d.php 第 55 行.
INFO: Run Behavior\ParseTemplateBehavior [ RunTime:0.017395s ]
INFO: [ view_parse ] --END-- [ RunTime:0.017446s ]
INFO: [ view_filter ] --START--
INFO: Run Behavior\WriteHtmlCacheBehavior [ RunTime:0.000111s ]
INFO: [ view_filter ] --END-- [ RunTime:0.000153s ]
INFO: [ app_end ] --START--
INFO: Run Behavior\ShowPageTraceBehavior [ RunTime:0.000561s ]
INFO: [ app_end ] --END-- [ RunTime:0.000680s ]

[ 2015-07-28T13:06:08+08:00 ] 203.100.95.139 /admin.php?c=appmanagement&a=applist
INFO: [ app_init ] --START--
INFO: Run Behavior\BuildLiteBehavior [ RunTime:0.000016s ]
INFO: [ app_init ] --END-- [ RunTime:0.000294s ]
INFO: [ app_begin ] --START--
INFO: Run Behavior\ReadHtmlCacheBehavior [ RunTime:0.000338s ]
INFO: [ app_begin ] --END-- [ RunTime:0.000394s ]
SQL: SHOW COLUMNS FROM `apps` [ RunTime:0.0010s ]
SQL: SELECT * FROM `apps` ORDER BY createtime DESC  [ RunTime:0.0003s ]
NOTIC: [8] Undefined index: appid /usr/www/appserver/admin/Home/Controller/AppmanagementController.class.php 第 18 行.
INFO: [ view_parse ] --START--
INFO: [ template_filter ] --START--
INFO: Run Behavior\ContentReplaceBehavior [ RunTime:0.000085s ]
INFO: [ template_filter ] --END-- [ RunTime:0.000138s ]
NOTIC: [8] Undefined index: appname /usr/www/appserver/admin/Runtime/Cache/Home/ffb36f99d95538f85289046c940db68f.php 第 55 行.
INFO: Run Behavior\ParseTemplateBehavior [ RunTime:0.011977s ]
INFO: [ view_parse ] --END-- [ RunTime:0.012047s ]
INFO: [ view_filter ] --START--
INFO: Run Behavior\WriteHtmlCacheBehavior [ RunTime:0.000108s ]
INFO: [ view_filter ] --END-- [ RunTime:0.000150s ]
INFO: [ app_end ] --START--
INFO: Run Behavior\ShowPageTraceBehavior [ RunTime:0.000555s ]
INFO: [ app_end ] --END-- [ RunTime:0.000742s ]

[ 2015-07-28T13:06:13+08:00 ] 203.100.95.139 /admin.php?c=appmanagement&a=selectapp&id=1
INFO: [ app_init ] --START--
INFO: Run Behavior\BuildLiteBehavior [ RunTime:0.000016s ]
INFO: [ app_init ] --END-- [ RunTime:0.000296s ]
INFO: [ app_begin ] --START--
INFO: Run Behavior\ReadHtmlCacheBehavior [ RunTime:0.000362s ]
INFO: [ app_begin ] --END-- [ RunTime:0.000414s ]
SQL: SHOW COLUMNS FROM `apps` [ RunTime:0.0010s ]
SQL: SELECT * FROM `apps` WHERE ( appswitch=1 AND id=1 ) LIMIT 1   [ RunTime:0.0003s ]
INFO: [ view_parse ] --START--
INFO: [ template_filter ] --START--
INFO: Run Behavior\ContentReplaceBehavior [ RunTime:0.000040s ]
INFO: [ template_filter ] --END-- [ RunTime:0.000111s ]
INFO: Run Behavior\ParseTemplateBehavior [ RunTime:0.004891s ]
INFO: [ view_parse ] --END-- [ RunTime:0.004948s ]
INFO: [ view_filter ] --START--
INFO: Run Behavior\WriteHtmlCacheBehavior [ RunTime:0.000148s ]
INFO: [ view_filter ] --END-- [ RunTime:0.000192s ]
INFO: [ app_end ] --START--
INFO: Run Behavior\ShowPageTraceBehavior [ RunTime:0.000334s ]
INFO: [ app_end ] --END-- [ RunTime:0.000382s ]

[ 2015-07-28T13:06:15+08:00 ] 203.100.95.139 /admin.php?c=appmanagement&a=applist
INFO: [ app_init ] --START--
INFO: Run Behavior\BuildLiteBehavior [ RunTime:0.000013s ]
INFO: [ app_init ] --END-- [ RunTime:0.000244s ]
INFO: [ app_begin ] --START--
INFO: Run Behavior\ReadHtmlCacheBehavior [ RunTime:0.000304s ]
INFO: [ app_begin ] --END-- [ RunTime:0.000358s ]
SQL: SHOW COLUMNS FROM `apps` [ RunTime:0.0010s ]
SQL: SELECT * FROM `apps` ORDER BY createtime DESC  [ RunTime:0.0002s ]
INFO: [ view_parse ] --START--
INFO: [ template_filter ] --START--
INFO: Run Behavior\ContentReplaceBehavior [ RunTime:0.000094s ]
INFO: [ template_filter ] --END-- [ RunTime:0.000150s ]
INFO: Run Behavior\ParseTemplateBehavior [ RunTime:0.011723s ]
INFO: [ view_parse ] --END-- [ RunTime:0.011785s ]
INFO: [ view_filter ] --START--
INFO: Run Behavior\WriteHtmlCacheBehavior [ RunTime:0.000114s ]
INFO: [ view_filter ] --END-- [ RunTime:0.000161s ]
INFO: [ app_end ] --START--
INFO: Run Behavior\ShowPageTraceBehavior [ RunTime:0.000336s ]
INFO: [ app_end ] --END-- [ RunTime:0.000388s ]

[ 2015-07-28T13:06:19+08:00 ] 203.100.95.139 /admin.php?c=category&a=listcategory
INFO: [ app_init ] --START--
INFO: Run Behavior\BuildLiteBehavior [ RunTime:0.000014s ]
INFO: [ app_init ] --END-- [ RunTime:0.000235s ]
INFO: [ app_begin ] --START--
INFO: Run Behavior\ReadHtmlCacheBehavior [ RunTime:0.000294s ]
INFO: [ app_begin ] --END-- [ RunTime:0.000342s ]
SQL: SHOW COLUMNS FROM `category` [ RunTime:0.0010s ]
SQL: SELECT * FROM `category` WHERE ( appid=1 AND pid=0 )  [ RunTime:0.0004s ]
SQL: SHOW COLUMNS FROM `category` [ RunTime:0.0006s ]
SQL: SELECT * FROM `category` WHERE ( appid=1 ) ORDER BY cate_sort ASC, create_time ASC  [ RunTime:0.0004s ]
INFO: [ view_parse ] --START--
INFO: [ template_filter ] --START--
INFO: Run Behavior\ContentReplaceBehavior [ RunTime:0.000134s ]
INFO: [ template_filter ] --END-- [ RunTime:0.000213s ]
NOTIC: [8] Undefined index: html /usr/www/appserver/admin/Runtime/Cache/Home/5e8ee00813e9f5979c399971351c7114.php 第 379 行.
NOTIC: [8] Undefined index: html /usr/www/appserver/admin/Runtime/Cache/Home/5e8ee00813e9f5979c399971351c7114.php 第 379 行.
INFO: Run Behavior\ParseTemplateBehavior [ RunTime:0.013528s ]
INFO: [ view_parse ] --END-- [ RunTime:0.013590s ]
INFO: [ view_filter ] --START--
INFO: Run Behavior\WriteHtmlCacheBehavior [ RunTime:0.000115s ]
INFO: [ view_filter ] --END-- [ RunTime:0.000158s ]
INFO: [ app_end ] --START--
INFO: Run Behavior\ShowPageTraceBehavior [ RunTime:0.000538s ]
INFO: [ app_end ] --END-- [ RunTime:0.000646s ]

[ 2015-07-28T13:06:36+08:00 ] 203.100.95.139 /admin.php?m=admin&c=Content&a=listcontent&cateid=43
INFO: [ app_init ] --START--
INFO: Run Behavior\BuildLiteBehavior [ RunTime:0.000014s ]
INFO: [ app_init ] --END-- [ RunTime:0.000242s ]
INFO: [ app_begin ] --START--
INFO: Run Behavior\ReadHtmlCacheBehavior [ RunTime:0.000342s ]
INFO: [ app_begin ] --END-- [ RunTime:0.000392s ]
SQL: SHOW COLUMNS FROM `category` [ RunTime:0.0011s ]
SQL: SHOW COLUMNS FROM `content` [ RunTime:0.0007s ]
SQL: SHOW COLUMNS FROM `category` [ RunTime:0.0007s ]
SQL: SELECT * FROM `category` WHERE ( id=43 ) LIMIT 1   [ RunTime:0.0003s ]
SQL: SHOW COLUMNS FROM `part2_3` [ RunTime:0.0007s ]
SQL: SELECT * FROM `part2_3` WHERE ( cateid=43 AND appid=1 AND con_del=0 ) ORDER BY con_order ASC,id DESC  [ RunTime:0.0005s ]
SQL: SELECT * FROM `category` WHERE ( id=43 ) LIMIT 1   [ RunTime:0.0002s ]
INFO: [ view_parse ] --START--
INFO: [ template_filter ] --START--
INFO: Run Behavior\ContentReplaceBehavior [ RunTime:0.000090s ]
INFO: [ template_filter ] --END-- [ RunTime:0.000142s ]
NOTIC: [8] Undefined index: html /usr/www/appserver/admin/Runtime/Cache/Home/72809578d79b78e082e2b21f2b6aa023.php 第 362 行.
NOTIC: [8] Undefined index: title_e /usr/www/appserver/admin/Runtime/Cache/Home/72809578d79b78e082e2b21f2b6aa023.php 第 363 行.
NOTIC: [8] Undefined index: thumb_img /usr/www/appserver/admin/Runtime/Cache/Home/72809578d79b78e082e2b21f2b6aa023.php 第 365 行.
NOTIC: [8] Undefined index: cate_img /usr/www/appserver/admin/Runtime/Cache/Home/72809578d79b78e082e2b21f2b6aa023.php 第 370 行.
NOTIC: [8] Undefined index: html /usr/www/appserver/admin/Runtime/Cache/Home/72809578d79b78e082e2b21f2b6aa023.php 第 362 行.
NOTIC: [8] Undefined index: title_e /usr/www/appserver/admin/Runtime/Cache/Home/72809578d79b78e082e2b21f2b6aa023.php 第 363 行.
NOTIC: [8] Undefined index: thumb_img /usr/www/appserver/admin/Runtime/Cache/Home/72809578d79b78e082e2b21f2b6aa023.php 第 365 行.
NOTIC: [8] Undefined index: cate_img /usr/www/appserver/admin/Runtime/Cache/Home/72809578d79b78e082e2b21f2b6aa023.php 第 370 行.
NOTIC: [8] Undefined index: html /usr/www/appserver/admin/Runtime/Cache/Home/72809578d79b78e082e2b21f2b6aa023.php 第 362 行.
NOTIC: [8] Undefined index: title_e /usr/www/appserver/admin/Runtime/Cache/Home/72809578d79b78e082e2b21f2b6aa023.php 第 363 行.
NOTIC: [8] Undefined index: thumb_img /usr/www/appserver/admin/Runtime/Cache/Home/72809578d79b78e082e2b21f2b6aa023.php 第 365 行.
NOTIC: [8] Undefined index: cate_img /usr/www/appserver/admin/Runtime/Cache/Home/72809578d79b78e082e2b21f2b6aa023.php 第 370 行.
NOTIC: [8] Undefined index: html /usr/www/appserver/admin/Runtime/Cache/Home/72809578d79b78e082e2b21f2b6aa023.php 第 362 行.
NOTIC: [8] Undefined index: title_e /usr/www/appserver/admin/Runtime/Cache/Home/72809578d79b78e082e2b21f2b6aa023.php 第 363 行.
NOTIC: [8] Undefined index: thumb_img /usr/www/appserver/admin/Runtime/Cache/Home/72809578d79b78e082e2b21f2b6aa023.php 第 365 行.
NOTIC: [8] Undefined index: cate_img /usr/www/appserver/admin/Runtime/Cache/Home/72809578d79b78e082e2b21f2b6aa023.php 第 370 行.
NOTIC: [8] Undefined index: html /usr/www/appserver/admin/Runtime/Cache/Home/72809578d79b78e082e2b21f2b6aa023.php 第 362 行.
NOTIC: [8] Undefined index: title_e /usr/www/appserver/admin/Runtime/Cache/Home/72809578d79b78e082e2b21f2b6aa023.php 第 363 行.
NOTIC: [8] Undefined index: thumb_img /usr/www/appserver/admin/Runtime/Cache/Home/72809578d79b78e082e2b21f2b6aa023.php 第 365 行.
NOTIC: [8] Undefined index: cate_img /usr/www/appserver/admin/Runtime/Cache/Home/72809578d79b78e082e2b21f2b6aa023.php 第 370 行.
NOTIC: [8] Undefined index: html /usr/www/appserver/admin/Runtime/Cache/Home/72809578d79b78e082e2b21f2b6aa023.php 第 362 行.
NOTIC: [8] Undefined index: title_e /usr/www/appserver/admin/Runtime/Cache/Home/72809578d79b78e082e2b21f2b6aa023.php 第 363 行.
NOTIC: [8] Undefined index: thumb_img /usr/www/appserver/admin/Runtime/Cache/Home/72809578d79b78e082e2b21f2b6aa023.php 第 365 行.
NOTIC: [8] Undefined index: cate_img /usr/www/appserver/admin/Runtime/Cache/Home/72809578d79b78e082e2b21f2b6aa023.php 第 370 行.
NOTIC: [8] Undefined index: html /usr/www/appserver/admin/Runtime/Cache/Home/72809578d79b78e082e2b21f2b6aa023.php 第 362 行.
NOTIC: [8] Undefined index: title_e /usr/www/appserver/admin/Runtime/Cache/Home/72809578d79b78e082e2b21f2b6aa023.php 第 363 行.
NOTIC: [8] Undefined index: thumb_img /usr/www/appserver/admin/Runtime/Cache/Home/72809578d79b78e082e2b21f2b6aa023.php 第 365 行.
NOTIC: [8] Undefined index: cate_img /usr/www/appserver/admin/Runtime/Cache/Home/72809578d79b78e082e2b21f2b6aa023.php 第 370 行.
INFO: Run Behavior\ParseTemplateBehavior [ RunTime:0.014699s ]
INFO: [ view_parse ] --END-- [ RunTime:0.014747s ]
INFO: [ view_filter ] --START--
INFO: Run Behavior\WriteHtmlCacheBehavior [ RunTime:0.000106s ]
INFO: [ view_filter ] --END-- [ RunTime:0.000157s ]
INFO: [ app_end ] --START--
INFO: Run Behavior\ShowPageTraceBehavior [ RunTime:0.000496s ]
INFO: [ app_end ] --END-- [ RunTime:0.000604s ]

[ 2015-07-28T13:06:51+08:00 ] 58.132.173.6 /admin.php?m=admin&c=Content&a=editcontent&id=7&cateid=43
INFO: [ app_init ] --START--
INFO: Run Behavior\BuildLiteBehavior [ RunTime:0.000016s ]
INFO: [ app_init ] --END-- [ RunTime:0.000283s ]
INFO: [ app_begin ] --START--
INFO: Run Behavior\ReadHtmlCacheBehavior [ RunTime:0.000354s ]
INFO: [ app_begin ] --END-- [ RunTime:0.000406s ]
SQL: SHOW COLUMNS FROM `category` [ RunTime:0.0010s ]
SQL: SHOW COLUMNS FROM `content` [ RunTime:0.0007s ]
SQL: SHOW COLUMNS FROM `category` [ RunTime:0.0007s ]
SQL: SELECT * FROM `category` WHERE ( id=43 ) LIMIT 1   [ RunTime:0.0004s ]
SQL: SELECT * FROM `category` WHERE ( id=43 ) LIMIT 1   [ RunTime:0.0002s ]
SQL: SELECT * FROM `category` WHERE ( id=43 ) LIMIT 1   [ RunTime:0.0002s ]
SQL: SELECT `categoryname`,`categoryname_e` FROM `category` WHERE ( appid='1' AND id=43 ) LIMIT 1   [ RunTime:0.0002s ]
SQL: SHOW COLUMNS FROM `part2_3` [ RunTime:0.0007s ]
SQL: SELECT * FROM `part2_3` WHERE ( id=7 ) LIMIT 1   [ RunTime:0.0003s ]
INFO: [ view_parse ] --START--
INFO: [ template_filter ] --START--
INFO: Run Behavior\ContentReplaceBehavior [ RunTime:0.000128s ]
INFO: [ template_filter ] --END-- [ RunTime:0.000199s ]
NOTIC: [8] Use of undefined constant part2_audio - assumed 'part2_audio' /usr/www/appserver/admin/Runtime/Cache/Home/07677f905a83f5ddb1e008b1613c7e99.php 第 486 行.
NOTIC: [8] Use of undefined constant part2_audio - assumed 'part2_audio' /usr/www/appserver/admin/Runtime/Cache/Home/07677f905a83f5ddb1e008b1613c7e99.php 第 490 行.
NOTIC: [8] Use of undefined constant part2_audio - assumed 'part2_audio' /usr/www/appserver/admin/Runtime/Cache/Home/07677f905a83f5ddb1e008b1613c7e99.php 第 486 行.
NOTIC: [8] Use of undefined constant part2_audio - assumed 'part2_audio' /usr/www/appserver/admin/Runtime/Cache/Home/07677f905a83f5ddb1e008b1613c7e99.php 第 490 行.
NOTIC: [8] Use of undefined constant part2_audio - assumed 'part2_audio' /usr/www/appserver/admin/Runtime/Cache/Home/07677f905a83f5ddb1e008b1613c7e99.php 第 486 行.
NOTIC: [8] Use of undefined constant part2_audio - assumed 'part2_audio' /usr/www/appserver/admin/Runtime/Cache/Home/07677f905a83f5ddb1e008b1613c7e99.php 第 490 行.
NOTIC: [8] Use of undefined constant part3_audio - assumed 'part3_audio' /usr/www/appserver/admin/Runtime/Cache/Home/07677f905a83f5ddb1e008b1613c7e99.php 第 509 行.
NOTIC: [8] Use of undefined constant part3_audio - assumed 'part3_audio' /usr/www/appserver/admin/Runtime/Cache/Home/07677f905a83f5ddb1e008b1613c7e99.php 第 513 行.
NOTIC: [8] Use of undefined constant part3_audio - assumed 'part3_audio' /usr/www/appserver/admin/Runtime/Cache/Home/07677f905a83f5ddb1e008b1613c7e99.php 第 509 行.
NOTIC: [8] Use of undefined constant part3_audio - assumed 'part3_audio' /usr/www/appserver/admin/Runtime/Cache/Home/07677f905a83f5ddb1e008b1613c7e99.php 第 513 行.
NOTIC: [8] Use of undefined constant part3_audio - assumed 'part3_audio' /usr/www/appserver/admin/Runtime/Cache/Home/07677f905a83f5ddb1e008b1613c7e99.php 第 509 行.
NOTIC: [8] Use of undefined constant part3_audio - assumed 'part3_audio' /usr/www/appserver/admin/Runtime/Cache/Home/07677f905a83f5ddb1e008b1613c7e99.php 第 513 行.
NOTIC: [8] Use of undefined constant part3_audio - assumed 'part3_audio' /usr/www/appserver/admin/Runtime/Cache/Home/07677f905a83f5ddb1e008b1613c7e99.php 第 509 行.
NOTIC: [8] Use of undefined constant part3_audio - assumed 'part3_audio' /usr/www/appserver/admin/Runtime/Cache/Home/07677f905a83f5ddb1e008b1613c7e99.php 第 513 行.
NOTIC: [8] Use of undefined constant part3_audio - assumed 'part3_audio' /usr/www/appserver/admin/Runtime/Cache/Home/07677f905a83f5ddb1e008b1613c7e99.php 第 509 行.
NOTIC: [8] Use of undefined constant part3_audio - assumed 'part3_audio' /usr/www/appserver/admin/Runtime/Cache/Home/07677f905a83f5ddb1e008b1613c7e99.php 第 513 行.
NOTIC: [8] Undefined index: answers /usr/www/appserver/admin/Runtime/Cache/Home/07677f905a83f5ddb1e008b1613c7e99.php 第 529 行.
NOTIC: [8] Undefined index: answers_audio /usr/www/appserver/admin/Runtime/Cache/Home/07677f905a83f5ddb1e008b1613c7e99.php 第 530 行.
NOTIC: [8] Undefined index: chinese /usr/www/appserver/admin/Runtime/Cache/Home/07677f905a83f5ddb1e008b1613c7e99.php 第 531 行.
NOTIC: [8] Undefined index: answers /usr/www/appserver/admin/Runtime/Cache/Home/07677f905a83f5ddb1e008b1613c7e99.php 第 540 行.
NOTIC: [8] Undefined index: answers_audio /usr/www/appserver/admin/Runtime/Cache/Home/07677f905a83f5ddb1e008b1613c7e99.php 第 541 行.
NOTIC: [8] Undefined index: chinese /usr/www/appserver/admin/Runtime/Cache/Home/07677f905a83f5ddb1e008b1613c7e99.php 第 542 行.
INFO: Run Behavior\ParseTemplateBehavior [ RunTime:0.017399s ]
INFO: [ view_parse ] --END-- [ RunTime:0.017451s ]
INFO: [ view_filter ] --START--
INFO: Run Behavior\WriteHtmlCacheBehavior [ RunTime:0.000123s ]
INFO: [ view_filter ] --END-- [ RunTime:0.000164s ]
INFO: [ app_end ] --START--
INFO: Run Behavior\ShowPageTraceBehavior [ RunTime:0.000567s ]
INFO: [ app_end ] --END-- [ RunTime:0.000687s ]

[ 2015-07-28T13:07:24+08:00 ] 58.132.173.6 /admin.php?c=content&a=offlabelcon&con_del=1&id=7
INFO: [ app_init ] --START--
INFO: Run Behavior\BuildLiteBehavior [ RunTime:0.000015s ]
INFO: [ app_init ] --END-- [ RunTime:0.000266s ]
INFO: [ app_begin ] --START--
INFO: Run Behavior\ReadHtmlCacheBehavior [ RunTime:0.000368s ]
INFO: [ app_begin ] --END-- [ RunTime:0.000420s ]
SQL: SHOW COLUMNS FROM `category` [ RunTime:0.0011s ]
SQL: SHOW COLUMNS FROM `content` [ RunTime:0.0007s ]
NOTIC: [8] Undefined index: con_top /usr/www/appserver/admin/Home/Controller/ContentController.class.php 第 391 行.
NOTIC: [8] Undefined index: con_show /usr/www/appserver/admin/Home/Controller/ContentController.class.php 第 392 行.
NOTIC: [8] Undefined index: con_new /usr/www/appserver/admin/Home/Controller/ContentController.class.php 第 393 行.
NOTIC: [8] Undefined index: cateid /usr/www/appserver/admin/Home/Controller/ContentController.class.php 第 395 行.
NOTIC: [8] Undefined index: user /usr/www/appserver/admin/Home/Controller/ContentController.class.php 第 409 行.
NOTIC: [8] Undefined index: con_top /usr/www/appserver/admin/Home/Controller/ContentController.class.php 第 410 行.
NOTIC: [8] Undefined index: con_show /usr/www/appserver/admin/Home/Controller/ContentController.class.php 第 410 行.
ERR: SQLSTATE[42000]: Syntax error or access violation: 1103 Incorrect table name ''

[ 2015-07-28T15:22:29+08:00 ] 203.100.95.139 /admin.php
INFO: [ app_init ] --START--
INFO: Run Behavior\BuildLiteBehavior [ RunTime:0.000014s ]
INFO: [ app_init ] --END-- [ RunTime:0.000241s ]
INFO: [ app_begin ] --START--
INFO: Run Behavior\ReadHtmlCacheBehavior [ RunTime:0.000317s ]
INFO: [ app_begin ] --END-- [ RunTime:0.000365s ]
INFO: [ view_parse ] --START--
INFO: [ template_filter ] --START--
INFO: Run Behavior\ContentReplaceBehavior [ RunTime:0.000202s ]
INFO: [ template_filter ] --END-- [ RunTime:0.000288s ]
NOTIC: [8] Undefined index: appname /usr/www/appserver/admin/Runtime/Cache/Home/5ae49521f4b4d9eb82c877f5df4cc67d.php 第 55 行.
INFO: Run Behavior\ParseTemplateBehavior [ RunTime:0.016368s ]
INFO: [ view_parse ] --END-- [ RunTime:0.016414s ]
INFO: [ view_filter ] --START--
INFO: Run Behavior\WriteHtmlCacheBehavior [ RunTime:0.000148s ]
INFO: [ view_filter ] --END-- [ RunTime:0.000193s ]
INFO: [ app_end ] --START--
INFO: Run Behavior\ShowPageTraceBehavior [ RunTime:0.000368s ]
INFO: [ app_end ] --END-- [ RunTime:0.000426s ]

[ 2015-07-28T15:22:32+08:00 ] 203.100.95.139 /admin.php?c=appmanagement&a=applist
INFO: [ app_init ] --START--
INFO: Run Behavior\BuildLiteBehavior [ RunTime:0.000014s ]
INFO: [ app_init ] --END-- [ RunTime:0.000255s ]
INFO: [ app_begin ] --START--
INFO: Run Behavior\ReadHtmlCacheBehavior [ RunTime:0.000342s ]
INFO: [ app_begin ] --END-- [ RunTime:0.000394s ]
SQL: SHOW COLUMNS FROM `apps` [ RunTime:0.0012s ]
SQL: SELECT * FROM `apps` ORDER BY createtime DESC  [ RunTime:0.0003s ]
NOTIC: [8] Undefined index: appid /usr/www/appserver/admin/Home/Controller/AppmanagementController.class.php 第 18 行.
INFO: [ view_parse ] --START--
INFO: [ template_filter ] --START--
INFO: Run Behavior\ContentReplaceBehavior [ RunTime:0.000098s ]
INFO: [ template_filter ] --END-- [ RunTime:0.000178s ]
NOTIC: [8] Undefined index: appname /usr/www/appserver/admin/Runtime/Cache/Home/ffb36f99d95538f85289046c940db68f.php 第 55 行.
INFO: Run Behavior\ParseTemplateBehavior [ RunTime:0.012268s ]
INFO: [ view_parse ] --END-- [ RunTime:0.012329s ]
INFO: [ view_filter ] --START--
INFO: Run Behavior\WriteHtmlCacheBehavior [ RunTime:0.000112s ]
INFO: [ view_filter ] --END-- [ RunTime:0.000155s ]
INFO: [ app_end ] --START--
INFO: Run Behavior\ShowPageTraceBehavior [ RunTime:0.000318s ]
INFO: [ app_end ] --END-- [ RunTime:0.000371s ]

[ 2015-07-28T15:22:33+08:00 ] 203.100.95.139 /admin.php?c=appmanagement&a=selectapp&id=1
INFO: [ app_init ] --START--
INFO: Run Behavior\BuildLiteBehavior [ RunTime:0.000014s ]
INFO: [ app_init ] --END-- [ RunTime:0.000235s ]
INFO: [ app_begin ] --START--
INFO: Run Behavior\ReadHtmlCacheBehavior [ RunTime:0.000310s ]
INFO: [ app_begin ] --END-- [ RunTime:0.000357s ]
SQL: SHOW COLUMNS FROM `apps` [ RunTime:0.0010s ]
SQL: SELECT * FROM `apps` WHERE ( appswitch=1 AND id=1 ) LIMIT 1   [ RunTime:0.0004s ]
INFO: [ view_parse ] --START--
INFO: [ template_filter ] --START--
INFO: Run Behavior\ContentReplaceBehavior [ RunTime:0.000039s ]
INFO: [ template_filter ] --END-- [ RunTime:0.000105s ]
INFO: Run Behavior\ParseTemplateBehavior [ RunTime:0.006177s ]
INFO: [ view_parse ] --END-- [ RunTime:0.006269s ]
INFO: [ view_filter ] --START--
INFO: Run Behavior\WriteHtmlCacheBehavior [ RunTime:0.000141s ]
INFO: [ view_filter ] --END-- [ RunTime:0.000209s ]
INFO: [ app_end ] --START--
INFO: Run Behavior\ShowPageTraceBehavior [ RunTime:0.000467s ]
INFO: [ app_end ] --END-- [ RunTime:0.000558s ]

[ 2015-07-28T15:22:34+08:00 ] 203.100.95.139 /admin.php?c=appmanagement&a=applist
INFO: [ app_init ] --START--
INFO: Run Behavior\BuildLiteBehavior [ RunTime:0.000014s ]
INFO: [ app_init ] --END-- [ RunTime:0.000236s ]
INFO: [ app_begin ] --START--
INFO: Run Behavior\ReadHtmlCacheBehavior [ RunTime:0.000289s ]
INFO: [ app_begin ] --END-- [ RunTime:0.000338s ]
SQL: SHOW COLUMNS FROM `apps` [ RunTime:0.0010s ]
SQL: SELECT * FROM `apps` ORDER BY createtime DESC  [ RunTime:0.0003s ]
INFO: [ view_parse ] --START--
INFO: [ template_filter ] --START--
INFO: Run Behavior\ContentReplaceBehavior [ RunTime:0.000088s ]
INFO: [ template_filter ] --END-- [ RunTime:0.000141s ]
INFO: Run Behavior\ParseTemplateBehavior [ RunTime:0.010778s ]
INFO: [ view_parse ] --END-- [ RunTime:0.010838s ]
INFO: [ view_filter ] --START--
INFO: Run Behavior\WriteHtmlCacheBehavior [ RunTime:0.000101s ]
INFO: [ view_filter ] --END-- [ RunTime:0.000141s ]
INFO: [ app_end ] --START--
INFO: Run Behavior\ShowPageTraceBehavior [ RunTime:0.000330s ]
INFO: [ app_end ] --END-- [ RunTime:0.000381s ]

[ 2015-07-28T15:22:36+08:00 ] 203.100.95.139 /admin.php?c=category&a=listcategory
INFO: [ app_init ] --START--
INFO: Run Behavior\BuildLiteBehavior [ RunTime:0.000016s ]
INFO: [ app_init ] --END-- [ RunTime:0.000272s ]
INFO: [ app_begin ] --START--
INFO: Run Behavior\ReadHtmlCacheBehavior [ RunTime:0.000315s ]
INFO: [ app_begin ] --END-- [ RunTime:0.000365s ]
SQL: SHOW COLUMNS FROM `category` [ RunTime:0.0010s ]
SQL: SELECT * FROM `category` WHERE ( appid=1 AND pid=0 )  [ RunTime:0.0004s ]
SQL: SHOW COLUMNS FROM `category` [ RunTime:0.0007s ]
SQL: SELECT * FROM `category` WHERE ( appid=1 ) ORDER BY cate_sort ASC, create_time ASC  [ RunTime:0.0005s ]
INFO: [ view_parse ] --START--
INFO: [ template_filter ] --START--
INFO: Run Behavior\ContentReplaceBehavior [ RunTime:0.000112s ]
INFO: [ template_filter ] --END-- [ RunTime:0.000164s ]
NOTIC: [8] Undefined index: html /usr/www/appserver/admin/Runtime/Cache/Home/5e8ee00813e9f5979c399971351c7114.php 第 379 行.
NOTIC: [8] Undefined index: html /usr/www/appserver/admin/Runtime/Cache/Home/5e8ee00813e9f5979c399971351c7114.php 第 379 行.
INFO: Run Behavior\ParseTemplateBehavior [ RunTime:0.012910s ]
INFO: [ view_parse ] --END-- [ RunTime:0.012959s ]
INFO: [ view_filter ] --START--
INFO: Run Behavior\WriteHtmlCacheBehavior [ RunTime:0.000100s ]
INFO: [ view_filter ] --END-- [ RunTime:0.000143s ]
INFO: [ app_end ] --START--
INFO: Run Behavior\ShowPageTraceBehavior [ RunTime:0.000341s ]
INFO: [ app_end ] --END-- [ RunTime:0.000388s ]

[ 2015-07-28T15:22:47+08:00 ] 203.100.95.139 /admin.php?c=category&a=updateCategory&id=4
INFO: [ app_init ] --START--
INFO: Run Behavior\BuildLiteBehavior [ RunTime:0.000013s ]
INFO: [ app_init ] --END-- [ RunTime:0.000238s ]
INFO: [ app_begin ] --START--
INFO: Run Behavior\ReadHtmlCacheBehavior [ RunTime:0.000297s ]
INFO: [ app_begin ] --END-- [ RunTime:0.000345s ]
SQL: SHOW COLUMNS FROM `category` [ RunTime:0.0011s ]
SQL: SELECT * FROM `category` WHERE ( appid=1 AND pid=0 )  [ RunTime:0.0004s ]
SQL: SELECT * FROM `category` WHERE ( appid='1' AND id=4 ) LIMIT 1   [ RunTime:0.0002s ]
SQL: SELECT * FROM `category` WHERE ( appid='1' AND id=1 ) LIMIT 1   [ RunTime:0.0002s ]
SQL: SELECT * FROM `category` WHERE ( id!=4 and appid='1' AND pid=0 )  [ RunTime:0.0003s ]
INFO: [ view_parse ] --START--
INFO: [ template_filter ] --START--
INFO: Run Behavior\ContentReplaceBehavior [ RunTime:0.000102s ]
INFO: [ template_filter ] --END-- [ RunTime:0.000156s ]
INFO: Run Behavior\ParseTemplateBehavior [ RunTime:0.014274s ]
INFO: [ view_parse ] --END-- [ RunTime:0.014328s ]
INFO: [ view_filter ] --START--
INFO: Run Behavior\WriteHtmlCacheBehavior [ RunTime:0.000104s ]
INFO: [ view_filter ] --END-- [ RunTime:0.000147s ]
INFO: [ app_end ] --START--
INFO: Run Behavior\ShowPageTraceBehavior [ RunTime:0.000368s ]
INFO: [ app_end ] --END-- [ RunTime:0.000447s ]

[ 2015-07-28T15:22:58+08:00 ] 203.100.95.139 /admin.php?c=category&a=runupdatecategory
INFO: [ app_init ] --START--
INFO: Run Behavior\BuildLiteBehavior [ RunTime:0.000015s ]
INFO: [ app_init ] --END-- [ RunTime:0.000265s ]
INFO: [ app_begin ] --START--
INFO: Run Behavior\ReadHtmlCacheBehavior [ RunTime:0.000346s ]
INFO: [ app_begin ] --END-- [ RunTime:0.000404s ]
SQL: SHOW COLUMNS FROM `category` [ RunTime:0.0010s ]
SQL: SELECT * FROM `category` WHERE ( appid=1 AND pid=0 )  [ RunTime:0.0004s ]
SQL: UPDATE `category` SET `appid`='1',`pid`='1',`template`='part1',`id`='4',`cate_top`='0',`cate_new`='0',`cate_sort`='0',`categoryname`='生活和休闲',`categoryname_e`='LifeAndLeisure',`cate_hard`='0' WHERE ( appid='1' AND id=4 ) [ RunTime:0.0200s ]
INFO: [ view_parse ] --START--
INFO: [ template_filter ] --START--
INFO: Run Behavior\ContentReplaceBehavior [ RunTime:0.000109s ]
INFO: [ template_filter ] --END-- [ RunTime:0.000187s ]
INFO: Run Behavior\ParseTemplateBehavior [ RunTime:0.005444s ]
INFO: [ view_parse ] --END-- [ RunTime:0.005506s ]
INFO: [ view_filter ] --START--
INFO: Run Behavior\WriteHtmlCacheBehavior [ RunTime:0.000117s ]
INFO: [ view_filter ] --END-- [ RunTime:0.000159s ]
INFO: [ app_end ] --START--
INFO: Run Behavior\ShowPageTraceBehavior [ RunTime:0.000329s ]
INFO: [ app_end ] --END-- [ RunTime:0.000377s ]

[ 2015-07-28T15:22:59+08:00 ] 203.100.95.139 /admin.php?c=category&a=listcategory
INFO: [ app_init ] --START--
INFO: Run Behavior\BuildLiteBehavior [ RunTime:0.000014s ]
INFO: [ app_init ] --END-- [ RunTime:0.000268s ]
INFO: [ app_begin ] --START--
INFO: Run Behavior\ReadHtmlCacheBehavior [ RunTime:0.000351s ]
INFO: [ app_begin ] --END-- [ RunTime:0.000404s ]
SQL: SHOW COLUMNS FROM `category` [ RunTime:0.0010s ]
SQL: SELECT * FROM `category` WHERE ( appid=1 AND pid=0 )  [ RunTime:0.0004s ]
SQL: SHOW COLUMNS FROM `category` [ RunTime:0.0007s ]
SQL: SELECT * FROM `category` WHERE ( appid=1 ) ORDER BY cate_sort ASC, create_time ASC  [ RunTime:0.0004s ]
INFO: [ view_parse ] --START--
INFO: [ template_filter ] --START--
INFO: Run Behavior\ContentReplaceBehavior [ RunTime:0.000109s ]
INFO: [ template_filter ] --END-- [ RunTime:0.000163s ]
NOTIC: [8] Undefined index: html /usr/www/appserver/admin/Runtime/Cache/Home/5e8ee00813e9f5979c399971351c7114.php 第 379 行.
NOTIC: [8] Undefined index: html /usr/www/appserver/admin/Runtime/Cache/Home/5e8ee00813e9f5979c399971351c7114.php 第 379 行.
INFO: Run Behavior\ParseTemplateBehavior [ RunTime:0.015919s ]
INFO: [ view_parse ] --END-- [ RunTime:0.015983s ]
INFO: [ view_filter ] --START--
INFO: Run Behavior\WriteHtmlCacheBehavior [ RunTime:0.000101s ]
INFO: [ view_filter ] --END-- [ RunTime:0.000145s ]
INFO: [ app_end ] --START--
INFO: Run Behavior\ShowPageTraceBehavior [ RunTime:0.000394s ]
INFO: [ app_end ] --END-- [ RunTime:0.000469s ]

[ 2015-07-28T17:53:48+08:00 ] 203.100.95.139 /admin.php
INFO: [ app_init ] --START--
INFO: Run Behavior\BuildLiteBehavior [ RunTime:0.000014s ]
INFO: [ app_init ] --END-- [ RunTime:0.000305s ]
INFO: [ app_begin ] --START--
INFO: Run Behavior\ReadHtmlCacheBehavior [ RunTime:0.000458s ]
INFO: [ app_begin ] --END-- [ RunTime:0.000537s ]
INFO: [ view_parse ] --START--
INFO: [ template_filter ] --START--
INFO: Run Behavior\ContentReplaceBehavior [ RunTime:0.000224s ]
INFO: [ template_filter ] --END-- [ RunTime:0.000287s ]
NOTIC: [8] Undefined index: appname /usr/www/appserver/admin/Runtime/Cache/Home/5ae49521f4b4d9eb82c877f5df4cc67d.php 第 55 行.
INFO: Run Behavior\ParseTemplateBehavior [ RunTime:0.017066s ]
INFO: [ view_parse ] --END-- [ RunTime:0.017134s ]
INFO: [ view_filter ] --START--
INFO: Run Behavior\WriteHtmlCacheBehavior [ RunTime:0.000112s ]
INFO: [ view_filter ] --END-- [ RunTime:0.000173s ]
INFO: [ app_end ] --START--
INFO: Run Behavior\ShowPageTraceBehavior [ RunTime:0.000549s ]
INFO: [ app_end ] --END-- [ RunTime:0.000666s ]

[ 2015-07-28T17:53:53+08:00 ] 203.100.95.139 /admin.php?c=appmanagement&a=applist
INFO: [ app_init ] --START--
INFO: Run Behavior\BuildLiteBehavior [ RunTime:0.000013s ]
INFO: [ app_init ] --END-- [ RunTime:0.000259s ]
INFO: [ app_begin ] --START--
INFO: Run Behavior\ReadHtmlCacheBehavior [ RunTime:0.000411s ]
INFO: [ app_begin ] --END-- [ RunTime:0.000493s ]
SQL: SHOW COLUMNS FROM `apps` [ RunTime:0.0010s ]
SQL: SELECT * FROM `apps` ORDER BY createtime DESC  [ RunTime:0.0003s ]
NOTIC: [8] Undefined index: appid /usr/www/appserver/admin/Home/Controller/AppmanagementController.class.php 第 18 行.
INFO: [ view_parse ] --START--
INFO: [ template_filter ] --START--
INFO: Run Behavior\ContentReplaceBehavior [ RunTime:0.000092s ]
INFO: [ template_filter ] --END-- [ RunTime:0.000146s ]
NOTIC: [8] Undefined index: appname /usr/www/appserver/admin/Runtime/Cache/Home/ffb36f99d95538f85289046c940db68f.php 第 55 行.
INFO: Run Behavior\ParseTemplateBehavior [ RunTime:0.011318s ]
INFO: [ view_parse ] --END-- [ RunTime:0.011368s ]
INFO: [ view_filter ] --START--
INFO: Run Behavior\WriteHtmlCacheBehavior [ RunTime:0.000100s ]
INFO: [ view_filter ] --END-- [ RunTime:0.000141s ]
INFO: [ app_end ] --START--
INFO: Run Behavior\ShowPageTraceBehavior [ RunTime:0.000326s ]
INFO: [ app_end ] --END-- [ RunTime:0.000377s ]

[ 2015-07-28T17:53:55+08:00 ] 203.100.95.139 /admin.php?c=appmanagement&a=selectapp&id=1
INFO: [ app_init ] --START--
INFO: Run Behavior\BuildLiteBehavior [ RunTime:0.000013s ]
INFO: [ app_init ] --END-- [ RunTime:0.000258s ]
INFO: [ app_begin ] --START--
INFO: Run Behavior\ReadHtmlCacheBehavior [ RunTime:0.000337s ]
INFO: [ app_begin ] --END-- [ RunTime:0.000390s ]
SQL: SHOW COLUMNS FROM `apps` [ RunTime:0.0013s ]
SQL: SELECT * FROM `apps` WHERE ( appswitch=1 AND id=1 ) LIMIT 1   [ RunTime:0.0003s ]
INFO: [ view_parse ] --START--
INFO: [ template_filter ] --START--
INFO: Run Behavior\ContentReplaceBehavior [ RunTime:0.000036s ]
INFO: [ template_filter ] --END-- [ RunTime:0.000091s ]
INFO: Run Behavior\ParseTemplateBehavior [ RunTime:0.004571s ]
INFO: [ view_parse ] --END-- [ RunTime:0.004643s ]
INFO: [ view_filter ] --START--
INFO: Run Behavior\WriteHtmlCacheBehavior [ RunTime:0.000109s ]
INFO: [ view_filter ] --END-- [ RunTime:0.000150s ]
INFO: [ app_end ] --START--
INFO: Run Behavior\ShowPageTraceBehavior [ RunTime:0.000324s ]
INFO: [ app_end ] --END-- [ RunTime:0.000371s ]

[ 2015-07-28T17:53:56+08:00 ] 203.100.95.139 /admin.php?c=appmanagement&a=applist
INFO: [ app_init ] --START--
INFO: Run Behavior\BuildLiteBehavior [ RunTime:0.000014s ]
INFO: [ app_init ] --END-- [ RunTime:0.000259s ]
INFO: [ app_begin ] --START--
INFO: Run Behavior\ReadHtmlCacheBehavior [ RunTime:0.000353s ]
INFO: [ app_begin ] --END-- [ RunTime:0.000406s ]
SQL: SHOW COLUMNS FROM `apps` [ RunTime:0.0010s ]
SQL: SELECT * FROM `apps` ORDER BY createtime DESC  [ RunTime:0.0002s ]
INFO: [ view_parse ] --START--
INFO: [ template_filter ] --START--
INFO: Run Behavior\ContentReplaceBehavior [ RunTime:0.000093s ]
INFO: [ template_filter ] --END-- [ RunTime:0.000147s ]
INFO: Run Behavior\ParseTemplateBehavior [ RunTime:0.011592s ]
INFO: [ view_parse ] --END-- [ RunTime:0.011648s ]
INFO: [ view_filter ] --START--
INFO: Run Behavior\WriteHtmlCacheBehavior [ RunTime:0.000099s ]
INFO: [ view_filter ] --END-- [ RunTime:0.000140s ]
INFO: [ app_end ] --START--
INFO: Run Behavior\ShowPageTraceBehavior [ RunTime:0.000347s ]
INFO: [ app_end ] --END-- [ RunTime:0.000399s ]

[ 2015-07-28T17:53:57+08:00 ] 203.100.95.139 /admin.php?c=category&a=listcategory
INFO: [ app_init ] --START--
INFO: Run Behavior\BuildLiteBehavior [ RunTime:0.000014s ]
INFO: [ app_init ] --END-- [ RunTime:0.000258s ]
INFO: [ app_begin ] --START--
INFO: Run Behavior\ReadHtmlCacheBehavior [ RunTime:0.000344s ]
INFO: [ app_begin ] --END-- [ RunTime:0.000395s ]
SQL: SHOW COLUMNS FROM `category` [ RunTime:0.0010s ]
SQL: SELECT * FROM `category` WHERE ( appid=1 AND pid=0 )  [ RunTime:0.0004s ]
SQL: SHOW COLUMNS FROM `category` [ RunTime:0.0006s ]
SQL: SELECT * FROM `category` WHERE ( appid=1 ) ORDER BY cate_sort ASC, create_time ASC  [ RunTime:0.0005s ]
INFO: [ view_parse ] --START--
INFO: [ template_filter ] --START--
INFO: Run Behavior\ContentReplaceBehavior [ RunTime:0.000111s ]
INFO: [ template_filter ] --END-- [ RunTime:0.000164s ]
NOTIC: [8] Undefined index: html /usr/www/appserver/admin/Runtime/Cache/Home/5e8ee00813e9f5979c399971351c7114.php 第 379 行.
NOTIC: [8] Undefined index: html /usr/www/appserver/admin/Runtime/Cache/Home/5e8ee00813e9f5979c399971351c7114.php 第 379 行.
INFO: Run Behavior\ParseTemplateBehavior [ RunTime:0.013413s ]
INFO: [ view_parse ] --END-- [ RunTime:0.013479s ]
INFO: [ view_filter ] --START--
INFO: Run Behavior\WriteHtmlCacheBehavior [ RunTime:0.000103s ]
INFO: [ view_filter ] --END-- [ RunTime:0.000146s ]
INFO: [ app_end ] --START--
INFO: Run Behavior\ShowPageTraceBehavior [ RunTime:0.000479s ]
INFO: [ app_end ] --END-- [ RunTime:0.000565s ]

[ 2015-07-28T17:54:22+08:00 ] 203.100.95.139 /admin.php?m=admin&c=Content&a=listcontent&cateid=6
INFO: [ app_init ] --START--
INFO: Run Behavior\BuildLiteBehavior [ RunTime:0.000017s ]
INFO: [ app_init ] --END-- [ RunTime:0.000308s ]
INFO: [ app_begin ] --START--
INFO: Run Behavior\ReadHtmlCacheBehavior [ RunTime:0.000357s ]
INFO: [ app_begin ] --END-- [ RunTime:0.000410s ]
SQL: SHOW COLUMNS FROM `category` [ RunTime:0.0010s ]
SQL: SHOW COLUMNS FROM `content` [ RunTime:0.0007s ]
SQL: SHOW COLUMNS FROM `category` [ RunTime:0.0006s ]
SQL: SELECT * FROM `category` WHERE ( id=6 ) LIMIT 1   [ RunTime:0.0003s ]
SQL: SHOW COLUMNS FROM `part1` [ RunTime:0.0007s ]
SQL: SELECT * FROM `part1` WHERE ( cateid=6 AND appid=1 AND con_del=0 ) ORDER BY con_order ASC,id DESC  [ RunTime:0.0005s ]
SQL: SELECT * FROM `category` WHERE ( id=6 ) LIMIT 1   [ RunTime:0.0002s ]
INFO: [ view_parse ] --START--
INFO: [ template_filter ] --START--
INFO: Run Behavior\ContentReplaceBehavior [ RunTime:0.000090s ]
INFO: [ template_filter ] --END-- [ RunTime:0.000141s ]
NOTIC: [8] Undefined index: html /usr/www/appserver/admin/Runtime/Cache/Home/72809578d79b78e082e2b21f2b6aa023.php 第 362 行.
NOTIC: [8] Undefined index: title /usr/www/appserver/admin/Runtime/Cache/Home/72809578d79b78e082e2b21f2b6aa023.php 第 362 行.
NOTIC: [8] Undefined index: title_e /usr/www/appserver/admin/Runtime/Cache/Home/72809578d79b78e082e2b21f2b6aa023.php 第 363 行.
NOTIC: [8] Undefined index: thumb_img /usr/www/appserver/admin/Runtime/Cache/Home/72809578d79b78e082e2b21f2b6aa023.php 第 365 行.
NOTIC: [8] Undefined index: cate_img /usr/www/appserver/admin/Runtime/Cache/Home/72809578d79b78e082e2b21f2b6aa023.php 第 370 行.
NOTIC: [8] Undefined index: con_show /usr/www/appserver/admin/Runtime/Cache/Home/72809578d79b78e082e2b21f2b6aa023.php 第 397 行.
NOTIC: [8] Undefined index: html /usr/www/appserver/admin/Runtime/Cache/Home/72809578d79b78e082e2b21f2b6aa023.php 第 362 行.
NOTIC: [8] Undefined index: title /usr/www/appserver/admin/Runtime/Cache/Home/72809578d79b78e082e2b21f2b6aa023.php 第 362 行.
NOTIC: [8] Undefined index: title_e /usr/www/appserver/admin/Runtime/Cache/Home/72809578d79b78e082e2b21f2b6aa023.php 第 363 行.
NOTIC: [8] Undefined index: thumb_img /usr/www/appserver/admin/Runtime/Cache/Home/72809578d79b78e082e2b21f2b6aa023.php 第 365 行.
NOTIC: [8] Undefined index: cate_img /usr/www/appserver/admin/Runtime/Cache/Home/72809578d79b78e082e2b21f2b6aa023.php 第 370 行.
NOTIC: [8] Undefined index: con_show /usr/www/appserver/admin/Runtime/Cache/Home/72809578d79b78e082e2b21f2b6aa023.php 第 397 行.
NOTIC: [8] Undefined index: html /usr/www/appserver/admin/Runtime/Cache/Home/72809578d79b78e082e2b21f2b6aa023.php 第 362 行.
NOTIC: [8] Undefined index: title /usr/www/appserver/admin/Runtime/Cache/Home/72809578d79b78e082e2b21f2b6aa023.php 第 362 行.
NOTIC: [8] Undefined index: title_e /usr/www/appserver/admin/Runtime/Cache/Home/72809578d79b78e082e2b21f2b6aa023.php 第 363 行.
NOTIC: [8] Undefined index: thumb_img /usr/www/appserver/admin/Runtime/Cache/Home/72809578d79b78e082e2b21f2b6aa023.php 第 365 行.
NOTIC: [8] Undefined index: cate_img /usr/www/appserver/admin/Runtime/Cache/Home/72809578d79b78e082e2b21f2b6aa023.php 第 370 行.
NOTIC: [8] Undefined index: con_show /usr/www/appserver/admin/Runtime/Cache/Home/72809578d79b78e082e2b21f2b6aa023.php 第 397 行.
NOTIC: [8] Undefined index: html /usr/www/appserver/admin/Runtime/Cache/Home/72809578d79b78e082e2b21f2b6aa023.php 第 362 行.
NOTIC: [8] Undefined index: title /usr/www/appserver/admin/Runtime/Cache/Home/72809578d79b78e082e2b21f2b6aa023.php 第 362 行.
NOTIC: [8] Undefined index: title_e /usr/www/appserver/admin/Runtime/Cache/Home/72809578d79b78e082e2b21f2b6aa023.php 第 363 行.
NOTIC: [8] Undefined index: thumb_img /usr/www/appserver/admin/Runtime/Cache/Home/72809578d79b78e082e2b21f2b6aa023.php 第 365 行.
NOTIC: [8] Undefined index: cate_img /usr/www/appserver/admin/Runtime/Cache/Home/72809578d79b78e082e2b21f2b6aa023.php 第 370 行.
NOTIC: [8] Undefined index: con_show /usr/www/appserver/admin/Runtime/Cache/Home/72809578d79b78e082e2b21f2b6aa023.php 第 397 行.
NOTIC: [8] Undefined index: html /usr/www/appserver/admin/Runtime/Cache/Home/72809578d79b78e082e2b21f2b6aa023.php 第 362 行.
NOTIC: [8] Undefined index: title /usr/www/appserver/admin/Runtime/Cache/Home/72809578d79b78e082e2b21f2b6aa023.php 第 362 行.
NOTIC: [8] Undefined index: title_e /usr/www/appserver/admin/Runtime/Cache/Home/72809578d79b78e082e2b21f2b6aa023.php 第 363 行.
NOTIC: [8] Undefined index: thumb_img /usr/www/appserver/admin/Runtime/Cache/Home/72809578d79b78e082e2b21f2b6aa023.php 第 365 行.
NOTIC: [8] Undefined index: cate_img /usr/www/appserver/admin/Runtime/Cache/Home/72809578d79b78e082e2b21f2b6aa023.php 第 370 行.
NOTIC: [8] Undefined index: con_show /usr/www/appserver/admin/Runtime/Cache/Home/72809578d79b78e082e2b21f2b6aa023.php 第 397 行.
INFO: Run Behavior\ParseTemplateBehavior [ RunTime:0.015319s ]
INFO: [ view_parse ] --END-- [ RunTime:0.015370s ]
INFO: [ view_filter ] --START--
INFO: Run Behavior\WriteHtmlCacheBehavior [ RunTime:0.000109s ]
INFO: [ view_filter ] --END-- [ RunTime:0.000171s ]
INFO: [ app_end ] --START--
INFO: Run Behavior\ShowPageTraceBehavior [ RunTime:0.000502s ]
INFO: [ app_end ] --END-- [ RunTime:0.000569s ]

[ 2015-07-28T17:54:28+08:00 ] 203.100.95.139 /admin.php?m=admin&c=Content&a=editcontent&id=3&cateid=6
INFO: [ app_init ] --START--
INFO: Run Behavior\BuildLiteBehavior [ RunTime:0.000017s ]
INFO: [ app_init ] --END-- [ RunTime:0.000326s ]
INFO: [ app_begin ] --START--
INFO: Run Behavior\ReadHtmlCacheBehavior [ RunTime:0.000336s ]
INFO: [ app_begin ] --END-- [ RunTime:0.000387s ]
SQL: SHOW COLUMNS FROM `category` [ RunTime:0.0010s ]
SQL: SHOW COLUMNS FROM `content` [ RunTime:0.0007s ]
SQL: SHOW COLUMNS FROM `category` [ RunTime:0.0006s ]
SQL: SELECT * FROM `category` WHERE ( id=6 ) LIMIT 1   [ RunTime:0.0003s ]
SQL: SELECT * FROM `category` WHERE ( id=6 ) LIMIT 1   [ RunTime:0.0002s ]
SQL: SELECT * FROM `category` WHERE ( appid='1' AND id=6 ) LIMIT 1   [ RunTime:0.0002s ]
SQL: SHOW COLUMNS FROM `part1` [ RunTime:0.0007s ]
SQL: SELECT * FROM `part1` WHERE ( id=3 ) LIMIT 1   [ RunTime:0.0002s ]
INFO: [ view_parse ] --START--
INFO: [ template_filter ] --START--
INFO: Run Behavior\ContentReplaceBehavior [ RunTime:0.000101s ]
INFO: [ template_filter ] --END-- [ RunTime:0.000154s ]
NOTIC: [8] Undefined variable: templatetype /usr/www/appserver/admin/Runtime/Cache/Home/f32051c5a07ccfa90c5effe9a7d1ffe6.php 第 373 行.
NOTIC: [8] Undefined index: con_show /usr/www/appserver/admin/Runtime/Cache/Home/f32051c5a07ccfa90c5effe9a7d1ffe6.php 第 408 行.
NOTIC: [8] Undefined index: con_show /usr/www/appserver/admin/Runtime/Cache/Home/f32051c5a07ccfa90c5effe9a7d1ffe6.php 第 409 行.
NOTIC: [8] Undefined variable: appid /usr/www/appserver/admin/Runtime/Cache/Home/f32051c5a07ccfa90c5effe9a7d1ffe6.php 第 519 行.
INFO: Run Behavior\ParseTemplateBehavior [ RunTime:0.014098s ]
INFO: [ view_parse ] --END-- [ RunTime:0.014152s ]
INFO: [ view_filter ] --START--
INFO: Run Behavior\WriteHtmlCacheBehavior [ RunTime:0.000115s ]
INFO: [ view_filter ] --END-- [ RunTime:0.000157s ]

[ 2015-07-28T17:54:54+08:00 ] 203.100.95.139 /admin.php?m=admin&c=Content&a=insertcont&id=3&cateid=6
INFO: [ app_init ] --START--
INFO: Run Behavior\BuildLiteBehavior [ RunTime:0.000013s ]
INFO: [ app_init ] --END-- [ RunTime:0.000269s ]
INFO: [ app_begin ] --START--
INFO: Run Behavior\ReadHtmlCacheBehavior [ RunTime:0.000312s ]
INFO: [ app_begin ] --END-- [ RunTime:0.000360s ]
SQL: SHOW COLUMNS FROM `category` [ RunTime:0.0010s ]
SQL: SHOW COLUMNS FROM `content` [ RunTime:0.0007s ]
SQL: SHOW COLUMNS FROM `category` [ RunTime:0.0006s ]
SQL: SELECT * FROM `category` WHERE ( id=6 ) LIMIT 1   [ RunTime:0.0004s ]
SQL: SELECT * FROM `category` WHERE ( id=6 ) LIMIT 1   [ RunTime:0.0002s ]
SQL: SHOW COLUMNS FROM `part1` [ RunTime:0.0007s ]
NOTIC: [8] Undefined index: problemAudioCheckbox /usr/www/appserver/admin/Home/Controller/ContentController.class.php 第 189 行.
NOTIC: [8] Undefined index: answersAudioCheckbox /usr/www/appserver/admin/Home/Controller/ContentController.class.php 第 197 行.
SQL: UPDATE `part1` SET `cateid`='6',`appid`='1',`con_hard`='0',`con_top`='0',`con_new`='0',`con_order`='3',`problem`='What name do people at home call you? ',`problem_audio`='',`answers`='My full name is Liu Hongning, they call me “Hongning” for short. Sometimes my mom called me “babe”, which is such a sweet sentiment.',`answers_audio`='',`chinese`='我的全名叫刘洪宁，他们也叫我小名“洪宁”。有时候我妈叫我宝贝，非常甜的感觉。',`upload_time`='1438077294',`create_name`='admin' WHERE ( id=3 ) [ RunTime:0.0067s ]
INFO: [ view_parse ] --START--
INFO: [ template_filter ] --START--
INFO: Run Behavior\ContentReplaceBehavior [ RunTime:0.000034s ]
INFO: [ template_filter ] --END-- [ RunTime:0.000119s ]
INFO: Run Behavior\ParseTemplateBehavior [ RunTime:0.004252s ]
INFO: [ view_parse ] --END-- [ RunTime:0.004304s ]
INFO: [ view_filter ] --START--
INFO: Run Behavior\WriteHtmlCacheBehavior [ RunTime:0.000099s ]
INFO: [ view_filter ] --END-- [ RunTime:0.000138s ]
INFO: [ app_end ] --START--
INFO: Run Behavior\ShowPageTraceBehavior [ RunTime:0.000314s ]
INFO: [ app_end ] --END-- [ RunTime:0.000359s ]

[ 2015-07-28T17:54:56+08:00 ] 203.100.95.139 /admin.php?m=admin&c=Content&a=listcontent&cateid=6
INFO: [ app_init ] --START--
INFO: Run Behavior\BuildLiteBehavior [ RunTime:0.000013s ]
INFO: [ app_init ] --END-- [ RunTime:0.000285s ]
INFO: [ app_begin ] --START--
INFO: Run Behavior\ReadHtmlCacheBehavior [ RunTime:0.000293s ]
INFO: [ app_begin ] --END-- [ RunTime:0.000342s ]
SQL: SHOW COLUMNS FROM `category` [ RunTime:0.0010s ]
SQL: SHOW COLUMNS FROM `content` [ RunTime:0.0007s ]
SQL: SHOW COLUMNS FROM `category` [ RunTime:0.0006s ]
SQL: SELECT * FROM `category` WHERE ( id=6 ) LIMIT 1   [ RunTime:0.0003s ]
SQL: SHOW COLUMNS FROM `part1` [ RunTime:0.0008s ]
SQL: SELECT * FROM `part1` WHERE ( cateid=6 AND appid=1 AND con_del=0 ) ORDER BY con_order ASC,id DESC  [ RunTime:0.0004s ]
SQL: SELECT * FROM `category` WHERE ( id=6 ) LIMIT 1   [ RunTime:0.0002s ]
INFO: [ view_parse ] --START--
INFO: [ template_filter ] --START--
INFO: Run Behavior\ContentReplaceBehavior [ RunTime:0.000098s ]
INFO: [ template_filter ] --END-- [ RunTime:0.000151s ]
NOTIC: [8] Undefined index: html /usr/www/appserver/admin/Runtime/Cache/Home/72809578d79b78e082e2b21f2b6aa023.php 第 362 行.
NOTIC: [8] Undefined index: title /usr/www/appserver/admin/Runtime/Cache/Home/72809578d79b78e082e2b21f2b6aa023.php 第 362 行.
NOTIC: [8] Undefined index: title_e /usr/www/appserver/admin/Runtime/Cache/Home/72809578d79b78e082e2b21f2b6aa023.php 第 363 行.
NOTIC: [8] Undefined index: thumb_img /usr/www/appserver/admin/Runtime/Cache/Home/72809578d79b78e082e2b21f2b6aa023.php 第 365 行.
NOTIC: [8] Undefined index: cate_img /usr/www/appserver/admin/Runtime/Cache/Home/72809578d79b78e082e2b21f2b6aa023.php 第 370 行.
NOTIC: [8] Undefined index: con_show /usr/www/appserver/admin/Runtime/Cache/Home/72809578d79b78e082e2b21f2b6aa023.php 第 397 行.
NOTIC: [8] Undefined index: html /usr/www/appserver/admin/Runtime/Cache/Home/72809578d79b78e082e2b21f2b6aa023.php 第 362 行.
NOTIC: [8] Undefined index: title /usr/www/appserver/admin/Runtime/Cache/Home/72809578d79b78e082e2b21f2b6aa023.php 第 362 行.
NOTIC: [8] Undefined index: title_e /usr/www/appserver/admin/Runtime/Cache/Home/72809578d79b78e082e2b21f2b6aa023.php 第 363 行.
NOTIC: [8] Undefined index: thumb_img /usr/www/appserver/admin/Runtime/Cache/Home/72809578d79b78e082e2b21f2b6aa023.php 第 365 行.
NOTIC: [8] Undefined index: cate_img /usr/www/appserver/admin/Runtime/Cache/Home/72809578d79b78e082e2b21f2b6aa023.php 第 370 行.
NOTIC: [8] Undefined index: con_show /usr/www/appserver/admin/Runtime/Cache/Home/72809578d79b78e082e2b21f2b6aa023.php 第 397 行.
NOTIC: [8] Undefined index: html /usr/www/appserver/admin/Runtime/Cache/Home/72809578d79b78e082e2b21f2b6aa023.php 第 362 行.
NOTIC: [8] Undefined index: title /usr/www/appserver/admin/Runtime/Cache/Home/72809578d79b78e082e2b21f2b6aa023.php 第 362 行.
NOTIC: [8] Undefined index: title_e /usr/www/appserver/admin/Runtime/Cache/Home/72809578d79b78e082e2b21f2b6aa023.php 第 363 行.
NOTIC: [8] Undefined index: thumb_img /usr/www/appserver/admin/Runtime/Cache/Home/72809578d79b78e082e2b21f2b6aa023.php 第 365 行.
NOTIC: [8] Undefined index: cate_img /usr/www/appserver/admin/Runtime/Cache/Home/72809578d79b78e082e2b21f2b6aa023.php 第 370 行.
NOTIC: [8] Undefined index: con_show /usr/www/appserver/admin/Runtime/Cache/Home/72809578d79b78e082e2b21f2b6aa023.php 第 397 行.
NOTIC: [8] Undefined index: html /usr/www/appserver/admin/Runtime/Cache/Home/72809578d79b78e082e2b21f2b6aa023.php 第 362 行.
NOTIC: [8] Undefined index: title /usr/www/appserver/admin/Runtime/Cache/Home/72809578d79b78e082e2b21f2b6aa023.php 第 362 行.
NOTIC: [8] Undefined index: title_e /usr/www/appserver/admin/Runtime/Cache/Home/72809578d79b78e082e2b21f2b6aa023.php 第 363 行.
NOTIC: [8] Undefined index: thumb_img /usr/www/appserver/admin/Runtime/Cache/Home/72809578d79b78e082e2b21f2b6aa023.php 第 365 行.
NOTIC: [8] Undefined index: cate_img /usr/www/appserver/admin/Runtime/Cache/Home/72809578d79b78e082e2b21f2b6aa023.php 第 370 行.
NOTIC: [8] Undefined index: con_show /usr/www/appserver/admin/Runtime/Cache/Home/72809578d79b78e082e2b21f2b6aa023.php 第 397 行.
NOTIC: [8] Undefined index: html /usr/www/appserver/admin/Runtime/Cache/Home/72809578d79b78e082e2b21f2b6aa023.php 第 362 行.
NOTIC: [8] Undefined index: title /usr/www/appserver/admin/Runtime/Cache/Home/72809578d79b78e082e2b21f2b6aa023.php 第 362 行.
NOTIC: [8] Undefined index: title_e /usr/www/appserver/admin/Runtime/Cache/Home/72809578d79b78e082e2b21f2b6aa023.php 第 363 行.
NOTIC: [8] Undefined index: thumb_img /usr/www/appserver/admin/Runtime/Cache/Home/72809578d79b78e082e2b21f2b6aa023.php 第 365 行.
NOTIC: [8] Undefined index: cate_img /usr/www/appserver/admin/Runtime/Cache/Home/72809578d79b78e082e2b21f2b6aa023.php 第 370 行.
NOTIC: [8] Undefined index: con_show /usr/www/appserver/admin/Runtime/Cache/Home/72809578d79b78e082e2b21f2b6aa023.php 第 397 行.
INFO: Run Behavior\ParseTemplateBehavior [ RunTime:0.014067s ]
INFO: [ view_parse ] --END-- [ RunTime:0.014127s ]
INFO: [ view_filter ] --START--
INFO: Run Behavior\WriteHtmlCacheBehavior [ RunTime:0.000141s ]
INFO: [ view_filter ] --END-- [ RunTime:0.000195s ]
INFO: [ app_end ] --START--
INFO: Run Behavior\ShowPageTraceBehavior [ RunTime:0.000528s ]
INFO: [ app_end ] --END-- [ RunTime:0.000629s ]

