[ 2015-08-11T09:47:38+08:00 ] 58.132.173.6 /admin.php
INFO: [ app_init ] --START--
INFO: Run Behavior\BuildLiteBehavior [ RunTime:0.000016s ]
INFO: [ app_init ] --END-- [ RunTime:0.000305s ]
INFO: [ app_begin ] --START--
INFO: Run Behavior\ReadHtmlCacheBehavior [ RunTime:0.000327s ]
INFO: [ app_begin ] --END-- [ RunTime:0.000381s ]
NOTIC: [8] Undefined index: userid /usr/www/appserver/admin/Home/Controller/IndexController.class.php 第 6 行.
INFO: [ view_parse ] --START--
INFO: [ template_filter ] --START--
INFO: Run Behavior\ContentReplaceBehavior [ RunTime:0.000034s ]
INFO: [ template_filter ] --END-- [ RunTime:0.000085s ]
INFO: Run Behavior\ParseTemplateBehavior [ RunTime:0.004812s ]
INFO: [ view_parse ] --END-- [ RunTime:0.004866s ]
INFO: [ view_filter ] --START--
INFO: Run Behavior\WriteHtmlCacheBehavior [ RunTime:0.000102s ]
INFO: [ view_filter ] --END-- [ RunTime:0.000142s ]

[ 2015-08-11T09:47:42+08:00 ] 58.132.173.6 /admin.php?m=admin&c=login
INFO: [ app_init ] --START--
INFO: Run Behavior\BuildLiteBehavior [ RunTime:0.000014s ]
INFO: [ app_init ] --END-- [ RunTime:0.000263s ]
INFO: [ app_begin ] --START--
INFO: Run Behavior\ReadHtmlCacheBehavior [ RunTime:0.000335s ]
INFO: [ app_begin ] --END-- [ RunTime:0.000385s ]
NOTIC: [8] Undefined index: submit /usr/www/appserver/admin/Home/Controller/LoginController.class.php 第 11 行.
INFO: [ view_parse ] --START--
INFO: [ template_filter ] --START--
INFO: Run Behavior\ContentReplaceBehavior [ RunTime:0.000060s ]
INFO: [ template_filter ] --END-- [ RunTime:0.000120s ]
INFO: Run Behavior\ParseTemplateBehavior [ RunTime:0.005322s ]
INFO: [ view_parse ] --END-- [ RunTime:0.005369s ]
INFO: [ view_filter ] --START--
INFO: Run Behavior\WriteHtmlCacheBehavior [ RunTime:0.000108s ]
INFO: [ view_filter ] --END-- [ RunTime:0.000153s ]
INFO: [ app_end ] --START--
INFO: Run Behavior\ShowPageTraceBehavior [ RunTime:0.000516s ]
INFO: [ app_end ] --END-- [ RunTime:0.000598s ]

[ 2015-08-11T09:47:49+08:00 ] 58.132.173.6 /admin.php?m=admin&c=login
INFO: [ app_init ] --START--
INFO: Run Behavior\BuildLiteBehavior [ RunTime:0.000014s ]
INFO: [ app_init ] --END-- [ RunTime:0.000256s ]
INFO: [ app_begin ] --START--
INFO: Run Behavior\ReadHtmlCacheBehavior [ RunTime:0.000318s ]
INFO: [ app_begin ] --END-- [ RunTime:0.000378s ]
SQL: SHOW COLUMNS FROM `admin_user` [ RunTime:0.0012s ]
SQL: SELECT COUNT(*) AS tp_count FROM `admin_user` WHERE ( username='hejianxin' ) LIMIT 1   [ RunTime:0.0003s ]
SQL: SELECT * FROM `admin_user` WHERE ( username='hejianxin' and password='cb2de6a3de3163cfa7d7fdfd2d51bbdf' ) LIMIT 1   [ RunTime:0.0002s ]
INFO: [ view_parse ] --START--
INFO: [ template_filter ] --START--
INFO: Run Behavior\ContentReplaceBehavior [ RunTime:0.000055s ]
INFO: [ template_filter ] --END-- [ RunTime:0.000108s ]
INFO: Run Behavior\ParseTemplateBehavior [ RunTime:0.004262s ]
INFO: [ view_parse ] --END-- [ RunTime:0.004317s ]
INFO: [ view_filter ] --START--
INFO: Run Behavior\WriteHtmlCacheBehavior [ RunTime:0.000105s ]
INFO: [ view_filter ] --END-- [ RunTime:0.000154s ]

[ 2015-08-11T09:47:51+08:00 ] 58.132.173.6 /admin.php?m=admin&c=index
INFO: [ app_init ] --START--
INFO: Run Behavior\BuildLiteBehavior [ RunTime:0.000014s ]
INFO: [ app_init ] --END-- [ RunTime:0.000253s ]
INFO: [ app_begin ] --START--
INFO: Run Behavior\ReadHtmlCacheBehavior [ RunTime:0.000334s ]
INFO: [ app_begin ] --END-- [ RunTime:0.000382s ]
NOTIC: [8] Undefined index: appid /usr/www/appserver/admin/Home/Controller/IndexController.class.php 第 10 行.
INFO: [ view_parse ] --START--
INFO: [ template_filter ] --START--
INFO: Run Behavior\ContentReplaceBehavior [ RunTime:0.000037s ]
INFO: [ template_filter ] --END-- [ RunTime:0.000113s ]
INFO: Run Behavior\ParseTemplateBehavior [ RunTime:0.004492s ]
INFO: [ view_parse ] --END-- [ RunTime:0.004543s ]
INFO: [ view_filter ] --START--
INFO: Run Behavior\WriteHtmlCacheBehavior [ RunTime:0.000103s ]
INFO: [ view_filter ] --END-- [ RunTime:0.000152s ]

[ 2015-08-11T09:47:54+08:00 ] 58.132.173.6 /admin.php?m=admin&c=appmanagement&a=applist
INFO: [ app_init ] --START--
INFO: Run Behavior\BuildLiteBehavior [ RunTime:0.000014s ]
INFO: [ app_init ] --END-- [ RunTime:0.000257s ]
INFO: [ app_begin ] --START--
INFO: Run Behavior\ReadHtmlCacheBehavior [ RunTime:0.000333s ]
INFO: [ app_begin ] --END-- [ RunTime:0.000382s ]
SQL: SHOW COLUMNS FROM `apps` [ RunTime:0.0013s ]
SQL: SELECT * FROM `apps` ORDER BY createtime DESC  [ RunTime:0.0003s ]
NOTIC: [8] Undefined index: appid /usr/www/appserver/admin/Home/Controller/AppmanagementController.class.php 第 25 行.
INFO: [ view_parse ] --START--
INFO: [ template_filter ] --START--
INFO: Run Behavior\ContentReplaceBehavior [ RunTime:0.000111s ]
INFO: [ template_filter ] --END-- [ RunTime:0.000169s ]
NOTIC: [8] Undefined index: appname /usr/www/appserver/admin/Runtime/Cache/Home/ffb36f99d95538f85289046c940db68f.php 第 55 行.
INFO: Run Behavior\ParseTemplateBehavior [ RunTime:0.011773s ]
INFO: [ view_parse ] --END-- [ RunTime:0.011844s ]
INFO: [ view_filter ] --START--
INFO: Run Behavior\WriteHtmlCacheBehavior [ RunTime:0.000107s ]
INFO: [ view_filter ] --END-- [ RunTime:0.000168s ]
INFO: [ app_end ] --START--
INFO: Run Behavior\ShowPageTraceBehavior [ RunTime:0.000310s ]
INFO: [ app_end ] --END-- [ RunTime:0.000361s ]

[ 2015-08-11T09:47:58+08:00 ] 58.132.173.6 /admin.php?c=appmanagement&a=selectapp&id=1
INFO: [ app_init ] --START--
INFO: Run Behavior\BuildLiteBehavior [ RunTime:0.000013s ]
INFO: [ app_init ] --END-- [ RunTime:0.000273s ]
INFO: [ app_begin ] --START--
INFO: Run Behavior\ReadHtmlCacheBehavior [ RunTime:0.000308s ]
INFO: [ app_begin ] --END-- [ RunTime:0.000355s ]
SQL: SHOW COLUMNS FROM `apps` [ RunTime:0.0012s ]
SQL: SELECT * FROM `apps` WHERE ( appswitch=1 AND id=1 ) LIMIT 1   [ RunTime:0.0003s ]
INFO: [ view_parse ] --START--
INFO: [ template_filter ] --START--
INFO: Run Behavior\ContentReplaceBehavior [ RunTime:0.000032s ]
INFO: [ template_filter ] --END-- [ RunTime:0.000096s ]
INFO: Run Behavior\ParseTemplateBehavior [ RunTime:0.004210s ]
INFO: [ view_parse ] --END-- [ RunTime:0.004265s ]
INFO: [ view_filter ] --START--
INFO: Run Behavior\WriteHtmlCacheBehavior [ RunTime:0.000105s ]
INFO: [ view_filter ] --END-- [ RunTime:0.000145s ]
INFO: [ app_end ] --START--
INFO: Run Behavior\ShowPageTraceBehavior [ RunTime:0.000343s ]
INFO: [ app_end ] --END-- [ RunTime:0.000389s ]

[ 2015-08-11T09:47:59+08:00 ] 58.132.173.6 /admin.php?m=admin&c=appmanagement&a=applist
INFO: [ app_init ] --START--
INFO: Run Behavior\BuildLiteBehavior [ RunTime:0.000013s ]
INFO: [ app_init ] --END-- [ RunTime:0.000257s ]
INFO: [ app_begin ] --START--
INFO: Run Behavior\ReadHtmlCacheBehavior [ RunTime:0.000332s ]
INFO: [ app_begin ] --END-- [ RunTime:0.000381s ]
SQL: SHOW COLUMNS FROM `apps` [ RunTime:0.0012s ]
SQL: SELECT * FROM `apps` ORDER BY createtime DESC  [ RunTime:0.0003s ]
INFO: [ view_parse ] --START--
INFO: [ template_filter ] --START--
INFO: Run Behavior\ContentReplaceBehavior [ RunTime:0.000093s ]
INFO: [ template_filter ] --END-- [ RunTime:0.000151s ]
INFO: Run Behavior\ParseTemplateBehavior [ RunTime:0.011310s ]
INFO: [ view_parse ] --END-- [ RunTime:0.011363s ]
INFO: [ view_filter ] --START--
INFO: Run Behavior\WriteHtmlCacheBehavior [ RunTime:0.000119s ]
INFO: [ view_filter ] --END-- [ RunTime:0.000159s ]
INFO: [ app_end ] --START--
INFO: Run Behavior\ShowPageTraceBehavior [ RunTime:0.000323s ]
INFO: [ app_end ] --END-- [ RunTime:0.000374s ]

[ 2015-08-11T09:48:07+08:00 ] 58.132.173.6 /admin.php?m=admin&c=user&a=listuser
INFO: [ app_init ] --START--
INFO: Run Behavior\BuildLiteBehavior [ RunTime:0.000016s ]
INFO: [ app_init ] --END-- [ RunTime:0.000291s ]
INFO: [ app_begin ] --START--
INFO: Run Behavior\ReadHtmlCacheBehavior [ RunTime:0.000321s ]
INFO: [ app_begin ] --END-- [ RunTime:0.000377s ]
SQL: SHOW COLUMNS FROM `category` [ RunTime:0.0012s ]
SQL: SELECT * FROM `category` WHERE ( appid=1 AND pid=0 )  [ RunTime:0.0004s ]
SQL: SHOW COLUMNS FROM `app_user` [ RunTime:0.0009s ]
SQL: SELECT COUNT(*) AS tp_count FROM `app_user` WHERE ( devtype='ios' ) LIMIT 1   [ RunTime:0.0002s ]
SQL: SELECT COUNT(*) AS tp_count FROM `app_user` WHERE ( devtype='android' ) LIMIT 1   [ RunTime:0.0002s ]
SQL: SELECT COUNT(*) AS tp_count FROM `app_user` WHERE ( devtype!='ios' and devtype!='android' or devtype is null ) LIMIT 1   [ RunTime:0.0002s ]
SQL: SELECT COUNT(*) AS tp_count FROM `app_user` LIMIT 1   [ RunTime:0.0002s ]
NOTIC: [8] Undefined index: current_time /usr/www/appserver/admin/Home/Controller/UserController.class.php 第 38 行.
NOTIC: [8] Undefined index: old_time /usr/www/appserver/admin/Home/Controller/UserController.class.php 第 39 行.
SQL: SELECT * FROM `app_user` ORDER BY id DESC LIMIT 0,20   [ RunTime:0.0003s ]
NOTIC: [8] Undefined offset: 0 /usr/www/appserver/admin/Home/Controller/UserController.class.php 第 50 行.
SQL: UPDATE `app_user` SET `user_location`='广东' WHERE ( id=27 ) [ RunTime:0.0069s ]
NOTIC: [8] Undefined offset: 1 /usr/www/appserver/admin/Home/Controller/UserController.class.php 第 50 行.
SQL: UPDATE `app_user` SET `user_location`='湖南' WHERE ( id=26 ) [ RunTime:0.0050s ]
NOTIC: [8] Undefined offset: 2 /usr/www/appserver/admin/Home/Controller/UserController.class.php 第 50 行.
SQL: UPDATE `app_user` SET `user_location`='辽宁' WHERE ( id=25 ) [ RunTime:0.0051s ]
NOTIC: [8] Undefined offset: 3 /usr/www/appserver/admin/Home/Controller/UserController.class.php 第 50 行.
SQL: UPDATE `app_user` SET `user_location`='天津' WHERE ( id=24 ) [ RunTime:0.0045s ]
NOTIC: [8] Undefined offset: 4 /usr/www/appserver/admin/Home/Controller/UserController.class.php 第 50 行.
SQL: UPDATE `app_user` SET `user_location`='河南' WHERE ( id=23 ) [ RunTime:0.0045s ]
NOTIC: [8] Undefined offset: 5 /usr/www/appserver/admin/Home/Controller/UserController.class.php 第 50 行.
SQL: UPDATE `app_user` SET `user_location`='安徽' WHERE ( id=22 ) [ RunTime:0.0053s ]
NOTIC: [8] Undefined offset: 6 /usr/www/appserver/admin/Home/Controller/UserController.class.php 第 50 行.
SQL: UPDATE `app_user` SET `user_location`='贵州' WHERE ( id=21 ) [ RunTime:0.0205s ]
NOTIC: [8] Undefined offset: 7 /usr/www/appserver/admin/Home/Controller/UserController.class.php 第 50 行.
SQL: UPDATE `app_user` SET `user_location`='贵州' WHERE ( id=20 ) [ RunTime:0.0051s ]
NOTIC: [8] Undefined offset: 8 /usr/www/appserver/admin/Home/Controller/UserController.class.php 第 50 行.
SQL: UPDATE `app_user` SET `user_location`='陕西' WHERE ( id=19 ) [ RunTime:0.0043s ]
NOTIC: [8] Undefined offset: 9 /usr/www/appserver/admin/Home/Controller/UserController.class.php 第 50 行.
SQL: UPDATE `app_user` SET `user_location`='辽宁' WHERE ( id=18 ) [ RunTime:0.0053s ]
NOTIC: [8] Undefined offset: 10 /usr/www/appserver/admin/Home/Controller/UserController.class.php 第 50 行.
SQL: UPDATE `app_user` SET `user_location`='湖北' WHERE ( id=17 ) [ RunTime:0.0075s ]
NOTIC: [8] Undefined offset: 11 /usr/www/appserver/admin/Home/Controller/UserController.class.php 第 50 行.
SQL: UPDATE `app_user` SET `user_location`='山东' WHERE ( id=16 ) [ RunTime:0.0051s ]
NOTIC: [8] Undefined offset: 12 /usr/www/appserver/admin/Home/Controller/UserController.class.php 第 50 行.
SQL: UPDATE `app_user` SET `user_location`='北京' WHERE ( id=15 ) [ RunTime:0.0054s ]
NOTIC: [8] Undefined offset: 13 /usr/www/appserver/admin/Home/Controller/UserController.class.php 第 50 行.
SQL: UPDATE `app_user` SET `user_location`='北京' WHERE ( id=14 ) [ RunTime:0.0057s ]
NOTIC: [8] Undefined offset: 14 /usr/www/appserver/admin/Home/Controller/UserController.class.php 第 50 行.
SQL: UPDATE `app_user` SET `user_location`='北京' WHERE ( id=13 ) [ RunTime:0.0054s ]
NOTIC: [8] Undefined offset: 15 /usr/www/appserver/admin/Home/Controller/UserController.class.php 第 50 行.
SQL: UPDATE `app_user` SET `user_location`='北京' WHERE ( id=12 ) [ RunTime:0.0064s ]
NOTIC: [8] Undefined offset: 16 /usr/www/appserver/admin/Home/Controller/UserController.class.php 第 50 行.
SQL: UPDATE `app_user` SET `user_location`='北京' WHERE ( id=10 ) [ RunTime:0.0072s ]
NOTIC: [8] Undefined offset: 17 /usr/www/appserver/admin/Home/Controller/UserController.class.php 第 50 行.
SQL: UPDATE `app_user` SET `user_location`='北京' WHERE ( id=8 ) [ RunTime:0.0062s ]
NOTIC: [8] Undefined offset: 18 /usr/www/appserver/admin/Home/Controller/UserController.class.php 第 50 行.
SQL: UPDATE `app_user` SET `user_location`='北京' WHERE ( id=4 ) [ RunTime:0.0090s ]
NOTIC: [8] Undefined offset: 19 /usr/www/appserver/admin/Home/Controller/UserController.class.php 第 50 行.
SQL: UPDATE `app_user` SET `user_location`='北京' WHERE ( id=1 ) [ RunTime:0.0045s ]
INFO: [ view_parse ] --START--
INFO: [ template_filter ] --START--
INFO: Run Behavior\ContentReplaceBehavior [ RunTime:0.000110s ]
INFO: [ template_filter ] --END-- [ RunTime:0.000168s ]
INFO: Run Behavior\ParseTemplateBehavior [ RunTime:0.013053s ]
INFO: [ view_parse ] --END-- [ RunTime:0.013134s ]
INFO: [ view_filter ] --START--
INFO: Run Behavior\WriteHtmlCacheBehavior [ RunTime:0.000104s ]
INFO: [ view_filter ] --END-- [ RunTime:0.000147s ]
INFO: [ app_end ] --START--
INFO: Run Behavior\ShowPageTraceBehavior [ RunTime:0.000359s ]
INFO: [ app_end ] --END-- [ RunTime:0.000408s ]

[ 2015-08-11T09:48:13+08:00 ] 58.132.173.6 /admin.php?m=admin&c=message&a=listmessage
INFO: [ app_init ] --START--
INFO: Run Behavior\BuildLiteBehavior [ RunTime:0.000014s ]
INFO: [ app_init ] --END-- [ RunTime:0.000258s ]
INFO: [ app_begin ] --START--
INFO: Run Behavior\ReadHtmlCacheBehavior [ RunTime:0.000362s ]
INFO: [ app_begin ] --END-- [ RunTime:0.000415s ]
SQL: SHOW COLUMNS FROM `message` [ RunTime:0.0012s ]
SQL: SELECT * FROM `message` WHERE (  m_del=0 and appid=1 ) ORDER BY m_order asc,create_time desc  [ RunTime:0.0004s ]
INFO: [ view_parse ] --START--
INFO: [ template_filter ] --START--
INFO: Run Behavior\ContentReplaceBehavior [ RunTime:0.000081s ]
INFO: [ template_filter ] --END-- [ RunTime:0.000131s ]
NOTIC: [8] Undefined index: thumb_img /usr/www/appserver/admin/Runtime/Cache/Home/9530bc6e3bfc793617887577a66057af.php 第 366 行.
NOTIC: [8] Undefined index: cate_img /usr/www/appserver/admin/Runtime/Cache/Home/9530bc6e3bfc793617887577a66057af.php 第 371 行.
NOTIC: [8] Undefined index: thumb_img /usr/www/appserver/admin/Runtime/Cache/Home/9530bc6e3bfc793617887577a66057af.php 第 366 行.
NOTIC: [8] Undefined index: cate_img /usr/www/appserver/admin/Runtime/Cache/Home/9530bc6e3bfc793617887577a66057af.php 第 371 行.
NOTIC: [8] Undefined index: thumb_img /usr/www/appserver/admin/Runtime/Cache/Home/9530bc6e3bfc793617887577a66057af.php 第 366 行.
NOTIC: [8] Undefined index: cate_img /usr/www/appserver/admin/Runtime/Cache/Home/9530bc6e3bfc793617887577a66057af.php 第 371 行.
NOTIC: [8] Undefined index: thumb_img /usr/www/appserver/admin/Runtime/Cache/Home/9530bc6e3bfc793617887577a66057af.php 第 366 行.
NOTIC: [8] Undefined index: cate_img /usr/www/appserver/admin/Runtime/Cache/Home/9530bc6e3bfc793617887577a66057af.php 第 371 行.
INFO: Run Behavior\ParseTemplateBehavior [ RunTime:0.014925s ]
INFO: [ view_parse ] --END-- [ RunTime:0.014985s ]
INFO: [ view_filter ] --START--
INFO: Run Behavior\WriteHtmlCacheBehavior [ RunTime:0.000105s ]
INFO: [ view_filter ] --END-- [ RunTime:0.000146s ]
INFO: [ app_end ] --START--
INFO: Run Behavior\ShowPageTraceBehavior [ RunTime:0.000383s ]
INFO: [ app_end ] --END-- [ RunTime:0.000436s ]

[ 2015-08-11T09:48:20+08:00 ] 58.132.173.6 /admin.php?m=admin&c=user&a=listuser
INFO: [ app_init ] --START--
INFO: Run Behavior\BuildLiteBehavior [ RunTime:0.000014s ]
INFO: [ app_init ] --END-- [ RunTime:0.000256s ]
INFO: [ app_begin ] --START--
INFO: Run Behavior\ReadHtmlCacheBehavior [ RunTime:0.000290s ]
INFO: [ app_begin ] --END-- [ RunTime:0.000336s ]
SQL: SHOW COLUMNS FROM `category` [ RunTime:0.0012s ]
SQL: SELECT * FROM `category` WHERE ( appid=1 AND pid=0 )  [ RunTime:0.0004s ]
SQL: SHOW COLUMNS FROM `app_user` [ RunTime:0.0008s ]
SQL: SELECT COUNT(*) AS tp_count FROM `app_user` WHERE ( devtype='ios' ) LIMIT 1   [ RunTime:0.0002s ]
SQL: SELECT COUNT(*) AS tp_count FROM `app_user` WHERE ( devtype='android' ) LIMIT 1   [ RunTime:0.0002s ]
SQL: SELECT COUNT(*) AS tp_count FROM `app_user` WHERE ( devtype!='ios' and devtype!='android' or devtype is null ) LIMIT 1   [ RunTime:0.0002s ]
SQL: SELECT COUNT(*) AS tp_count FROM `app_user` LIMIT 1   [ RunTime:0.0002s ]
NOTIC: [8] Undefined index: current_time /usr/www/appserver/admin/Home/Controller/UserController.class.php 第 38 行.
NOTIC: [8] Undefined index: old_time /usr/www/appserver/admin/Home/Controller/UserController.class.php 第 39 行.
SQL: SELECT * FROM `app_user` ORDER BY id DESC LIMIT 0,20   [ RunTime:0.0003s ]
NOTIC: [8] Undefined offset: 0 /usr/www/appserver/admin/Home/Controller/UserController.class.php 第 50 行.
SQL: UPDATE `app_user` SET `user_location`='广东' WHERE ( id=27 ) [ RunTime:0.0079s ]
NOTIC: [8] Undefined offset: 1 /usr/www/appserver/admin/Home/Controller/UserController.class.php 第 50 行.
SQL: UPDATE `app_user` SET `user_location`='湖南' WHERE ( id=26 ) [ RunTime:0.0069s ]
NOTIC: [8] Undefined offset: 2 /usr/www/appserver/admin/Home/Controller/UserController.class.php 第 50 行.
SQL: UPDATE `app_user` SET `user_location`='辽宁' WHERE ( id=25 ) [ RunTime:0.0051s ]
NOTIC: [8] Undefined offset: 3 /usr/www/appserver/admin/Home/Controller/UserController.class.php 第 50 行.
SQL: UPDATE `app_user` SET `user_location`='天津' WHERE ( id=24 ) [ RunTime:0.0044s ]
NOTIC: [8] Undefined offset: 4 /usr/www/appserver/admin/Home/Controller/UserController.class.php 第 50 行.
SQL: UPDATE `app_user` SET `user_location`='河南' WHERE ( id=23 ) [ RunTime:0.0049s ]
NOTIC: [8] Undefined offset: 5 /usr/www/appserver/admin/Home/Controller/UserController.class.php 第 50 行.
SQL: UPDATE `app_user` SET `user_location`='安徽' WHERE ( id=22 ) [ RunTime:0.0048s ]
NOTIC: [8] Undefined offset: 6 /usr/www/appserver/admin/Home/Controller/UserController.class.php 第 50 行.
SQL: UPDATE `app_user` SET `user_location`='贵州' WHERE ( id=21 ) [ RunTime:0.0047s ]
NOTIC: [8] Undefined offset: 7 /usr/www/appserver/admin/Home/Controller/UserController.class.php 第 50 行.
SQL: UPDATE `app_user` SET `user_location`='贵州' WHERE ( id=20 ) [ RunTime:0.0063s ]
NOTIC: [8] Undefined offset: 8 /usr/www/appserver/admin/Home/Controller/UserController.class.php 第 50 行.
SQL: UPDATE `app_user` SET `user_location`='陕西' WHERE ( id=19 ) [ RunTime:0.0084s ]
NOTIC: [8] Undefined offset: 9 /usr/www/appserver/admin/Home/Controller/UserController.class.php 第 50 行.
SQL: UPDATE `app_user` SET `user_location`='辽宁' WHERE ( id=18 ) [ RunTime:0.0067s ]
NOTIC: [8] Undefined offset: 10 /usr/www/appserver/admin/Home/Controller/UserController.class.php 第 50 行.
SQL: UPDATE `app_user` SET `user_location`='湖北' WHERE ( id=17 ) [ RunTime:0.0048s ]
NOTIC: [8] Undefined offset: 11 /usr/www/appserver/admin/Home/Controller/UserController.class.php 第 50 行.
SQL: UPDATE `app_user` SET `user_location`='山东' WHERE ( id=16 ) [ RunTime:0.0045s ]
NOTIC: [8] Undefined offset: 12 /usr/www/appserver/admin/Home/Controller/UserController.class.php 第 50 行.
SQL: UPDATE `app_user` SET `user_location`='北京' WHERE ( id=15 ) [ RunTime:0.0056s ]
NOTIC: [8] Undefined offset: 13 /usr/www/appserver/admin/Home/Controller/UserController.class.php 第 50 行.
SQL: UPDATE `app_user` SET `user_location`='北京' WHERE ( id=14 ) [ RunTime:0.0048s ]
NOTIC: [8] Undefined offset: 14 /usr/www/appserver/admin/Home/Controller/UserController.class.php 第 50 行.
SQL: UPDATE `app_user` SET `user_location`='北京' WHERE ( id=13 ) [ RunTime:0.0078s ]
NOTIC: [8] Undefined offset: 15 /usr/www/appserver/admin/Home/Controller/UserController.class.php 第 50 行.
SQL: UPDATE `app_user` SET `user_location`='北京' WHERE ( id=12 ) [ RunTime:0.0070s ]
NOTIC: [8] Undefined offset: 16 /usr/www/appserver/admin/Home/Controller/UserController.class.php 第 50 行.
SQL: UPDATE `app_user` SET `user_location`='北京' WHERE ( id=10 ) [ RunTime:0.0053s ]
NOTIC: [8] Undefined offset: 17 /usr/www/appserver/admin/Home/Controller/UserController.class.php 第 50 行.
SQL: UPDATE `app_user` SET `user_location`='北京' WHERE ( id=8 ) [ RunTime:0.0117s ]
NOTIC: [8] Undefined offset: 18 /usr/www/appserver/admin/Home/Controller/UserController.class.php 第 50 行.
SQL: UPDATE `app_user` SET `user_location`='北京' WHERE ( id=4 ) [ RunTime:0.0075s ]
NOTIC: [8] Undefined offset: 19 /usr/www/appserver/admin/Home/Controller/UserController.class.php 第 50 行.
SQL: UPDATE `app_user` SET `user_location`='北京' WHERE ( id=1 ) [ RunTime:0.0066s ]
INFO: [ view_parse ] --START--
INFO: [ template_filter ] --START--
INFO: Run Behavior\ContentReplaceBehavior [ RunTime:0.000107s ]
INFO: [ template_filter ] --END-- [ RunTime:0.000159s ]
INFO: Run Behavior\ParseTemplateBehavior [ RunTime:0.012638s ]
INFO: [ view_parse ] --END-- [ RunTime:0.012694s ]
INFO: [ view_filter ] --START--
INFO: Run Behavior\WriteHtmlCacheBehavior [ RunTime:0.000107s ]
INFO: [ view_filter ] --END-- [ RunTime:0.000154s ]
INFO: [ app_end ] --START--
INFO: Run Behavior\ShowPageTraceBehavior [ RunTime:0.000371s ]
INFO: [ app_end ] --END-- [ RunTime:0.000419s ]

[ 2015-08-11T09:48:56+08:00 ] 58.132.173.6 /admin.php?m=admin&c=user&a=listuser
INFO: [ app_init ] --START--
INFO: Run Behavior\BuildLiteBehavior [ RunTime:0.000017s ]
INFO: [ app_init ] --END-- [ RunTime:0.000288s ]
INFO: [ app_begin ] --START--
INFO: Run Behavior\ReadHtmlCacheBehavior [ RunTime:0.000361s ]
INFO: [ app_begin ] --END-- [ RunTime:0.000412s ]
SQL: SHOW COLUMNS FROM `category` [ RunTime:0.0012s ]
SQL: SELECT * FROM `category` WHERE ( appid=1 AND pid=0 )  [ RunTime:0.0004s ]
SQL: SHOW COLUMNS FROM `app_user` [ RunTime:0.0009s ]
SQL: SELECT COUNT(*) AS tp_count FROM `app_user` WHERE ( devtype='ios' ) LIMIT 1   [ RunTime:0.0002s ]
SQL: SELECT COUNT(*) AS tp_count FROM `app_user` WHERE ( devtype='android' ) LIMIT 1   [ RunTime:0.0002s ]
SQL: SELECT COUNT(*) AS tp_count FROM `app_user` WHERE ( devtype!='ios' and devtype!='android' or devtype is null ) LIMIT 1   [ RunTime:0.0002s ]
SQL: SELECT COUNT(*) AS tp_count FROM `app_user` LIMIT 1   [ RunTime:0.0002s ]
NOTIC: [8] Undefined index: current_time /usr/www/appserver/admin/Home/Controller/UserController.class.php 第 38 行.
NOTIC: [8] Undefined index: old_time /usr/www/appserver/admin/Home/Controller/UserController.class.php 第 39 行.
SQL: SELECT * FROM `app_user` ORDER BY id DESC LIMIT 0,20   [ RunTime:0.0003s ]
NOTIC: [8] Undefined offset: 0 /usr/www/appserver/admin/Home/Controller/UserController.class.php 第 50 行.
SQL: UPDATE `app_user` SET `user_location`='广东' WHERE ( id=27 ) [ RunTime:0.0070s ]
NOTIC: [8] Undefined offset: 1 /usr/www/appserver/admin/Home/Controller/UserController.class.php 第 50 行.
SQL: UPDATE `app_user` SET `user_location`='湖南' WHERE ( id=26 ) [ RunTime:0.0045s ]
NOTIC: [8] Undefined offset: 2 /usr/www/appserver/admin/Home/Controller/UserController.class.php 第 50 行.
SQL: UPDATE `app_user` SET `user_location`='辽宁' WHERE ( id=25 ) [ RunTime:0.0040s ]
NOTIC: [8] Undefined offset: 3 /usr/www/appserver/admin/Home/Controller/UserController.class.php 第 50 行.
SQL: UPDATE `app_user` SET `user_location`='天津' WHERE ( id=24 ) [ RunTime:0.0056s ]
NOTIC: [8] Undefined offset: 4 /usr/www/appserver/admin/Home/Controller/UserController.class.php 第 50 行.
SQL: UPDATE `app_user` SET `user_location`='河南' WHERE ( id=23 ) [ RunTime:0.0040s ]
NOTIC: [8] Undefined offset: 5 /usr/www/appserver/admin/Home/Controller/UserController.class.php 第 50 行.
SQL: UPDATE `app_user` SET `user_location`='安徽' WHERE ( id=22 ) [ RunTime:0.0055s ]
NOTIC: [8] Undefined offset: 6 /usr/www/appserver/admin/Home/Controller/UserController.class.php 第 50 行.
SQL: UPDATE `app_user` SET `user_location`='贵州' WHERE ( id=21 ) [ RunTime:0.0041s ]
NOTIC: [8] Undefined offset: 7 /usr/www/appserver/admin/Home/Controller/UserController.class.php 第 50 行.
SQL: UPDATE `app_user` SET `user_location`='贵州' WHERE ( id=20 ) [ RunTime:0.0046s ]
NOTIC: [8] Undefined offset: 8 /usr/www/appserver/admin/Home/Controller/UserController.class.php 第 50 行.
SQL: UPDATE `app_user` SET `user_location`='陕西' WHERE ( id=19 ) [ RunTime:0.0050s ]
NOTIC: [8] Undefined offset: 9 /usr/www/appserver/admin/Home/Controller/UserController.class.php 第 50 行.
SQL: UPDATE `app_user` SET `user_location`='辽宁' WHERE ( id=18 ) [ RunTime:0.0047s ]
NOTIC: [8] Undefined offset: 10 /usr/www/appserver/admin/Home/Controller/UserController.class.php 第 50 行.
SQL: UPDATE `app_user` SET `user_location`='湖北' WHERE ( id=17 ) [ RunTime:0.0052s ]
NOTIC: [8] Undefined offset: 11 /usr/www/appserver/admin/Home/Controller/UserController.class.php 第 50 行.
SQL: UPDATE `app_user` SET `user_location`='山东' WHERE ( id=16 ) [ RunTime:0.0043s ]
NOTIC: [8] Undefined offset: 12 /usr/www/appserver/admin/Home/Controller/UserController.class.php 第 50 行.
SQL: UPDATE `app_user` SET `user_location`='北京' WHERE ( id=15 ) [ RunTime:0.0046s ]
NOTIC: [8] Undefined offset: 13 /usr/www/appserver/admin/Home/Controller/UserController.class.php 第 50 行.
SQL: UPDATE `app_user` SET `user_location`='北京' WHERE ( id=14 ) [ RunTime:0.0042s ]
NOTIC: [8] Undefined offset: 14 /usr/www/appserver/admin/Home/Controller/UserController.class.php 第 50 行.
SQL: UPDATE `app_user` SET `user_location`='北京' WHERE ( id=13 ) [ RunTime:0.0045s ]
NOTIC: [8] Undefined offset: 15 /usr/www/appserver/admin/Home/Controller/UserController.class.php 第 50 行.
SQL: UPDATE `app_user` SET `user_location`='北京' WHERE ( id=12 ) [ RunTime:0.0044s ]
NOTIC: [8] Undefined offset: 16 /usr/www/appserver/admin/Home/Controller/UserController.class.php 第 50 行.
SQL: UPDATE `app_user` SET `user_location`='北京' WHERE ( id=10 ) [ RunTime:0.0045s ]
NOTIC: [8] Undefined offset: 17 /usr/www/appserver/admin/Home/Controller/UserController.class.php 第 50 行.
SQL: UPDATE `app_user` SET `user_location`='北京' WHERE ( id=8 ) [ RunTime:0.0044s ]
NOTIC: [8] Undefined offset: 18 /usr/www/appserver/admin/Home/Controller/UserController.class.php 第 50 行.
SQL: UPDATE `app_user` SET `user_location`='北京' WHERE ( id=4 ) [ RunTime:0.0046s ]
NOTIC: [8] Undefined offset: 19 /usr/www/appserver/admin/Home/Controller/UserController.class.php 第 50 行.
SQL: UPDATE `app_user` SET `user_location`='北京' WHERE ( id=1 ) [ RunTime:0.0051s ]
INFO: [ view_parse ] --START--
INFO: [ template_filter ] --START--
INFO: Run Behavior\ContentReplaceBehavior [ RunTime:0.000148s ]
INFO: [ template_filter ] --END-- [ RunTime:0.000225s ]
INFO: Run Behavior\ParseTemplateBehavior [ RunTime:0.013869s ]
INFO: [ view_parse ] --END-- [ RunTime:0.013940s ]
INFO: [ view_filter ] --START--
INFO: Run Behavior\WriteHtmlCacheBehavior [ RunTime:0.000109s ]
INFO: [ view_filter ] --END-- [ RunTime:0.000151s ]
INFO: [ app_end ] --START--
INFO: Run Behavior\ShowPageTraceBehavior [ RunTime:0.000391s ]
INFO: [ app_end ] --END-- [ RunTime:0.000457s ]

[ 2015-08-11T09:49:54+08:00 ] 58.132.173.6 /admin.php?m=admin&c=user&a=listuser
INFO: [ app_init ] --START--
INFO: Run Behavior\BuildLiteBehavior [ RunTime:0.000016s ]
INFO: [ app_init ] --END-- [ RunTime:0.000306s ]
INFO: [ app_begin ] --START--
INFO: Run Behavior\ReadHtmlCacheBehavior [ RunTime:0.000362s ]
INFO: [ app_begin ] --END-- [ RunTime:0.000431s ]
SQL: SHOW COLUMNS FROM `category` [ RunTime:0.0012s ]
SQL: SELECT * FROM `category` WHERE ( appid=1 AND pid=0 )  [ RunTime:0.0004s ]
SQL: SHOW COLUMNS FROM `app_user` [ RunTime:0.0008s ]
SQL: SELECT COUNT(*) AS tp_count FROM `app_user` WHERE ( devtype='ios' ) LIMIT 1   [ RunTime:0.0002s ]
SQL: SELECT COUNT(*) AS tp_count FROM `app_user` WHERE ( devtype='android' ) LIMIT 1   [ RunTime:0.0002s ]
SQL: SELECT COUNT(*) AS tp_count FROM `app_user` WHERE ( devtype!='ios' and devtype!='android' or devtype is null ) LIMIT 1   [ RunTime:0.0002s ]
SQL: SELECT COUNT(*) AS tp_count FROM `app_user` LIMIT 1   [ RunTime:0.0002s ]
NOTIC: [8] Undefined index: current_time /usr/www/appserver/admin/Home/Controller/UserController.class.php 第 38 行.
NOTIC: [8] Undefined index: old_time /usr/www/appserver/admin/Home/Controller/UserController.class.php 第 39 行.
SQL: SELECT * FROM `app_user` ORDER BY id DESC LIMIT 0,20   [ RunTime:0.0003s ]
NOTIC: [8] Undefined offset: 0 /usr/www/appserver/admin/Home/Controller/UserController.class.php 第 50 行.
SQL: UPDATE `app_user` SET `user_location`='广东' WHERE ( id=27 ) [ RunTime:0.0074s ]
NOTIC: [8] Undefined offset: 1 /usr/www/appserver/admin/Home/Controller/UserController.class.php 第 50 行.
SQL: UPDATE `app_user` SET `user_location`='湖南' WHERE ( id=26 ) [ RunTime:0.0045s ]
NOTIC: [8] Undefined offset: 2 /usr/www/appserver/admin/Home/Controller/UserController.class.php 第 50 行.
SQL: UPDATE `app_user` SET `user_location`='辽宁' WHERE ( id=25 ) [ RunTime:0.0050s ]
NOTIC: [8] Undefined offset: 3 /usr/www/appserver/admin/Home/Controller/UserController.class.php 第 50 行.
SQL: UPDATE `app_user` SET `user_location`='天津' WHERE ( id=24 ) [ RunTime:0.0044s ]
NOTIC: [8] Undefined offset: 4 /usr/www/appserver/admin/Home/Controller/UserController.class.php 第 50 行.
SQL: UPDATE `app_user` SET `user_location`='河南' WHERE ( id=23 ) [ RunTime:0.0060s ]
NOTIC: [8] Undefined offset: 5 /usr/www/appserver/admin/Home/Controller/UserController.class.php 第 50 行.
SQL: UPDATE `app_user` SET `user_location`='安徽' WHERE ( id=22 ) [ RunTime:0.0135s ]
NOTIC: [8] Undefined offset: 6 /usr/www/appserver/admin/Home/Controller/UserController.class.php 第 50 行.
SQL: UPDATE `app_user` SET `user_location`='贵州' WHERE ( id=21 ) [ RunTime:0.0056s ]
NOTIC: [8] Undefined offset: 7 /usr/www/appserver/admin/Home/Controller/UserController.class.php 第 50 行.
SQL: UPDATE `app_user` SET `user_location`='贵州' WHERE ( id=20 ) [ RunTime:0.0046s ]
NOTIC: [8] Undefined offset: 8 /usr/www/appserver/admin/Home/Controller/UserController.class.php 第 50 行.
SQL: UPDATE `app_user` SET `user_location`='陕西' WHERE ( id=19 ) [ RunTime:0.0044s ]
NOTIC: [8] Undefined offset: 9 /usr/www/appserver/admin/Home/Controller/UserController.class.php 第 50 行.
SQL: UPDATE `app_user` SET `user_location`='辽宁' WHERE ( id=18 ) [ RunTime:0.0044s ]
NOTIC: [8] Undefined offset: 10 /usr/www/appserver/admin/Home/Controller/UserController.class.php 第 50 行.
SQL: UPDATE `app_user` SET `user_location`='湖北' WHERE ( id=17 ) [ RunTime:0.0046s ]
NOTIC: [8] Undefined offset: 11 /usr/www/appserver/admin/Home/Controller/UserController.class.php 第 50 行.
SQL: UPDATE `app_user` SET `user_location`='山东' WHERE ( id=16 ) [ RunTime:0.0044s ]
NOTIC: [8] Undefined offset: 12 /usr/www/appserver/admin/Home/Controller/UserController.class.php 第 50 行.
SQL: UPDATE `app_user` SET `user_location`='北京' WHERE ( id=15 ) [ RunTime:0.0049s ]
NOTIC: [8] Undefined offset: 13 /usr/www/appserver/admin/Home/Controller/UserController.class.php 第 50 行.
SQL: UPDATE `app_user` SET `user_location`='北京' WHERE ( id=14 ) [ RunTime:0.0065s ]
NOTIC: [8] Undefined offset: 14 /usr/www/appserver/admin/Home/Controller/UserController.class.php 第 50 行.
SQL: UPDATE `app_user` SET `user_location`='北京' WHERE ( id=13 ) [ RunTime:0.0048s ]
NOTIC: [8] Undefined offset: 15 /usr/www/appserver/admin/Home/Controller/UserController.class.php 第 50 行.
SQL: UPDATE `app_user` SET `user_location`='北京' WHERE ( id=12 ) [ RunTime:0.0052s ]
NOTIC: [8] Undefined offset: 16 /usr/www/appserver/admin/Home/Controller/UserController.class.php 第 50 行.
SQL: UPDATE `app_user` SET `user_location`='北京' WHERE ( id=10 ) [ RunTime:0.0076s ]
NOTIC: [8] Undefined offset: 17 /usr/www/appserver/admin/Home/Controller/UserController.class.php 第 50 行.
SQL: UPDATE `app_user` SET `user_location`='北京' WHERE ( id=8 ) [ RunTime:0.0047s ]
NOTIC: [8] Undefined offset: 18 /usr/www/appserver/admin/Home/Controller/UserController.class.php 第 50 行.
SQL: UPDATE `app_user` SET `user_location`='北京' WHERE ( id=4 ) [ RunTime:0.0044s ]
NOTIC: [8] Undefined offset: 19 /usr/www/appserver/admin/Home/Controller/UserController.class.php 第 50 行.
SQL: UPDATE `app_user` SET `user_location`='北京' WHERE ( id=1 ) [ RunTime:0.0048s ]
INFO: [ view_parse ] --START--
INFO: [ template_filter ] --START--
INFO: Run Behavior\ContentReplaceBehavior [ RunTime:0.000101s ]
INFO: [ template_filter ] --END-- [ RunTime:0.000154s ]
INFO: Run Behavior\ParseTemplateBehavior [ RunTime:0.013194s ]
INFO: [ view_parse ] --END-- [ RunTime:0.013259s ]
INFO: [ view_filter ] --START--
INFO: Run Behavior\WriteHtmlCacheBehavior [ RunTime:0.000104s ]
INFO: [ view_filter ] --END-- [ RunTime:0.000146s ]
INFO: [ app_end ] --START--
INFO: Run Behavior\ShowPageTraceBehavior [ RunTime:0.000420s ]
INFO: [ app_end ] --END-- [ RunTime:0.000481s ]

[ 2015-08-11T09:50:16+08:00 ] 58.132.173.6 /admin.php?m=admin&c=user&a=listuser
INFO: [ app_init ] --START--
INFO: Run Behavior\BuildLiteBehavior [ RunTime:0.000013s ]
INFO: [ app_init ] --END-- [ RunTime:0.000255s ]
INFO: [ app_begin ] --START--
INFO: Run Behavior\ReadHtmlCacheBehavior [ RunTime:0.000369s ]
INFO: [ app_begin ] --END-- [ RunTime:0.000421s ]
SQL: SHOW COLUMNS FROM `category` [ RunTime:0.0012s ]
SQL: SELECT * FROM `category` WHERE ( appid=1 AND pid=0 )  [ RunTime:0.0004s ]
SQL: SHOW COLUMNS FROM `app_user` [ RunTime:0.0009s ]
SQL: SELECT COUNT(*) AS tp_count FROM `app_user` WHERE ( devtype='ios' ) LIMIT 1   [ RunTime:0.0002s ]
SQL: SELECT COUNT(*) AS tp_count FROM `app_user` WHERE ( devtype='android' ) LIMIT 1   [ RunTime:0.0002s ]
SQL: SELECT COUNT(*) AS tp_count FROM `app_user` WHERE ( devtype!='ios' and devtype!='android' or devtype is null ) LIMIT 1   [ RunTime:0.0002s ]
SQL: SELECT COUNT(*) AS tp_count FROM `app_user` LIMIT 1   [ RunTime:0.0002s ]
NOTIC: [8] Undefined index: current_time /usr/www/appserver/admin/Home/Controller/UserController.class.php 第 38 行.
NOTIC: [8] Undefined index: old_time /usr/www/appserver/admin/Home/Controller/UserController.class.php 第 39 行.
SQL: SELECT * FROM `app_user` ORDER BY id DESC LIMIT 0,20   [ RunTime:0.0003s ]
NOTIC: [8] Undefined offset: 0 /usr/www/appserver/admin/Home/Controller/UserController.class.php 第 50 行.

[ 2015-08-11T09:50:34+08:00 ] 58.132.173.6 /admin.php?m=admin&c=user&a=listuser
INFO: [ app_init ] --START--
INFO: Run Behavior\BuildLiteBehavior [ RunTime:0.000013s ]
INFO: [ app_init ] --END-- [ RunTime:0.000233s ]
INFO: [ app_begin ] --START--
INFO: Run Behavior\ReadHtmlCacheBehavior [ RunTime:0.000288s ]
INFO: [ app_begin ] --END-- [ RunTime:0.000337s ]
SQL: SHOW COLUMNS FROM `category` [ RunTime:0.0012s ]
SQL: SELECT * FROM `category` WHERE ( appid=1 AND pid=0 )  [ RunTime:0.0004s ]
SQL: SHOW COLUMNS FROM `app_user` [ RunTime:0.0008s ]
SQL: SELECT COUNT(*) AS tp_count FROM `app_user` WHERE ( devtype='ios' ) LIMIT 1   [ RunTime:0.0002s ]
SQL: SELECT COUNT(*) AS tp_count FROM `app_user` WHERE ( devtype='android' ) LIMIT 1   [ RunTime:0.0002s ]
SQL: SELECT COUNT(*) AS tp_count FROM `app_user` WHERE ( devtype!='ios' and devtype!='android' or devtype is null ) LIMIT 1   [ RunTime:0.0002s ]
SQL: SELECT COUNT(*) AS tp_count FROM `app_user` LIMIT 1   [ RunTime:0.0002s ]
NOTIC: [8] Undefined index: current_time /usr/www/appserver/admin/Home/Controller/UserController.class.php 第 38 行.
NOTIC: [8] Undefined index: old_time /usr/www/appserver/admin/Home/Controller/UserController.class.php 第 39 行.
SQL: SELECT * FROM `app_user` ORDER BY id DESC LIMIT 0,20   [ RunTime:0.0003s ]
NOTIC: [8] Undefined offset: 0 /usr/www/appserver/admin/Home/Controller/UserController.class.php 第 50 行.

[ 2015-08-11T09:50:38+08:00 ] 58.132.173.6 /admin.php?m=admin&c=user&a=listuser
INFO: [ app_init ] --START--
INFO: Run Behavior\BuildLiteBehavior [ RunTime:0.000016s ]
INFO: [ app_init ] --END-- [ RunTime:0.000259s ]
INFO: [ app_begin ] --START--
INFO: Run Behavior\ReadHtmlCacheBehavior [ RunTime:0.000346s ]
INFO: [ app_begin ] --END-- [ RunTime:0.000394s ]
SQL: SHOW COLUMNS FROM `category` [ RunTime:0.0012s ]
SQL: SELECT * FROM `category` WHERE ( appid=1 AND pid=0 )  [ RunTime:0.0004s ]
SQL: SHOW COLUMNS FROM `app_user` [ RunTime:0.0012s ]
SQL: SELECT COUNT(*) AS tp_count FROM `app_user` WHERE ( devtype='ios' ) LIMIT 1   [ RunTime:0.0003s ]
SQL: SELECT COUNT(*) AS tp_count FROM `app_user` WHERE ( devtype='android' ) LIMIT 1   [ RunTime:0.0002s ]
SQL: SELECT COUNT(*) AS tp_count FROM `app_user` WHERE ( devtype!='ios' and devtype!='android' or devtype is null ) LIMIT 1   [ RunTime:0.0002s ]
SQL: SELECT COUNT(*) AS tp_count FROM `app_user` LIMIT 1   [ RunTime:0.0002s ]
NOTIC: [8] Undefined index: current_time /usr/www/appserver/admin/Home/Controller/UserController.class.php 第 38 行.
NOTIC: [8] Undefined index: old_time /usr/www/appserver/admin/Home/Controller/UserController.class.php 第 39 行.
SQL: SELECT * FROM `app_user` ORDER BY id DESC LIMIT 0,20   [ RunTime:0.0003s ]
NOTIC: [8] Undefined offset: 0 /usr/www/appserver/admin/Home/Controller/UserController.class.php 第 50 行.

[ 2015-08-11T09:51:07+08:00 ] 58.132.173.6 /admin.php?m=admin&c=user&a=listuser
INFO: [ app_init ] --START--
INFO: Run Behavior\BuildLiteBehavior [ RunTime:0.000017s ]
INFO: [ app_init ] --END-- [ RunTime:0.000289s ]
INFO: [ app_begin ] --START--
INFO: Run Behavior\ReadHtmlCacheBehavior [ RunTime:0.000336s ]
INFO: [ app_begin ] --END-- [ RunTime:0.000389s ]
SQL: SHOW COLUMNS FROM `category` [ RunTime:0.0012s ]
SQL: SELECT * FROM `category` WHERE ( appid=1 AND pid=0 )  [ RunTime:0.0004s ]
SQL: SHOW COLUMNS FROM `app_user` [ RunTime:0.0008s ]
SQL: SELECT COUNT(*) AS tp_count FROM `app_user` WHERE ( devtype='ios' ) LIMIT 1   [ RunTime:0.0002s ]
SQL: SELECT COUNT(*) AS tp_count FROM `app_user` WHERE ( devtype='android' ) LIMIT 1   [ RunTime:0.0002s ]
SQL: SELECT COUNT(*) AS tp_count FROM `app_user` WHERE ( devtype!='ios' and devtype!='android' or devtype is null ) LIMIT 1   [ RunTime:0.0002s ]
SQL: SELECT COUNT(*) AS tp_count FROM `app_user` LIMIT 1   [ RunTime:0.0002s ]
NOTIC: [8] Undefined index: current_time /usr/www/appserver/admin/Home/Controller/UserController.class.php 第 38 行.
NOTIC: [8] Undefined index: old_time /usr/www/appserver/admin/Home/Controller/UserController.class.php 第 39 行.
SQL: SELECT * FROM `app_user` ORDER BY id DESC LIMIT 0,20   [ RunTime:0.0003s ]
NOTIC: [8] Undefined offset: 0 /usr/www/appserver/admin/Home/Controller/UserController.class.php 第 50 行.
NOTIC: [8] Undefined offset: 0 /usr/www/appserver/admin/Home/Controller/UserController.class.php 第 51 行.

[ 2015-08-11T09:51:41+08:00 ] 58.132.173.6 /admin.php?m=admin&c=user&a=listuser
INFO: [ app_init ] --START--
INFO: Run Behavior\BuildLiteBehavior [ RunTime:0.000018s ]
INFO: [ app_init ] --END-- [ RunTime:0.000333s ]
INFO: [ app_begin ] --START--
INFO: Run Behavior\ReadHtmlCacheBehavior [ RunTime:0.000379s ]
INFO: [ app_begin ] --END-- [ RunTime:0.000431s ]
SQL: SHOW COLUMNS FROM `category` [ RunTime:0.0013s ]
SQL: SELECT * FROM `category` WHERE ( appid=1 AND pid=0 )  [ RunTime:0.0004s ]
SQL: SHOW COLUMNS FROM `app_user` [ RunTime:0.0008s ]
SQL: SELECT COUNT(*) AS tp_count FROM `app_user` WHERE ( devtype='ios' ) LIMIT 1   [ RunTime:0.0002s ]
SQL: SELECT COUNT(*) AS tp_count FROM `app_user` WHERE ( devtype='android' ) LIMIT 1   [ RunTime:0.0002s ]
SQL: SELECT COUNT(*) AS tp_count FROM `app_user` WHERE ( devtype!='ios' and devtype!='android' or devtype is null ) LIMIT 1   [ RunTime:0.0002s ]
SQL: SELECT COUNT(*) AS tp_count FROM `app_user` LIMIT 1   [ RunTime:0.0002s ]
NOTIC: [8] Undefined index: current_time /usr/www/appserver/admin/Home/Controller/UserController.class.php 第 38 行.
NOTIC: [8] Undefined index: old_time /usr/www/appserver/admin/Home/Controller/UserController.class.php 第 39 行.
SQL: SELECT * FROM `app_user` ORDER BY id DESC LIMIT 0,20   [ RunTime:0.0003s ]
INFO: [ view_parse ] --START--
INFO: [ template_filter ] --START--
INFO: Run Behavior\ContentReplaceBehavior [ RunTime:0.000091s ]
INFO: [ template_filter ] --END-- [ RunTime:0.000141s ]
INFO: Run Behavior\ParseTemplateBehavior [ RunTime:0.013096s ]
INFO: [ view_parse ] --END-- [ RunTime:0.013150s ]
INFO: [ view_filter ] --START--
INFO: Run Behavior\WriteHtmlCacheBehavior [ RunTime:0.000105s ]
INFO: [ view_filter ] --END-- [ RunTime:0.000167s ]
INFO: [ app_end ] --START--
INFO: Run Behavior\ShowPageTraceBehavior [ RunTime:0.000411s ]
INFO: [ app_end ] --END-- [ RunTime:0.000477s ]

[ 2015-08-11T09:51:43+08:00 ] 58.132.173.6 /admin.php?m=admin&c=activity&a=listactivity
INFO: [ app_init ] --START--
INFO: Run Behavior\BuildLiteBehavior [ RunTime:0.000014s ]
INFO: [ app_init ] --END-- [ RunTime:0.000250s ]
INFO: [ app_begin ] --START--
INFO: Run Behavior\ReadHtmlCacheBehavior [ RunTime:0.000340s ]
INFO: [ app_begin ] --END-- [ RunTime:0.000392s ]
SQL: SHOW COLUMNS FROM `activity_count` [ RunTime:0.0012s ]
SQL: SELECT * FROM `activity_count`  [ RunTime:0.0002s ]
INFO: [ view_parse ] --START--
INFO: [ template_filter ] --START--
INFO: Run Behavior\ContentReplaceBehavior [ RunTime:0.000089s ]
INFO: [ template_filter ] --END-- [ RunTime:0.000166s ]
NOTIC: [2] date() expects parameter 2 to be long, string given /usr/www/appserver/admin/Runtime/Cache/Home/4a1990044b7a30301eaf19a735db5574.php 第 362 行.
NOTIC: [2] date() expects parameter 2 to be long, string given /usr/www/appserver/admin/Runtime/Cache/Home/4a1990044b7a30301eaf19a735db5574.php 第 362 行.
NOTIC: [2] date() expects parameter 2 to be long, string given /usr/www/appserver/admin/Runtime/Cache/Home/4a1990044b7a30301eaf19a735db5574.php 第 362 行.
NOTIC: [2] date() expects parameter 2 to be long, string given /usr/www/appserver/admin/Runtime/Cache/Home/4a1990044b7a30301eaf19a735db5574.php 第 362 行.
NOTIC: [2] date() expects parameter 2 to be long, string given /usr/www/appserver/admin/Runtime/Cache/Home/4a1990044b7a30301eaf19a735db5574.php 第 362 行.
INFO: Run Behavior\ParseTemplateBehavior [ RunTime:0.012907s ]
INFO: [ view_parse ] --END-- [ RunTime:0.012961s ]
INFO: [ view_filter ] --START--
INFO: Run Behavior\WriteHtmlCacheBehavior [ RunTime:0.000123s ]
INFO: [ view_filter ] --END-- [ RunTime:0.000164s ]
INFO: [ app_end ] --START--
INFO: Run Behavior\ShowPageTraceBehavior [ RunTime:0.000647s ]
INFO: [ app_end ] --END-- [ RunTime:0.000769s ]

[ 2015-08-11T09:51:44+08:00 ] 58.132.173.6 /admin.php?m=admin&c=user&a=listuser
INFO: [ app_init ] --START--
INFO: Run Behavior\BuildLiteBehavior [ RunTime:0.000016s ]
INFO: [ app_init ] --END-- [ RunTime:0.000296s ]
INFO: [ app_begin ] --START--
INFO: Run Behavior\ReadHtmlCacheBehavior [ RunTime:0.000356s ]
INFO: [ app_begin ] --END-- [ RunTime:0.000407s ]
SQL: SHOW COLUMNS FROM `category` [ RunTime:0.0012s ]
SQL: SELECT * FROM `category` WHERE ( appid=1 AND pid=0 )  [ RunTime:0.0004s ]
SQL: SHOW COLUMNS FROM `app_user` [ RunTime:0.0009s ]
SQL: SELECT COUNT(*) AS tp_count FROM `app_user` WHERE ( devtype='ios' ) LIMIT 1   [ RunTime:0.0002s ]
SQL: SELECT COUNT(*) AS tp_count FROM `app_user` WHERE ( devtype='android' ) LIMIT 1   [ RunTime:0.0002s ]
SQL: SELECT COUNT(*) AS tp_count FROM `app_user` WHERE ( devtype!='ios' and devtype!='android' or devtype is null ) LIMIT 1   [ RunTime:0.0002s ]
SQL: SELECT COUNT(*) AS tp_count FROM `app_user` LIMIT 1   [ RunTime:0.0002s ]
NOTIC: [8] Undefined index: current_time /usr/www/appserver/admin/Home/Controller/UserController.class.php 第 38 行.
NOTIC: [8] Undefined index: old_time /usr/www/appserver/admin/Home/Controller/UserController.class.php 第 39 行.
SQL: SELECT * FROM `app_user` ORDER BY id DESC LIMIT 0,20   [ RunTime:0.0003s ]
INFO: [ view_parse ] --START--
INFO: [ template_filter ] --START--
INFO: Run Behavior\ContentReplaceBehavior [ RunTime:0.000110s ]
INFO: [ template_filter ] --END-- [ RunTime:0.000186s ]
INFO: Run Behavior\ParseTemplateBehavior [ RunTime:0.013078s ]
INFO: [ view_parse ] --END-- [ RunTime:0.013137s ]
INFO: [ view_filter ] --START--
INFO: Run Behavior\WriteHtmlCacheBehavior [ RunTime:0.000134s ]
INFO: [ view_filter ] --END-- [ RunTime:0.000177s ]
INFO: [ app_end ] --START--
INFO: Run Behavior\ShowPageTraceBehavior [ RunTime:0.000372s ]
INFO: [ app_end ] --END-- [ RunTime:0.000424s ]

[ 2015-08-11T10:47:11+08:00 ] 58.132.173.6 /admin.php?m=admin&c=user&a=listuser
INFO: [ app_init ] --START--
INFO: Run Behavior\BuildLiteBehavior [ RunTime:0.000014s ]
INFO: [ app_init ] --END-- [ RunTime:0.000290s ]
INFO: [ app_begin ] --START--
INFO: Run Behavior\ReadHtmlCacheBehavior [ RunTime:0.000332s ]
INFO: [ app_begin ] --END-- [ RunTime:0.000384s ]
NOTIC: [8] Undefined index: userid /usr/www/appserver/admin/Home/Controller/UserController.class.php 第 12 行.
INFO: [ view_parse ] --START--
INFO: [ template_filter ] --START--
INFO: Run Behavior\ContentReplaceBehavior [ RunTime:0.000029s ]
INFO: [ template_filter ] --END-- [ RunTime:0.000086s ]
INFO: Run Behavior\ParseTemplateBehavior [ RunTime:0.004895s ]
INFO: [ view_parse ] --END-- [ RunTime:0.004948s ]
INFO: [ view_filter ] --START--
INFO: Run Behavior\WriteHtmlCacheBehavior [ RunTime:0.000114s ]
INFO: [ view_filter ] --END-- [ RunTime:0.000155s ]

[ 2015-08-11T10:47:14+08:00 ] 58.132.173.6 /admin.php?m=admin&c=login
INFO: [ app_init ] --START--
INFO: Run Behavior\BuildLiteBehavior [ RunTime:0.000013s ]
INFO: [ app_init ] --END-- [ RunTime:0.000238s ]
INFO: [ app_begin ] --START--
INFO: Run Behavior\ReadHtmlCacheBehavior [ RunTime:0.000327s ]
INFO: [ app_begin ] --END-- [ RunTime:0.000374s ]
NOTIC: [8] Undefined index: submit /usr/www/appserver/admin/Home/Controller/LoginController.class.php 第 11 行.
INFO: [ view_parse ] --START--
INFO: [ template_filter ] --START--
INFO: Run Behavior\ContentReplaceBehavior [ RunTime:0.000057s ]
INFO: [ template_filter ] --END-- [ RunTime:0.000115s ]
INFO: Run Behavior\ParseTemplateBehavior [ RunTime:0.005248s ]
INFO: [ view_parse ] --END-- [ RunTime:0.005300s ]
INFO: [ view_filter ] --START--
INFO: Run Behavior\WriteHtmlCacheBehavior [ RunTime:0.000103s ]
INFO: [ view_filter ] --END-- [ RunTime:0.000143s ]
INFO: [ app_end ] --START--
INFO: Run Behavior\ShowPageTraceBehavior [ RunTime:0.000345s ]
INFO: [ app_end ] --END-- [ RunTime:0.000413s ]

[ 2015-08-11T10:47:20+08:00 ] 58.132.173.6 /admin.php?m=admin&c=login
INFO: [ app_init ] --START--
INFO: Run Behavior\BuildLiteBehavior [ RunTime:0.000016s ]
INFO: [ app_init ] --END-- [ RunTime:0.000294s ]
INFO: [ app_begin ] --START--
INFO: Run Behavior\ReadHtmlCacheBehavior [ RunTime:0.000362s ]
INFO: [ app_begin ] --END-- [ RunTime:0.000417s ]
SQL: SHOW COLUMNS FROM `admin_user` [ RunTime:0.0011s ]
SQL: SELECT COUNT(*) AS tp_count FROM `admin_user` WHERE ( username='hejianxin' ) LIMIT 1   [ RunTime:0.0003s ]
SQL: SELECT * FROM `admin_user` WHERE ( username='hejianxin' and password='cb2de6a3de3163cfa7d7fdfd2d51bbdf' ) LIMIT 1   [ RunTime:0.0002s ]
INFO: [ view_parse ] --START--
INFO: [ template_filter ] --START--
INFO: Run Behavior\ContentReplaceBehavior [ RunTime:0.000043s ]
INFO: [ template_filter ] --END-- [ RunTime:0.000145s ]
INFO: Run Behavior\ParseTemplateBehavior [ RunTime:0.005308s ]
INFO: [ view_parse ] --END-- [ RunTime:0.005374s ]
INFO: [ view_filter ] --START--
INFO: Run Behavior\WriteHtmlCacheBehavior [ RunTime:0.000121s ]
INFO: [ view_filter ] --END-- [ RunTime:0.000171s ]

[ 2015-08-11T10:47:21+08:00 ] 58.132.173.6 /admin.php?m=admin&c=index
INFO: [ app_init ] --START--
INFO: Run Behavior\BuildLiteBehavior [ RunTime:0.000013s ]
INFO: [ app_init ] --END-- [ RunTime:0.000232s ]
INFO: [ app_begin ] --START--
INFO: Run Behavior\ReadHtmlCacheBehavior [ RunTime:0.000288s ]
INFO: [ app_begin ] --END-- [ RunTime:0.000337s ]
NOTIC: [8] Undefined index: appid /usr/www/appserver/admin/Home/Controller/IndexController.class.php 第 10 行.
INFO: [ view_parse ] --START--
INFO: [ template_filter ] --START--
INFO: Run Behavior\ContentReplaceBehavior [ RunTime:0.000028s ]
INFO: [ template_filter ] --END-- [ RunTime:0.000075s ]
INFO: Run Behavior\ParseTemplateBehavior [ RunTime:0.003928s ]
INFO: [ view_parse ] --END-- [ RunTime:0.003975s ]
INFO: [ view_filter ] --START--
INFO: Run Behavior\WriteHtmlCacheBehavior [ RunTime:0.000099s ]
INFO: [ view_filter ] --END-- [ RunTime:0.000139s ]

[ 2015-08-11T10:47:24+08:00 ] 58.132.173.6 /admin.php?m=admin&c=appmanagement&a=applist
INFO: [ app_init ] --START--
INFO: Run Behavior\BuildLiteBehavior [ RunTime:0.000014s ]
INFO: [ app_init ] --END-- [ RunTime:0.000232s ]
INFO: [ app_begin ] --START--
INFO: Run Behavior\ReadHtmlCacheBehavior [ RunTime:0.000283s ]
INFO: [ app_begin ] --END-- [ RunTime:0.000332s ]
SQL: SHOW COLUMNS FROM `apps` [ RunTime:0.0012s ]
SQL: SELECT * FROM `apps` ORDER BY createtime DESC  [ RunTime:0.0003s ]
NOTIC: [8] Undefined index: appid /usr/www/appserver/admin/Home/Controller/AppmanagementController.class.php 第 25 行.
INFO: [ view_parse ] --START--
INFO: [ template_filter ] --START--
INFO: Run Behavior\ContentReplaceBehavior [ RunTime:0.000097s ]
INFO: [ template_filter ] --END-- [ RunTime:0.000171s ]
NOTIC: [8] Undefined index: appname /usr/www/appserver/admin/Runtime/Cache/Home/ffb36f99d95538f85289046c940db68f.php 第 55 行.
INFO: Run Behavior\ParseTemplateBehavior [ RunTime:0.011848s ]
INFO: [ view_parse ] --END-- [ RunTime:0.011897s ]
INFO: [ view_filter ] --START--
INFO: Run Behavior\WriteHtmlCacheBehavior [ RunTime:0.000116s ]
INFO: [ view_filter ] --END-- [ RunTime:0.000163s ]
INFO: [ app_end ] --START--
INFO: Run Behavior\ShowPageTraceBehavior [ RunTime:0.000337s ]
INFO: [ app_end ] --END-- [ RunTime:0.000391s ]

[ 2015-08-11T10:47:27+08:00 ] 58.132.173.6 /admin.php?c=appmanagement&a=selectapp&id=1
INFO: [ app_init ] --START--
INFO: Run Behavior\BuildLiteBehavior [ RunTime:0.000014s ]
INFO: [ app_init ] --END-- [ RunTime:0.000232s ]
INFO: [ app_begin ] --START--
INFO: Run Behavior\ReadHtmlCacheBehavior [ RunTime:0.000332s ]
INFO: [ app_begin ] --END-- [ RunTime:0.000382s ]
SQL: SHOW COLUMNS FROM `apps` [ RunTime:0.0012s ]
SQL: SELECT * FROM `apps` WHERE ( appswitch=1 AND id=1 ) LIMIT 1   [ RunTime:0.0003s ]
INFO: [ view_parse ] --START--
INFO: [ template_filter ] --START--
INFO: Run Behavior\ContentReplaceBehavior [ RunTime:0.000042s ]
INFO: [ template_filter ] --END-- [ RunTime:0.000119s ]
INFO: Run Behavior\ParseTemplateBehavior [ RunTime:0.004754s ]
INFO: [ view_parse ] --END-- [ RunTime:0.004812s ]
INFO: [ view_filter ] --START--
INFO: Run Behavior\WriteHtmlCacheBehavior [ RunTime:0.000101s ]
INFO: [ view_filter ] --END-- [ RunTime:0.000144s ]
INFO: [ app_end ] --START--
INFO: Run Behavior\ShowPageTraceBehavior [ RunTime:0.000311s ]
INFO: [ app_end ] --END-- [ RunTime:0.000602s ]

[ 2015-08-11T10:47:28+08:00 ] 58.132.173.6 /admin.php?m=admin&c=appmanagement&a=applist
INFO: [ app_init ] --START--
INFO: Run Behavior\BuildLiteBehavior [ RunTime:0.000013s ]
INFO: [ app_init ] --END-- [ RunTime:0.000251s ]
INFO: [ app_begin ] --START--
INFO: Run Behavior\ReadHtmlCacheBehavior [ RunTime:0.000288s ]
INFO: [ app_begin ] --END-- [ RunTime:0.000337s ]
SQL: SHOW COLUMNS FROM `apps` [ RunTime:0.0015s ]
SQL: SELECT * FROM `apps` ORDER BY createtime DESC  [ RunTime:0.0004s ]
INFO: [ view_parse ] --START--
INFO: [ template_filter ] --START--
INFO: Run Behavior\ContentReplaceBehavior [ RunTime:0.000110s ]
INFO: [ template_filter ] --END-- [ RunTime:0.000166s ]
INFO: Run Behavior\ParseTemplateBehavior [ RunTime:0.011972s ]
INFO: [ view_parse ] --END-- [ RunTime:0.012032s ]
INFO: [ view_filter ] --START--
INFO: Run Behavior\WriteHtmlCacheBehavior [ RunTime:0.000100s ]
INFO: [ view_filter ] --END-- [ RunTime:0.000141s ]
INFO: [ app_end ] --START--
INFO: Run Behavior\ShowPageTraceBehavior [ RunTime:0.000338s ]
INFO: [ app_end ] --END-- [ RunTime:0.000391s ]

[ 2015-08-11T10:47:30+08:00 ] 58.132.173.6 /admin.php?m=admin&c=user&a=listuser
INFO: [ app_init ] --START--
INFO: Run Behavior\BuildLiteBehavior [ RunTime:0.000014s ]
INFO: [ app_init ] --END-- [ RunTime:0.000237s ]
INFO: [ app_begin ] --START--
INFO: Run Behavior\ReadHtmlCacheBehavior [ RunTime:0.000324s ]
INFO: [ app_begin ] --END-- [ RunTime:0.000373s ]
SQL: SHOW COLUMNS FROM `category` [ RunTime:0.0013s ]
SQL: SELECT * FROM `category` WHERE ( appid=1 AND pid=0 )  [ RunTime:0.0004s ]
SQL: SHOW COLUMNS FROM `app_user` [ RunTime:0.0101s ]
SQL: SELECT COUNT(*) AS tp_count FROM `app_user` WHERE ( devtype='ios' ) LIMIT 1   [ RunTime:0.0002s ]
SQL: SELECT COUNT(*) AS tp_count FROM `app_user` WHERE ( devtype='android' ) LIMIT 1   [ RunTime:0.0002s ]
SQL: SELECT COUNT(*) AS tp_count FROM `app_user` WHERE ( devtype!='ios' and devtype!='android' or devtype is null ) LIMIT 1   [ RunTime:0.0002s ]
SQL: SELECT COUNT(*) AS tp_count FROM `app_user` LIMIT 1   [ RunTime:0.0002s ]
NOTIC: [8] Undefined index: current_time /usr/www/appserver/admin/Home/Controller/UserController.class.php 第 38 行.
NOTIC: [8] Undefined index: old_time /usr/www/appserver/admin/Home/Controller/UserController.class.php 第 39 行.
SQL: SELECT * FROM `app_user` ORDER BY id DESC LIMIT 0,2   [ RunTime:0.0002s ]
SQL: UPDATE `app_user` SET `user_location`='湖南' WHERE ( id=28 ) [ RunTime:0.0082s ]
INFO: [ view_parse ] --START--
INFO: [ template_filter ] --START--
INFO: Run Behavior\ContentReplaceBehavior [ RunTime:0.000101s ]
INFO: [ template_filter ] --END-- [ RunTime:0.000154s ]
INFO: Run Behavior\ParseTemplateBehavior [ RunTime:0.012445s ]
INFO: [ view_parse ] --END-- [ RunTime:0.012504s ]
INFO: [ view_filter ] --START--
INFO: Run Behavior\WriteHtmlCacheBehavior [ RunTime:0.000101s ]
INFO: [ view_filter ] --END-- [ RunTime:0.000142s ]
INFO: [ app_end ] --START--
INFO: Run Behavior\ShowPageTraceBehavior [ RunTime:0.000319s ]
INFO: [ app_end ] --END-- [ RunTime:0.000372s ]

[ 2015-08-11T11:01:50+08:00 ] 58.132.173.6 /admin.php?m=admin&c=user&a=listuser
INFO: [ app_init ] --START--
INFO: Run Behavior\BuildLiteBehavior [ RunTime:0.000013s ]
INFO: [ app_init ] --END-- [ RunTime:0.000254s ]
INFO: [ app_begin ] --START--
INFO: Run Behavior\ReadHtmlCacheBehavior [ RunTime:0.000328s ]
INFO: [ app_begin ] --END-- [ RunTime:0.000379s ]
SQL: SHOW COLUMNS FROM `category` [ RunTime:0.0012s ]
SQL: SELECT * FROM `category` WHERE ( appid=1 AND pid=0 )  [ RunTime:0.0004s ]
SQL: SHOW COLUMNS FROM `app_user` [ RunTime:0.0009s ]
SQL: SELECT COUNT(*) AS tp_count FROM `app_user` WHERE ( devtype='ios' ) LIMIT 1   [ RunTime:0.0002s ]
SQL: SELECT COUNT(*) AS tp_count FROM `app_user` WHERE ( devtype='android' ) LIMIT 1   [ RunTime:0.0002s ]
SQL: SELECT COUNT(*) AS tp_count FROM `app_user` WHERE ( devtype!='ios' and devtype!='android' or devtype is null ) LIMIT 1   [ RunTime:0.0002s ]
SQL: SELECT COUNT(*) AS tp_count FROM `app_user` LIMIT 1   [ RunTime:0.0002s ]
NOTIC: [8] Undefined index: current_time /usr/www/appserver/admin/Home/Controller/UserController.class.php 第 38 行.
NOTIC: [8] Undefined index: old_time /usr/www/appserver/admin/Home/Controller/UserController.class.php 第 39 行.
SQL: SELECT * FROM `app_user` ORDER BY id DESC LIMIT 0,20   [ RunTime:0.0003s ]
INFO: [ view_parse ] --START--
INFO: [ template_filter ] --START--
INFO: Run Behavior\ContentReplaceBehavior [ RunTime:0.000169s ]
INFO: [ template_filter ] --END-- [ RunTime:0.000229s ]
INFO: Run Behavior\ParseTemplateBehavior [ RunTime:0.013316s ]
INFO: [ view_parse ] --END-- [ RunTime:0.013373s ]
INFO: [ view_filter ] --START--
INFO: Run Behavior\WriteHtmlCacheBehavior [ RunTime:0.000106s ]
INFO: [ view_filter ] --END-- [ RunTime:0.000148s ]
INFO: [ app_end ] --START--
INFO: Run Behavior\ShowPageTraceBehavior [ RunTime:0.000380s ]
INFO: [ app_end ] --END-- [ RunTime:0.000444s ]

[ 2015-08-11T11:01:53+08:00 ] 58.132.173.6 /admin.php?m=Home&c=User&a=listuser&m=admin&p=2
INFO: [ app_init ] --START--
INFO: Run Behavior\BuildLiteBehavior [ RunTime:0.000014s ]
INFO: [ app_init ] --END-- [ RunTime:0.000268s ]
INFO: [ app_begin ] --START--
INFO: Run Behavior\ReadHtmlCacheBehavior [ RunTime:0.000308s ]
INFO: [ app_begin ] --END-- [ RunTime:0.000357s ]
SQL: SHOW COLUMNS FROM `category` [ RunTime:0.0012s ]
SQL: SELECT * FROM `category` WHERE ( appid=1 AND pid=0 )  [ RunTime:0.0004s ]
SQL: SHOW COLUMNS FROM `app_user` [ RunTime:0.0009s ]
SQL: SELECT COUNT(*) AS tp_count FROM `app_user` WHERE ( devtype='ios' ) LIMIT 1   [ RunTime:0.0003s ]
SQL: SELECT COUNT(*) AS tp_count FROM `app_user` WHERE ( devtype='android' ) LIMIT 1   [ RunTime:0.0002s ]
SQL: SELECT COUNT(*) AS tp_count FROM `app_user` WHERE ( devtype!='ios' and devtype!='android' or devtype is null ) LIMIT 1   [ RunTime:0.0002s ]
SQL: SELECT COUNT(*) AS tp_count FROM `app_user` LIMIT 1   [ RunTime:0.0002s ]
NOTIC: [8] Undefined index: current_time /usr/www/appserver/admin/Home/Controller/UserController.class.php 第 38 行.
NOTIC: [8] Undefined index: old_time /usr/www/appserver/admin/Home/Controller/UserController.class.php 第 39 行.
SQL: SELECT * FROM `app_user` ORDER BY id DESC LIMIT 20,20   [ RunTime:0.0003s ]
INFO: [ view_parse ] --START--
INFO: [ template_filter ] --START--
INFO: Run Behavior\ContentReplaceBehavior [ RunTime:0.000114s ]
INFO: [ template_filter ] --END-- [ RunTime:0.000166s ]
INFO: Run Behavior\ParseTemplateBehavior [ RunTime:0.013151s ]
INFO: [ view_parse ] --END-- [ RunTime:0.013216s ]
INFO: [ view_filter ] --START--
INFO: Run Behavior\WriteHtmlCacheBehavior [ RunTime:0.000103s ]
INFO: [ view_filter ] --END-- [ RunTime:0.000144s ]
INFO: [ app_end ] --START--
INFO: Run Behavior\ShowPageTraceBehavior [ RunTime:0.000416s ]
INFO: [ app_end ] --END-- [ RunTime:0.000479s ]

[ 2015-08-11T11:01:57+08:00 ] 58.132.173.6 /admin.php?m=Home&c=User&a=listuser&m=admin&p=1
INFO: [ app_init ] --START--
INFO: Run Behavior\BuildLiteBehavior [ RunTime:0.000014s ]
INFO: [ app_init ] --END-- [ RunTime:0.000252s ]
INFO: [ app_begin ] --START--
INFO: Run Behavior\ReadHtmlCacheBehavior [ RunTime:0.000286s ]
INFO: [ app_begin ] --END-- [ RunTime:0.000334s ]
SQL: SHOW COLUMNS FROM `category` [ RunTime:0.0012s ]
SQL: SELECT * FROM `category` WHERE ( appid=1 AND pid=0 )  [ RunTime:0.0004s ]
SQL: SHOW COLUMNS FROM `app_user` [ RunTime:0.0008s ]
SQL: SELECT COUNT(*) AS tp_count FROM `app_user` WHERE ( devtype='ios' ) LIMIT 1   [ RunTime:0.0002s ]
SQL: SELECT COUNT(*) AS tp_count FROM `app_user` WHERE ( devtype='android' ) LIMIT 1   [ RunTime:0.0002s ]
SQL: SELECT COUNT(*) AS tp_count FROM `app_user` WHERE ( devtype!='ios' and devtype!='android' or devtype is null ) LIMIT 1   [ RunTime:0.0002s ]
SQL: SELECT COUNT(*) AS tp_count FROM `app_user` LIMIT 1   [ RunTime:0.0002s ]
NOTIC: [8] Undefined index: current_time /usr/www/appserver/admin/Home/Controller/UserController.class.php 第 38 行.
NOTIC: [8] Undefined index: old_time /usr/www/appserver/admin/Home/Controller/UserController.class.php 第 39 行.
SQL: SELECT * FROM `app_user` ORDER BY id DESC LIMIT 0,20   [ RunTime:0.0003s ]
INFO: [ view_parse ] --START--
INFO: [ template_filter ] --START--
INFO: Run Behavior\ContentReplaceBehavior [ RunTime:0.000101s ]
INFO: [ template_filter ] --END-- [ RunTime:0.000164s ]
INFO: Run Behavior\ParseTemplateBehavior [ RunTime:0.012586s ]
INFO: [ view_parse ] --END-- [ RunTime:0.012651s ]
INFO: [ view_filter ] --START--
INFO: Run Behavior\WriteHtmlCacheBehavior [ RunTime:0.000108s ]
INFO: [ view_filter ] --END-- [ RunTime:0.000150s ]
INFO: [ app_end ] --START--
INFO: Run Behavior\ShowPageTraceBehavior [ RunTime:0.000354s ]
INFO: [ app_end ] --END-- [ RunTime:0.000402s ]

[ 2015-08-11T14:55:26+08:00 ] 203.100.95.139 /admin.php?m=admin&c=message&a=listmessage
INFO: [ app_init ] --START--
INFO: Run Behavior\BuildLiteBehavior [ RunTime:0.000017s ]
INFO: [ app_init ] --END-- [ RunTime:0.000299s ]
INFO: [ app_begin ] --START--
INFO: Run Behavior\ReadHtmlCacheBehavior [ RunTime:0.000340s ]
INFO: [ app_begin ] --END-- [ RunTime:0.000411s ]
SQL: SHOW COLUMNS FROM `message` [ RunTime:0.0012s ]
SQL: SELECT * FROM `message` WHERE (  m_del=0 and appid=1 ) ORDER BY m_order asc,create_time desc  [ RunTime:0.0004s ]
INFO: [ view_parse ] --START--
INFO: [ template_filter ] --START--
INFO: Run Behavior\ContentReplaceBehavior [ RunTime:0.000080s ]
INFO: [ template_filter ] --END-- [ RunTime:0.000129s ]
NOTIC: [8] Undefined index: thumb_img /usr/www/appserver/admin/Runtime/Cache/Home/9530bc6e3bfc793617887577a66057af.php 第 366 行.
NOTIC: [8] Undefined index: cate_img /usr/www/appserver/admin/Runtime/Cache/Home/9530bc6e3bfc793617887577a66057af.php 第 371 行.
NOTIC: [8] Undefined index: thumb_img /usr/www/appserver/admin/Runtime/Cache/Home/9530bc6e3bfc793617887577a66057af.php 第 366 行.
NOTIC: [8] Undefined index: cate_img /usr/www/appserver/admin/Runtime/Cache/Home/9530bc6e3bfc793617887577a66057af.php 第 371 行.
NOTIC: [8] Undefined index: thumb_img /usr/www/appserver/admin/Runtime/Cache/Home/9530bc6e3bfc793617887577a66057af.php 第 366 行.
NOTIC: [8] Undefined index: cate_img /usr/www/appserver/admin/Runtime/Cache/Home/9530bc6e3bfc793617887577a66057af.php 第 371 行.
NOTIC: [8] Undefined index: thumb_img /usr/www/appserver/admin/Runtime/Cache/Home/9530bc6e3bfc793617887577a66057af.php 第 366 行.
NOTIC: [8] Undefined index: cate_img /usr/www/appserver/admin/Runtime/Cache/Home/9530bc6e3bfc793617887577a66057af.php 第 371 行.
INFO: Run Behavior\ParseTemplateBehavior [ RunTime:0.014231s ]
INFO: [ view_parse ] --END-- [ RunTime:0.014284s ]
INFO: [ view_filter ] --START--
INFO: Run Behavior\WriteHtmlCacheBehavior [ RunTime:0.000102s ]
INFO: [ view_filter ] --END-- [ RunTime:0.000142s ]
INFO: [ app_end ] --START--
INFO: Run Behavior\ShowPageTraceBehavior [ RunTime:0.000328s ]
INFO: [ app_end ] --END-- [ RunTime:0.000386s ]

[ 2015-08-11T14:55:32+08:00 ] 203.100.95.139 /admin.php?m=admin&c=user&a=listuser
INFO: [ app_init ] --START--
INFO: Run Behavior\BuildLiteBehavior [ RunTime:0.000013s ]
INFO: [ app_init ] --END-- [ RunTime:0.000280s ]
INFO: [ app_begin ] --START--
INFO: Run Behavior\ReadHtmlCacheBehavior [ RunTime:0.000332s ]
INFO: [ app_begin ] --END-- [ RunTime:0.000383s ]
SQL: SHOW COLUMNS FROM `category` [ RunTime:0.0013s ]
SQL: SELECT * FROM `category` WHERE ( appid=1 AND pid=0 )  [ RunTime:0.0004s ]
SQL: SHOW COLUMNS FROM `app_user` [ RunTime:0.0008s ]
SQL: SELECT COUNT(*) AS tp_count FROM `app_user` WHERE ( devtype='ios' ) LIMIT 1   [ RunTime:0.0002s ]
SQL: SELECT COUNT(*) AS tp_count FROM `app_user` WHERE ( devtype='android' ) LIMIT 1   [ RunTime:0.0002s ]
SQL: SELECT COUNT(*) AS tp_count FROM `app_user` WHERE ( devtype!='ios' and devtype!='android' or devtype is null ) LIMIT 1   [ RunTime:0.0002s ]
SQL: SELECT COUNT(*) AS tp_count FROM `app_user` LIMIT 1   [ RunTime:0.0002s ]
NOTIC: [8] Undefined index: current_time /usr/www/appserver/admin/Home/Controller/UserController.class.php 第 38 行.
NOTIC: [8] Undefined index: old_time /usr/www/appserver/admin/Home/Controller/UserController.class.php 第 39 行.
SQL: SELECT * FROM `app_user` ORDER BY id DESC LIMIT 0,20   [ RunTime:0.0003s ]
INFO: [ view_parse ] --START--
INFO: [ template_filter ] --START--
INFO: Run Behavior\ContentReplaceBehavior [ RunTime:0.000104s ]
INFO: [ template_filter ] --END-- [ RunTime:0.000169s ]
INFO: Run Behavior\ParseTemplateBehavior [ RunTime:0.013236s ]
INFO: [ view_parse ] --END-- [ RunTime:0.013296s ]
INFO: [ view_filter ] --START--
INFO: Run Behavior\WriteHtmlCacheBehavior [ RunTime:0.000119s ]
INFO: [ view_filter ] --END-- [ RunTime:0.000164s ]
INFO: [ app_end ] --START--
INFO: Run Behavior\ShowPageTraceBehavior [ RunTime:0.000434s ]
INFO: [ app_end ] --END-- [ RunTime:0.000519s ]

[ 2015-08-11T14:56:20+08:00 ] 203.100.95.139 /admin.php
INFO: [ app_init ] --START--
INFO: Run Behavior\BuildLiteBehavior [ RunTime:0.000013s ]
INFO: [ app_init ] --END-- [ RunTime:0.000264s ]
INFO: [ app_begin ] --START--
INFO: Run Behavior\ReadHtmlCacheBehavior [ RunTime:0.000365s ]
INFO: [ app_begin ] --END-- [ RunTime:0.000421s ]
NOTIC: [8] Undefined index: userid /usr/www/appserver/admin/Home/Controller/IndexController.class.php 第 6 行.
INFO: [ view_parse ] --START--
INFO: [ template_filter ] --START--
INFO: Run Behavior\ContentReplaceBehavior [ RunTime:0.000031s ]
INFO: [ template_filter ] --END-- [ RunTime:0.000084s ]
INFO: Run Behavior\ParseTemplateBehavior [ RunTime:0.004925s ]
INFO: [ view_parse ] --END-- [ RunTime:0.004984s ]
INFO: [ view_filter ] --START--
INFO: Run Behavior\WriteHtmlCacheBehavior [ RunTime:0.000105s ]
INFO: [ view_filter ] --END-- [ RunTime:0.000145s ]

[ 2015-08-11T14:56:23+08:00 ] 203.100.95.139 /admin.php?m=admin&c=login
INFO: [ app_init ] --START--
INFO: Run Behavior\BuildLiteBehavior [ RunTime:0.000013s ]
INFO: [ app_init ] --END-- [ RunTime:0.000255s ]
INFO: [ app_begin ] --START--
INFO: Run Behavior\ReadHtmlCacheBehavior [ RunTime:0.000365s ]
INFO: [ app_begin ] --END-- [ RunTime:0.000417s ]
NOTIC: [8] Undefined index: submit /usr/www/appserver/admin/Home/Controller/LoginController.class.php 第 11 行.
INFO: [ view_parse ] --START--
INFO: [ template_filter ] --START--
INFO: Run Behavior\ContentReplaceBehavior [ RunTime:0.000064s ]
INFO: [ template_filter ] --END-- [ RunTime:0.000122s ]
INFO: Run Behavior\ParseTemplateBehavior [ RunTime:0.019461s ]
INFO: [ view_parse ] --END-- [ RunTime:0.019547s ]
INFO: [ view_filter ] --START--
INFO: Run Behavior\WriteHtmlCacheBehavior [ RunTime:0.000149s ]
INFO: [ view_filter ] --END-- [ RunTime:0.000219s ]
INFO: [ app_end ] --START--
INFO: Run Behavior\ShowPageTraceBehavior [ RunTime:0.000400s ]
INFO: [ app_end ] --END-- [ RunTime:0.000452s ]

[ 2015-08-11T14:56:32+08:00 ] 203.100.95.139 /admin.php?m=admin&c=login
INFO: [ app_init ] --START--
INFO: Run Behavior\BuildLiteBehavior [ RunTime:0.000014s ]
INFO: [ app_init ] --END-- [ RunTime:0.000255s ]
INFO: [ app_begin ] --START--
INFO: Run Behavior\ReadHtmlCacheBehavior [ RunTime:0.000347s ]
INFO: [ app_begin ] --END-- [ RunTime:0.000407s ]
SQL: SHOW COLUMNS FROM `admin_user` [ RunTime:0.0013s ]
SQL: SELECT COUNT(*) AS tp_count FROM `admin_user` WHERE ( username='han' ) LIMIT 1   [ RunTime:0.0003s ]
SQL: SELECT * FROM `admin_user` WHERE ( username='han' and password='075afa2c290b0c2398909bfef308479d' ) LIMIT 1   [ RunTime:0.0002s ]
INFO: [ view_parse ] --START--
INFO: [ template_filter ] --START--
INFO: Run Behavior\ContentReplaceBehavior [ RunTime:0.000031s ]
INFO: [ template_filter ] --END-- [ RunTime:0.000105s ]
INFO: Run Behavior\ParseTemplateBehavior [ RunTime:0.004923s ]
INFO: [ view_parse ] --END-- [ RunTime:0.004981s ]
INFO: [ view_filter ] --START--
INFO: Run Behavior\WriteHtmlCacheBehavior [ RunTime:0.000112s ]
INFO: [ view_filter ] --END-- [ RunTime:0.000159s ]

[ 2015-08-11T14:56:33+08:00 ] 203.100.95.139 /admin.php?m=admin&c=index
INFO: [ app_init ] --START--
INFO: Run Behavior\BuildLiteBehavior [ RunTime:0.000014s ]
INFO: [ app_init ] --END-- [ RunTime:0.000257s ]
INFO: [ app_begin ] --START--
INFO: Run Behavior\ReadHtmlCacheBehavior [ RunTime:0.000290s ]
INFO: [ app_begin ] --END-- [ RunTime:0.000338s ]
NOTIC: [8] Undefined index: appid /usr/www/appserver/admin/Home/Controller/IndexController.class.php 第 10 行.
INFO: [ view_parse ] --START--
INFO: [ template_filter ] --START--
INFO: Run Behavior\ContentReplaceBehavior [ RunTime:0.000029s ]
INFO: [ template_filter ] --END-- [ RunTime:0.000076s ]
INFO: Run Behavior\ParseTemplateBehavior [ RunTime:0.004027s ]
INFO: [ view_parse ] --END-- [ RunTime:0.004081s ]
INFO: [ view_filter ] --START--
INFO: Run Behavior\WriteHtmlCacheBehavior [ RunTime:0.000102s ]
INFO: [ view_filter ] --END-- [ RunTime:0.000143s ]

[ 2015-08-11T14:56:36+08:00 ] 203.100.95.139 /admin.php?m=admin&c=appmanagement&a=applist
INFO: [ app_init ] --START--
INFO: Run Behavior\BuildLiteBehavior [ RunTime:0.000014s ]
INFO: [ app_init ] --END-- [ RunTime:0.000290s ]
INFO: [ app_begin ] --START--
INFO: Run Behavior\ReadHtmlCacheBehavior [ RunTime:0.000348s ]
INFO: [ app_begin ] --END-- [ RunTime:0.000398s ]
SQL: SHOW COLUMNS FROM `apps` [ RunTime:0.0013s ]
SQL: SELECT * FROM `apps` ORDER BY createtime DESC  [ RunTime:0.0003s ]
NOTIC: [8] Undefined index: appid /usr/www/appserver/admin/Home/Controller/AppmanagementController.class.php 第 25 行.
INFO: [ view_parse ] --START--
INFO: [ template_filter ] --START--
INFO: Run Behavior\ContentReplaceBehavior [ RunTime:0.000093s ]
INFO: [ template_filter ] --END-- [ RunTime:0.000147s ]
NOTIC: [8] Undefined index: appname /usr/www/appserver/admin/Runtime/Cache/Home/ffb36f99d95538f85289046c940db68f.php 第 55 行.
INFO: Run Behavior\ParseTemplateBehavior [ RunTime:0.011944s ]
INFO: [ view_parse ] --END-- [ RunTime:0.011990s ]
INFO: [ view_filter ] --START--
INFO: Run Behavior\WriteHtmlCacheBehavior [ RunTime:0.000101s ]
INFO: [ view_filter ] --END-- [ RunTime:0.000143s ]
INFO: [ app_end ] --START--
INFO: Run Behavior\ShowPageTraceBehavior [ RunTime:0.000375s ]
INFO: [ app_end ] --END-- [ RunTime:0.000447s ]

[ 2015-08-11T14:56:38+08:00 ] 203.100.95.139 /admin.php?c=appmanagement&a=selectapp&id=1
INFO: [ app_init ] --START--
INFO: Run Behavior\BuildLiteBehavior [ RunTime:0.000018s ]
INFO: [ app_init ] --END-- [ RunTime:0.000256s ]
INFO: [ app_begin ] --START--
INFO: Run Behavior\ReadHtmlCacheBehavior [ RunTime:0.000312s ]
INFO: [ app_begin ] --END-- [ RunTime:0.000361s ]
SQL: SHOW COLUMNS FROM `apps` [ RunTime:0.0012s ]
SQL: SELECT * FROM `apps` WHERE ( appswitch=1 AND id=1 ) LIMIT 1   [ RunTime:0.0003s ]
INFO: [ view_parse ] --START--
INFO: [ template_filter ] --START--
INFO: Run Behavior\ContentReplaceBehavior [ RunTime:0.000032s ]
INFO: [ template_filter ] --END-- [ RunTime:0.000083s ]
INFO: Run Behavior\ParseTemplateBehavior [ RunTime:0.003951s ]
INFO: [ view_parse ] --END-- [ RunTime:0.004000s ]
INFO: [ view_filter ] --START--
INFO: Run Behavior\WriteHtmlCacheBehavior [ RunTime:0.000101s ]
INFO: [ view_filter ] --END-- [ RunTime:0.000140s ]
INFO: [ app_end ] --START--
INFO: Run Behavior\ShowPageTraceBehavior [ RunTime:0.000315s ]
INFO: [ app_end ] --END-- [ RunTime:0.000359s ]

[ 2015-08-11T14:56:40+08:00 ] 203.100.95.139 /admin.php?m=admin&c=appmanagement&a=applist
INFO: [ app_init ] --START--
INFO: Run Behavior\BuildLiteBehavior [ RunTime:0.000013s ]
INFO: [ app_init ] --END-- [ RunTime:0.000234s ]
INFO: [ app_begin ] --START--
INFO: Run Behavior\ReadHtmlCacheBehavior [ RunTime:0.000288s ]
INFO: [ app_begin ] --END-- [ RunTime:0.000336s ]
SQL: SHOW COLUMNS FROM `apps` [ RunTime:0.0012s ]
SQL: SELECT * FROM `apps` ORDER BY createtime DESC  [ RunTime:0.0003s ]
INFO: [ view_parse ] --START--
INFO: [ template_filter ] --START--
INFO: Run Behavior\ContentReplaceBehavior [ RunTime:0.000082s ]
INFO: [ template_filter ] --END-- [ RunTime:0.000136s ]
INFO: Run Behavior\ParseTemplateBehavior [ RunTime:0.011081s ]
INFO: [ view_parse ] --END-- [ RunTime:0.011132s ]
INFO: [ view_filter ] --START--
INFO: Run Behavior\WriteHtmlCacheBehavior [ RunTime:0.000114s ]
INFO: [ view_filter ] --END-- [ RunTime:0.000155s ]
INFO: [ app_end ] --START--
INFO: Run Behavior\ShowPageTraceBehavior [ RunTime:0.000345s ]
INFO: [ app_end ] --END-- [ RunTime:0.000393s ]

[ 2015-08-11T14:56:42+08:00 ] 203.100.95.139 /admin.php?m=admin&c=message&a=listmessage
INFO: [ app_init ] --START--
INFO: Run Behavior\BuildLiteBehavior [ RunTime:0.000016s ]
INFO: [ app_init ] --END-- [ RunTime:0.000254s ]
INFO: [ app_begin ] --START--
INFO: Run Behavior\ReadHtmlCacheBehavior [ RunTime:0.000288s ]
INFO: [ app_begin ] --END-- [ RunTime:0.000336s ]
SQL: SHOW COLUMNS FROM `message` [ RunTime:0.0012s ]
SQL: SELECT * FROM `message` WHERE (  m_del=0 and appid=1 ) ORDER BY m_order asc,create_time desc  [ RunTime:0.0003s ]
INFO: [ view_parse ] --START--
INFO: [ template_filter ] --START--
INFO: Run Behavior\ContentReplaceBehavior [ RunTime:0.000092s ]
INFO: [ template_filter ] --END-- [ RunTime:0.000166s ]
NOTIC: [8] Undefined index: thumb_img /usr/www/appserver/admin/Runtime/Cache/Home/9530bc6e3bfc793617887577a66057af.php 第 366 行.
NOTIC: [8] Undefined index: cate_img /usr/www/appserver/admin/Runtime/Cache/Home/9530bc6e3bfc793617887577a66057af.php 第 371 行.
NOTIC: [8] Undefined index: thumb_img /usr/www/appserver/admin/Runtime/Cache/Home/9530bc6e3bfc793617887577a66057af.php 第 366 行.
NOTIC: [8] Undefined index: cate_img /usr/www/appserver/admin/Runtime/Cache/Home/9530bc6e3bfc793617887577a66057af.php 第 371 行.
NOTIC: [8] Undefined index: thumb_img /usr/www/appserver/admin/Runtime/Cache/Home/9530bc6e3bfc793617887577a66057af.php 第 366 行.
NOTIC: [8] Undefined index: cate_img /usr/www/appserver/admin/Runtime/Cache/Home/9530bc6e3bfc793617887577a66057af.php 第 371 行.
NOTIC: [8] Undefined index: thumb_img /usr/www/appserver/admin/Runtime/Cache/Home/9530bc6e3bfc793617887577a66057af.php 第 366 行.
NOTIC: [8] Undefined index: cate_img /usr/www/appserver/admin/Runtime/Cache/Home/9530bc6e3bfc793617887577a66057af.php 第 371 行.
INFO: Run Behavior\ParseTemplateBehavior [ RunTime:0.013644s ]
INFO: [ view_parse ] --END-- [ RunTime:0.013698s ]
INFO: [ view_filter ] --START--
INFO: Run Behavior\WriteHtmlCacheBehavior [ RunTime:0.000136s ]
INFO: [ view_filter ] --END-- [ RunTime:0.000180s ]
INFO: [ app_end ] --START--
INFO: Run Behavior\ShowPageTraceBehavior [ RunTime:0.000387s ]
INFO: [ app_end ] --END-- [ RunTime:0.000456s ]

[ 2015-08-11T14:56:48+08:00 ] 203.100.95.139 /admin.php?m=admin&c=user&a=listuser
INFO: [ app_init ] --START--
INFO: Run Behavior\BuildLiteBehavior [ RunTime:0.000014s ]
INFO: [ app_init ] --END-- [ RunTime:0.000259s ]
INFO: [ app_begin ] --START--
INFO: Run Behavior\ReadHtmlCacheBehavior [ RunTime:0.000336s ]
INFO: [ app_begin ] --END-- [ RunTime:0.000397s ]
SQL: SHOW COLUMNS FROM `category` [ RunTime:0.0013s ]
SQL: SELECT * FROM `category` WHERE ( appid=1 AND pid=0 )  [ RunTime:0.0004s ]
SQL: SHOW COLUMNS FROM `app_user` [ RunTime:0.0010s ]
SQL: SELECT COUNT(*) AS tp_count FROM `app_user` WHERE ( devtype='ios' ) LIMIT 1   [ RunTime:0.0002s ]
SQL: SELECT COUNT(*) AS tp_count FROM `app_user` WHERE ( devtype='android' ) LIMIT 1   [ RunTime:0.0002s ]
SQL: SELECT COUNT(*) AS tp_count FROM `app_user` WHERE ( devtype!='ios' and devtype!='android' or devtype is null ) LIMIT 1   [ RunTime:0.0003s ]
SQL: SELECT COUNT(*) AS tp_count FROM `app_user` LIMIT 1   [ RunTime:0.0002s ]
NOTIC: [8] Undefined index: current_time /usr/www/appserver/admin/Home/Controller/UserController.class.php 第 38 行.
NOTIC: [8] Undefined index: old_time /usr/www/appserver/admin/Home/Controller/UserController.class.php 第 39 行.
SQL: SELECT * FROM `app_user` ORDER BY id DESC LIMIT 0,20   [ RunTime:0.0003s ]
INFO: [ view_parse ] --START--
INFO: [ template_filter ] --START--
INFO: Run Behavior\ContentReplaceBehavior [ RunTime:0.000137s ]
INFO: [ template_filter ] --END-- [ RunTime:0.000233s ]
INFO: Run Behavior\ParseTemplateBehavior [ RunTime:0.014238s ]
INFO: [ view_parse ] --END-- [ RunTime:0.014320s ]
INFO: [ view_filter ] --START--
INFO: Run Behavior\WriteHtmlCacheBehavior [ RunTime:0.000148s ]
INFO: [ view_filter ] --END-- [ RunTime:0.000206s ]
INFO: [ app_end ] --START--
INFO: Run Behavior\ShowPageTraceBehavior [ RunTime:0.000500s ]
INFO: [ app_end ] --END-- [ RunTime:0.000641s ]

[ 2015-08-11T14:57:26+08:00 ] 203.100.95.139 /admin.php?m=Home&c=User&a=listuser&m=admin&p=2
INFO: [ app_init ] --START--
INFO: Run Behavior\BuildLiteBehavior [ RunTime:0.000017s ]
INFO: [ app_init ] --END-- [ RunTime:0.000289s ]
INFO: [ app_begin ] --START--
INFO: Run Behavior\ReadHtmlCacheBehavior [ RunTime:0.000379s ]
INFO: [ app_begin ] --END-- [ RunTime:0.000432s ]
SQL: SHOW COLUMNS FROM `category` [ RunTime:0.0012s ]
SQL: SELECT * FROM `category` WHERE ( appid=1 AND pid=0 )  [ RunTime:0.0004s ]
SQL: SHOW COLUMNS FROM `app_user` [ RunTime:0.0009s ]
SQL: SELECT COUNT(*) AS tp_count FROM `app_user` WHERE ( devtype='ios' ) LIMIT 1   [ RunTime:0.0002s ]
SQL: SELECT COUNT(*) AS tp_count FROM `app_user` WHERE ( devtype='android' ) LIMIT 1   [ RunTime:0.0002s ]
SQL: SELECT COUNT(*) AS tp_count FROM `app_user` WHERE ( devtype!='ios' and devtype!='android' or devtype is null ) LIMIT 1   [ RunTime:0.0002s ]
SQL: SELECT COUNT(*) AS tp_count FROM `app_user` LIMIT 1   [ RunTime:0.0002s ]
NOTIC: [8] Undefined index: current_time /usr/www/appserver/admin/Home/Controller/UserController.class.php 第 38 行.
NOTIC: [8] Undefined index: old_time /usr/www/appserver/admin/Home/Controller/UserController.class.php 第 39 行.
SQL: SELECT * FROM `app_user` ORDER BY id DESC LIMIT 20,20   [ RunTime:0.0003s ]
INFO: [ view_parse ] --START--
INFO: [ template_filter ] --START--
INFO: Run Behavior\ContentReplaceBehavior [ RunTime:0.000095s ]
INFO: [ template_filter ] --END-- [ RunTime:0.000148s ]
INFO: Run Behavior\ParseTemplateBehavior [ RunTime:0.013099s ]
INFO: [ view_parse ] --END-- [ RunTime:0.013159s ]
INFO: [ view_filter ] --START--
INFO: Run Behavior\WriteHtmlCacheBehavior [ RunTime:0.000103s ]
INFO: [ view_filter ] --END-- [ RunTime:0.000144s ]
INFO: [ app_end ] --START--
INFO: Run Behavior\ShowPageTraceBehavior [ RunTime:0.000345s ]
INFO: [ app_end ] --END-- [ RunTime:0.000417s ]

[ 2015-08-11T14:57:29+08:00 ] 203.100.95.139 /admin.php?m=admin&c=user&a=sendumeng&userid=1
INFO: [ app_init ] --START--
INFO: Run Behavior\BuildLiteBehavior [ RunTime:0.000013s ]
INFO: [ app_init ] --END-- [ RunTime:0.000235s ]
INFO: [ app_begin ] --START--
INFO: Run Behavior\ReadHtmlCacheBehavior [ RunTime:0.000306s ]
INFO: [ app_begin ] --END-- [ RunTime:0.000355s ]
SQL: SHOW COLUMNS FROM `category` [ RunTime:0.0012s ]
SQL: SELECT * FROM `category` WHERE ( appid=1 AND pid=0 )  [ RunTime:0.0004s ]
SQL: SHOW COLUMNS FROM `app_user` [ RunTime:0.0008s ]
SQL: SELECT * FROM `app_user` WHERE ( id=1 ) LIMIT 1   [ RunTime:0.0002s ]
SQL: SHOW COLUMNS FROM `apps` [ RunTime:0.0008s ]
SQL: SELECT * FROM `apps`  [ RunTime:0.0002s ]
INFO: [ view_parse ] --START--
INFO: [ template_filter ] --START--
INFO: Run Behavior\ContentReplaceBehavior [ RunTime:0.000083s ]
INFO: [ template_filter ] --END-- [ RunTime:0.000135s ]
INFO: Run Behavior\ParseTemplateBehavior [ RunTime:0.011827s ]
INFO: [ view_parse ] --END-- [ RunTime:0.011878s ]
INFO: [ view_filter ] --START--
INFO: Run Behavior\WriteHtmlCacheBehavior [ RunTime:0.000103s ]
INFO: [ view_filter ] --END-- [ RunTime:0.000144s ]
INFO: [ app_end ] --START--
INFO: Run Behavior\ShowPageTraceBehavior [ RunTime:0.000340s ]
INFO: [ app_end ] --END-- [ RunTime:0.000388s ]

[ 2015-08-11T14:57:45+08:00 ] 203.100.95.139 /admin.php?m=admin&c=message&a=listmessage
INFO: [ app_init ] --START--
INFO: Run Behavior\BuildLiteBehavior [ RunTime:0.000017s ]
INFO: [ app_init ] --END-- [ RunTime:0.000292s ]
INFO: [ app_begin ] --START--
INFO: Run Behavior\ReadHtmlCacheBehavior [ RunTime:0.000397s ]
INFO: [ app_begin ] --END-- [ RunTime:0.000448s ]
SQL: SHOW COLUMNS FROM `message` [ RunTime:0.0012s ]
SQL: SELECT * FROM `message` WHERE (  m_del=0 and appid=1 ) ORDER BY m_order asc,create_time desc  [ RunTime:0.0006s ]
INFO: [ view_parse ] --START--
INFO: [ template_filter ] --START--
INFO: Run Behavior\ContentReplaceBehavior [ RunTime:0.000096s ]
INFO: [ template_filter ] --END-- [ RunTime:0.000153s ]
NOTIC: [8] Undefined index: thumb_img /usr/www/appserver/admin/Runtime/Cache/Home/9530bc6e3bfc793617887577a66057af.php 第 366 行.
NOTIC: [8] Undefined index: cate_img /usr/www/appserver/admin/Runtime/Cache/Home/9530bc6e3bfc793617887577a66057af.php 第 371 行.
NOTIC: [8] Undefined index: thumb_img /usr/www/appserver/admin/Runtime/Cache/Home/9530bc6e3bfc793617887577a66057af.php 第 366 行.
NOTIC: [8] Undefined index: cate_img /usr/www/appserver/admin/Runtime/Cache/Home/9530bc6e3bfc793617887577a66057af.php 第 371 行.
NOTIC: [8] Undefined index: thumb_img /usr/www/appserver/admin/Runtime/Cache/Home/9530bc6e3bfc793617887577a66057af.php 第 366 行.
NOTIC: [8] Undefined index: cate_img /usr/www/appserver/admin/Runtime/Cache/Home/9530bc6e3bfc793617887577a66057af.php 第 371 行.
NOTIC: [8] Undefined index: thumb_img /usr/www/appserver/admin/Runtime/Cache/Home/9530bc6e3bfc793617887577a66057af.php 第 366 行.
NOTIC: [8] Undefined index: cate_img /usr/www/appserver/admin/Runtime/Cache/Home/9530bc6e3bfc793617887577a66057af.php 第 371 行.
INFO: Run Behavior\ParseTemplateBehavior [ RunTime:0.014625s ]
INFO: [ view_parse ] --END-- [ RunTime:0.014680s ]
INFO: [ view_filter ] --START--
INFO: Run Behavior\WriteHtmlCacheBehavior [ RunTime:0.000108s ]
INFO: [ view_filter ] --END-- [ RunTime:0.000150s ]
INFO: [ app_end ] --START--
INFO: Run Behavior\ShowPageTraceBehavior [ RunTime:0.000535s ]
INFO: [ app_end ] --END-- [ RunTime:0.000658s ]

[ 2015-08-11T14:57:47+08:00 ] 203.100.95.139 /admin.php?m=admin&c=Message&a=editmessage&id=3
INFO: [ app_init ] --START--
INFO: Run Behavior\BuildLiteBehavior [ RunTime:0.000014s ]
INFO: [ app_init ] --END-- [ RunTime:0.000256s ]
INFO: [ app_begin ] --START--
INFO: Run Behavior\ReadHtmlCacheBehavior [ RunTime:0.000285s ]
INFO: [ app_begin ] --END-- [ RunTime:0.000333s ]
SQL: SHOW COLUMNS FROM `message` [ RunTime:0.0012s ]
SQL: SELECT * FROM `message` WHERE ( id=3 ) LIMIT 1   [ RunTime:0.0003s ]
INFO: [ view_parse ] --START--
INFO: [ template_filter ] --START--
INFO: Run Behavior\ContentReplaceBehavior [ RunTime:0.000103s ]
INFO: [ template_filter ] --END-- [ RunTime:0.000153s ]
NOTIC: [8] Undefined variable: templatetype /usr/www/appserver/admin/Runtime/Cache/Home/f66b31d48250ea33683511d6554df0b0.php 第 374 行.
INFO: Run Behavior\ParseTemplateBehavior [ RunTime:0.011979s ]
INFO: [ view_parse ] --END-- [ RunTime:0.012030s ]
INFO: [ view_filter ] --START--
INFO: Run Behavior\WriteHtmlCacheBehavior [ RunTime:0.000098s ]
INFO: [ view_filter ] --END-- [ RunTime:0.000141s ]
INFO: [ app_end ] --START--
INFO: Run Behavior\ShowPageTraceBehavior [ RunTime:0.000320s ]
INFO: [ app_end ] --END-- [ RunTime:0.000373s ]

[ 2015-08-11T14:57:53+08:00 ] 203.100.95.139 /admin.php?m=admin&c=user&a=listuser
INFO: [ app_init ] --START--
INFO: Run Behavior\BuildLiteBehavior [ RunTime:0.000014s ]
INFO: [ app_init ] --END-- [ RunTime:0.000265s ]
INFO: [ app_begin ] --START--
INFO: Run Behavior\ReadHtmlCacheBehavior [ RunTime:0.000356s ]
INFO: [ app_begin ] --END-- [ RunTime:0.000416s ]
SQL: SHOW COLUMNS FROM `category` [ RunTime:0.0012s ]
SQL: SELECT * FROM `category` WHERE ( appid=1 AND pid=0 )  [ RunTime:0.0004s ]
SQL: SHOW COLUMNS FROM `app_user` [ RunTime:0.0009s ]
SQL: SELECT COUNT(*) AS tp_count FROM `app_user` WHERE ( devtype='ios' ) LIMIT 1   [ RunTime:0.0004s ]
SQL: SELECT COUNT(*) AS tp_count FROM `app_user` WHERE ( devtype='android' ) LIMIT 1   [ RunTime:0.0002s ]
SQL: SELECT COUNT(*) AS tp_count FROM `app_user` WHERE ( devtype!='ios' and devtype!='android' or devtype is null ) LIMIT 1   [ RunTime:0.0002s ]
SQL: SELECT COUNT(*) AS tp_count FROM `app_user` LIMIT 1   [ RunTime:0.0002s ]
NOTIC: [8] Undefined index: current_time /usr/www/appserver/admin/Home/Controller/UserController.class.php 第 38 行.
NOTIC: [8] Undefined index: old_time /usr/www/appserver/admin/Home/Controller/UserController.class.php 第 39 行.
SQL: SELECT * FROM `app_user` ORDER BY id DESC LIMIT 0,20   [ RunTime:0.0003s ]
INFO: [ view_parse ] --START--
INFO: [ template_filter ] --START--
INFO: Run Behavior\ContentReplaceBehavior [ RunTime:0.000092s ]
INFO: [ template_filter ] --END-- [ RunTime:0.000143s ]
INFO: Run Behavior\ParseTemplateBehavior [ RunTime:0.012956s ]
INFO: [ view_parse ] --END-- [ RunTime:0.013012s ]
INFO: [ view_filter ] --START--
INFO: Run Behavior\WriteHtmlCacheBehavior [ RunTime:0.000104s ]
INFO: [ view_filter ] --END-- [ RunTime:0.000145s ]
INFO: [ app_end ] --START--
INFO: Run Behavior\ShowPageTraceBehavior [ RunTime:0.000474s ]
INFO: [ app_end ] --END-- [ RunTime:0.000554s ]

[ 2015-08-11T14:58:00+08:00 ] 203.100.95.139 /admin.php?m=admin&c=user&a=sendumeng&userid=13
INFO: [ app_init ] --START--
INFO: Run Behavior\BuildLiteBehavior [ RunTime:0.000013s ]
INFO: [ app_init ] --END-- [ RunTime:0.000233s ]
INFO: [ app_begin ] --START--
INFO: Run Behavior\ReadHtmlCacheBehavior [ RunTime:0.000304s ]
INFO: [ app_begin ] --END-- [ RunTime:0.000353s ]
SQL: SHOW COLUMNS FROM `category` [ RunTime:0.0016s ]
SQL: SELECT * FROM `category` WHERE ( appid=1 AND pid=0 )  [ RunTime:0.0005s ]
SQL: SHOW COLUMNS FROM `app_user` [ RunTime:0.0009s ]
SQL: SELECT * FROM `app_user` WHERE ( id=13 ) LIMIT 1   [ RunTime:0.0002s ]
SQL: SHOW COLUMNS FROM `apps` [ RunTime:0.0008s ]
SQL: SELECT * FROM `apps`  [ RunTime:0.0002s ]
INFO: [ view_parse ] --START--
INFO: [ template_filter ] --START--
INFO: Run Behavior\ContentReplaceBehavior [ RunTime:0.000091s ]
INFO: [ template_filter ] --END-- [ RunTime:0.000152s ]
INFO: Run Behavior\ParseTemplateBehavior [ RunTime:0.012272s ]
INFO: [ view_parse ] --END-- [ RunTime:0.012361s ]
INFO: [ view_filter ] --START--
INFO: Run Behavior\WriteHtmlCacheBehavior [ RunTime:0.000108s ]
INFO: [ view_filter ] --END-- [ RunTime:0.000149s ]
INFO: [ app_end ] --START--
INFO: Run Behavior\ShowPageTraceBehavior [ RunTime:0.000365s ]
INFO: [ app_end ] --END-- [ RunTime:0.000454s ]

[ 2015-08-11T15:33:34+08:00 ] 203.100.95.139 /admin.php?m=Home&c=User&a=listuser&m=admin&p=2
INFO: [ app_init ] --START--
INFO: Run Behavior\BuildLiteBehavior [ RunTime:0.000017s ]
INFO: [ app_init ] --END-- [ RunTime:0.000291s ]
INFO: [ app_begin ] --START--
INFO: Run Behavior\ReadHtmlCacheBehavior [ RunTime:0.000390s ]
INFO: [ app_begin ] --END-- [ RunTime:0.000444s ]
SQL: SHOW COLUMNS FROM `category` [ RunTime:0.0012s ]
SQL: SELECT * FROM `category` WHERE ( appid=1 AND pid=0 )  [ RunTime:0.0004s ]
SQL: SHOW COLUMNS FROM `app_user` [ RunTime:0.0008s ]
SQL: SELECT COUNT(*) AS tp_count FROM `app_user` WHERE ( devtype='ios' ) LIMIT 1   [ RunTime:0.0002s ]
SQL: SELECT COUNT(*) AS tp_count FROM `app_user` WHERE ( devtype='android' ) LIMIT 1   [ RunTime:0.0002s ]
SQL: SELECT COUNT(*) AS tp_count FROM `app_user` WHERE ( devtype!='ios' and devtype!='android' or devtype is null ) LIMIT 1   [ RunTime:0.0002s ]
SQL: SELECT COUNT(*) AS tp_count FROM `app_user` LIMIT 1   [ RunTime:0.0002s ]
NOTIC: [8] Undefined index: current_time /usr/www/appserver/admin/Home/Controller/UserController.class.php 第 38 行.
NOTIC: [8] Undefined index: old_time /usr/www/appserver/admin/Home/Controller/UserController.class.php 第 39 行.
SQL: SELECT * FROM `app_user` ORDER BY id DESC LIMIT 20,20   [ RunTime:0.0003s ]
INFO: [ view_parse ] --START--
INFO: [ template_filter ] --START--
INFO: Run Behavior\ContentReplaceBehavior [ RunTime:0.000096s ]
INFO: [ template_filter ] --END-- [ RunTime:0.000150s ]
INFO: Run Behavior\ParseTemplateBehavior [ RunTime:0.012902s ]
INFO: [ view_parse ] --END-- [ RunTime:0.012958s ]
INFO: [ view_filter ] --START--
INFO: Run Behavior\WriteHtmlCacheBehavior [ RunTime:0.000126s ]
INFO: [ view_filter ] --END-- [ RunTime:0.000167s ]
INFO: [ app_end ] --START--
INFO: Run Behavior\ShowPageTraceBehavior [ RunTime:0.000387s ]
INFO: [ app_end ] --END-- [ RunTime:0.000455s ]

[ 2015-08-11T15:49:43+08:00 ] 203.100.95.139 /admin.php?m=Home&c=User&a=listuser&m=admin&p=1
INFO: [ app_init ] --START--
INFO: Run Behavior\BuildLiteBehavior [ RunTime:0.000014s ]
INFO: [ app_init ] --END-- [ RunTime:0.000299s ]
INFO: [ app_begin ] --START--
INFO: Run Behavior\ReadHtmlCacheBehavior [ RunTime:0.000382s ]
INFO: [ app_begin ] --END-- [ RunTime:0.000433s ]
SQL: SHOW COLUMNS FROM `category` [ RunTime:0.0012s ]
SQL: SELECT * FROM `category` WHERE ( appid=1 AND pid=0 )  [ RunTime:0.0004s ]
SQL: SHOW COLUMNS FROM `app_user` [ RunTime:0.0008s ]
SQL: SELECT COUNT(*) AS tp_count FROM `app_user` WHERE ( devtype='ios' ) LIMIT 1   [ RunTime:0.0002s ]
SQL: SELECT COUNT(*) AS tp_count FROM `app_user` WHERE ( devtype='android' ) LIMIT 1   [ RunTime:0.0002s ]
SQL: SELECT COUNT(*) AS tp_count FROM `app_user` WHERE ( devtype!='ios' and devtype!='android' or devtype is null ) LIMIT 1   [ RunTime:0.0002s ]
SQL: SELECT COUNT(*) AS tp_count FROM `app_user` LIMIT 1   [ RunTime:0.0002s ]
NOTIC: [8] Undefined index: current_time /usr/www/appserver/admin/Home/Controller/UserController.class.php 第 38 行.
NOTIC: [8] Undefined index: old_time /usr/www/appserver/admin/Home/Controller/UserController.class.php 第 39 行.
SQL: SELECT * FROM `app_user` ORDER BY id DESC LIMIT 0,20   [ RunTime:0.0003s ]
SQL: UPDATE `app_user` SET `user_location`='河南' WHERE ( id=29 ) [ RunTime:0.0054s ]
INFO: [ view_parse ] --START--
INFO: [ template_filter ] --START--
INFO: Run Behavior\ContentReplaceBehavior [ RunTime:0.000130s ]
INFO: [ template_filter ] --END-- [ RunTime:0.000184s ]
INFO: Run Behavior\ParseTemplateBehavior [ RunTime:0.013249s ]
INFO: [ view_parse ] --END-- [ RunTime:0.013308s ]
INFO: [ view_filter ] --START--
INFO: Run Behavior\WriteHtmlCacheBehavior [ RunTime:0.000109s ]
INFO: [ view_filter ] --END-- [ RunTime:0.000152s ]
INFO: [ app_end ] --START--
INFO: Run Behavior\ShowPageTraceBehavior [ RunTime:0.000409s ]
INFO: [ app_end ] --END-- [ RunTime:0.000486s ]

[ 2015-08-11T16:38:01+08:00 ] 203.100.95.139 /admin.php?m=admin&c=user&a=listuser
INFO: [ app_init ] --START--
INFO: Run Behavior\BuildLiteBehavior [ RunTime:0.000013s ]
INFO: [ app_init ] --END-- [ RunTime:0.000283s ]
INFO: [ app_begin ] --START--
INFO: Run Behavior\ReadHtmlCacheBehavior [ RunTime:0.000335s ]
INFO: [ app_begin ] --END-- [ RunTime:0.000396s ]
SQL: SHOW COLUMNS FROM `category` [ RunTime:0.0012s ]
SQL: SELECT * FROM `category` WHERE ( appid=1 AND pid=0 )  [ RunTime:0.0004s ]
SQL: SHOW COLUMNS FROM `app_user` [ RunTime:0.0008s ]
SQL: SELECT COUNT(*) AS tp_count FROM `app_user` WHERE ( devtype='ios' ) LIMIT 1   [ RunTime:0.0002s ]
SQL: SELECT COUNT(*) AS tp_count FROM `app_user` WHERE ( devtype='android' ) LIMIT 1   [ RunTime:0.0002s ]
SQL: SELECT COUNT(*) AS tp_count FROM `app_user` WHERE ( devtype!='ios' and devtype!='android' or devtype is null ) LIMIT 1   [ RunTime:0.0002s ]
SQL: SELECT COUNT(*) AS tp_count FROM `app_user` LIMIT 1   [ RunTime:0.0002s ]
NOTIC: [8] Undefined index: current_time /usr/www/appserver/admin/Home/Controller/UserController.class.php 第 38 行.
NOTIC: [8] Undefined index: old_time /usr/www/appserver/admin/Home/Controller/UserController.class.php 第 39 行.
SQL: SELECT * FROM `app_user` ORDER BY id DESC LIMIT 0,20   [ RunTime:0.0003s ]
INFO: [ view_parse ] --START--
INFO: [ template_filter ] --START--
INFO: Run Behavior\ContentReplaceBehavior [ RunTime:0.000125s ]
INFO: [ template_filter ] --END-- [ RunTime:0.000189s ]
INFO: Run Behavior\ParseTemplateBehavior [ RunTime:0.022593s ]
INFO: [ view_parse ] --END-- [ RunTime:0.022652s ]
INFO: [ view_filter ] --START--
INFO: Run Behavior\WriteHtmlCacheBehavior [ RunTime:0.000212s ]
INFO: [ view_filter ] --END-- [ RunTime:0.000258s ]
INFO: [ app_end ] --START--
INFO: Run Behavior\ShowPageTraceBehavior [ RunTime:0.000369s ]
INFO: [ app_end ] --END-- [ RunTime:0.000428s ]

