[ 2015-08-28T11:37:26+08:00 ] 58.132.173.6 /admin.php
INFO: [ app_init ] --START--
INFO: Run Behavior\BuildLiteBehavior [ RunTime:0.000011s ]
INFO: [ app_init ] --END-- [ RunTime:0.000221s ]
INFO: [ app_begin ] --START--
INFO: Run Behavior\ReadHtmlCacheBehavior [ RunTime:0.000286s ]
INFO: [ app_begin ] --END-- [ RunTime:0.000356s ]
NOTIC: [8] Undefined index: userid /usr/www/appserver/admin/Home/Controller/IndexController.class.php 第 6 行.
INFO: [ view_parse ] --START--
INFO: [ template_filter ] --START--
INFO: Run Behavior\ContentReplaceBehavior [ RunTime:0.000029s ]
INFO: [ template_filter ] --END-- [ RunTime:0.000077s ]
INFO: Run Behavior\ParseTemplateBehavior [ RunTime:0.004537s ]
INFO: [ view_parse ] --END-- [ RunTime:0.004584s ]
INFO: [ view_filter ] --START--
INFO: Run Behavior\WriteHtmlCacheBehavior [ RunTime:0.000114s ]
INFO: [ view_filter ] --END-- [ RunTime:0.000154s ]

[ 2015-08-28T11:37:29+08:00 ] 58.132.173.6 /admin.php?m=admin&c=login
INFO: [ app_init ] --START--
INFO: Run Behavior\BuildLiteBehavior [ RunTime:0.000013s ]
INFO: [ app_init ] --END-- [ RunTime:0.000287s ]
INFO: [ app_begin ] --START--
INFO: Run Behavior\ReadHtmlCacheBehavior [ RunTime:0.000284s ]
INFO: [ app_begin ] --END-- [ RunTime:0.000331s ]
NOTIC: [8] Undefined index: submit /usr/www/appserver/admin/Home/Controller/LoginController.class.php 第 11 行.
INFO: [ view_parse ] --START--
INFO: [ template_filter ] --START--
INFO: Run Behavior\ContentReplaceBehavior [ RunTime:0.000053s ]
INFO: [ template_filter ] --END-- [ RunTime:0.000103s ]
INFO: Run Behavior\ParseTemplateBehavior [ RunTime:0.004962s ]
INFO: [ view_parse ] --END-- [ RunTime:0.005009s ]
INFO: [ view_filter ] --START--
INFO: Run Behavior\WriteHtmlCacheBehavior [ RunTime:0.000102s ]
INFO: [ view_filter ] --END-- [ RunTime:0.000142s ]
INFO: [ app_end ] --START--
INFO: Run Behavior\ShowPageTraceBehavior [ RunTime:0.000331s ]
INFO: [ app_end ] --END-- [ RunTime:0.000375s ]

[ 2015-08-28T11:37:38+08:00 ] 203.100.95.139 /admin.php?m=admin&c=login
INFO: [ app_init ] --START--
INFO: Run Behavior\BuildLiteBehavior [ RunTime:0.000014s ]
INFO: [ app_init ] --END-- [ RunTime:0.000276s ]
INFO: [ app_begin ] --START--
INFO: Run Behavior\ReadHtmlCacheBehavior [ RunTime:0.000350s ]
INFO: [ app_begin ] --END-- [ RunTime:0.000406s ]
SQL: SHOW COLUMNS FROM `admin_user` [ RunTime:0.0009s ]
SQL: SELECT COUNT(*) AS tp_count FROM `admin_user` WHERE ( username='hejianxin' ) LIMIT 1   [ RunTime:0.0003s ]
SQL: SELECT * FROM `admin_user` WHERE ( username='hejianxin' and password='cb2de6a3de3163cfa7d7fdfd2d51bbdf' ) LIMIT 1   [ RunTime:0.0002s ]
INFO: [ view_parse ] --START--
INFO: [ template_filter ] --START--
INFO: Run Behavior\ContentReplaceBehavior [ RunTime:0.000052s ]
INFO: [ template_filter ] --END-- [ RunTime:0.000105s ]
INFO: Run Behavior\ParseTemplateBehavior [ RunTime:0.004894s ]
INFO: [ view_parse ] --END-- [ RunTime:0.004956s ]
INFO: [ view_filter ] --START--
INFO: Run Behavior\WriteHtmlCacheBehavior [ RunTime:0.000119s ]
INFO: [ view_filter ] --END-- [ RunTime:0.000160s ]

[ 2015-08-28T11:37:40+08:00 ] 203.100.95.139 /admin.php?m=admin&c=index
INFO: [ app_init ] --START--
INFO: Run Behavior\BuildLiteBehavior [ RunTime:0.000019s ]
INFO: [ app_init ] --END-- [ RunTime:0.000268s ]
INFO: [ app_begin ] --START--
INFO: Run Behavior\ReadHtmlCacheBehavior [ RunTime:0.000281s ]
INFO: [ app_begin ] --END-- [ RunTime:0.000330s ]
NOTIC: [8] Undefined index: appid /usr/www/appserver/admin/Home/Controller/IndexController.class.php 第 10 行.
INFO: [ view_parse ] --START--
INFO: [ template_filter ] --START--
INFO: Run Behavior\ContentReplaceBehavior [ RunTime:0.000028s ]
INFO: [ template_filter ] --END-- [ RunTime:0.000076s ]
INFO: Run Behavior\ParseTemplateBehavior [ RunTime:0.003982s ]
INFO: [ view_parse ] --END-- [ RunTime:0.004029s ]
INFO: [ view_filter ] --START--
INFO: Run Behavior\WriteHtmlCacheBehavior [ RunTime:0.000119s ]
INFO: [ view_filter ] --END-- [ RunTime:0.000158s ]

[ 2015-08-28T11:37:44+08:00 ] 203.100.95.139 /admin.php?m=admin&c=appmanagement&a=applist
INFO: [ app_init ] --START--
INFO: Run Behavior\BuildLiteBehavior [ RunTime:0.000014s ]
INFO: [ app_init ] --END-- [ RunTime:0.000257s ]
INFO: [ app_begin ] --START--
INFO: Run Behavior\ReadHtmlCacheBehavior [ RunTime:0.000281s ]
INFO: [ app_begin ] --END-- [ RunTime:0.000329s ]
SQL: SHOW COLUMNS FROM `apps` [ RunTime:0.0011s ]
SQL: SELECT * FROM `apps` ORDER BY createtime DESC  [ RunTime:0.0003s ]
NOTIC: [8] Undefined index: appid /usr/www/appserver/admin/Home/Controller/AppmanagementController.class.php 第 25 行.
INFO: [ view_parse ] --START--
INFO: [ template_filter ] --START--
INFO: Run Behavior\ContentReplaceBehavior [ RunTime:0.000097s ]
INFO: [ template_filter ] --END-- [ RunTime:0.000148s ]
NOTIC: [8] Undefined index: appname /usr/www/appserver/admin/Runtime/Cache/Home/ffb36f99d95538f85289046c940db68f.php 第 55 行.
INFO: Run Behavior\ParseTemplateBehavior [ RunTime:0.011615s ]
INFO: [ view_parse ] --END-- [ RunTime:0.011665s ]
INFO: [ view_filter ] --START--
INFO: Run Behavior\WriteHtmlCacheBehavior [ RunTime:0.000099s ]
INFO: [ view_filter ] --END-- [ RunTime:0.000140s ]
INFO: [ app_end ] --START--
INFO: Run Behavior\ShowPageTraceBehavior [ RunTime:0.000362s ]
INFO: [ app_end ] --END-- [ RunTime:0.000420s ]

[ 2015-08-28T11:37:45+08:00 ] 203.100.95.139 /admin.php?c=appmanagement&a=selectapp&id=1
INFO: [ app_init ] --START--
INFO: Run Behavior\BuildLiteBehavior [ RunTime:0.000013s ]
INFO: [ app_init ] --END-- [ RunTime:0.000232s ]
INFO: [ app_begin ] --START--
INFO: Run Behavior\ReadHtmlCacheBehavior [ RunTime:0.000306s ]
INFO: [ app_begin ] --END-- [ RunTime:0.000355s ]
SQL: SHOW COLUMNS FROM `apps` [ RunTime:0.0011s ]
SQL: SELECT * FROM `apps` WHERE ( appswitch=1 AND id=1 ) LIMIT 1   [ RunTime:0.0003s ]
INFO: [ view_parse ] --START--
INFO: [ template_filter ] --START--
INFO: Run Behavior\ContentReplaceBehavior [ RunTime:0.000029s ]
INFO: [ template_filter ] --END-- [ RunTime:0.000087s ]
INFO: Run Behavior\ParseTemplateBehavior [ RunTime:0.004242s ]
INFO: [ view_parse ] --END-- [ RunTime:0.004299s ]
INFO: [ view_filter ] --START--
INFO: Run Behavior\WriteHtmlCacheBehavior [ RunTime:0.000099s ]
INFO: [ view_filter ] --END-- [ RunTime:0.000139s ]
INFO: [ app_end ] --START--
INFO: Run Behavior\ShowPageTraceBehavior [ RunTime:0.000308s ]
INFO: [ app_end ] --END-- [ RunTime:0.000353s ]

[ 2015-08-28T11:37:47+08:00 ] 203.100.95.139 /admin.php?m=admin&c=appmanagement&a=applist
INFO: [ app_init ] --START--
INFO: Run Behavior\BuildLiteBehavior [ RunTime:0.000014s ]
INFO: [ app_init ] --END-- [ RunTime:0.000235s ]
INFO: [ app_begin ] --START--
INFO: Run Behavior\ReadHtmlCacheBehavior [ RunTime:0.000308s ]
INFO: [ app_begin ] --END-- [ RunTime:0.000357s ]
SQL: SHOW COLUMNS FROM `apps` [ RunTime:0.0012s ]
SQL: SELECT * FROM `apps` ORDER BY createtime DESC  [ RunTime:0.0003s ]
INFO: [ view_parse ] --START--
INFO: [ template_filter ] --START--
INFO: Run Behavior\ContentReplaceBehavior [ RunTime:0.000092s ]
INFO: [ template_filter ] --END-- [ RunTime:0.000144s ]
INFO: Run Behavior\ParseTemplateBehavior [ RunTime:0.011637s ]
INFO: [ view_parse ] --END-- [ RunTime:0.011695s ]
INFO: [ view_filter ] --START--
INFO: Run Behavior\WriteHtmlCacheBehavior [ RunTime:0.000100s ]
INFO: [ view_filter ] --END-- [ RunTime:0.000140s ]
INFO: [ app_end ] --START--
INFO: Run Behavior\ShowPageTraceBehavior [ RunTime:0.000352s ]
INFO: [ app_end ] --END-- [ RunTime:0.000427s ]

[ 2015-08-28T11:37:57+08:00 ] 203.100.95.139 /admin.php?m=admin&c=user&a=listuser
INFO: [ app_init ] --START--
INFO: Run Behavior\BuildLiteBehavior [ RunTime:0.000013s ]
INFO: [ app_init ] --END-- [ RunTime:0.000234s ]
INFO: [ app_begin ] --START--
INFO: Run Behavior\ReadHtmlCacheBehavior [ RunTime:0.000314s ]
INFO: [ app_begin ] --END-- [ RunTime:0.000363s ]
SQL: SHOW COLUMNS FROM `category` [ RunTime:0.0011s ]
SQL: SELECT * FROM `category` WHERE ( appid=1 AND pid=0 )  [ RunTime:0.0004s ]
SQL: SHOW COLUMNS FROM `app_user` [ RunTime:0.0008s ]
SQL: SELECT COUNT(*) AS tp_count FROM `app_user` WHERE ( devtype='ios' ) LIMIT 1   [ RunTime:0.0013s ]
SQL: SELECT COUNT(*) AS tp_count FROM `app_user` WHERE ( devtype='android' ) LIMIT 1   [ RunTime:0.0012s ]
SQL: SELECT COUNT(*) AS tp_count FROM `app_user` WHERE ( devtype!='ios' and devtype!='android' or devtype is null ) LIMIT 1   [ RunTime:0.0013s ]
NOTIC: [8] Undefined index: current_time /usr/www/appserver/admin/Home/Controller/UserController.class.php 第 37 行.
NOTIC: [8] Undefined index: old_time /usr/www/appserver/admin/Home/Controller/UserController.class.php 第 38 行.
NOTIC: [8] Undefined index: mobile /usr/www/appserver/admin/Home/Controller/UserController.class.php 第 49 行.
NOTIC: [8] Undefined variable: where /usr/www/appserver/admin/Home/Controller/UserController.class.php 第 57 行.
SQL: SELECT COUNT(*) AS tp_count FROM `app_user` LIMIT 1   [ RunTime:0.0007s ]
NOTIC: [8] Undefined variable: where /usr/www/appserver/admin/Home/Controller/UserController.class.php 第 60 行.
SQL: SELECT * FROM `app_user` ORDER BY id DESC LIMIT 0,30   [ RunTime:0.0004s ]
SQL: UPDATE `app_user` SET `user_location`='上海' WHERE ( id=2806 ) [ RunTime:0.0090s ]
SQL: UPDATE `app_user` SET `user_location`='辽宁' WHERE ( id=2805 ) [ RunTime:0.0047s ]
SQL: UPDATE `app_user` SET `user_location`='山东' WHERE ( id=2804 ) [ RunTime:0.0237s ]
SQL: UPDATE `app_user` SET `user_location`='江西' WHERE ( id=2803 ) [ RunTime:0.0041s ]
SQL: UPDATE `app_user` SET `user_location`='辽宁' WHERE ( id=2802 ) [ RunTime:0.0042s ]
SQL: UPDATE `app_user` SET `user_location`='内蒙古' WHERE ( id=2801 ) [ RunTime:0.0066s ]
SQL: UPDATE `app_user` SET `user_location`='江西' WHERE ( id=2800 ) [ RunTime:0.0046s ]
SQL: UPDATE `app_user` SET `user_location`='天津' WHERE ( id=2799 ) [ RunTime:0.0049s ]
SQL: UPDATE `app_user` SET `user_location`='内蒙古' WHERE ( id=2798 ) [ RunTime:0.0048s ]
SQL: UPDATE `app_user` SET `user_location`='重庆' WHERE ( id=2797 ) [ RunTime:0.0062s ]
SQL: UPDATE `app_user` SET `user_location`='福建' WHERE ( id=2796 ) [ RunTime:0.0050s ]
SQL: UPDATE `app_user` SET `user_location`='福建' WHERE ( id=2795 ) [ RunTime:0.0061s ]
SQL: UPDATE `app_user` SET `user_location`='湖北' WHERE ( id=2794 ) [ RunTime:0.0047s ]
SQL: UPDATE `app_user` SET `user_location`='江苏' WHERE ( id=2793 ) [ RunTime:0.0066s ]
SQL: UPDATE `app_user` SET `user_location`='北京' WHERE ( id=2792 ) [ RunTime:0.0059s ]
SQL: UPDATE `app_user` SET `user_location`='青海' WHERE ( id=2791 ) [ RunTime:0.0072s ]
SQL: UPDATE `app_user` SET `user_location`='安徽' WHERE ( id=2790 ) [ RunTime:0.0056s ]
SQL: UPDATE `app_user` SET `user_location`='辽宁' WHERE ( id=2789 ) [ RunTime:0.0069s ]
SQL: UPDATE `app_user` SET `user_location`='广东' WHERE ( id=2788 ) [ RunTime:0.0051s ]
SQL: UPDATE `app_user` SET `user_location`='山西' WHERE ( id=2787 ) [ RunTime:0.0042s ]
SQL: UPDATE `app_user` SET `user_location`='内蒙古' WHERE ( id=2786 ) [ RunTime:0.0061s ]
SQL: UPDATE `app_user` SET `user_location`='辽宁' WHERE ( id=2785 ) [ RunTime:0.0045s ]
SQL: UPDATE `app_user` SET `user_location`='浙江' WHERE ( id=2784 ) [ RunTime:0.0050s ]
SQL: UPDATE `app_user` SET `user_location`='河南' WHERE ( id=2783 ) [ RunTime:0.0054s ]
SQL: UPDATE `app_user` SET `user_location`='江西' WHERE ( id=2782 ) [ RunTime:0.0067s ]
SQL: UPDATE `app_user` SET `user_location`='北京' WHERE ( id=2781 ) [ RunTime:0.0054s ]
SQL: UPDATE `app_user` SET `user_location`='山东' WHERE ( id=2780 ) [ RunTime:0.0056s ]
SQL: UPDATE `app_user` SET `user_location`='山西' WHERE ( id=2779 ) [ RunTime:0.0042s ]
SQL: UPDATE `app_user` SET `user_location`='浙江' WHERE ( id=2778 ) [ RunTime:0.0066s ]
SQL: UPDATE `app_user` SET `user_location`='四川' WHERE ( id=2777 ) [ RunTime:0.0039s ]
INFO: [ view_parse ] --START--
INFO: [ template_filter ] --START--
INFO: Run Behavior\ContentReplaceBehavior [ RunTime:0.000111s ]
INFO: [ template_filter ] --END-- [ RunTime:0.000164s ]
INFO: Run Behavior\ParseTemplateBehavior [ RunTime:0.013303s ]
INFO: [ view_parse ] --END-- [ RunTime:0.013363s ]
INFO: [ view_filter ] --START--
INFO: Run Behavior\WriteHtmlCacheBehavior [ RunTime:0.000174s ]
INFO: [ view_filter ] --END-- [ RunTime:0.000263s ]
INFO: [ app_end ] --START--
INFO: Run Behavior\ShowPageTraceBehavior [ RunTime:0.000529s ]
INFO: [ app_end ] --END-- [ RunTime:0.000617s ]

[ 2015-08-28T11:38:47+08:00 ] 203.100.95.139 /admin.php?m=Home&c=User&a=listuser&m=admin&p=94
INFO: [ app_init ] --START--
INFO: Run Behavior\BuildLiteBehavior [ RunTime:0.000014s ]
INFO: [ app_init ] --END-- [ RunTime:0.000235s ]
INFO: [ app_begin ] --START--
INFO: Run Behavior\ReadHtmlCacheBehavior [ RunTime:0.000290s ]
INFO: [ app_begin ] --END-- [ RunTime:0.000360s ]
SQL: SHOW COLUMNS FROM `category` [ RunTime:0.0011s ]
SQL: SELECT * FROM `category` WHERE ( appid=1 AND pid=0 )  [ RunTime:0.0004s ]
SQL: SHOW COLUMNS FROM `app_user` [ RunTime:0.0008s ]
SQL: SELECT COUNT(*) AS tp_count FROM `app_user` WHERE ( devtype='ios' ) LIMIT 1   [ RunTime:0.0014s ]
SQL: SELECT COUNT(*) AS tp_count FROM `app_user` WHERE ( devtype='android' ) LIMIT 1   [ RunTime:0.0018s ]
SQL: SELECT COUNT(*) AS tp_count FROM `app_user` WHERE ( devtype!='ios' and devtype!='android' or devtype is null ) LIMIT 1   [ RunTime:0.0014s ]
NOTIC: [8] Undefined index: current_time /usr/www/appserver/admin/Home/Controller/UserController.class.php 第 37 行.
NOTIC: [8] Undefined index: old_time /usr/www/appserver/admin/Home/Controller/UserController.class.php 第 38 行.
NOTIC: [8] Undefined index: mobile /usr/www/appserver/admin/Home/Controller/UserController.class.php 第 49 行.
NOTIC: [8] Undefined variable: where /usr/www/appserver/admin/Home/Controller/UserController.class.php 第 57 行.
SQL: SELECT COUNT(*) AS tp_count FROM `app_user` LIMIT 1   [ RunTime:0.0007s ]
NOTIC: [8] Undefined variable: where /usr/www/appserver/admin/Home/Controller/UserController.class.php 第 60 行.
SQL: SELECT * FROM `app_user` ORDER BY id DESC LIMIT 2790,30   [ RunTime:0.0035s ]
INFO: [ view_parse ] --START--
INFO: [ template_filter ] --START--
INFO: Run Behavior\ContentReplaceBehavior [ RunTime:0.000093s ]
INFO: [ template_filter ] --END-- [ RunTime:0.000147s ]
INFO: Run Behavior\ParseTemplateBehavior [ RunTime:0.012961s ]
INFO: [ view_parse ] --END-- [ RunTime:0.013014s ]
INFO: [ view_filter ] --START--
INFO: Run Behavior\WriteHtmlCacheBehavior [ RunTime:0.000101s ]
INFO: [ view_filter ] --END-- [ RunTime:0.000143s ]
INFO: [ app_end ] --START--
INFO: Run Behavior\ShowPageTraceBehavior [ RunTime:0.000380s ]
INFO: [ app_end ] --END-- [ RunTime:0.000437s ]

[ 2015-08-28T17:14:23+08:00 ] 58.132.173.6 /admin.php
INFO: [ app_init ] --START--
INFO: Run Behavior\BuildLiteBehavior [ RunTime:0.000015s ]
INFO: [ app_init ] --END-- [ RunTime:0.000321s ]
INFO: [ app_begin ] --START--
INFO: Run Behavior\ReadHtmlCacheBehavior [ RunTime:0.000325s ]
INFO: [ app_begin ] --END-- [ RunTime:0.000379s ]
NOTIC: [8] Undefined index: userid /usr/www/appserver/admin/Home/Controller/IndexController.class.php 第 6 行.
INFO: [ view_parse ] --START--
INFO: [ template_filter ] --START--
INFO: Run Behavior\ContentReplaceBehavior [ RunTime:0.000032s ]
INFO: [ template_filter ] --END-- [ RunTime:0.000087s ]
INFO: Run Behavior\ParseTemplateBehavior [ RunTime:0.004840s ]
INFO: [ view_parse ] --END-- [ RunTime:0.004914s ]
INFO: [ view_filter ] --START--
INFO: Run Behavior\WriteHtmlCacheBehavior [ RunTime:0.000138s ]
INFO: [ view_filter ] --END-- [ RunTime:0.000178s ]

[ 2015-08-28T17:14:26+08:00 ] 58.132.173.6 /admin.php?m=admin&c=login
INFO: [ app_init ] --START--
INFO: Run Behavior\BuildLiteBehavior [ RunTime:0.000014s ]
INFO: [ app_init ] --END-- [ RunTime:0.000345s ]
INFO: [ app_begin ] --START--
INFO: Run Behavior\ReadHtmlCacheBehavior [ RunTime:0.000460s ]
INFO: [ app_begin ] --END-- [ RunTime:0.000544s ]
NOTIC: [8] Undefined index: submit /usr/www/appserver/admin/Home/Controller/LoginController.class.php 第 11 行.
INFO: [ view_parse ] --START--
INFO: [ template_filter ] --START--
INFO: Run Behavior\ContentReplaceBehavior [ RunTime:0.000064s ]
INFO: [ template_filter ] --END-- [ RunTime:0.000139s ]
INFO: Run Behavior\ParseTemplateBehavior [ RunTime:0.005888s ]
INFO: [ view_parse ] --END-- [ RunTime:0.005968s ]
INFO: [ view_filter ] --START--
INFO: Run Behavior\WriteHtmlCacheBehavior [ RunTime:0.000108s ]
INFO: [ view_filter ] --END-- [ RunTime:0.000150s ]
INFO: [ app_end ] --START--
INFO: Run Behavior\ShowPageTraceBehavior [ RunTime:0.000344s ]
INFO: [ app_end ] --END-- [ RunTime:0.000387s ]

