[ 2015-07-16T11:15:31+08:00 ] 192.168.0.190 /appserver/api.php?m=api&c=category&a=listcategory&appid=2&pid=22&mobile=18610905643&version=4.3.1&devtype=ios&uuid=01775B6A-D165-4CBE-8690-7FDA7DE875FE
INFO: [ app_init ] --START--
INFO: Run Behavior\BuildLiteBehavior [ RunTime:0.000024s ]
INFO: [ app_init ] --END-- [ RunTime:0.000510s ]
INFO: [ app_begin ] --START--
INFO: Run Behavior\ReadHtmlCacheBehavior [ RunTime:0.000633s ]
INFO: [ app_begin ] --END-- [ RunTime:0.000715s ]
SQL: SHOW COLUMNS FROM `apps` [ RunTime:0.0021s ]
SQL: SELECT * FROM `apps` WHERE ( id=2 ) LIMIT 1   [ RunTime:0.0006s ]
SQL: SHOW COLUMNS FROM `category` [ RunTime:0.0014s ]
NOTIC: [8] Undefined index: leval /usr/www/appserver/api/Home/Controller/CategoryController.class.php 第 30 行.
NOTIC: [2048] Non-static method Home\Controller\ContentController::templatename() should not be called statically, assuming $this from incompatible context /usr/www/appserver/api/Home/Controller/CategoryController.class.php 第 43 行.
SQL: SELECT `template` FROM `category` WHERE ( id=22 ) LIMIT 1   [ RunTime:0.0005s ]
SQL: SELECT * FROM `category` WHERE ( appid=2 and pid=22 ) ORDER BY cate_sort ASC,id asc  [ RunTime:0.0008s ]
NOTIC: [8] Undefined index: leval /usr/www/appserver/api/Home/Controller/CategoryController.class.php 第 50 行.
INFO: [ app_end ] --START--
INFO: Run Behavior\ShowPageTraceBehavior [ RunTime:0.000761s ]
INFO: [ app_end ] --END-- [ RunTime:0.000968s ]

[ 2015-07-16T11:17:42+08:00 ] 192.168.0.190 /appserver/api.php?m=api&c=category&a=listcategory&appid=2&pid=23&mobile=18610905643&version=4.3.1&devtype=ios&uuid=01775B6A-D165-4CBE-8690-7FDA7DE875FE
INFO: [ app_init ] --START--
INFO: Run Behavior\BuildLiteBehavior [ RunTime:0.000029s ]
INFO: [ app_init ] --END-- [ RunTime:0.000613s ]
INFO: [ app_begin ] --START--
INFO: Run Behavior\ReadHtmlCacheBehavior [ RunTime:0.000758s ]
INFO: [ app_begin ] --END-- [ RunTime:0.000857s ]
SQL: SHOW COLUMNS FROM `apps` [ RunTime:0.0021s ]
SQL: SELECT * FROM `apps` WHERE ( id=2 ) LIMIT 1   [ RunTime:0.0007s ]
SQL: SHOW COLUMNS FROM `category` [ RunTime:0.0017s ]
NOTIC: [8] Undefined index: leval /usr/www/appserver/api/Home/Controller/CategoryController.class.php 第 30 行.
NOTIC: [2048] Non-static method Home\Controller\ContentController::templatename() should not be called statically, assuming $this from incompatible context /usr/www/appserver/api/Home/Controller/CategoryController.class.php 第 43 行.
SQL: SELECT `template` FROM `category` WHERE ( id=23 ) LIMIT 1   [ RunTime:0.0006s ]
SQL: SELECT * FROM `category` WHERE ( appid=2 and pid=23 ) ORDER BY cate_sort ASC,id asc  [ RunTime:0.0010s ]
NOTIC: [8] Undefined index: leval /usr/www/appserver/api/Home/Controller/CategoryController.class.php 第 50 行.
INFO: [ app_end ] --START--
INFO: Run Behavior\ShowPageTraceBehavior [ RunTime:0.000851s ]
INFO: [ app_end ] --END-- [ RunTime:0.000941s ]

[ 2015-07-16T11:17:44+08:00 ] 192.168.0.190 /appserver/api.php?appid=2&m=api&c=content&a=listcontent_p2&mobile=18610905643&version=4.3.1&devtype=ios&uuid=01775B6A-D165-4CBE-8690-7FDA7DE875FE&leval=renwu&appid=2&pageindex=0&pagenum=10
INFO: [ app_init ] --START--
INFO: Run Behavior\BuildLiteBehavior [ RunTime:0.000028s ]
INFO: [ app_init ] --END-- [ RunTime:0.000604s ]
INFO: [ app_begin ] --START--
INFO: Run Behavior\ReadHtmlCacheBehavior [ RunTime:0.000753s ]
INFO: [ app_begin ] --END-- [ RunTime:0.000851s ]
SQL: SHOW COLUMNS FROM `apps` [ RunTime:0.0016s ]
SQL: SELECT * FROM `apps` WHERE ( id=2 ) LIMIT 1   [ RunTime:0.0006s ]
NOTIC: [8] Undefined index: pagennum /usr/www/appserver/api/Home/Controller/ContentController.class.php 第 113 行.
SQL: SHOW COLUMNS FROM `category` [ RunTime:0.0014s ]
SQL: SELECT `id`,`template` FROM `category` WHERE ( categoryname_e='renwu' or categoryname='renwu' ) LIMIT 1   [ RunTime:0.0006s ]
SQL: SHOW COLUMNS FROM `part2_3` [ RunTime:0.0016s ]
SQL: SELECT * FROM `part2_3` WHERE (  appid=2 and cateid=61 ) LIMIT 0,10   [ RunTime:0.0007s ]
SQL: SHOW COLUMNS FROM `zdy_content` [ RunTime:0.0014s ]
SQL: SELECT `id` FROM `zdy_content` WHERE ( appid=2 and template='part2_3' and mobile='18610905643' and q_id=2 ) LIMIT 1   [ RunTime:0.0005s ]

[ 2015-07-16T11:17:45+08:00 ] 192.168.0.190 /appserver/api.php?m=api&c=content&a=contentinfo&appid=2&mobile=18610905643&version=4.3.1&devtype=ios&uuid=01775B6A-D165-4CBE-8690-7FDA7DE875FE&id=2
INFO: [ app_init ] --START--
INFO: Run Behavior\BuildLiteBehavior [ RunTime:0.000024s ]
INFO: [ app_init ] --END-- [ RunTime:0.000492s ]
INFO: [ app_begin ] --START--
INFO: Run Behavior\ReadHtmlCacheBehavior [ RunTime:0.000619s ]
INFO: [ app_begin ] --END-- [ RunTime:0.000701s ]
SQL: SHOW COLUMNS FROM `apps` [ RunTime:0.0017s ]
SQL: SELECT * FROM `apps` WHERE ( id=2 ) LIMIT 1   [ RunTime:0.0006s ]
NOTIC: [8] Undefined index: cid /usr/www/appserver/api/Home/Controller/ContentController.class.php 第 155 行.
SQL: SHOW COLUMNS FROM `part2_3` [ RunTime:0.0016s ]
SQL: SELECT * FROM `part2_3` WHERE ( appid=2 and id=2 ) LIMIT 1   [ RunTime:0.0006s ]
SQL: SHOW COLUMNS FROM `zdy_content` [ RunTime:0.0014s ]
SQL: SELECT `id` FROM `zdy_content` WHERE ( appid=2 and template='part2_3' and mobile='18610905643' and q_id=2 ) LIMIT 1   [ RunTime:0.0005s ]

