[ 2015-07-23T10:35:41+08:00 ] 192.168.0.82 /appserver/api.php?m=api&c=category&a=listcategory&appid=2&pid=22&devtype=android&version=1.3.2&uuid=c603a7cc53553d677b8b5470b2572469&mobile=13488883174
INFO: [ app_init ] --START--
INFO: Run Behavior\BuildLiteBehavior [ RunTime:0.000028s ]
INFO: [ app_init ] --END-- [ RunTime:0.000629s ]
INFO: [ app_begin ] --START--
INFO: Run Behavior\ReadHtmlCacheBehavior [ RunTime:0.000902s ]
INFO: [ app_begin ] --END-- [ RunTime:0.001008s ]
SQL: SHOW COLUMNS FROM `apps` [ RunTime:0.0031s ]
SQL: SELECT * FROM `apps` WHERE ( id=2 ) LIMIT 1   [ RunTime:0.0007s ]
SQL: SHOW COLUMNS FROM `category` [ RunTime:0.0017s ]
NOTIC: [8] Undefined index: leval /usr/www/appserver/api/Home/Controller/CategoryController.class.php 第 30 行.
NOTIC: [2048] Non-static method Home\Controller\ContentController::templatename() should not be called statically, assuming $this from incompatible context /usr/www/appserver/api/Home/Controller/CategoryController.class.php 第 43 行.
SQL: SELECT `template` FROM `category` WHERE ( id=22 ) LIMIT 1   [ RunTime:0.0005s ]
SQL: SELECT * FROM `category` WHERE ( appid=2 and pid=22 ) ORDER BY cate_sort ASC,id asc  [ RunTime:0.0009s ]
NOTIC: [8] Undefined index: leval /usr/www/appserver/api/Home/Controller/CategoryController.class.php 第 50 行.
INFO: [ app_end ] --START--
INFO: Run Behavior\ShowPageTraceBehavior [ RunTime:0.000691s ]
INFO: [ app_end ] --END-- [ RunTime:0.000765s ]

[ 2015-07-23T10:36:18+08:00 ] 192.168.0.82 /appserver/api.php?m=api&c=category&a=listcategory&appid=2&devtype=android&version=1.3.2&mobile=13488883174&uuid=c603a7cc53553d677b8b5470b2572469&leval=PersonalInformation-hai
INFO: [ app_init ] --START--
INFO: Run Behavior\BuildLiteBehavior [ RunTime:0.000028s ]
INFO: [ app_init ] --END-- [ RunTime:0.000773s ]
INFO: [ app_begin ] --START--
INFO: Run Behavior\ReadHtmlCacheBehavior [ RunTime:0.000752s ]
INFO: [ app_begin ] --END-- [ RunTime:0.000855s ]
SQL: SHOW COLUMNS FROM `apps` [ RunTime:0.0020s ]
SQL: SELECT * FROM `apps` WHERE ( id=2 ) LIMIT 1   [ RunTime:0.0006s ]
SQL: SHOW COLUMNS FROM `category` [ RunTime:0.0017s ]
SQL: SELECT `id` FROM `category` WHERE ( categoryname_e='PersonalInformation-hai' or categoryname='PersonalInformation-hai' ) LIMIT 1   [ RunTime:0.0006s ]
NOTIC: [2048] Non-static method Home\Controller\ContentController::templatename() should not be called statically, assuming $this from incompatible context /usr/www/appserver/api/Home/Controller/CategoryController.class.php 第 43 行.
SQL: SELECT `template` FROM `category` WHERE ( id=24 ) LIMIT 1   [ RunTime:0.0005s ]
SQL: SELECT * FROM `category` WHERE ( appid=2 and pid=24 ) ORDER BY cate_sort ASC,id asc  [ RunTime:0.0009s ]
INFO: [ app_end ] --START--
INFO: Run Behavior\ShowPageTraceBehavior [ RunTime:0.000701s ]
INFO: [ app_end ] --END-- [ RunTime:0.000783s ]

[ 2015-07-23T10:36:21+08:00 ] 192.168.0.82 /appserver/api.php?c=content&a=listcontent&devtype=android&appid=2&pageindex=0&pagenum=20&version=1.3.2&mobile=13488883174&uuid=c603a7cc53553d677b8b5470b2572469&leval=28
INFO: [ app_init ] --START--
INFO: Run Behavior\BuildLiteBehavior [ RunTime:0.000028s ]
INFO: [ app_init ] --END-- [ RunTime:0.000607s ]
INFO: [ app_begin ] --START--
INFO: Run Behavior\ReadHtmlCacheBehavior [ RunTime:0.000749s ]
INFO: [ app_begin ] --END-- [ RunTime:0.000854s ]
SQL: SHOW COLUMNS FROM `apps` [ RunTime:0.0018s ]
SQL: SELECT * FROM `apps` WHERE ( id=2 ) LIMIT 1   [ RunTime:0.0006s ]
NOTIC: [8] Undefined index: cid /usr/www/appserver/api/Home/Controller/ContentController.class.php 第 62 行.
NOTIC: [8] Undefined index: pagennum /usr/www/appserver/api/Home/Controller/ContentController.class.php 第 63 行.
SQL: SHOW COLUMNS FROM `category` [ RunTime:0.0015s ]
SQL: SELECT `template` FROM `category` WHERE ( id=28 ) LIMIT 1   [ RunTime:0.0005s ]
SQL: SHOW COLUMNS FROM `part1` [ RunTime:0.0017s ]
SQL: SELECT * FROM `part1` WHERE (  appid=2 and cateid=28 ) LIMIT 0,10   [ RunTime:0.0006s ]
SQL: SHOW COLUMNS FROM `zdy_content` [ RunTime:0.0018s ]
SQL: SELECT `id` FROM `zdy_content` WHERE ( appid=2 and template='part1' and mobile=13488883174 and q_id=1 ) LIMIT 1   [ RunTime:0.0007s ]
SQL: SELECT `id` FROM `zdy_content` WHERE ( appid=2 and template='part1' and mobile=13488883174 and q_id=3 ) LIMIT 1   [ RunTime:0.0005s ]
SQL: SELECT `id` FROM `zdy_content` WHERE ( appid=2 and template='part1' and mobile=13488883174 and q_id=4 ) LIMIT 1   [ RunTime:0.0005s ]
SQL: SELECT `id` FROM `zdy_content` WHERE ( appid=2 and template='part1' and mobile=13488883174 and q_id=5 ) LIMIT 1   [ RunTime:0.0005s ]

[ 2015-07-23T10:36:25+08:00 ] 192.168.0.82 /appserver/api.php?c=content&a=listcontent&devtype=android&appid=2&pageindex=0&pagenum=20&version=1.3.2&mobile=13488883174&uuid=c603a7cc53553d677b8b5470b2572469&leval=28
INFO: [ app_init ] --START--
INFO: Run Behavior\BuildLiteBehavior [ RunTime:0.000028s ]
INFO: [ app_init ] --END-- [ RunTime:0.000766s ]
INFO: [ app_begin ] --START--
INFO: Run Behavior\ReadHtmlCacheBehavior [ RunTime:0.000748s ]
INFO: [ app_begin ] --END-- [ RunTime:0.000851s ]
SQL: SHOW COLUMNS FROM `apps` [ RunTime:0.0024s ]
SQL: SELECT * FROM `apps` WHERE ( id=2 ) LIMIT 1   [ RunTime:0.0007s ]
NOTIC: [8] Undefined index: cid /usr/www/appserver/api/Home/Controller/ContentController.class.php 第 62 行.
NOTIC: [8] Undefined index: pagennum /usr/www/appserver/api/Home/Controller/ContentController.class.php 第 63 行.
SQL: SHOW COLUMNS FROM `category` [ RunTime:0.0019s ]
SQL: SELECT `template` FROM `category` WHERE ( id=28 ) LIMIT 1   [ RunTime:0.0006s ]
SQL: SHOW COLUMNS FROM `part1` [ RunTime:0.0018s ]
SQL: SELECT * FROM `part1` WHERE (  appid=2 and cateid=28 ) LIMIT 0,10   [ RunTime:0.0008s ]
SQL: SHOW COLUMNS FROM `zdy_content` [ RunTime:0.0017s ]
SQL: SELECT `id` FROM `zdy_content` WHERE ( appid=2 and template='part1' and mobile=13488883174 and q_id=1 ) LIMIT 1   [ RunTime:0.0007s ]
SQL: SELECT `id` FROM `zdy_content` WHERE ( appid=2 and template='part1' and mobile=13488883174 and q_id=3 ) LIMIT 1   [ RunTime:0.0006s ]
SQL: SELECT `id` FROM `zdy_content` WHERE ( appid=2 and template='part1' and mobile=13488883174 and q_id=4 ) LIMIT 1   [ RunTime:0.0006s ]
SQL: SELECT `id` FROM `zdy_content` WHERE ( appid=2 and template='part1' and mobile=13488883174 and q_id=5 ) LIMIT 1   [ RunTime:0.0006s ]

[ 2015-07-23T10:36:28+08:00 ] 192.168.0.82 /appserver/api.php?appid=2&m=api&c=content&a=zdycontentview&devtype=android&version=1.3.2&mobile=13488883174&uuid=c603a7cc53553d677b8b5470b2572469&yid=1
INFO: [ app_init ] --START--
INFO: Run Behavior\BuildLiteBehavior [ RunTime:0.000024s ]
INFO: [ app_init ] --END-- [ RunTime:0.000501s ]
INFO: [ app_begin ] --START--
INFO: Run Behavior\ReadHtmlCacheBehavior [ RunTime:0.000625s ]
INFO: [ app_begin ] --END-- [ RunTime:0.000713s ]
SQL: SHOW COLUMNS FROM `apps` [ RunTime:0.0018s ]
SQL: SELECT * FROM `apps` WHERE ( id=2 ) LIMIT 1   [ RunTime:0.0006s ]
SQL: SHOW COLUMNS FROM `zdy_content` [ RunTime:0.0014s ]
SQL: SELECT * FROM `zdy_content` WHERE ( mobile=13488883174 and appid=2 and q_id=1 ) LIMIT 1   [ RunTime:0.0006s ]
INFO: [ app_end ] --START--
INFO: Run Behavior\ShowPageTraceBehavior [ RunTime:0.000690s ]
INFO: [ app_end ] --END-- [ RunTime:0.000764s ]

[ 2015-07-23T10:36:45+08:00 ] 192.168.0.82 /appserver/api.php?appid=2&m=api&c=content&a=zdycontent&strflag=1&mobile=13488883174&biaoshi=2&id=1&english=nihao+&chines=nil
INFO: [ app_init ] --START--
INFO: Run Behavior\BuildLiteBehavior [ RunTime:0.000028s ]
INFO: [ app_init ] --END-- [ RunTime:0.000597s ]
INFO: [ app_begin ] --START--
INFO: Run Behavior\ReadHtmlCacheBehavior [ RunTime:0.000750s ]
INFO: [ app_begin ] --END-- [ RunTime:0.000855s ]
SQL: SHOW COLUMNS FROM `apps` [ RunTime:0.0023s ]
SQL: SELECT * FROM `apps` WHERE ( id=2 ) LIMIT 1   [ RunTime:0.0007s ]
SQL: SHOW COLUMNS FROM `zdy_content` [ RunTime:0.0019s ]
SQL: SELECT `id` FROM `zdy_content` WHERE ( q_id=1 and mobile=13488883174 and template='part1' ) LIMIT 1   [ RunTime:0.0009s ]
SQL: INSERT INTO `zdy_content` (`mobile`,`english`,`chines`,`q_id`,`appid`,`template`,`create_time`) VALUES ('13488883174','nihao ','nil','1','2','part1','2015-07-23') [ RunTime:0.0040s ]

[ 2015-07-23T10:36:46+08:00 ] 192.168.0.82 /appserver/api.php?appid=2&m=api&c=content&a=zdycontentview&devtype=android&version=1.3.2&mobile=13488883174&uuid=c603a7cc53553d677b8b5470b2572469&yid=1
INFO: [ app_init ] --START--
INFO: Run Behavior\BuildLiteBehavior [ RunTime:0.000029s ]
INFO: [ app_init ] --END-- [ RunTime:0.000605s ]
INFO: [ app_begin ] --START--
INFO: Run Behavior\ReadHtmlCacheBehavior [ RunTime:0.000623s ]
INFO: [ app_begin ] --END-- [ RunTime:0.000712s ]
SQL: SHOW COLUMNS FROM `apps` [ RunTime:0.0019s ]
SQL: SELECT * FROM `apps` WHERE ( id=2 ) LIMIT 1   [ RunTime:0.0006s ]
SQL: SHOW COLUMNS FROM `zdy_content` [ RunTime:0.0015s ]
SQL: SELECT * FROM `zdy_content` WHERE ( mobile=13488883174 and appid=2 and q_id=1 ) LIMIT 1   [ RunTime:0.0006s ]
INFO: [ app_end ] --START--
INFO: Run Behavior\ShowPageTraceBehavior [ RunTime:0.000706s ]
INFO: [ app_end ] --END-- [ RunTime:0.000781s ]

[ 2015-07-23T10:36:50+08:00 ] 192.168.0.82 /appserver/api.php?c=content&a=listcontent&devtype=android&appid=2&pageindex=0&pagenum=20&version=1.3.2&mobile=13488883174&uuid=c603a7cc53553d677b8b5470b2572469&leval=28
INFO: [ app_init ] --START--
INFO: Run Behavior\BuildLiteBehavior [ RunTime:0.000027s ]
INFO: [ app_init ] --END-- [ RunTime:0.000600s ]
INFO: [ app_begin ] --START--
INFO: Run Behavior\ReadHtmlCacheBehavior [ RunTime:0.000748s ]
INFO: [ app_begin ] --END-- [ RunTime:0.000849s ]
SQL: SHOW COLUMNS FROM `apps` [ RunTime:0.0028s ]
SQL: SELECT * FROM `apps` WHERE ( id=2 ) LIMIT 1   [ RunTime:0.0007s ]
NOTIC: [8] Undefined index: cid /usr/www/appserver/api/Home/Controller/ContentController.class.php 第 62 行.
NOTIC: [8] Undefined index: pagennum /usr/www/appserver/api/Home/Controller/ContentController.class.php 第 63 行.
SQL: SHOW COLUMNS FROM `category` [ RunTime:0.0019s ]
SQL: SELECT `template` FROM `category` WHERE ( id=28 ) LIMIT 1   [ RunTime:0.0006s ]
SQL: SHOW COLUMNS FROM `part1` [ RunTime:0.0019s ]
SQL: SELECT * FROM `part1` WHERE (  appid=2 and cateid=28 ) LIMIT 0,10   [ RunTime:0.0008s ]
SQL: SHOW COLUMNS FROM `zdy_content` [ RunTime:0.0017s ]
SQL: SELECT `id` FROM `zdy_content` WHERE ( appid=2 and template='part1' and mobile=13488883174 and q_id=1 ) LIMIT 1   [ RunTime:0.0006s ]
SQL: SELECT `id` FROM `zdy_content` WHERE ( appid=2 and template='part1' and mobile=13488883174 and q_id=3 ) LIMIT 1   [ RunTime:0.0006s ]
SQL: SELECT `id` FROM `zdy_content` WHERE ( appid=2 and template='part1' and mobile=13488883174 and q_id=4 ) LIMIT 1   [ RunTime:0.0005s ]
SQL: SELECT `id` FROM `zdy_content` WHERE ( appid=2 and template='part1' and mobile=13488883174 and q_id=5 ) LIMIT 1   [ RunTime:0.0007s ]

[ 2015-07-23T10:36:52+08:00 ] 192.168.0.82 /appserver/api.php?appid=2&m=api&c=content&a=zdycontentview&devtype=android&version=1.3.2&mobile=13488883174&uuid=c603a7cc53553d677b8b5470b2572469&yid=1
INFO: [ app_init ] --START--
INFO: Run Behavior\BuildLiteBehavior [ RunTime:0.000029s ]
INFO: [ app_init ] --END-- [ RunTime:0.000602s ]
INFO: [ app_begin ] --START--
INFO: Run Behavior\ReadHtmlCacheBehavior [ RunTime:0.000752s ]
INFO: [ app_begin ] --END-- [ RunTime:0.000856s ]
SQL: SHOW COLUMNS FROM `apps` [ RunTime:0.0019s ]
SQL: SELECT * FROM `apps` WHERE ( id=2 ) LIMIT 1   [ RunTime:0.0006s ]
SQL: SHOW COLUMNS FROM `zdy_content` [ RunTime:0.0020s ]
SQL: SELECT * FROM `zdy_content` WHERE ( mobile=13488883174 and appid=2 and q_id=1 ) LIMIT 1   [ RunTime:0.0007s ]
INFO: [ app_end ] --START--
INFO: Run Behavior\ShowPageTraceBehavior [ RunTime:0.000965s ]
INFO: [ app_end ] --END-- [ RunTime:0.001061s ]

[ 2015-07-23T10:37:37+08:00 ] 192.168.0.82 /appserver/api.php?appid=2&m=api&c=content&a=zdycontentview&devtype=android&version=1.3.2&mobile=13488883174&uuid=c603a7cc53553d677b8b5470b2572469&yid=1
INFO: [ app_init ] --START--
INFO: Run Behavior\BuildLiteBehavior [ RunTime:0.000028s ]
INFO: [ app_init ] --END-- [ RunTime:0.000596s ]
INFO: [ app_begin ] --START--
INFO: Run Behavior\ReadHtmlCacheBehavior [ RunTime:0.000758s ]
INFO: [ app_begin ] --END-- [ RunTime:0.000860s ]
SQL: SHOW COLUMNS FROM `apps` [ RunTime:0.0019s ]
SQL: SELECT * FROM `apps` WHERE ( id=2 ) LIMIT 1   [ RunTime:0.0007s ]
SQL: SHOW COLUMNS FROM `zdy_content` [ RunTime:0.0015s ]
SQL: SELECT * FROM `zdy_content` WHERE ( mobile=13488883174 and appid=2 and q_id=1 ) LIMIT 1   [ RunTime:0.0006s ]
INFO: [ app_end ] --START--
INFO: Run Behavior\ShowPageTraceBehavior [ RunTime:0.000688s ]
INFO: [ app_end ] --END-- [ RunTime:0.000765s ]

[ 2015-07-23T10:37:40+08:00 ] 192.168.0.82 /appserver/api.php?c=content&a=listcontent&devtype=android&appid=2&pageindex=0&pagenum=20&version=1.3.2&mobile=13488883174&uuid=c603a7cc53553d677b8b5470b2572469&leval=28
INFO: [ app_init ] --START--
INFO: Run Behavior\BuildLiteBehavior [ RunTime:0.000029s ]
INFO: [ app_init ] --END-- [ RunTime:0.000600s ]
INFO: [ app_begin ] --START--
INFO: Run Behavior\ReadHtmlCacheBehavior [ RunTime:0.000747s ]
INFO: [ app_begin ] --END-- [ RunTime:0.000850s ]
SQL: SHOW COLUMNS FROM `apps` [ RunTime:0.0022s ]
SQL: SELECT * FROM `apps` WHERE ( id=2 ) LIMIT 1   [ RunTime:0.0007s ]
NOTIC: [8] Undefined index: cid /usr/www/appserver/api/Home/Controller/ContentController.class.php 第 62 行.
NOTIC: [8] Undefined index: pagennum /usr/www/appserver/api/Home/Controller/ContentController.class.php 第 63 行.
SQL: SHOW COLUMNS FROM `category` [ RunTime:0.0019s ]
SQL: SELECT `template` FROM `category` WHERE ( id=28 ) LIMIT 1   [ RunTime:0.0006s ]
SQL: SHOW COLUMNS FROM `part1` [ RunTime:0.0018s ]
SQL: SELECT * FROM `part1` WHERE (  appid=2 and cateid=28 ) LIMIT 0,10   [ RunTime:0.0008s ]
SQL: SHOW COLUMNS FROM `zdy_content` [ RunTime:0.0019s ]
SQL: SELECT `id` FROM `zdy_content` WHERE ( appid=2 and template='part1' and mobile=13488883174 and q_id=1 ) LIMIT 1   [ RunTime:0.0006s ]
SQL: SELECT `id` FROM `zdy_content` WHERE ( appid=2 and template='part1' and mobile=13488883174 and q_id=3 ) LIMIT 1   [ RunTime:0.0006s ]
SQL: SELECT `id` FROM `zdy_content` WHERE ( appid=2 and template='part1' and mobile=13488883174 and q_id=4 ) LIMIT 1   [ RunTime:0.0006s ]
SQL: SELECT `id` FROM `zdy_content` WHERE ( appid=2 and template='part1' and mobile=13488883174 and q_id=5 ) LIMIT 1   [ RunTime:0.0006s ]

[ 2015-07-23T10:37:43+08:00 ] 192.168.0.82 /appserver/api.php?appid=2&m=api&c=content&a=zdycontentview&devtype=android&version=1.3.2&mobile=13488883174&uuid=c603a7cc53553d677b8b5470b2572469&yid=1
INFO: [ app_init ] --START--
INFO: Run Behavior\BuildLiteBehavior [ RunTime:0.000023s ]
INFO: [ app_init ] --END-- [ RunTime:0.000573s ]
INFO: [ app_begin ] --START--
INFO: Run Behavior\ReadHtmlCacheBehavior [ RunTime:0.000612s ]
INFO: [ app_begin ] --END-- [ RunTime:0.000697s ]
SQL: SHOW COLUMNS FROM `apps` [ RunTime:0.0019s ]
SQL: SELECT * FROM `apps` WHERE ( id=2 ) LIMIT 1   [ RunTime:0.0006s ]
SQL: SHOW COLUMNS FROM `zdy_content` [ RunTime:0.0015s ]
SQL: SELECT * FROM `zdy_content` WHERE ( mobile=13488883174 and appid=2 and q_id=1 ) LIMIT 1   [ RunTime:0.0006s ]
INFO: [ app_end ] --START--
INFO: Run Behavior\ShowPageTraceBehavior [ RunTime:0.000796s ]
INFO: [ app_end ] --END-- [ RunTime:0.000875s ]

[ 2015-07-23T10:37:45+08:00 ] 192.168.0.82 /appserver/api.php?c=content&a=listcontent&devtype=android&appid=2&pageindex=0&pagenum=20&version=1.3.2&mobile=13488883174&uuid=c603a7cc53553d677b8b5470b2572469&leval=28
INFO: [ app_init ] --START--
INFO: Run Behavior\BuildLiteBehavior [ RunTime:0.000028s ]
INFO: [ app_init ] --END-- [ RunTime:0.000610s ]
INFO: [ app_begin ] --START--
INFO: Run Behavior\ReadHtmlCacheBehavior [ RunTime:0.000749s ]
INFO: [ app_begin ] --END-- [ RunTime:0.000851s ]
SQL: SHOW COLUMNS FROM `apps` [ RunTime:0.0016s ]
SQL: SELECT * FROM `apps` WHERE ( id=2 ) LIMIT 1   [ RunTime:0.0006s ]
NOTIC: [8] Undefined index: cid /usr/www/appserver/api/Home/Controller/ContentController.class.php 第 62 行.
NOTIC: [8] Undefined index: pagennum /usr/www/appserver/api/Home/Controller/ContentController.class.php 第 63 行.
SQL: SHOW COLUMNS FROM `category` [ RunTime:0.0016s ]
SQL: SELECT `template` FROM `category` WHERE ( id=28 ) LIMIT 1   [ RunTime:0.0005s ]
SQL: SHOW COLUMNS FROM `part1` [ RunTime:0.0015s ]
SQL: SELECT * FROM `part1` WHERE (  appid=2 and cateid=28 ) LIMIT 0,10   [ RunTime:0.0006s ]
SQL: SHOW COLUMNS FROM `zdy_content` [ RunTime:0.0014s ]
SQL: SELECT `id` FROM `zdy_content` WHERE ( appid=2 and template='part1' and mobile=13488883174 and q_id=1 ) LIMIT 1   [ RunTime:0.0005s ]
SQL: SELECT `id` FROM `zdy_content` WHERE ( appid=2 and template='part1' and mobile=13488883174 and q_id=3 ) LIMIT 1   [ RunTime:0.0005s ]
SQL: SELECT `id` FROM `zdy_content` WHERE ( appid=2 and template='part1' and mobile=13488883174 and q_id=4 ) LIMIT 1   [ RunTime:0.0005s ]
SQL: SELECT `id` FROM `zdy_content` WHERE ( appid=2 and template='part1' and mobile=13488883174 and q_id=5 ) LIMIT 1   [ RunTime:0.0005s ]

[ 2015-07-23T10:37:47+08:00 ] 192.168.0.82 /appserver/api.php?c=content&a=listcontent&devtype=android&appid=2&pageindex=0&pagenum=20&version=1.3.2&mobile=13488883174&uuid=c603a7cc53553d677b8b5470b2572469&leval=28
INFO: [ app_init ] --START--
INFO: Run Behavior\BuildLiteBehavior [ RunTime:0.000029s ]
INFO: [ app_init ] --END-- [ RunTime:0.000607s ]
INFO: [ app_begin ] --START--
INFO: Run Behavior\ReadHtmlCacheBehavior [ RunTime:0.000760s ]
INFO: [ app_begin ] --END-- [ RunTime:0.000864s ]
SQL: SHOW COLUMNS FROM `apps` [ RunTime:0.0021s ]
SQL: SELECT * FROM `apps` WHERE ( id=2 ) LIMIT 1   [ RunTime:0.0007s ]
NOTIC: [8] Undefined index: cid /usr/www/appserver/api/Home/Controller/ContentController.class.php 第 62 行.
NOTIC: [8] Undefined index: pagennum /usr/www/appserver/api/Home/Controller/ContentController.class.php 第 63 行.
SQL: SHOW COLUMNS FROM `category` [ RunTime:0.0019s ]
SQL: SELECT `template` FROM `category` WHERE ( id=28 ) LIMIT 1   [ RunTime:0.0006s ]
SQL: SHOW COLUMNS FROM `part1` [ RunTime:0.0019s ]
SQL: SELECT * FROM `part1` WHERE (  appid=2 and cateid=28 ) LIMIT 0,10   [ RunTime:0.0012s ]
SQL: SHOW COLUMNS FROM `zdy_content` [ RunTime:0.0018s ]
SQL: SELECT `id` FROM `zdy_content` WHERE ( appid=2 and template='part1' and mobile=13488883174 and q_id=1 ) LIMIT 1   [ RunTime:0.0007s ]
SQL: SELECT `id` FROM `zdy_content` WHERE ( appid=2 and template='part1' and mobile=13488883174 and q_id=3 ) LIMIT 1   [ RunTime:0.0006s ]
SQL: SELECT `id` FROM `zdy_content` WHERE ( appid=2 and template='part1' and mobile=13488883174 and q_id=4 ) LIMIT 1   [ RunTime:0.0006s ]
SQL: SELECT `id` FROM `zdy_content` WHERE ( appid=2 and template='part1' and mobile=13488883174 and q_id=5 ) LIMIT 1   [ RunTime:0.0006s ]

[ 2015-07-23T10:37:51+08:00 ] 192.168.0.82 /appserver/api.php?c=content&a=listcontent&devtype=android&appid=2&pageindex=0&pagenum=20&version=1.3.2&mobile=13488883174&uuid=c603a7cc53553d677b8b5470b2572469&leval=28
INFO: [ app_init ] --START--
INFO: Run Behavior\BuildLiteBehavior [ RunTime:0.000027s ]
INFO: [ app_init ] --END-- [ RunTime:0.000651s ]
INFO: [ app_begin ] --START--
INFO: Run Behavior\ReadHtmlCacheBehavior [ RunTime:0.000628s ]
INFO: [ app_begin ] --END-- [ RunTime:0.000715s ]
SQL: SHOW COLUMNS FROM `apps` [ RunTime:0.0021s ]
SQL: SELECT * FROM `apps` WHERE ( id=2 ) LIMIT 1   [ RunTime:0.0007s ]
NOTIC: [8] Undefined index: cid /usr/www/appserver/api/Home/Controller/ContentController.class.php 第 62 行.
NOTIC: [8] Undefined index: pagennum /usr/www/appserver/api/Home/Controller/ContentController.class.php 第 63 行.
SQL: SHOW COLUMNS FROM `category` [ RunTime:0.0019s ]
SQL: SELECT `template` FROM `category` WHERE ( id=28 ) LIMIT 1   [ RunTime:0.0006s ]
SQL: SHOW COLUMNS FROM `part1` [ RunTime:0.0018s ]
SQL: SELECT * FROM `part1` WHERE (  appid=2 and cateid=28 ) LIMIT 0,10   [ RunTime:0.0008s ]
SQL: SHOW COLUMNS FROM `zdy_content` [ RunTime:0.0018s ]
SQL: SELECT `id` FROM `zdy_content` WHERE ( appid=2 and template='part1' and mobile=13488883174 and q_id=1 ) LIMIT 1   [ RunTime:0.0006s ]
SQL: SELECT `id` FROM `zdy_content` WHERE ( appid=2 and template='part1' and mobile=13488883174 and q_id=3 ) LIMIT 1   [ RunTime:0.0006s ]
SQL: SELECT `id` FROM `zdy_content` WHERE ( appid=2 and template='part1' and mobile=13488883174 and q_id=4 ) LIMIT 1   [ RunTime:0.0006s ]
SQL: SELECT `id` FROM `zdy_content` WHERE ( appid=2 and template='part1' and mobile=13488883174 and q_id=5 ) LIMIT 1   [ RunTime:0.0006s ]

[ 2015-07-23T10:41:18+08:00 ] 192.168.0.82 /appserver/api.php?m=api&c=category&a=listcategory&appid=2&pid=23&mobile=18610905643&version=4.3.1&devtype=ios&uuid=01775B6A-D165-4CBE-8690-7FDA7DE875FE
INFO: [ app_init ] --START--
INFO: Run Behavior\BuildLiteBehavior [ RunTime:0.000028s ]
INFO: [ app_init ] --END-- [ RunTime:0.000607s ]
INFO: [ app_begin ] --START--
INFO: Run Behavior\ReadHtmlCacheBehavior [ RunTime:0.000758s ]
INFO: [ app_begin ] --END-- [ RunTime:0.000859s ]
SQL: SHOW COLUMNS FROM `apps` [ RunTime:0.0022s ]
SQL: SELECT * FROM `apps` WHERE ( id=2 ) LIMIT 1   [ RunTime:0.0006s ]
SQL: SHOW COLUMNS FROM `category` [ RunTime:0.0016s ]
NOTIC: [8] Undefined index: leval /usr/www/appserver/api/Home/Controller/CategoryController.class.php 第 30 行.
NOTIC: [2048] Non-static method Home\Controller\ContentController::templatename() should not be called statically, assuming $this from incompatible context /usr/www/appserver/api/Home/Controller/CategoryController.class.php 第 43 行.
SQL: SELECT `template` FROM `category` WHERE ( id=23 ) LIMIT 1   [ RunTime:0.0005s ]
SQL: SELECT * FROM `category` WHERE ( appid=2 and pid=23 ) ORDER BY cate_sort ASC,id asc  [ RunTime:0.0008s ]
NOTIC: [8] Undefined index: leval /usr/www/appserver/api/Home/Controller/CategoryController.class.php 第 50 行.
INFO: [ app_end ] --START--
INFO: Run Behavior\ShowPageTraceBehavior [ RunTime:0.000700s ]
INFO: [ app_end ] --END-- [ RunTime:0.000776s ]

[ 2015-07-23T10:46:07+08:00 ] 192.168.0.82 /appserver/api.php?c=content&a=listcontent&devtype=android&appid=2&pageindex=0&pagenum=20&version=1.3.2&mobile=13488883174&uuid=c603a7cc53553d677b8b5470b2572469&leval=28
INFO: [ app_init ] --START--
INFO: Run Behavior\BuildLiteBehavior [ RunTime:0.000024s ]
INFO: [ app_init ] --END-- [ RunTime:0.000498s ]
INFO: [ app_begin ] --START--
INFO: Run Behavior\ReadHtmlCacheBehavior [ RunTime:0.000605s ]
INFO: [ app_begin ] --END-- [ RunTime:0.000692s ]
SQL: SHOW COLUMNS FROM `apps` [ RunTime:0.0019s ]
SQL: SELECT * FROM `apps` WHERE ( id=2 ) LIMIT 1   [ RunTime:0.0006s ]
NOTIC: [8] Undefined index: cid /usr/www/appserver/api/Home/Controller/ContentController.class.php 第 62 行.
NOTIC: [8] Undefined index: pagennum /usr/www/appserver/api/Home/Controller/ContentController.class.php 第 63 行.
SQL: SHOW COLUMNS FROM `category` [ RunTime:0.0016s ]
SQL: SELECT `template` FROM `category` WHERE ( id=28 ) LIMIT 1   [ RunTime:0.0005s ]
SQL: SHOW COLUMNS FROM `part1` [ RunTime:0.0015s ]
SQL: SELECT * FROM `part1` WHERE (  appid=2 and cateid=28 ) LIMIT 0,10   [ RunTime:0.0006s ]
SQL: SHOW COLUMNS FROM `zdy_content` [ RunTime:0.0014s ]
SQL: SELECT `id` FROM `zdy_content` WHERE ( appid=2 and template='part1' and mobile=13488883174 and q_id=1 ) LIMIT 1   [ RunTime:0.0005s ]
SQL: SELECT `id` FROM `zdy_content` WHERE ( appid=2 and template='part1' and mobile=13488883174 and q_id=3 ) LIMIT 1   [ RunTime:0.0005s ]
SQL: SELECT `id` FROM `zdy_content` WHERE ( appid=2 and template='part1' and mobile=13488883174 and q_id=4 ) LIMIT 1   [ RunTime:0.0005s ]
SQL: SELECT `id` FROM `zdy_content` WHERE ( appid=2 and template='part1' and mobile=13488883174 and q_id=5 ) LIMIT 1   [ RunTime:0.0007s ]

[ 2015-07-23T10:46:38+08:00 ] 192.168.0.82 /appserver/api.php?m=api&c=category&a=listcategory&appid=2&pid=22&devtype=android&version=1.3.2&uuid=c603a7cc53553d677b8b5470b2572469&mobile=13488883174
INFO: [ app_init ] --START--
INFO: Run Behavior\BuildLiteBehavior [ RunTime:0.000028s ]
INFO: [ app_init ] --END-- [ RunTime:0.000604s ]
INFO: [ app_begin ] --START--
INFO: Run Behavior\ReadHtmlCacheBehavior [ RunTime:0.000882s ]
INFO: [ app_begin ] --END-- [ RunTime:0.000987s ]
SQL: SHOW COLUMNS FROM `apps` [ RunTime:0.0020s ]
SQL: SELECT * FROM `apps` WHERE ( id=2 ) LIMIT 1   [ RunTime:0.0006s ]
SQL: SHOW COLUMNS FROM `category` [ RunTime:0.0016s ]
NOTIC: [8] Undefined index: leval /usr/www/appserver/api/Home/Controller/CategoryController.class.php 第 30 行.
NOTIC: [2048] Non-static method Home\Controller\ContentController::templatename() should not be called statically, assuming $this from incompatible context /usr/www/appserver/api/Home/Controller/CategoryController.class.php 第 43 行.
SQL: SELECT `template` FROM `category` WHERE ( id=22 ) LIMIT 1   [ RunTime:0.0006s ]
SQL: SELECT * FROM `category` WHERE ( appid=2 and pid=22 ) ORDER BY cate_sort ASC,id asc  [ RunTime:0.0009s ]
NOTIC: [8] Undefined index: leval /usr/www/appserver/api/Home/Controller/CategoryController.class.php 第 50 行.
INFO: [ app_end ] --START--
INFO: Run Behavior\ShowPageTraceBehavior [ RunTime:0.000683s ]
INFO: [ app_end ] --END-- [ RunTime:0.000759s ]

[ 2015-07-23T10:46:39+08:00 ] 192.168.0.82 /appserver/api.php?m=api&c=category&a=listcategory&appid=2&pid=23&devtype=android&version=1.3.2&mobile=13488883174&uuid=352374051309774
INFO: [ app_init ] --START--
INFO: Run Behavior\BuildLiteBehavior [ RunTime:0.000028s ]
INFO: [ app_init ] --END-- [ RunTime:0.000608s ]
INFO: [ app_begin ] --START--
INFO: Run Behavior\ReadHtmlCacheBehavior [ RunTime:0.001107s ]
INFO: [ app_begin ] --END-- [ RunTime:0.001206s ]
SQL: SHOW COLUMNS FROM `apps` [ RunTime:0.0018s ]
SQL: SELECT * FROM `apps` WHERE ( id=2 ) LIMIT 1   [ RunTime:0.0006s ]
SQL: SHOW COLUMNS FROM `category` [ RunTime:0.0016s ]
NOTIC: [8] Undefined index: leval /usr/www/appserver/api/Home/Controller/CategoryController.class.php 第 30 行.
NOTIC: [2048] Non-static method Home\Controller\ContentController::templatename() should not be called statically, assuming $this from incompatible context /usr/www/appserver/api/Home/Controller/CategoryController.class.php 第 43 行.
SQL: SELECT `template` FROM `category` WHERE ( id=23 ) LIMIT 1   [ RunTime:0.0005s ]
SQL: SELECT * FROM `category` WHERE ( appid=2 and pid=23 ) ORDER BY cate_sort ASC,id asc  [ RunTime:0.0008s ]
NOTIC: [8] Undefined index: leval /usr/www/appserver/api/Home/Controller/CategoryController.class.php 第 50 行.
INFO: [ app_end ] --START--
INFO: Run Behavior\ShowPageTraceBehavior [ RunTime:0.000696s ]
INFO: [ app_end ] --END-- [ RunTime:0.000769s ]

[ 2015-07-23T11:00:59+08:00 ] 192.168.0.82 /appserver/api.php?c=content&a=listcontent_p2&mobile=18610905643&version=4.3.1&devtype=ios&uuid=01775B6A-D165-4CBE-8690-7FDA7DE875FE&leval=renwu22&appid=2&pageindex=0&pagenum=10
INFO: [ app_init ] --START--
INFO: Run Behavior\BuildLiteBehavior [ RunTime:0.000024s ]
INFO: [ app_init ] --END-- [ RunTime:0.000519s ]
INFO: [ app_begin ] --START--
INFO: Run Behavior\ReadHtmlCacheBehavior [ RunTime:0.000634s ]
INFO: [ app_begin ] --END-- [ RunTime:0.000717s ]
SQL: SHOW COLUMNS FROM `apps` [ RunTime:0.0022s ]
SQL: SELECT * FROM `apps` WHERE ( id=2 ) LIMIT 1   [ RunTime:0.0006s ]
NOTIC: [8] Undefined index: pagennum /usr/www/appserver/api/Home/Controller/ContentController.class.php 第 113 行.
SQL: SHOW COLUMNS FROM `category` [ RunTime:0.0017s ]
SQL: SELECT `id`,`template` FROM `category` WHERE ( categoryname_e='renwu22' or categoryname='renwu22' ) LIMIT 1   [ RunTime:0.0007s ]

[ 2015-07-23T11:08:02+08:00 ] 192.168.0.82 /appserver/api.php?m=api&c=category&a=listcategory&appid=2&pid=22&devtype=android&version=1.3.2&uuid=c603a7cc53553d677b8b5470b2572469&mobile=13488883174
INFO: [ app_init ] --START--
INFO: Run Behavior\BuildLiteBehavior [ RunTime:0.000029s ]
INFO: [ app_init ] --END-- [ RunTime:0.000638s ]
INFO: [ app_begin ] --START--
INFO: Run Behavior\ReadHtmlCacheBehavior [ RunTime:0.000755s ]
INFO: [ app_begin ] --END-- [ RunTime:0.000860s ]
SQL: SHOW COLUMNS FROM `apps` [ RunTime:0.0027s ]
SQL: SELECT * FROM `apps` WHERE ( id=2 ) LIMIT 1   [ RunTime:0.0006s ]
SQL: SHOW COLUMNS FROM `category` [ RunTime:0.0016s ]
NOTIC: [8] Undefined index: leval /usr/www/appserver/api/Home/Controller/CategoryController.class.php 第 30 行.
NOTIC: [2048] Non-static method Home\Controller\ContentController::templatename() should not be called statically, assuming $this from incompatible context /usr/www/appserver/api/Home/Controller/CategoryController.class.php 第 43 行.
SQL: SELECT `template` FROM `category` WHERE ( id=22 ) LIMIT 1   [ RunTime:0.0005s ]
SQL: SELECT * FROM `category` WHERE ( appid=2 and pid=22 ) ORDER BY cate_sort ASC,id asc  [ RunTime:0.0008s ]
NOTIC: [8] Undefined index: leval /usr/www/appserver/api/Home/Controller/CategoryController.class.php 第 50 行.
INFO: [ app_end ] --START--
INFO: Run Behavior\ShowPageTraceBehavior [ RunTime:0.000718s ]
INFO: [ app_end ] --END-- [ RunTime:0.000802s ]

[ 2015-07-23T11:08:03+08:00 ] 192.168.0.82 /appserver/api.php?m=api&c=category&a=listcategory&appid=2&pid=23&devtype=android&version=1.3.2&mobile=13488883174&uuid=352374051309774
INFO: [ app_init ] --START--
INFO: Run Behavior\BuildLiteBehavior [ RunTime:0.000024s ]
INFO: [ app_init ] --END-- [ RunTime:0.000499s ]
INFO: [ app_begin ] --START--
INFO: Run Behavior\ReadHtmlCacheBehavior [ RunTime:0.000614s ]
INFO: [ app_begin ] --END-- [ RunTime:0.000700s ]
SQL: SHOW COLUMNS FROM `apps` [ RunTime:0.0017s ]
SQL: SELECT * FROM `apps` WHERE ( id=2 ) LIMIT 1   [ RunTime:0.0006s ]
SQL: SHOW COLUMNS FROM `category` [ RunTime:0.0016s ]
NOTIC: [8] Undefined index: leval /usr/www/appserver/api/Home/Controller/CategoryController.class.php 第 30 行.
NOTIC: [2048] Non-static method Home\Controller\ContentController::templatename() should not be called statically, assuming $this from incompatible context /usr/www/appserver/api/Home/Controller/CategoryController.class.php 第 43 行.
SQL: SELECT `template` FROM `category` WHERE ( id=23 ) LIMIT 1   [ RunTime:0.0005s ]
SQL: SELECT * FROM `category` WHERE ( appid=2 and pid=23 ) ORDER BY cate_sort ASC,id asc  [ RunTime:0.0008s ]
NOTIC: [8] Undefined index: leval /usr/www/appserver/api/Home/Controller/CategoryController.class.php 第 50 行.
INFO: [ app_end ] --START--
INFO: Run Behavior\ShowPageTraceBehavior [ RunTime:0.000692s ]
INFO: [ app_end ] --END-- [ RunTime:0.000768s ]

[ 2015-07-23T11:08:09+08:00 ] 192.168.0.82 /appserver/api.php?c=content&a=listcontent_p2&devtype=android&appid=2&pageindex=0&pagenum=20&version=1.3.2&mobile=13488883174&uuid=352374051309774&leval=renwu
INFO: [ app_init ] --START--
INFO: Run Behavior\BuildLiteBehavior [ RunTime:0.000025s ]
INFO: [ app_init ] --END-- [ RunTime:0.000504s ]
INFO: [ app_begin ] --START--
INFO: Run Behavior\ReadHtmlCacheBehavior [ RunTime:0.000620s ]
INFO: [ app_begin ] --END-- [ RunTime:0.000707s ]
SQL: SHOW COLUMNS FROM `apps` [ RunTime:0.0018s ]
SQL: SELECT * FROM `apps` WHERE ( id=2 ) LIMIT 1   [ RunTime:0.0006s ]
NOTIC: [8] Undefined index: pagennum /usr/www/appserver/api/Home/Controller/ContentController.class.php 第 113 行.
SQL: SHOW COLUMNS FROM `category` [ RunTime:0.0016s ]
SQL: SELECT `id`,`template` FROM `category` WHERE ( categoryname_e='renwu' or categoryname='renwu' ) LIMIT 1   [ RunTime:0.0006s ]
SQL: SHOW COLUMNS FROM `part2_3` [ RunTime:0.0310s ]
SQL: SELECT * FROM `part2_3` WHERE (  appid=2 and cateid=61 ) LIMIT 0,10   [ RunTime:0.0007s ]
SQL: SHOW COLUMNS FROM `zdy_content` [ RunTime:0.0015s ]
SQL: SELECT `id` FROM `zdy_content` WHERE ( appid=2 and template='part2_3' and mobile='13488883174' and q_id=2 ) LIMIT 1   [ RunTime:0.0005s ]

[ 2015-07-23T11:08:20+08:00 ] 192.168.0.82 /appserver/api.php?c=content&a=listcontent_p2&devtype=android&appid=2&pageindex=0&pagenum=20&version=1.3.2&mobile=13488883174&uuid=352374051309774&leval=renwu
INFO: [ app_init ] --START--
INFO: Run Behavior\BuildLiteBehavior [ RunTime:0.000028s ]
INFO: [ app_init ] --END-- [ RunTime:0.000599s ]
INFO: [ app_begin ] --START--
INFO: Run Behavior\ReadHtmlCacheBehavior [ RunTime:0.000756s ]
INFO: [ app_begin ] --END-- [ RunTime:0.000862s ]
SQL: SHOW COLUMNS FROM `apps` [ RunTime:0.0023s ]
SQL: SELECT * FROM `apps` WHERE ( id=2 ) LIMIT 1   [ RunTime:0.0007s ]
NOTIC: [8] Undefined index: pagennum /usr/www/appserver/api/Home/Controller/ContentController.class.php 第 113 行.
SQL: SHOW COLUMNS FROM `category` [ RunTime:0.0019s ]
SQL: SELECT `id`,`template` FROM `category` WHERE ( categoryname_e='renwu' or categoryname='renwu' ) LIMIT 1   [ RunTime:0.0007s ]
SQL: SHOW COLUMNS FROM `part2_3` [ RunTime:0.0020s ]
SQL: SELECT * FROM `part2_3` WHERE (  appid=2 and cateid=61 ) LIMIT 0,10   [ RunTime:0.0007s ]
SQL: SHOW COLUMNS FROM `zdy_content` [ RunTime:0.0019s ]
SQL: SELECT `id` FROM `zdy_content` WHERE ( appid=2 and template='part2_3' and mobile='13488883174' and q_id=2 ) LIMIT 1   [ RunTime:0.0006s ]

[ 2015-07-23T11:08:55+08:00 ] 192.168.0.82 /appserver/api.php?c=content&a=listcontent_p2&devtype=android&appid=2&pageindex=0&pagenum=20&version=1.3.2&mobile=13488883174&uuid=352374051309774&leval=renwu
INFO: [ app_init ] --START--
INFO: Run Behavior\BuildLiteBehavior [ RunTime:0.000022s ]
INFO: [ app_init ] --END-- [ RunTime:0.000490s ]
INFO: [ app_begin ] --START--
INFO: Run Behavior\ReadHtmlCacheBehavior [ RunTime:0.000623s ]
INFO: [ app_begin ] --END-- [ RunTime:0.000709s ]
SQL: SHOW COLUMNS FROM `apps` [ RunTime:0.0020s ]
SQL: SELECT * FROM `apps` WHERE ( id=2 ) LIMIT 1   [ RunTime:0.0006s ]
NOTIC: [8] Undefined index: pagennum /usr/www/appserver/api/Home/Controller/ContentController.class.php 第 113 行.
SQL: SHOW COLUMNS FROM `category` [ RunTime:0.0016s ]
SQL: SELECT `id`,`template` FROM `category` WHERE ( categoryname_e='renwu' or categoryname='renwu' ) LIMIT 1   [ RunTime:0.0006s ]
SQL: SHOW COLUMNS FROM `part2_3` [ RunTime:0.0016s ]
SQL: SELECT * FROM `part2_3` WHERE (  appid=2 and cateid=61 ) LIMIT 0,10   [ RunTime:0.0006s ]
SQL: SHOW COLUMNS FROM `zdy_content` [ RunTime:0.0014s ]
SQL: SELECT `id` FROM `zdy_content` WHERE ( appid=2 and template='part2_3' and mobile='13488883174' and q_id=2 ) LIMIT 1   [ RunTime:0.0005s ]

[ 2015-07-23T11:09:00+08:00 ] 192.168.0.82 /appserver/api.php?c=content&a=listcontent_p2&devtype=android&appid=2&pageindex=0&pagenum=20&version=1.3.2&mobile=13488883174&uuid=352374051309774&leval=??
INFO: [ app_init ] --START--
INFO: Run Behavior\BuildLiteBehavior [ RunTime:0.000028s ]
INFO: [ app_init ] --END-- [ RunTime:0.000601s ]
INFO: [ app_begin ] --START--
INFO: Run Behavior\ReadHtmlCacheBehavior [ RunTime:0.000750s ]
INFO: [ app_begin ] --END-- [ RunTime:0.000855s ]
SQL: SHOW COLUMNS FROM `apps` [ RunTime:0.0018s ]
SQL: SELECT * FROM `apps` WHERE ( id=2 ) LIMIT 1   [ RunTime:0.0006s ]
NOTIC: [8] Undefined index: pagennum /usr/www/appserver/api/Home/Controller/ContentController.class.php 第 113 行.
SQL: SHOW COLUMNS FROM `category` [ RunTime:0.0017s ]
SQL: SELECT `id`,`template` FROM `category` WHERE ( categoryname_e='??' or categoryname='??' ) LIMIT 1   [ RunTime:0.0007s ]

[ 2015-07-23T11:09:05+08:00 ] 192.168.0.82 /appserver/api.php?c=content&a=listcontent_p2&devtype=android&appid=2&pageindex=0&pagenum=20&version=1.3.2&mobile=13488883174&uuid=352374051309774&leval=??
INFO: [ app_init ] --START--
INFO: Run Behavior\BuildLiteBehavior [ RunTime:0.000027s ]
INFO: [ app_init ] --END-- [ RunTime:0.000729s ]
INFO: [ app_begin ] --START--
INFO: Run Behavior\ReadHtmlCacheBehavior [ RunTime:0.000635s ]
INFO: [ app_begin ] --END-- [ RunTime:0.000723s ]
SQL: SHOW COLUMNS FROM `apps` [ RunTime:0.0017s ]
SQL: SELECT * FROM `apps` WHERE ( id=2 ) LIMIT 1   [ RunTime:0.0006s ]
NOTIC: [8] Undefined index: pagennum /usr/www/appserver/api/Home/Controller/ContentController.class.php 第 113 行.
SQL: SHOW COLUMNS FROM `category` [ RunTime:0.0015s ]
SQL: SELECT `id`,`template` FROM `category` WHERE ( categoryname_e='??' or categoryname='??' ) LIMIT 1   [ RunTime:0.0007s ]

[ 2015-07-23T11:09:25+08:00 ] 192.168.0.82 /appserver/api.php?c=content&a=listcontent_p2&devtype=android&appid=2&pageindex=0&pagenum=20&version=1.3.2&mobile=13488883174&uuid=352374051309774&leval=renwu
INFO: [ app_init ] --START--
INFO: Run Behavior\BuildLiteBehavior [ RunTime:0.000029s ]
INFO: [ app_init ] --END-- [ RunTime:0.000601s ]
INFO: [ app_begin ] --START--
INFO: Run Behavior\ReadHtmlCacheBehavior [ RunTime:0.000752s ]
INFO: [ app_begin ] --END-- [ RunTime:0.000854s ]
SQL: SHOW COLUMNS FROM `apps` [ RunTime:0.0017s ]
SQL: SELECT * FROM `apps` WHERE ( id=2 ) LIMIT 1   [ RunTime:0.0006s ]
NOTIC: [8] Undefined index: pagennum /usr/www/appserver/api/Home/Controller/ContentController.class.php 第 113 行.
SQL: SHOW COLUMNS FROM `category` [ RunTime:0.0015s ]
SQL: SELECT `id`,`template` FROM `category` WHERE ( categoryname_e='renwu' or categoryname='renwu' ) LIMIT 1   [ RunTime:0.0006s ]
SQL: SHOW COLUMNS FROM `part2_3` [ RunTime:0.0016s ]
SQL: SELECT * FROM `part2_3` WHERE (  appid=2 and cateid=61 ) LIMIT 0,10   [ RunTime:0.0006s ]
SQL: SHOW COLUMNS FROM `zdy_content` [ RunTime:0.0017s ]
SQL: SELECT `id` FROM `zdy_content` WHERE ( appid=2 and template='part2_3' and mobile='13488883174' and q_id=2 ) LIMIT 1   [ RunTime:0.0006s ]

[ 2015-07-23T11:09:49+08:00 ] 192.168.0.82 /appserver/api.php?c=content&a=listcontent_p2&devtype=android&appid=2&pageindex=0&pagenum=20&version=1.3.2&mobile=13488883174&uuid=352374051309774&leval=renwu
INFO: [ app_init ] --START--
INFO: Run Behavior\BuildLiteBehavior [ RunTime:0.000023s ]
INFO: [ app_init ] --END-- [ RunTime:0.000492s ]
INFO: [ app_begin ] --START--
INFO: Run Behavior\ReadHtmlCacheBehavior [ RunTime:0.000630s ]
INFO: [ app_begin ] --END-- [ RunTime:0.000720s ]
SQL: SHOW COLUMNS FROM `apps` [ RunTime:0.0020s ]
SQL: SELECT * FROM `apps` WHERE ( id=2 ) LIMIT 1   [ RunTime:0.0011s ]
NOTIC: [8] Undefined index: pagennum /usr/www/appserver/api/Home/Controller/ContentController.class.php 第 113 行.
SQL: SHOW COLUMNS FROM `category` [ RunTime:0.0016s ]
SQL: SELECT `id`,`template` FROM `category` WHERE ( categoryname_e='renwu' or categoryname='renwu' ) LIMIT 1   [ RunTime:0.0006s ]
SQL: SHOW COLUMNS FROM `part2_3` [ RunTime:0.0016s ]
SQL: SELECT * FROM `part2_3` WHERE (  appid=2 and cateid=61 ) LIMIT 0,10   [ RunTime:0.0006s ]
SQL: SHOW COLUMNS FROM `zdy_content` [ RunTime:0.0015s ]
SQL: SELECT `id` FROM `zdy_content` WHERE ( appid=2 and template='part2_3' and mobile='13488883174' and q_id=2 ) LIMIT 1   [ RunTime:0.0005s ]

[ 2015-07-23T11:10:22+08:00 ] 192.168.0.82 /appserver/api.php?c=content&a=listcontent_p2&devtype=android&appid=2&pageindex=0&pagenum=20&version=1.3.2&mobile=13488883174&uuid=352374051309774&leval=renwu
INFO: [ app_init ] --START--
INFO: Run Behavior\BuildLiteBehavior [ RunTime:0.000028s ]
INFO: [ app_init ] --END-- [ RunTime:0.000610s ]
INFO: [ app_begin ] --START--
INFO: Run Behavior\ReadHtmlCacheBehavior [ RunTime:0.000766s ]
INFO: [ app_begin ] --END-- [ RunTime:0.000866s ]
SQL: SHOW COLUMNS FROM `apps` [ RunTime:0.0023s ]
SQL: SELECT * FROM `apps` WHERE ( id=2 ) LIMIT 1   [ RunTime:0.0006s ]
NOTIC: [8] Undefined index: pagennum /usr/www/appserver/api/Home/Controller/ContentController.class.php 第 113 行.
SQL: SHOW COLUMNS FROM `category` [ RunTime:0.0017s ]
SQL: SELECT `id`,`template` FROM `category` WHERE ( categoryname_e='renwu' or categoryname='renwu' ) LIMIT 1   [ RunTime:0.0006s ]
SQL: SHOW COLUMNS FROM `part2_3` [ RunTime:0.0017s ]
SQL: SELECT * FROM `part2_3` WHERE (  appid=2 and cateid=61 ) LIMIT 0,10   [ RunTime:0.0008s ]
SQL: SHOW COLUMNS FROM `zdy_content` [ RunTime:0.0016s ]
SQL: SELECT `id` FROM `zdy_content` WHERE ( appid=2 and template='part2_3' and mobile='13488883174' and q_id=2 ) LIMIT 1   [ RunTime:0.0006s ]

[ 2015-07-23T11:11:53+08:00 ] 192.168.0.82 /appserver/api.php?c=content&a=listcontent_p2&devtype=android&appid=2&pageindex=0&pagenum=20&version=1.3.2&mobile=13488883174&uuid=352374051309774&leval=renwu
INFO: [ app_init ] --START--
INFO: Run Behavior\BuildLiteBehavior [ RunTime:0.000028s ]
INFO: [ app_init ] --END-- [ RunTime:0.000617s ]
INFO: [ app_begin ] --START--
INFO: Run Behavior\ReadHtmlCacheBehavior [ RunTime:0.000757s ]
INFO: [ app_begin ] --END-- [ RunTime:0.000863s ]
SQL: SHOW COLUMNS FROM `apps` [ RunTime:0.0021s ]
SQL: SELECT * FROM `apps` WHERE ( id=2 ) LIMIT 1   [ RunTime:0.0006s ]
NOTIC: [8] Undefined index: pagennum /usr/www/appserver/api/Home/Controller/ContentController.class.php 第 113 行.
SQL: SHOW COLUMNS FROM `category` [ RunTime:0.0016s ]
SQL: SELECT `id`,`template` FROM `category` WHERE ( categoryname_e='renwu' or categoryname='renwu' ) LIMIT 1   [ RunTime:0.0006s ]
SQL: SHOW COLUMNS FROM `part2_3` [ RunTime:0.0016s ]
SQL: SELECT * FROM `part2_3` WHERE (  appid=2 and cateid=61 ) LIMIT 0,10   [ RunTime:0.0007s ]
SQL: SHOW COLUMNS FROM `zdy_content` [ RunTime:0.0014s ]
SQL: SELECT `id` FROM `zdy_content` WHERE ( appid=2 and template='part2_3' and mobile='13488883174' and q_id=2 ) LIMIT 1   [ RunTime:0.0006s ]

[ 2015-07-23T11:17:08+08:00 ] 192.168.0.82 /appserver/api.php?c=content&a=listcontent_p2&devtype=android&appid=2&pageindex=0&pagenum=20&version=1.3.2&mobile=13488883174&uuid=352374051309774&leval=renwu
INFO: [ app_init ] --START--
INFO: Run Behavior\BuildLiteBehavior [ RunTime:0.000028s ]
INFO: [ app_init ] --END-- [ RunTime:0.000825s ]
INFO: [ app_begin ] --START--
INFO: Run Behavior\ReadHtmlCacheBehavior [ RunTime:0.000624s ]
INFO: [ app_begin ] --END-- [ RunTime:0.000713s ]
SQL: SHOW COLUMNS FROM `apps` [ RunTime:0.0019s ]
SQL: SELECT * FROM `apps` WHERE ( id=2 ) LIMIT 1   [ RunTime:0.0006s ]
NOTIC: [8] Undefined index: pagennum /usr/www/appserver/api/Home/Controller/ContentController.class.php 第 113 行.
SQL: SHOW COLUMNS FROM `category` [ RunTime:0.0016s ]
SQL: SELECT `id`,`template` FROM `category` WHERE ( categoryname_e='renwu' or categoryname='renwu' ) LIMIT 1   [ RunTime:0.0006s ]
SQL: SHOW COLUMNS FROM `part2_3` [ RunTime:0.0016s ]
SQL: SELECT * FROM `part2_3` WHERE (  appid=2 and cateid=61 ) LIMIT 0,10   [ RunTime:0.0006s ]
SQL: SHOW COLUMNS FROM `zdy_content` [ RunTime:0.0014s ]
SQL: SELECT `id` FROM `zdy_content` WHERE ( appid=2 and template='part2_3' and mobile='13488883174' and q_id=2 ) LIMIT 1   [ RunTime:0.0005s ]

[ 2015-07-23T11:17:52+08:00 ] 192.168.0.82 /appserver/api.php?m=api&c=category&a=listcategory&appid=2&pid=22&devtype=android&version=1.3.2&uuid=c603a7cc53553d677b8b5470b2572469&mobile=13488883174
INFO: [ app_init ] --START--
INFO: Run Behavior\BuildLiteBehavior [ RunTime:0.000027s ]
INFO: [ app_init ] --END-- [ RunTime:0.000603s ]
INFO: [ app_begin ] --START--
INFO: Run Behavior\ReadHtmlCacheBehavior [ RunTime:0.000748s ]
INFO: [ app_begin ] --END-- [ RunTime:0.000855s ]
SQL: SHOW COLUMNS FROM `apps` [ RunTime:0.0019s ]
SQL: SELECT * FROM `apps` WHERE ( id=2 ) LIMIT 1   [ RunTime:0.0007s ]
SQL: SHOW COLUMNS FROM `category` [ RunTime:0.0019s ]
NOTIC: [8] Undefined index: leval /usr/www/appserver/api/Home/Controller/CategoryController.class.php 第 30 行.
NOTIC: [2048] Non-static method Home\Controller\ContentController::templatename() should not be called statically, assuming $this from incompatible context /usr/www/appserver/api/Home/Controller/CategoryController.class.php 第 43 行.
SQL: SELECT `template` FROM `category` WHERE ( id=22 ) LIMIT 1   [ RunTime:0.0006s ]
SQL: SELECT * FROM `category` WHERE ( appid=2 and pid=22 ) ORDER BY cate_sort ASC,id asc  [ RunTime:0.0009s ]
NOTIC: [8] Undefined index: leval /usr/www/appserver/api/Home/Controller/CategoryController.class.php 第 50 行.
INFO: [ app_end ] --START--
INFO: Run Behavior\ShowPageTraceBehavior [ RunTime:0.000886s ]
INFO: [ app_end ] --END-- [ RunTime:0.000979s ]

[ 2015-07-23T11:17:52+08:00 ] 192.168.0.82 /appserver/api.php?m=api&c=category&a=listcategory&appid=2&pid=23&devtype=android&version=1.3.2&mobile=13488883174&uuid=352374051309774
INFO: [ app_init ] --START--
INFO: Run Behavior\BuildLiteBehavior [ RunTime:0.000028s ]
INFO: [ app_init ] --END-- [ RunTime:0.000603s ]
INFO: [ app_begin ] --START--
INFO: Run Behavior\ReadHtmlCacheBehavior [ RunTime:0.000753s ]
INFO: [ app_begin ] --END-- [ RunTime:0.000856s ]
SQL: SHOW COLUMNS FROM `apps` [ RunTime:0.0017s ]
SQL: SELECT * FROM `apps` WHERE ( id=2 ) LIMIT 1   [ RunTime:0.0006s ]
SQL: SHOW COLUMNS FROM `category` [ RunTime:0.0016s ]
NOTIC: [8] Undefined index: leval /usr/www/appserver/api/Home/Controller/CategoryController.class.php 第 30 行.
NOTIC: [2048] Non-static method Home\Controller\ContentController::templatename() should not be called statically, assuming $this from incompatible context /usr/www/appserver/api/Home/Controller/CategoryController.class.php 第 43 行.
SQL: SELECT `template` FROM `category` WHERE ( id=23 ) LIMIT 1   [ RunTime:0.0007s ]
SQL: SELECT * FROM `category` WHERE ( appid=2 and pid=23 ) ORDER BY cate_sort ASC,id asc  [ RunTime:0.0008s ]
NOTIC: [8] Undefined index: leval /usr/www/appserver/api/Home/Controller/CategoryController.class.php 第 50 行.
INFO: [ app_end ] --START--
INFO: Run Behavior\ShowPageTraceBehavior [ RunTime:0.000695s ]
INFO: [ app_end ] --END-- [ RunTime:0.000770s ]

[ 2015-07-23T11:17:57+08:00 ] 192.168.0.82 /appserver/api.php?c=content&a=listcontent_p2&devtype=android&appid=2&pageindex=0&pagenum=20&version=1.3.2&mobile=13488883174&uuid=352374051309774&leval=renwu
INFO: [ app_init ] --START--
INFO: Run Behavior\BuildLiteBehavior [ RunTime:0.000028s ]
INFO: [ app_init ] --END-- [ RunTime:0.000599s ]
INFO: [ app_begin ] --START--
INFO: Run Behavior\ReadHtmlCacheBehavior [ RunTime:0.000758s ]
INFO: [ app_begin ] --END-- [ RunTime:0.000863s ]
SQL: SHOW COLUMNS FROM `apps` [ RunTime:0.0021s ]
SQL: SELECT * FROM `apps` WHERE ( id=2 ) LIMIT 1   [ RunTime:0.0006s ]
NOTIC: [8] Undefined index: pagennum /usr/www/appserver/api/Home/Controller/ContentController.class.php 第 113 行.
SQL: SHOW COLUMNS FROM `category` [ RunTime:0.0016s ]
SQL: SELECT `id`,`template` FROM `category` WHERE ( categoryname_e='renwu' or categoryname='renwu' ) LIMIT 1   [ RunTime:0.0006s ]
SQL: SHOW COLUMNS FROM `part2_3` [ RunTime:0.0016s ]
SQL: SELECT * FROM `part2_3` WHERE (  appid=2 and cateid=61 ) LIMIT 0,10   [ RunTime:0.0006s ]
SQL: SHOW COLUMNS FROM `zdy_content` [ RunTime:0.0014s ]
SQL: SELECT `id` FROM `zdy_content` WHERE ( appid=2 and template='part2_3' and mobile='13488883174' and q_id=2 ) LIMIT 1   [ RunTime:0.0005s ]

[ 2015-07-23T11:18:00+08:00 ] 192.168.0.82 /appserver/api.php?m=api&c=content&a=contentinfo&appid=2&devtype=android&version=1.3.2&mobile=13488883174&uuid=352374051309774&id=2
INFO: [ app_init ] --START--
INFO: Run Behavior\BuildLiteBehavior [ RunTime:0.000023s ]
INFO: [ app_init ] --END-- [ RunTime:0.000492s ]
INFO: [ app_begin ] --START--
INFO: Run Behavior\ReadHtmlCacheBehavior [ RunTime:0.000612s ]
INFO: [ app_begin ] --END-- [ RunTime:0.000696s ]
SQL: SHOW COLUMNS FROM `apps` [ RunTime:0.0016s ]
SQL: SELECT * FROM `apps` WHERE ( id=2 ) LIMIT 1   [ RunTime:0.0005s ]
NOTIC: [8] Undefined index: cid /usr/www/appserver/api/Home/Controller/ContentController.class.php 第 155 行.
SQL: SHOW COLUMNS FROM `part2_3` [ RunTime:0.0017s ]
SQL: SELECT * FROM `part2_3` WHERE ( appid=2 and id=2 ) LIMIT 1   [ RunTime:0.0006s ]
SQL: SHOW COLUMNS FROM `zdy_content` [ RunTime:0.0014s ]
SQL: SELECT `id` FROM `zdy_content` WHERE ( appid=2 and template='part2_3' and mobile='13488883174' and q_id=2 ) LIMIT 1   [ RunTime:0.0005s ]

[ 2015-07-23T11:19:03+08:00 ] 192.168.0.82 /appserver/api.php?appid=2&m=api&c=content&a=zdycontentview&devtype=android&version=1.3.2
INFO: [ app_init ] --START--
INFO: Run Behavior\BuildLiteBehavior [ RunTime:0.000029s ]
INFO: [ app_init ] --END-- [ RunTime:0.000604s ]
INFO: [ app_begin ] --START--
INFO: Run Behavior\ReadHtmlCacheBehavior [ RunTime:0.000759s ]
INFO: [ app_begin ] --END-- [ RunTime:0.000864s ]
SQL: SHOW COLUMNS FROM `apps` [ RunTime:0.0017s ]
SQL: SELECT * FROM `apps` WHERE ( id=2 ) LIMIT 1   [ RunTime:0.0006s ]
NOTIC: [8] Undefined index: mobile /usr/www/appserver/api/Home/Controller/ContentController.class.php 第 339 行.
NOTIC: [8] Undefined index: yid /usr/www/appserver/api/Home/Controller/ContentController.class.php 第 340 行.
SQL: SHOW COLUMNS FROM `zdy_content` [ RunTime:0.0015s ]
ERR: SQLSTATE[42000]: Syntax error or access violation: 1064 You have an error in your SQL syntax; check the manual that corresponds to your MySQL server version for the right syntax to use near 'and appid=2 and q_id= ) LIMIT 1' at line 1

[ 2015-07-23T11:23:50+08:00 ] 192.168.0.82 /appserver/api.php?appid=2&m=api&c=content&a=zdycontentview&devtype=android&version=1.3.2
INFO: [ app_init ] --START--
INFO: Run Behavior\BuildLiteBehavior [ RunTime:0.000028s ]
INFO: [ app_init ] --END-- [ RunTime:0.000608s ]
INFO: [ app_begin ] --START--
INFO: Run Behavior\ReadHtmlCacheBehavior [ RunTime:0.000752s ]
INFO: [ app_begin ] --END-- [ RunTime:0.000854s ]
SQL: SHOW COLUMNS FROM `apps` [ RunTime:0.0022s ]
SQL: SELECT * FROM `apps` WHERE ( id=2 ) LIMIT 1   [ RunTime:0.0006s ]
NOTIC: [8] Undefined index: mobile /usr/www/appserver/api/Home/Controller/ContentController.class.php 第 339 行.
NOTIC: [8] Undefined index: yid /usr/www/appserver/api/Home/Controller/ContentController.class.php 第 340 行.
SQL: SHOW COLUMNS FROM `zdy_content` [ RunTime:0.0015s ]
ERR: SQLSTATE[42000]: Syntax error or access violation: 1064 You have an error in your SQL syntax; check the manual that corresponds to your MySQL server version for the right syntax to use near 'and appid=2 and q_id= ) LIMIT 1' at line 1

[ 2015-07-23T11:43:48+08:00 ] 192.168.0.82 /appserver/api.php?m=api&c=category&a=listcategory&appid=2&pid=22&devtype=android&version=1.3.2&uuid=c603a7cc53553d677b8b5470b2572469&mobile=13488883174
INFO: [ app_init ] --START--
INFO: Run Behavior\BuildLiteBehavior [ RunTime:0.000024s ]
INFO: [ app_init ] --END-- [ RunTime:0.000499s ]
INFO: [ app_begin ] --START--
INFO: Run Behavior\ReadHtmlCacheBehavior [ RunTime:0.000735s ]
INFO: [ app_begin ] --END-- [ RunTime:0.000836s ]
SQL: SHOW COLUMNS FROM `apps` [ RunTime:0.0025s ]
SQL: SELECT * FROM `apps` WHERE ( id=2 ) LIMIT 1   [ RunTime:0.0007s ]
SQL: SHOW COLUMNS FROM `category` [ RunTime:0.0019s ]
NOTIC: [8] Undefined index: leval /usr/www/appserver/api/Home/Controller/CategoryController.class.php 第 30 行.
NOTIC: [2048] Non-static method Home\Controller\ContentController::templatename() should not be called statically, assuming $this from incompatible context /usr/www/appserver/api/Home/Controller/CategoryController.class.php 第 43 行.
SQL: SELECT `template` FROM `category` WHERE ( id=22 ) LIMIT 1   [ RunTime:0.0006s ]
SQL: SELECT * FROM `category` WHERE ( appid=2 and pid=22 ) ORDER BY cate_sort ASC,id asc  [ RunTime:0.0009s ]
NOTIC: [8] Undefined index: leval /usr/www/appserver/api/Home/Controller/CategoryController.class.php 第 50 行.
INFO: [ app_end ] --START--
INFO: Run Behavior\ShowPageTraceBehavior [ RunTime:0.000838s ]
INFO: [ app_end ] --END-- [ RunTime:0.000927s ]

[ 2015-07-23T11:43:48+08:00 ] 192.168.0.82 /appserver/api.php?m=api&c=category&a=listcategory&appid=2&pid=23&devtype=android&version=1.3.2&mobile=13488883174&uuid=352374051309774
INFO: [ app_init ] --START--
INFO: Run Behavior\BuildLiteBehavior [ RunTime:0.000023s ]
INFO: [ app_init ] --END-- [ RunTime:0.000503s ]
INFO: [ app_begin ] --START--
INFO: Run Behavior\ReadHtmlCacheBehavior [ RunTime:0.000622s ]
INFO: [ app_begin ] --END-- [ RunTime:0.000708s ]
SQL: SHOW COLUMNS FROM `apps` [ RunTime:0.0017s ]
SQL: SELECT * FROM `apps` WHERE ( id=2 ) LIMIT 1   [ RunTime:0.0006s ]
SQL: SHOW COLUMNS FROM `category` [ RunTime:0.0016s ]
NOTIC: [8] Undefined index: leval /usr/www/appserver/api/Home/Controller/CategoryController.class.php 第 30 行.
NOTIC: [2048] Non-static method Home\Controller\ContentController::templatename() should not be called statically, assuming $this from incompatible context /usr/www/appserver/api/Home/Controller/CategoryController.class.php 第 43 行.
SQL: SELECT `template` FROM `category` WHERE ( id=23 ) LIMIT 1   [ RunTime:0.0005s ]
SQL: SELECT * FROM `category` WHERE ( appid=2 and pid=23 ) ORDER BY cate_sort ASC,id asc  [ RunTime:0.0008s ]
NOTIC: [8] Undefined index: leval /usr/www/appserver/api/Home/Controller/CategoryController.class.php 第 50 行.
INFO: [ app_end ] --START--
INFO: Run Behavior\ShowPageTraceBehavior [ RunTime:0.000704s ]
INFO: [ app_end ] --END-- [ RunTime:0.000780s ]

[ 2015-07-23T11:44:00+08:00 ] 192.168.0.82 /appserver/api.php?c=content&a=listcontent_p2&devtype=android&appid=2&pageindex=0&pagenum=20&version=1.3.2&mobile=13488883174&uuid=352374051309774&leval=renwu
INFO: [ app_init ] --START--
INFO: Run Behavior\BuildLiteBehavior [ RunTime:0.000028s ]
INFO: [ app_init ] --END-- [ RunTime:0.000610s ]
INFO: [ app_begin ] --START--
INFO: Run Behavior\ReadHtmlCacheBehavior [ RunTime:0.000751s ]
INFO: [ app_begin ] --END-- [ RunTime:0.000857s ]
SQL: SHOW COLUMNS FROM `apps` [ RunTime:0.0017s ]
SQL: SELECT * FROM `apps` WHERE ( id=2 ) LIMIT 1   [ RunTime:0.0006s ]
NOTIC: [8] Undefined index: pagennum /usr/www/appserver/api/Home/Controller/ContentController.class.php 第 113 行.
SQL: SHOW COLUMNS FROM `category` [ RunTime:0.0017s ]
SQL: SELECT `id`,`template` FROM `category` WHERE ( categoryname_e='renwu' or categoryname='renwu' ) LIMIT 1   [ RunTime:0.0006s ]
SQL: SHOW COLUMNS FROM `part2_3` [ RunTime:0.0017s ]
SQL: SELECT * FROM `part2_3` WHERE (  appid=2 and cateid=61 ) LIMIT 0,10   [ RunTime:0.0006s ]
SQL: SHOW COLUMNS FROM `zdy_content` [ RunTime:0.0015s ]
SQL: SELECT `id` FROM `zdy_content` WHERE ( appid=2 and template='part2_3' and mobile='13488883174' and q_id=2 ) LIMIT 1   [ RunTime:0.0005s ]

[ 2015-07-23T11:44:03+08:00 ] 192.168.0.82 /appserver/api.php?m=api&c=content&a=contentinfo&appid=2&devtype=android&version=1.3.2&mobile=13488883174&uuid=352374051309774&id=2
INFO: [ app_init ] --START--
INFO: Run Behavior\BuildLiteBehavior [ RunTime:0.000022s ]
INFO: [ app_init ] --END-- [ RunTime:0.000484s ]
INFO: [ app_begin ] --START--
INFO: Run Behavior\ReadHtmlCacheBehavior [ RunTime:0.000614s ]
INFO: [ app_begin ] --END-- [ RunTime:0.000701s ]
SQL: SHOW COLUMNS FROM `apps` [ RunTime:0.0018s ]
SQL: SELECT * FROM `apps` WHERE ( id=2 ) LIMIT 1   [ RunTime:0.0006s ]
NOTIC: [8] Undefined index: cid /usr/www/appserver/api/Home/Controller/ContentController.class.php 第 155 行.
SQL: SHOW COLUMNS FROM `part2_3` [ RunTime:0.0016s ]
SQL: SELECT * FROM `part2_3` WHERE ( appid=2 and id=2 ) LIMIT 1   [ RunTime:0.0006s ]
SQL: SHOW COLUMNS FROM `zdy_content` [ RunTime:0.0014s ]
SQL: SELECT `id` FROM `zdy_content` WHERE ( appid=2 and template='part2_3' and mobile='13488883174' and q_id=2 ) LIMIT 1   [ RunTime:0.0005s ]

[ 2015-07-23T11:44:06+08:00 ] 192.168.0.82 /appserver/api.php?appid=2&m=api&c=content&a=zdycontentview&devtype=android&version=1.3.2&mobile=13488883174&uuid=c603a7cc53553d677b8b5470b2572469&yid=2
INFO: [ app_init ] --START--
INFO: Run Behavior\BuildLiteBehavior [ RunTime:0.000030s ]
INFO: [ app_init ] --END-- [ RunTime:0.000722s ]
INFO: [ app_begin ] --START--
INFO: Run Behavior\ReadHtmlCacheBehavior [ RunTime:0.000763s ]
INFO: [ app_begin ] --END-- [ RunTime:0.000869s ]
SQL: SHOW COLUMNS FROM `apps` [ RunTime:0.0022s ]
SQL: SELECT * FROM `apps` WHERE ( id=2 ) LIMIT 1   [ RunTime:0.0006s ]
SQL: SHOW COLUMNS FROM `zdy_content` [ RunTime:0.0018s ]
SQL: SELECT * FROM `zdy_content` WHERE ( mobile=13488883174 and appid=2 and q_id=2 ) LIMIT 1   [ RunTime:0.0007s ]
INFO: [ app_end ] --START--
INFO: Run Behavior\ShowPageTraceBehavior [ RunTime:0.000933s ]
INFO: [ app_end ] --END-- [ RunTime:0.001026s ]

[ 2015-07-23T11:44:26+08:00 ] 192.168.0.82 /appserver/api.php?appid=2&m=api&c=content&a=zdycontent&strflag=2&mobile=13488883174&biaoshi=2&id=2&english=%E9%98%BF%E9%87%91&chines=nil
INFO: [ app_init ] --START--
INFO: Run Behavior\BuildLiteBehavior [ RunTime:0.000024s ]
INFO: [ app_init ] --END-- [ RunTime:0.000492s ]
INFO: [ app_begin ] --START--
INFO: Run Behavior\ReadHtmlCacheBehavior [ RunTime:0.000666s ]
INFO: [ app_begin ] --END-- [ RunTime:0.000767s ]
SQL: SHOW COLUMNS FROM `apps` [ RunTime:0.0021s ]
SQL: SELECT * FROM `apps` WHERE ( id=2 ) LIMIT 1   [ RunTime:0.0006s ]
SQL: SHOW COLUMNS FROM `zdy_content` [ RunTime:0.0017s ]
SQL: SELECT `id` FROM `zdy_content` WHERE ( q_id=2 and mobile=13488883174 and template='part2_3' ) LIMIT 1   [ RunTime:0.0006s ]
SQL: INSERT INTO `zdy_content` (`mobile`,`english`,`chines`,`q_id`,`appid`,`template`,`create_time`) VALUES ('13488883174','阿金','nil','2','2','part2_3','2015-07-23') [ RunTime:0.0024s ]

[ 2015-07-23T11:44:27+08:00 ] 192.168.0.82 /appserver/api.php?appid=2&m=api&c=content&a=zdycontentview&devtype=android&version=1.3.2&mobile=13488883174&uuid=c603a7cc53553d677b8b5470b2572469&yid=2
INFO: [ app_init ] --START--
INFO: Run Behavior\BuildLiteBehavior [ RunTime:0.000027s ]
INFO: [ app_init ] --END-- [ RunTime:0.000593s ]
INFO: [ app_begin ] --START--
INFO: Run Behavior\ReadHtmlCacheBehavior [ RunTime:0.000750s ]
INFO: [ app_begin ] --END-- [ RunTime:0.000853s ]
SQL: SHOW COLUMNS FROM `apps` [ RunTime:0.0019s ]
SQL: SELECT * FROM `apps` WHERE ( id=2 ) LIMIT 1   [ RunTime:0.0007s ]
SQL: SHOW COLUMNS FROM `zdy_content` [ RunTime:0.0016s ]
SQL: SELECT * FROM `zdy_content` WHERE ( mobile=13488883174 and appid=2 and q_id=2 ) LIMIT 1   [ RunTime:0.0007s ]
INFO: [ app_end ] --START--
INFO: Run Behavior\ShowPageTraceBehavior [ RunTime:0.000818s ]
INFO: [ app_end ] --END-- [ RunTime:0.000901s ]

[ 2015-07-23T11:45:39+08:00 ] 192.168.0.82 /appserver/api.php?c=content&a=listcontent_p2&devtype=android&appid=2&pageindex=0&pagenum=20&version=1.3.2&mobile=13488883174&uuid=352374051309774&leval=renwu
INFO: [ app_init ] --START--
INFO: Run Behavior\BuildLiteBehavior [ RunTime:0.000024s ]
INFO: [ app_init ] --END-- [ RunTime:0.000494s ]
INFO: [ app_begin ] --START--
INFO: Run Behavior\ReadHtmlCacheBehavior [ RunTime:0.000615s ]
INFO: [ app_begin ] --END-- [ RunTime:0.000703s ]
SQL: SHOW COLUMNS FROM `apps` [ RunTime:0.0019s ]
SQL: SELECT * FROM `apps` WHERE ( id=2 ) LIMIT 1   [ RunTime:0.0006s ]
NOTIC: [8] Undefined index: pagennum /usr/www/appserver/api/Home/Controller/ContentController.class.php 第 113 行.
SQL: SHOW COLUMNS FROM `category` [ RunTime:0.0016s ]
SQL: SELECT `id`,`template` FROM `category` WHERE ( categoryname_e='renwu' or categoryname='renwu' ) LIMIT 1   [ RunTime:0.0006s ]
SQL: SHOW COLUMNS FROM `part2_3` [ RunTime:0.0017s ]
SQL: SELECT * FROM `part2_3` WHERE (  appid=2 and cateid=61 ) LIMIT 0,10   [ RunTime:0.0006s ]
SQL: SHOW COLUMNS FROM `zdy_content` [ RunTime:0.0014s ]
SQL: SELECT `id` FROM `zdy_content` WHERE ( appid=2 and template='part2_3' and mobile='13488883174' and q_id=2 ) LIMIT 1   [ RunTime:0.0005s ]

[ 2015-07-23T11:45:42+08:00 ] 192.168.0.82 /appserver/api.php?m=api&c=content&a=contentinfo&appid=2&devtype=android&version=1.3.2&mobile=13488883174&uuid=352374051309774&id=2
INFO: [ app_init ] --START--
INFO: Run Behavior\BuildLiteBehavior [ RunTime:0.000023s ]
INFO: [ app_init ] --END-- [ RunTime:0.000492s ]
INFO: [ app_begin ] --START--
INFO: Run Behavior\ReadHtmlCacheBehavior [ RunTime:0.000607s ]
INFO: [ app_begin ] --END-- [ RunTime:0.000693s ]
SQL: SHOW COLUMNS FROM `apps` [ RunTime:0.0017s ]
SQL: SELECT * FROM `apps` WHERE ( id=2 ) LIMIT 1   [ RunTime:0.0008s ]
NOTIC: [8] Undefined index: cid /usr/www/appserver/api/Home/Controller/ContentController.class.php 第 155 行.
SQL: SHOW COLUMNS FROM `part2_3` [ RunTime:0.0017s ]
SQL: SELECT * FROM `part2_3` WHERE ( appid=2 and id=2 ) LIMIT 1   [ RunTime:0.0006s ]
SQL: SHOW COLUMNS FROM `zdy_content` [ RunTime:0.0014s ]
SQL: SELECT `id` FROM `zdy_content` WHERE ( appid=2 and template='part2_3' and mobile='13488883174' and q_id=2 ) LIMIT 1   [ RunTime:0.0005s ]

[ 2015-07-23T11:45:44+08:00 ] 192.168.0.82 /appserver/api.php?appid=2&m=api&c=content&a=zdycontentview&devtype=android&version=1.3.2&mobile=13488883174&uuid=c603a7cc53553d677b8b5470b2572469&yid=2
INFO: [ app_init ] --START--
INFO: Run Behavior\BuildLiteBehavior [ RunTime:0.000027s ]
INFO: [ app_init ] --END-- [ RunTime:0.000595s ]
INFO: [ app_begin ] --START--
INFO: Run Behavior\ReadHtmlCacheBehavior [ RunTime:0.000744s ]
INFO: [ app_begin ] --END-- [ RunTime:0.000848s ]
SQL: SHOW COLUMNS FROM `apps` [ RunTime:0.0018s ]
SQL: SELECT * FROM `apps` WHERE ( id=2 ) LIMIT 1   [ RunTime:0.0006s ]
SQL: SHOW COLUMNS FROM `zdy_content` [ RunTime:0.0015s ]
SQL: SELECT * FROM `zdy_content` WHERE ( mobile=13488883174 and appid=2 and q_id=2 ) LIMIT 1   [ RunTime:0.0006s ]
INFO: [ app_end ] --START--
INFO: Run Behavior\ShowPageTraceBehavior [ RunTime:0.000759s ]
INFO: [ app_end ] --END-- [ RunTime:0.000835s ]

[ 2015-07-23T11:45:57+08:00 ] 192.168.0.82 /appserver/api.php?appid=2&m=api&c=content&a=zdycontent&strflag=2&mobile=13488883174&biaoshi=2&id=2&english=%E9%98%BF%E9%87%91%E6%88%91&chines=nil
INFO: [ app_init ] --START--
INFO: Run Behavior\BuildLiteBehavior [ RunTime:0.000024s ]
INFO: [ app_init ] --END-- [ RunTime:0.000501s ]
INFO: [ app_begin ] --START--
INFO: Run Behavior\ReadHtmlCacheBehavior [ RunTime:0.000611s ]
INFO: [ app_begin ] --END-- [ RunTime:0.000698s ]
SQL: SHOW COLUMNS FROM `apps` [ RunTime:0.0017s ]
SQL: SELECT * FROM `apps` WHERE ( id=2 ) LIMIT 1   [ RunTime:0.0006s ]
SQL: SHOW COLUMNS FROM `zdy_content` [ RunTime:0.0015s ]
SQL: SELECT `id` FROM `zdy_content` WHERE ( q_id=2 and mobile=13488883174 and template='part2_3' ) LIMIT 1   [ RunTime:0.0006s ]
SQL: UPDATE `zdy_content` SET `mobile`='13488883174',`english`='阿金我',`chines`='nil',`q_id`='2',`appid`='2',`template`='part2_3',`update_time`='2015-07-23' WHERE ( id=11 ) [ RunTime:0.0029s ]

[ 2015-07-23T11:45:58+08:00 ] 192.168.0.82 /appserver/api.php?appid=2&m=api&c=content&a=zdycontentview&devtype=android&version=1.3.2&mobile=13488883174&uuid=c603a7cc53553d677b8b5470b2572469&yid=2
INFO: [ app_init ] --START--
INFO: Run Behavior\BuildLiteBehavior [ RunTime:0.000024s ]
INFO: [ app_init ] --END-- [ RunTime:0.000591s ]
INFO: [ app_begin ] --START--
INFO: Run Behavior\ReadHtmlCacheBehavior [ RunTime:0.000614s ]
INFO: [ app_begin ] --END-- [ RunTime:0.000701s ]
SQL: SHOW COLUMNS FROM `apps` [ RunTime:0.0018s ]
SQL: SELECT * FROM `apps` WHERE ( id=2 ) LIMIT 1   [ RunTime:0.0006s ]
SQL: SHOW COLUMNS FROM `zdy_content` [ RunTime:0.0015s ]
SQL: SELECT * FROM `zdy_content` WHERE ( mobile=13488883174 and appid=2 and q_id=2 ) LIMIT 1   [ RunTime:0.0006s ]
INFO: [ app_end ] --START--
INFO: Run Behavior\ShowPageTraceBehavior [ RunTime:0.000784s ]
INFO: [ app_end ] --END-- [ RunTime:0.000862s ]

[ 2015-07-23T11:46:03+08:00 ] 192.168.0.82 /appserver/api.php?c=content&a=listcontent_p2&devtype=android&appid=2&pageindex=0&pagenum=20&version=1.3.2&mobile=13488883174&uuid=352374051309774&leval=renwu
INFO: [ app_init ] --START--
INFO: Run Behavior\BuildLiteBehavior [ RunTime:0.000028s ]
INFO: [ app_init ] --END-- [ RunTime:0.000608s ]
INFO: [ app_begin ] --START--
INFO: Run Behavior\ReadHtmlCacheBehavior [ RunTime:0.000759s ]
INFO: [ app_begin ] --END-- [ RunTime:0.000865s ]
SQL: SHOW COLUMNS FROM `apps` [ RunTime:0.0021s ]
SQL: SELECT * FROM `apps` WHERE ( id=2 ) LIMIT 1   [ RunTime:0.0007s ]
NOTIC: [8] Undefined index: pagennum /usr/www/appserver/api/Home/Controller/ContentController.class.php 第 113 行.
SQL: SHOW COLUMNS FROM `category` [ RunTime:0.0019s ]
SQL: SELECT `id`,`template` FROM `category` WHERE ( categoryname_e='renwu' or categoryname='renwu' ) LIMIT 1   [ RunTime:0.0007s ]
SQL: SHOW COLUMNS FROM `part2_3` [ RunTime:0.0020s ]
SQL: SELECT * FROM `part2_3` WHERE (  appid=2 and cateid=61 ) LIMIT 0,10   [ RunTime:0.0007s ]
SQL: SHOW COLUMNS FROM `zdy_content` [ RunTime:0.0017s ]
SQL: SELECT `id` FROM `zdy_content` WHERE ( appid=2 and template='part2_3' and mobile='13488883174' and q_id=2 ) LIMIT 1   [ RunTime:0.0006s ]

[ 2015-07-23T11:46:04+08:00 ] 192.168.0.82 /appserver/api.php?m=api&c=content&a=contentinfo&appid=2&devtype=android&version=1.3.2&mobile=13488883174&uuid=352374051309774&id=2
INFO: [ app_init ] --START--
INFO: Run Behavior\BuildLiteBehavior [ RunTime:0.000024s ]
INFO: [ app_init ] --END-- [ RunTime:0.000520s ]
INFO: [ app_begin ] --START--
INFO: Run Behavior\ReadHtmlCacheBehavior [ RunTime:0.000617s ]
INFO: [ app_begin ] --END-- [ RunTime:0.000701s ]
SQL: SHOW COLUMNS FROM `apps` [ RunTime:0.0019s ]
SQL: SELECT * FROM `apps` WHERE ( id=2 ) LIMIT 1   [ RunTime:0.0006s ]
NOTIC: [8] Undefined index: cid /usr/www/appserver/api/Home/Controller/ContentController.class.php 第 155 行.
SQL: SHOW COLUMNS FROM `part2_3` [ RunTime:0.0016s ]
SQL: SELECT * FROM `part2_3` WHERE ( appid=2 and id=2 ) LIMIT 1   [ RunTime:0.0006s ]
SQL: SHOW COLUMNS FROM `zdy_content` [ RunTime:0.0017s ]
SQL: SELECT `id` FROM `zdy_content` WHERE ( appid=2 and template='part2_3' and mobile='13488883174' and q_id=2 ) LIMIT 1   [ RunTime:0.0006s ]

[ 2015-07-23T11:46:07+08:00 ] 192.168.0.82 /appserver/api.php?appid=2&m=api&c=content&a=zdycontentview&devtype=android&version=1.3.2&mobile=13488883174&uuid=c603a7cc53553d677b8b5470b2572469&yid=2
INFO: [ app_init ] --START--
INFO: Run Behavior\BuildLiteBehavior [ RunTime:0.000024s ]
INFO: [ app_init ] --END-- [ RunTime:0.000508s ]
INFO: [ app_begin ] --START--
INFO: Run Behavior\ReadHtmlCacheBehavior [ RunTime:0.000623s ]
INFO: [ app_begin ] --END-- [ RunTime:0.000711s ]
SQL: SHOW COLUMNS FROM `apps` [ RunTime:0.0019s ]
SQL: SELECT * FROM `apps` WHERE ( id=2 ) LIMIT 1   [ RunTime:0.0006s ]
SQL: SHOW COLUMNS FROM `zdy_content` [ RunTime:0.0015s ]
SQL: SELECT * FROM `zdy_content` WHERE ( mobile=13488883174 and appid=2 and q_id=2 ) LIMIT 1   [ RunTime:0.0006s ]
INFO: [ app_end ] --START--
INFO: Run Behavior\ShowPageTraceBehavior [ RunTime:0.000774s ]
INFO: [ app_end ] --END-- [ RunTime:0.000852s ]

[ 2015-07-23T11:46:10+08:00 ] 192.168.0.82 /appserver/api.php?appid=2&m=api&c=content&a=zdycontent&strflag=2&mobile=13488883174&biaoshi=3&id=2
INFO: [ app_init ] --START--
INFO: Run Behavior\BuildLiteBehavior [ RunTime:0.000028s ]
INFO: [ app_init ] --END-- [ RunTime:0.000607s ]
INFO: [ app_begin ] --START--
INFO: Run Behavior\ReadHtmlCacheBehavior [ RunTime:0.000748s ]
INFO: [ app_begin ] --END-- [ RunTime:0.000850s ]
SQL: SHOW COLUMNS FROM `apps` [ RunTime:0.0017s ]
SQL: SELECT * FROM `apps` WHERE ( id=2 ) LIMIT 1   [ RunTime:0.0006s ]
NOTIC: [8] Undefined index: english /usr/www/appserver/api/Home/Controller/ContentController.class.php 第 265 行.
NOTIC: [8] Undefined index: chines /usr/www/appserver/api/Home/Controller/ContentController.class.php 第 266 行.
SQL: SHOW COLUMNS FROM `zdy_content` [ RunTime:0.0015s ]
SQL: DELETE FROM `zdy_content` WHERE ( q_id=2 and mobile=13488883174 and template='part2_3' ) [ RunTime:0.0026s ]

[ 2015-07-23T11:46:11+08:00 ] 192.168.0.82 /appserver/api.php?appid=2&m=api&c=content&a=zdycontentview&devtype=android&version=1.3.2&mobile=13488883174&uuid=c603a7cc53553d677b8b5470b2572469&yid=2
INFO: [ app_init ] --START--
INFO: Run Behavior\BuildLiteBehavior [ RunTime:0.000028s ]
INFO: [ app_init ] --END-- [ RunTime:0.000599s ]
INFO: [ app_begin ] --START--
INFO: Run Behavior\ReadHtmlCacheBehavior [ RunTime:0.000749s ]
INFO: [ app_begin ] --END-- [ RunTime:0.000852s ]
SQL: SHOW COLUMNS FROM `apps` [ RunTime:0.0022s ]
SQL: SELECT * FROM `apps` WHERE ( id=2 ) LIMIT 1   [ RunTime:0.0007s ]
SQL: SHOW COLUMNS FROM `zdy_content` [ RunTime:0.0018s ]
SQL: SELECT * FROM `zdy_content` WHERE ( mobile=13488883174 and appid=2 and q_id=2 ) LIMIT 1   [ RunTime:0.0007s ]
INFO: [ app_end ] --START--
INFO: Run Behavior\ShowPageTraceBehavior [ RunTime:0.000861s ]
INFO: [ app_end ] --END-- [ RunTime:0.000952s ]

[ 2015-07-23T11:46:14+08:00 ] 192.168.0.82 /appserver/api.php?c=content&a=listcontent_p2&devtype=android&appid=2&pageindex=0&pagenum=20&version=1.3.2&mobile=13488883174&uuid=352374051309774&leval=renwu
INFO: [ app_init ] --START--
INFO: Run Behavior\BuildLiteBehavior [ RunTime:0.000024s ]
INFO: [ app_init ] --END-- [ RunTime:0.000497s ]
INFO: [ app_begin ] --START--
INFO: Run Behavior\ReadHtmlCacheBehavior [ RunTime:0.000618s ]
INFO: [ app_begin ] --END-- [ RunTime:0.000706s ]
SQL: SHOW COLUMNS FROM `apps` [ RunTime:0.0019s ]
SQL: SELECT * FROM `apps` WHERE ( id=2 ) LIMIT 1   [ RunTime:0.0006s ]
NOTIC: [8] Undefined index: pagennum /usr/www/appserver/api/Home/Controller/ContentController.class.php 第 113 行.
SQL: SHOW COLUMNS FROM `category` [ RunTime:0.0015s ]
SQL: SELECT `id`,`template` FROM `category` WHERE ( categoryname_e='renwu' or categoryname='renwu' ) LIMIT 1   [ RunTime:0.0006s ]
SQL: SHOW COLUMNS FROM `part2_3` [ RunTime:0.0016s ]
SQL: SELECT * FROM `part2_3` WHERE (  appid=2 and cateid=61 ) LIMIT 0,10   [ RunTime:0.0006s ]
SQL: SHOW COLUMNS FROM `zdy_content` [ RunTime:0.0014s ]
SQL: SELECT `id` FROM `zdy_content` WHERE ( appid=2 and template='part2_3' and mobile='13488883174' and q_id=2 ) LIMIT 1   [ RunTime:0.0005s ]

[ 2015-07-23T11:57:08+08:00 ] 192.168.0.82 /appserver/api.php?m=api&c=category&a=listcategory&appid=2&pid=22&devtype=android&version=1.3.2&uuid=c603a7cc53553d677b8b5470b2572469&mobile=13488883174
INFO: [ app_init ] --START--
INFO: Run Behavior\BuildLiteBehavior [ RunTime:0.000028s ]
INFO: [ app_init ] --END-- [ RunTime:0.000604s ]
INFO: [ app_begin ] --START--
INFO: Run Behavior\ReadHtmlCacheBehavior [ RunTime:0.000749s ]
INFO: [ app_begin ] --END-- [ RunTime:0.000854s ]
SQL: SHOW COLUMNS FROM `apps` [ RunTime:0.0025s ]
SQL: SELECT * FROM `apps` WHERE ( id=2 ) LIMIT 1   [ RunTime:0.0007s ]
SQL: SHOW COLUMNS FROM `category` [ RunTime:0.0021s ]
NOTIC: [8] Undefined index: leval /usr/www/appserver/api/Home/Controller/CategoryController.class.php 第 30 行.
NOTIC: [2048] Non-static method Home\Controller\ContentController::templatename() should not be called statically, assuming $this from incompatible context /usr/www/appserver/api/Home/Controller/CategoryController.class.php 第 43 行.
SQL: SELECT `template` FROM `category` WHERE ( id=22 ) LIMIT 1   [ RunTime:0.0006s ]
SQL: SELECT * FROM `category` WHERE ( appid=2 and pid=22 ) ORDER BY cate_sort ASC,id asc  [ RunTime:0.0009s ]
NOTIC: [8] Undefined index: leval /usr/www/appserver/api/Home/Controller/CategoryController.class.php 第 50 行.
INFO: [ app_end ] --START--
INFO: Run Behavior\ShowPageTraceBehavior [ RunTime:0.000907s ]
INFO: [ app_end ] --END-- [ RunTime:0.001007s ]

[ 2015-07-23T11:57:09+08:00 ] 192.168.0.82 /appserver/api.php?m=api&c=category&a=listcategory&appid=2&pid=23&devtype=android&version=1.3.2&mobile=13488883174&uuid=352374051309774
INFO: [ app_init ] --START--
INFO: Run Behavior\BuildLiteBehavior [ RunTime:0.000028s ]
INFO: [ app_init ] --END-- [ RunTime:0.000604s ]
INFO: [ app_begin ] --START--
INFO: Run Behavior\ReadHtmlCacheBehavior [ RunTime:0.000739s ]
INFO: [ app_begin ] --END-- [ RunTime:0.000844s ]
SQL: SHOW COLUMNS FROM `apps` [ RunTime:0.0018s ]
SQL: SELECT * FROM `apps` WHERE ( id=2 ) LIMIT 1   [ RunTime:0.0006s ]
SQL: SHOW COLUMNS FROM `category` [ RunTime:0.0016s ]
NOTIC: [8] Undefined index: leval /usr/www/appserver/api/Home/Controller/CategoryController.class.php 第 30 行.
NOTIC: [2048] Non-static method Home\Controller\ContentController::templatename() should not be called statically, assuming $this from incompatible context /usr/www/appserver/api/Home/Controller/CategoryController.class.php 第 43 行.
SQL: SELECT `template` FROM `category` WHERE ( id=23 ) LIMIT 1   [ RunTime:0.0005s ]
SQL: SELECT * FROM `category` WHERE ( appid=2 and pid=23 ) ORDER BY cate_sort ASC,id asc  [ RunTime:0.0008s ]
NOTIC: [8] Undefined index: leval /usr/www/appserver/api/Home/Controller/CategoryController.class.php 第 50 行.
INFO: [ app_end ] --START--
INFO: Run Behavior\ShowPageTraceBehavior [ RunTime:0.000708s ]
INFO: [ app_end ] --END-- [ RunTime:0.000782s ]

[ 2015-07-23T13:35:48+08:00 ] 192.168.0.82 /appserver/api.php?m=api&c=category&a=listcategory&appid=2&devtype=android&version=1.3.2&mobile=13488883174&uuid=c603a7cc53553d677b8b5470b2572469&leval=PersonalInformation-hai
INFO: [ app_init ] --START--
INFO: Run Behavior\BuildLiteBehavior [ RunTime:0.000024s ]
INFO: [ app_init ] --END-- [ RunTime:0.000521s ]
INFO: [ app_begin ] --START--
INFO: Run Behavior\ReadHtmlCacheBehavior [ RunTime:0.000629s ]
INFO: [ app_begin ] --END-- [ RunTime:0.000716s ]
SQL: SHOW COLUMNS FROM `apps` [ RunTime:0.0022s ]
SQL: SELECT * FROM `apps` WHERE ( id=2 ) LIMIT 1   [ RunTime:0.0006s ]
SQL: SHOW COLUMNS FROM `category` [ RunTime:0.0016s ]
SQL: SELECT `id` FROM `category` WHERE ( categoryname_e='PersonalInformation-hai' or categoryname='PersonalInformation-hai' ) LIMIT 1   [ RunTime:0.0006s ]
NOTIC: [2048] Non-static method Home\Controller\ContentController::templatename() should not be called statically, assuming $this from incompatible context /usr/www/appserver/api/Home/Controller/CategoryController.class.php 第 43 行.
SQL: SELECT `template` FROM `category` WHERE ( id=24 ) LIMIT 1   [ RunTime:0.0005s ]
SQL: SELECT * FROM `category` WHERE ( appid=2 and pid=24 ) ORDER BY cate_sort ASC,id asc  [ RunTime:0.0008s ]
INFO: [ app_end ] --START--
INFO: Run Behavior\ShowPageTraceBehavior [ RunTime:0.000723s ]
INFO: [ app_end ] --END-- [ RunTime:0.000812s ]

[ 2015-07-23T13:36:05+08:00 ] 192.168.0.82 /appserver/api.php?c=content&a=listcontent&devtype=android&appid=2&pageindex=0&pagenum=20&version=1.3.2&mobile=13488883174&uuid=c603a7cc53553d677b8b5470b2572469&leval=31
INFO: [ app_init ] --START--
INFO: Run Behavior\BuildLiteBehavior [ RunTime:0.000024s ]
INFO: [ app_init ] --END-- [ RunTime:0.000506s ]
INFO: [ app_begin ] --START--
INFO: Run Behavior\ReadHtmlCacheBehavior [ RunTime:0.000614s ]
INFO: [ app_begin ] --END-- [ RunTime:0.000700s ]
SQL: SHOW COLUMNS FROM `apps` [ RunTime:0.0019s ]
SQL: SELECT * FROM `apps` WHERE ( id=2 ) LIMIT 1   [ RunTime:0.0006s ]
NOTIC: [8] Undefined index: cid /usr/www/appserver/api/Home/Controller/ContentController.class.php 第 62 行.
NOTIC: [8] Undefined index: pagennum /usr/www/appserver/api/Home/Controller/ContentController.class.php 第 63 行.
SQL: SHOW COLUMNS FROM `category` [ RunTime:0.0016s ]
SQL: SELECT `template` FROM `category` WHERE ( id=31 ) LIMIT 1   [ RunTime:0.0005s ]
SQL: SHOW COLUMNS FROM `html5` [ RunTime:0.0234s ]
SQL: SELECT * FROM `html5` WHERE (  appid=2 and cateid=31 ) LIMIT 0,10   [ RunTime:0.0006s ]
SQL: SHOW COLUMNS FROM `zdy_content` [ RunTime:0.0015s ]
NOTIC: [8] Undefined index: chinese /usr/www/appserver/api/Home/Controller/ContentController.class.php 第 84 行.
NOTIC: [8] Undefined index: answers /usr/www/appserver/api/Home/Controller/ContentController.class.php 第 85 行.
NOTIC: [8] Undefined index: problem /usr/www/appserver/api/Home/Controller/ContentController.class.php 第 86 行.
SQL: SELECT `id` FROM `zdy_content` WHERE ( appid=2 and template='part1' and mobile=13488883174 and q_id=1 ) LIMIT 1   [ RunTime:0.0006s ]

[ 2015-07-23T13:36:13+08:00 ] 192.168.0.82 /appserver/api.php?c=content&a=listcontent&devtype=android&appid=2&pageindex=0&pagenum=20&version=1.3.2&mobile=13488883174&uuid=c603a7cc53553d677b8b5470b2572469&leval=31
INFO: [ app_init ] --START--
INFO: Run Behavior\BuildLiteBehavior [ RunTime:0.000028s ]
INFO: [ app_init ] --END-- [ RunTime:0.000610s ]
INFO: [ app_begin ] --START--
INFO: Run Behavior\ReadHtmlCacheBehavior [ RunTime:0.000747s ]
INFO: [ app_begin ] --END-- [ RunTime:0.000851s ]
SQL: SHOW COLUMNS FROM `apps` [ RunTime:0.0022s ]
SQL: SELECT * FROM `apps` WHERE ( id=2 ) LIMIT 1   [ RunTime:0.0007s ]
NOTIC: [8] Undefined index: cid /usr/www/appserver/api/Home/Controller/ContentController.class.php 第 62 行.
NOTIC: [8] Undefined index: pagennum /usr/www/appserver/api/Home/Controller/ContentController.class.php 第 63 行.
SQL: SHOW COLUMNS FROM `category` [ RunTime:0.0020s ]
SQL: SELECT `template` FROM `category` WHERE ( id=31 ) LIMIT 1   [ RunTime:0.0006s ]
SQL: SHOW COLUMNS FROM `html5` [ RunTime:0.0021s ]
SQL: SELECT * FROM `html5` WHERE (  appid=2 and cateid=31 ) LIMIT 0,10   [ RunTime:0.0007s ]
SQL: SHOW COLUMNS FROM `zdy_content` [ RunTime:0.0019s ]
NOTIC: [8] Undefined index: chinese /usr/www/appserver/api/Home/Controller/ContentController.class.php 第 84 行.
NOTIC: [8] Undefined index: answers /usr/www/appserver/api/Home/Controller/ContentController.class.php 第 85 行.
NOTIC: [8] Undefined index: problem /usr/www/appserver/api/Home/Controller/ContentController.class.php 第 86 行.
SQL: SELECT `id` FROM `zdy_content` WHERE ( appid=2 and template='part1' and mobile=13488883174 and q_id=1 ) LIMIT 1   [ RunTime:0.0006s ]

[ 2015-07-23T13:36:17+08:00 ] 192.168.0.82 /appserver/api.php?c=content&a=listcontent&devtype=android&appid=2&pageindex=0&pagenum=20&version=1.3.2&mobile=13488883174&uuid=c603a7cc53553d677b8b5470b2572469&leval=28
INFO: [ app_init ] --START--
INFO: Run Behavior\BuildLiteBehavior [ RunTime:0.000024s ]
INFO: [ app_init ] --END-- [ RunTime:0.000501s ]
INFO: [ app_begin ] --START--
INFO: Run Behavior\ReadHtmlCacheBehavior [ RunTime:0.000618s ]
INFO: [ app_begin ] --END-- [ RunTime:0.000702s ]
SQL: SHOW COLUMNS FROM `apps` [ RunTime:0.0019s ]
SQL: SELECT * FROM `apps` WHERE ( id=2 ) LIMIT 1   [ RunTime:0.0006s ]
NOTIC: [8] Undefined index: cid /usr/www/appserver/api/Home/Controller/ContentController.class.php 第 62 行.
NOTIC: [8] Undefined index: pagennum /usr/www/appserver/api/Home/Controller/ContentController.class.php 第 63 行.
SQL: SHOW COLUMNS FROM `category` [ RunTime:0.0016s ]
SQL: SELECT `template` FROM `category` WHERE ( id=28 ) LIMIT 1   [ RunTime:0.0005s ]
SQL: SHOW COLUMNS FROM `part1` [ RunTime:0.0016s ]
SQL: SELECT * FROM `part1` WHERE (  appid=2 and cateid=28 ) LIMIT 0,10   [ RunTime:0.0006s ]
SQL: SHOW COLUMNS FROM `zdy_content` [ RunTime:0.0016s ]
SQL: SELECT `id` FROM `zdy_content` WHERE ( appid=2 and template='part1' and mobile=13488883174 and q_id=1 ) LIMIT 1   [ RunTime:0.0005s ]
SQL: SELECT `id` FROM `zdy_content` WHERE ( appid=2 and template='part1' and mobile=13488883174 and q_id=3 ) LIMIT 1   [ RunTime:0.0005s ]
SQL: SELECT `id` FROM `zdy_content` WHERE ( appid=2 and template='part1' and mobile=13488883174 and q_id=4 ) LIMIT 1   [ RunTime:0.0005s ]
SQL: SELECT `id` FROM `zdy_content` WHERE ( appid=2 and template='part1' and mobile=13488883174 and q_id=5 ) LIMIT 1   [ RunTime:0.0005s ]

[ 2015-07-23T13:36:21+08:00 ] 192.168.0.82 /appserver/api.php?c=content&a=listcontent&devtype=android&appid=2&pageindex=0&pagenum=20&version=1.3.2&mobile=13488883174&uuid=c603a7cc53553d677b8b5470b2572469&leval=28
INFO: [ app_init ] --START--
INFO: Run Behavior\BuildLiteBehavior [ RunTime:0.000029s ]
INFO: [ app_init ] --END-- [ RunTime:0.000610s ]
INFO: [ app_begin ] --START--
INFO: Run Behavior\ReadHtmlCacheBehavior [ RunTime:0.000750s ]
INFO: [ app_begin ] --END-- [ RunTime:0.000852s ]
SQL: SHOW COLUMNS FROM `apps` [ RunTime:0.0022s ]
SQL: SELECT * FROM `apps` WHERE ( id=2 ) LIMIT 1   [ RunTime:0.0007s ]
NOTIC: [8] Undefined index: cid /usr/www/appserver/api/Home/Controller/ContentController.class.php 第 62 行.
NOTIC: [8] Undefined index: pagennum /usr/www/appserver/api/Home/Controller/ContentController.class.php 第 63 行.
SQL: SHOW COLUMNS FROM `category` [ RunTime:0.0020s ]
SQL: SELECT `template` FROM `category` WHERE ( id=28 ) LIMIT 1   [ RunTime:0.0006s ]
SQL: SHOW COLUMNS FROM `part1` [ RunTime:0.0020s ]
SQL: SELECT * FROM `part1` WHERE (  appid=2 and cateid=28 ) LIMIT 0,10   [ RunTime:0.0008s ]
SQL: SHOW COLUMNS FROM `zdy_content` [ RunTime:0.0021s ]
SQL: SELECT `id` FROM `zdy_content` WHERE ( appid=2 and template='part1' and mobile=13488883174 and q_id=1 ) LIMIT 1   [ RunTime:0.0006s ]
SQL: SELECT `id` FROM `zdy_content` WHERE ( appid=2 and template='part1' and mobile=13488883174 and q_id=3 ) LIMIT 1   [ RunTime:0.0006s ]
SQL: SELECT `id` FROM `zdy_content` WHERE ( appid=2 and template='part1' and mobile=13488883174 and q_id=4 ) LIMIT 1   [ RunTime:0.0006s ]
SQL: SELECT `id` FROM `zdy_content` WHERE ( appid=2 and template='part1' and mobile=13488883174 and q_id=5 ) LIMIT 1   [ RunTime:0.0006s ]

[ 2015-07-23T13:43:26+08:00 ] 192.168.0.82 /appserver/api.php?m=api&c=category&a=listcategory&appid=2&devtype=android&version=1.3.2&mobile=13488883174&uuid=c603a7cc53553d677b8b5470b2572469&leval=PersonalInformation-hai
INFO: [ app_init ] --START--
INFO: Run Behavior\BuildLiteBehavior [ RunTime:0.000029s ]
INFO: [ app_init ] --END-- [ RunTime:0.001419s ]
INFO: [ app_begin ] --START--
INFO: Run Behavior\ReadHtmlCacheBehavior [ RunTime:0.002385s ]
INFO: [ app_begin ] --END-- [ RunTime:0.002760s ]
SQL: SHOW COLUMNS FROM `apps` [ RunTime:0.0028s ]
SQL: SELECT * FROM `apps` WHERE ( id=2 ) LIMIT 1   [ RunTime:0.0007s ]
SQL: SHOW COLUMNS FROM `category` [ RunTime:0.0020s ]
SQL: SELECT `id` FROM `category` WHERE ( categoryname_e='PersonalInformation-hai' or categoryname='PersonalInformation-hai' ) LIMIT 1   [ RunTime:0.0007s ]
NOTIC: [2048] Non-static method Home\Controller\ContentController::templatename() should not be called statically, assuming $this from incompatible context /usr/www/appserver/api/Home/Controller/CategoryController.class.php 第 43 行.
SQL: SELECT `template` FROM `category` WHERE ( id=24 ) LIMIT 1   [ RunTime:0.0006s ]
SQL: SELECT * FROM `category` WHERE ( appid=2 and pid=24 ) ORDER BY cate_sort ASC,id asc  [ RunTime:0.0009s ]
INFO: [ app_end ] --START--
INFO: Run Behavior\ShowPageTraceBehavior [ RunTime:0.000847s ]
INFO: [ app_end ] --END-- [ RunTime:0.000939s ]

[ 2015-07-23T15:57:35+08:00 ] 192.168.0.82 /appserver/api.php?m=api&c=category&a=listcategory&appid=2&devtype=android&version=1.3.2&mobile=13488883174&uuid=c603a7cc53553d677b8b5470b2572469&leval=????
INFO: [ app_init ] --START--
INFO: Run Behavior\BuildLiteBehavior [ RunTime:0.000030s ]
INFO: [ app_init ] --END-- [ RunTime:0.000649s ]
INFO: [ app_begin ] --START--
INFO: Run Behavior\ReadHtmlCacheBehavior [ RunTime:0.000703s ]
INFO: [ app_begin ] --END-- [ RunTime:0.000801s ]
SQL: SHOW COLUMNS FROM `apps` [ RunTime:0.0028s ]
SQL: SELECT * FROM `apps` WHERE ( id=2 ) LIMIT 1   [ RunTime:0.0008s ]
SQL: SHOW COLUMNS FROM `category` [ RunTime:0.0017s ]
SQL: SELECT `id` FROM `category` WHERE ( categoryname_e='????' or categoryname='????' ) LIMIT 1   [ RunTime:0.0008s ]
NOTIC: [2048] Non-static method Home\Controller\ContentController::templatename() should not be called statically, assuming $this from incompatible context /usr/www/appserver/api/Home/Controller/CategoryController.class.php 第 43 行.
ERR: SQLSTATE[42000]: Syntax error or access violation: 1064 You have an error in your SQL syntax; check the manual that corresponds to your MySQL server version for the right syntax to use near ') LIMIT 1' at line 1

[ 2015-07-23T15:58:33+08:00 ] 192.168.0.82 /appserver/api.php?m=api&c=category&a=listcategory&appid=2&devtype=android&version=1.3.2&mobile=13488883174&uuid=c603a7cc53553d677b8b5470b2572469&leval=PersonalInformation-hai
INFO: [ app_init ] --START--
INFO: Run Behavior\BuildLiteBehavior [ RunTime:0.000027s ]
INFO: [ app_init ] --END-- [ RunTime:0.000722s ]
INFO: [ app_begin ] --START--
INFO: Run Behavior\ReadHtmlCacheBehavior [ RunTime:0.000788s ]
INFO: [ app_begin ] --END-- [ RunTime:0.000910s ]
SQL: SHOW COLUMNS FROM `apps` [ RunTime:0.0027s ]
SQL: SELECT * FROM `apps` WHERE ( id=2 ) LIMIT 1   [ RunTime:0.0008s ]
SQL: SHOW COLUMNS FROM `category` [ RunTime:0.0021s ]
SQL: SELECT `id` FROM `category` WHERE ( categoryname_e='PersonalInformation-hai' or categoryname='PersonalInformation-hai' ) LIMIT 1   [ RunTime:0.0007s ]
NOTIC: [2048] Non-static method Home\Controller\ContentController::templatename() should not be called statically, assuming $this from incompatible context /usr/www/appserver/api/Home/Controller/CategoryController.class.php 第 43 行.
SQL: SELECT `template` FROM `category` WHERE ( id=24 ) LIMIT 1   [ RunTime:0.0007s ]
SQL: SELECT * FROM `category` WHERE ( appid=2 and pid=24 ) ORDER BY cate_sort ASC,id asc  [ RunTime:0.0010s ]
INFO: [ app_end ] --START--
INFO: Run Behavior\ShowPageTraceBehavior [ RunTime:0.000899s ]
INFO: [ app_end ] --END-- [ RunTime:0.001176s ]

[ 2015-07-23T15:58:35+08:00 ] 192.168.0.82 /appserver/api.php?c=content&a=listcontent&devtype=android&appid=2&pageindex=0&pagenum=20&version=1.3.2&mobile=13488883174&uuid=c603a7cc53553d677b8b5470b2572469&leval=28
INFO: [ app_init ] --START--
INFO: Run Behavior\BuildLiteBehavior [ RunTime:0.000028s ]
INFO: [ app_init ] --END-- [ RunTime:0.000644s ]
INFO: [ app_begin ] --START--
INFO: Run Behavior\ReadHtmlCacheBehavior [ RunTime:0.000906s ]
INFO: [ app_begin ] --END-- [ RunTime:0.001028s ]
SQL: SHOW COLUMNS FROM `apps` [ RunTime:0.0023s ]
SQL: SELECT * FROM `apps` WHERE ( id=2 ) LIMIT 1   [ RunTime:0.0007s ]
NOTIC: [8] Undefined index: cid /usr/www/appserver/api/Home/Controller/ContentController.class.php 第 62 行.
NOTIC: [8] Undefined index: pagennum /usr/www/appserver/api/Home/Controller/ContentController.class.php 第 63 行.
SQL: SHOW COLUMNS FROM `category` [ RunTime:0.0024s ]
SQL: SELECT `template` FROM `category` WHERE ( id=28 ) LIMIT 1   [ RunTime:0.0006s ]
SQL: SHOW COLUMNS FROM `part1` [ RunTime:0.0022s ]
SQL: SELECT * FROM `part1` WHERE (  appid=2 and cateid=28 ) LIMIT 0,10   [ RunTime:0.0009s ]
SQL: SHOW COLUMNS FROM `zdy_content` [ RunTime:0.0020s ]
SQL: SELECT `id` FROM `zdy_content` WHERE ( appid=2 and template='part1' and mobile=13488883174 and q_id=1 ) LIMIT 1   [ RunTime:0.0006s ]
SQL: SELECT `id` FROM `zdy_content` WHERE ( appid=2 and template='part1' and mobile=13488883174 and q_id=3 ) LIMIT 1   [ RunTime:0.0006s ]
SQL: SELECT `id` FROM `zdy_content` WHERE ( appid=2 and template='part1' and mobile=13488883174 and q_id=4 ) LIMIT 1   [ RunTime:0.0006s ]
SQL: SELECT `id` FROM `zdy_content` WHERE ( appid=2 and template='part1' and mobile=13488883174 and q_id=5 ) LIMIT 1   [ RunTime:0.0006s ]

[ 2015-07-23T15:59:23+08:00 ] 192.168.0.82 /appserver/api.php?c=content&a=listcontent&devtype=android&appid=2&pageindex=0&pagenum=20&version=1.3.2&mobile=13488883174&uuid=c603a7cc53553d677b8b5470b2572469&leval=28
INFO: [ app_init ] --START--
INFO: Run Behavior\BuildLiteBehavior [ RunTime:0.000045s ]
INFO: [ app_init ] --END-- [ RunTime:0.001783s ]
INFO: [ app_begin ] --START--
INFO: Run Behavior\ReadHtmlCacheBehavior [ RunTime:0.002312s ]
INFO: [ app_begin ] --END-- [ RunTime:0.002456s ]
SQL: SHOW COLUMNS FROM `apps` [ RunTime:0.0089s ]
SQL: SELECT * FROM `apps` WHERE ( id=2 ) LIMIT 1   [ RunTime:0.0012s ]
NOTIC: [8] Undefined index: cid /usr/www/appserver/api/Home/Controller/ContentController.class.php 第 62 行.
NOTIC: [8] Undefined index: pagennum /usr/www/appserver/api/Home/Controller/ContentController.class.php 第 63 行.
SQL: SHOW COLUMNS FROM `category` [ RunTime:0.0139s ]
SQL: SELECT `template` FROM `category` WHERE ( id=28 ) LIMIT 1   [ RunTime:0.0006s ]
SQL: SHOW COLUMNS FROM `part1` [ RunTime:0.0046s ]
SQL: SELECT * FROM `part1` WHERE (  appid=2 and cateid=28 ) LIMIT 0,10   [ RunTime:0.0007s ]
SQL: SHOW COLUMNS FROM `zdy_content` [ RunTime:0.0128s ]
SQL: SELECT `id` FROM `zdy_content` WHERE ( appid=2 and template='part1' and mobile=13488883174 and q_id=1 ) LIMIT 1   [ RunTime:0.0006s ]
SQL: SELECT `id` FROM `zdy_content` WHERE ( appid=2 and template='part1' and mobile=13488883174 and q_id=3 ) LIMIT 1   [ RunTime:0.0005s ]
SQL: SELECT `id` FROM `zdy_content` WHERE ( appid=2 and template='part1' and mobile=13488883174 and q_id=4 ) LIMIT 1   [ RunTime:0.0005s ]
SQL: SELECT `id` FROM `zdy_content` WHERE ( appid=2 and template='part1' and mobile=13488883174 and q_id=5 ) LIMIT 1   [ RunTime:0.0005s ]

[ 2015-07-23T15:59:27+08:00 ] 192.168.0.82 /appserver/api.php?c=content&a=listcontent_p2&devtype=android&appid=2&pageindex=0&pagenum=20&version=1.3.2&mobile=13488883174&uuid=352374051309774&leval=renwu
INFO: [ app_init ] --START--
INFO: Run Behavior\BuildLiteBehavior [ RunTime:0.000027s ]
INFO: [ app_init ] --END-- [ RunTime:0.000696s ]
INFO: [ app_begin ] --START--
INFO: Run Behavior\ReadHtmlCacheBehavior [ RunTime:0.000679s ]
INFO: [ app_begin ] --END-- [ RunTime:0.000774s ]
SQL: SHOW COLUMNS FROM `apps` [ RunTime:0.0021s ]
SQL: SELECT * FROM `apps` WHERE ( id=2 ) LIMIT 1   [ RunTime:0.0006s ]
NOTIC: [8] Undefined index: pagennum /usr/www/appserver/api/Home/Controller/ContentController.class.php 第 113 行.
SQL: SHOW COLUMNS FROM `category` [ RunTime:0.0021s ]
SQL: SELECT `id`,`template` FROM `category` WHERE ( categoryname_e='renwu' or categoryname='renwu' ) LIMIT 1   [ RunTime:0.0008s ]
SQL: SHOW COLUMNS FROM `part2_3` [ RunTime:0.0257s ]
SQL: SELECT * FROM `part2_3` WHERE (  appid=2 and cateid=61 ) LIMIT 0,10   [ RunTime:0.0008s ]
SQL: SHOW COLUMNS FROM `zdy_content` [ RunTime:0.0019s ]
SQL: SELECT `id` FROM `zdy_content` WHERE ( appid=2 and template='part2_3' and mobile='13488883174' and q_id=2 ) LIMIT 1   [ RunTime:0.0006s ]

[ 2015-07-23T16:00:11+08:00 ] 192.168.0.82 /appserver/api.php?appid=2&m=api&c=content&a=zdycontentview&devtype=android&version=1.3.2&mobile=13488883174&uuid=c603a7cc53553d677b8b5470b2572469&yid=2
INFO: [ app_init ] --START--
INFO: Run Behavior\BuildLiteBehavior [ RunTime:0.000023s ]
INFO: [ app_init ] --END-- [ RunTime:0.000573s ]
INFO: [ app_begin ] --START--
INFO: Run Behavior\ReadHtmlCacheBehavior [ RunTime:0.001090s ]
INFO: [ app_begin ] --END-- [ RunTime:0.001263s ]
SQL: SHOW COLUMNS FROM `apps` [ RunTime:0.0023s ]
SQL: SELECT * FROM `apps` WHERE ( id=2 ) LIMIT 1   [ RunTime:0.0007s ]
SQL: SHOW COLUMNS FROM `zdy_content` [ RunTime:0.0016s ]
SQL: SELECT * FROM `zdy_content` WHERE ( mobile=13488883174 and appid=2 and q_id=2 ) LIMIT 1   [ RunTime:0.0006s ]
INFO: [ app_end ] --START--
INFO: Run Behavior\ShowPageTraceBehavior [ RunTime:0.017204s ]
INFO: [ app_end ] --END-- [ RunTime:0.017326s ]

[ 2015-07-23T16:19:01+08:00 ] 192.168.0.82 /appserver/api.php?appid=2&m=api&c=content&a=zdycontentview&devtype=android&version=1.3.2&mobile=13488883174&uuid=c603a7cc53553d677b8b5470b2572469&yid=2
INFO: [ app_init ] --START--
INFO: Run Behavior\BuildLiteBehavior [ RunTime:0.000024s ]
INFO: [ app_init ] --END-- [ RunTime:0.000708s ]
INFO: [ app_begin ] --START--
INFO: Run Behavior\ReadHtmlCacheBehavior [ RunTime:0.000788s ]
INFO: [ app_begin ] --END-- [ RunTime:0.000893s ]
SQL: SHOW COLUMNS FROM `apps` [ RunTime:0.0031s ]
SQL: SELECT * FROM `apps` WHERE ( id=2 ) LIMIT 1   [ RunTime:0.0008s ]
SQL: SHOW COLUMNS FROM `zdy_content` [ RunTime:0.0017s ]
SQL: SELECT * FROM `zdy_content` WHERE ( mobile=13488883174 and appid=2 and q_id=2 ) LIMIT 1   [ RunTime:0.0007s ]
INFO: [ app_end ] --START--
INFO: Run Behavior\ShowPageTraceBehavior [ RunTime:0.000923s ]
INFO: [ app_end ] --END-- [ RunTime:0.001009s ]

